[2023-03-05T11:31:20.595+0000] {taskinstance.py:1083} INFO - Dependencies all met for <TaskInstance: transform_fact_user.task_2 manual__2023-03-05T11:31:18.737907+00:00 [queued]>
[2023-03-05T11:31:20.605+0000] {taskinstance.py:1083} INFO - Dependencies all met for <TaskInstance: transform_fact_user.task_2 manual__2023-03-05T11:31:18.737907+00:00 [queued]>
[2023-03-05T11:31:20.607+0000] {taskinstance.py:1279} INFO - 
--------------------------------------------------------------------------------
[2023-03-05T11:31:20.609+0000] {taskinstance.py:1280} INFO - Starting attempt 1 of 1
[2023-03-05T11:31:20.610+0000] {taskinstance.py:1281} INFO - 
--------------------------------------------------------------------------------
[2023-03-05T11:31:20.620+0000] {taskinstance.py:1300} INFO - Executing <Task(BashOperator): task_2> on 2023-03-05 11:31:18.737907+00:00
[2023-03-05T11:31:20.627+0000] {standard_task_runner.py:55} INFO - Started process 2087 to run task
[2023-03-05T11:31:20.631+0000] {standard_task_runner.py:82} INFO - Running: ['***', 'tasks', 'run', 'transform_fact_user', 'task_2', 'manual__2023-03-05T11:31:18.737907+00:00', '--job-id', '41', '--raw', '--subdir', 'DAGS_FOLDER/transform_fact_user.py', '--cfg-path', '/tmp/tmpx8sla8hs']
[2023-03-05T11:31:20.633+0000] {standard_task_runner.py:83} INFO - Job 41: Subtask task_2
[2023-03-05T11:31:20.705+0000] {task_command.py:388} INFO - Running <TaskInstance: transform_fact_user.task_2 manual__2023-03-05T11:31:18.737907+00:00 [running]> on host 0997e433a2b7
[2023-03-05T11:31:20.767+0000] {taskinstance.py:1509} INFO - Exporting the following env vars:
AIRFLOW_CTX_DAG_OWNER=***
AIRFLOW_CTX_DAG_ID=transform_fact_user
AIRFLOW_CTX_TASK_ID=task_2
AIRFLOW_CTX_EXECUTION_DATE=2023-03-05T11:31:18.737907+00:00
AIRFLOW_CTX_TRY_NUMBER=1
AIRFLOW_CTX_DAG_RUN_ID=manual__2023-03-05T11:31:18.737907+00:00
[2023-03-05T11:31:20.769+0000] {subprocess.py:63} INFO - Tmp dir root location: 
 /tmp
[2023-03-05T11:31:20.771+0000] {subprocess.py:75} INFO - Running command: ['/bin/bash', '-c', 'ls']
[2023-03-05T11:31:20.784+0000] {subprocess.py:86} INFO - Output:
[2023-03-05T11:31:20.792+0000] {subprocess.py:97} INFO - Command exited with return code 0
[2023-03-05T11:31:20.816+0000] {taskinstance.py:1323} INFO - Marking task as SUCCESS. dag_id=transform_fact_user, task_id=task_2, execution_date=20230305T113118, start_date=20230305T113120, end_date=20230305T113120
[2023-03-05T11:31:20.844+0000] {local_task_job.py:208} INFO - Task exited with return code 0
[2023-03-05T11:31:20.861+0000] {taskinstance.py:2578} INFO - 0 downstream tasks scheduled from follow-on schedule check
