[2023-03-25T13:06:28.750+0000] {taskinstance.py:1083} INFO - Dependencies all met for <TaskInstance: airbyte_mongo_postgres_user.airbyte_trigger_sync manual__2023-03-25T13:06:27.545213+00:00 [queued]>
[2023-03-25T13:06:28.765+0000] {taskinstance.py:1083} INFO - Dependencies all met for <TaskInstance: airbyte_mongo_postgres_user.airbyte_trigger_sync manual__2023-03-25T13:06:27.545213+00:00 [queued]>
[2023-03-25T13:06:28.767+0000] {taskinstance.py:1279} INFO - 
--------------------------------------------------------------------------------
[2023-03-25T13:06:28.769+0000] {taskinstance.py:1280} INFO - Starting attempt 1 of 1
[2023-03-25T13:06:28.770+0000] {taskinstance.py:1281} INFO - 
--------------------------------------------------------------------------------
[2023-03-25T13:06:28.780+0000] {taskinstance.py:1300} INFO - Executing <Task(AirbyteTriggerSyncOperator): airbyte_trigger_sync> on 2023-03-25 13:06:27.545213+00:00
[2023-03-25T13:06:28.789+0000] {standard_task_runner.py:55} INFO - Started process 617 to run task
[2023-03-25T13:06:28.794+0000] {standard_task_runner.py:82} INFO - Running: ['***', 'tasks', 'run', 'airbyte_mongo_postgres_user', 'airbyte_trigger_sync', 'manual__2023-03-25T13:06:27.545213+00:00', '--job-id', '76', '--raw', '--subdir', 'DAGS_FOLDER/airbyte_mongo_postgres_user.py', '--cfg-path', '/tmp/tmp3dodjak5']
[2023-03-25T13:06:28.797+0000] {standard_task_runner.py:83} INFO - Job 76: Subtask airbyte_trigger_sync
[2023-03-25T13:06:28.874+0000] {task_command.py:388} INFO - Running <TaskInstance: airbyte_mongo_postgres_user.airbyte_trigger_sync manual__2023-03-25T13:06:27.545213+00:00 [running]> on host 8b4a0b962415
[2023-03-25T13:06:28.939+0000] {taskinstance.py:1509} INFO - Exporting the following env vars:
AIRFLOW_CTX_DAG_OWNER=***
AIRFLOW_CTX_DAG_ID=airbyte_mongo_postgres_user
AIRFLOW_CTX_TASK_ID=airbyte_trigger_sync
AIRFLOW_CTX_EXECUTION_DATE=2023-03-25T13:06:27.545213+00:00
AIRFLOW_CTX_TRY_NUMBER=1
AIRFLOW_CTX_DAG_RUN_ID=manual__2023-03-25T13:06:27.545213+00:00
[2023-03-25T13:06:28.951+0000] {base.py:73} INFO - Using connection ID '***_airbyte_local' for task execution.
[2023-03-25T13:06:29.691+0000] {airbyte.py:76} INFO - Job 26 was submitted to Airbyte Server
[2023-03-25T13:06:29.727+0000] {taskinstance.py:1323} INFO - Marking task as SUCCESS. dag_id=airbyte_mongo_postgres_user, task_id=airbyte_trigger_sync, execution_date=20230325T130627, start_date=20230325T130628, end_date=20230325T130629
[2023-03-25T13:06:29.777+0000] {local_task_job.py:208} INFO - Task exited with return code 0
[2023-03-25T13:06:29.808+0000] {taskinstance.py:2578} INFO - 1 downstream tasks scheduled from follow-on schedule check
