[2023-03-26T03:38:57.853+0000] {taskinstance.py:1083} INFO - Dependencies all met for <TaskInstance: airbyte_mongo_postgres_user.airbyte_check_sync scheduled__2023-03-25T00:00:00+00:00 [queued]>
[2023-03-26T03:38:57.867+0000] {taskinstance.py:1083} INFO - Dependencies all met for <TaskInstance: airbyte_mongo_postgres_user.airbyte_check_sync scheduled__2023-03-25T00:00:00+00:00 [queued]>
[2023-03-26T03:38:57.870+0000] {taskinstance.py:1279} INFO - 
--------------------------------------------------------------------------------
[2023-03-26T03:38:57.872+0000] {taskinstance.py:1280} INFO - Starting attempt 1 of 1
[2023-03-26T03:38:57.874+0000] {taskinstance.py:1281} INFO - 
--------------------------------------------------------------------------------
[2023-03-26T03:38:57.900+0000] {taskinstance.py:1300} INFO - Executing <Task(AirbyteJobSensor): airbyte_check_sync> on 2023-03-25 00:00:00+00:00
[2023-03-26T03:38:57.910+0000] {standard_task_runner.py:55} INFO - Started process 65 to run task
[2023-03-26T03:38:57.916+0000] {standard_task_runner.py:82} INFO - Running: ['***', 'tasks', 'run', 'airbyte_mongo_postgres_user', 'airbyte_check_sync', 'scheduled__2023-03-25T00:00:00+00:00', '--job-id', '109', '--raw', '--subdir', 'DAGS_FOLDER/airbyte_mongo_postgres_user.py', '--cfg-path', '/tmp/tmppnj_st1z']
[2023-03-26T03:38:57.920+0000] {standard_task_runner.py:83} INFO - Job 109: Subtask airbyte_check_sync
[2023-03-26T03:38:58.096+0000] {task_command.py:388} INFO - Running <TaskInstance: airbyte_mongo_postgres_user.airbyte_check_sync scheduled__2023-03-25T00:00:00+00:00 [running]> on host 0aac1a38f752
[2023-03-26T03:38:58.222+0000] {taskinstance.py:1509} INFO - Exporting the following env vars:
AIRFLOW_CTX_DAG_OWNER=***
AIRFLOW_CTX_DAG_ID=airbyte_mongo_postgres_user
AIRFLOW_CTX_TASK_ID=airbyte_check_sync
AIRFLOW_CTX_EXECUTION_DATE=2023-03-25T00:00:00+00:00
AIRFLOW_CTX_TRY_NUMBER=1
AIRFLOW_CTX_DAG_RUN_ID=scheduled__2023-03-25T00:00:00+00:00
[2023-03-26T03:38:58.243+0000] {base.py:73} INFO - Using connection ID '***_airbyte_local' for task execution.
[2023-03-26T03:38:58.299+0000] {airbyte.py:72} INFO - Waiting for job 29 to complete.
[2023-03-26T03:39:58.406+0000] {base.py:73} INFO - Using connection ID '***_airbyte_local' for task execution.
[2023-03-26T03:39:58.522+0000] {airbyte.py:67} INFO - Job 29 completed successfully.
[2023-03-26T03:39:58.528+0000] {base.py:228} INFO - Success criteria met. Exiting.
[2023-03-26T03:39:58.548+0000] {taskinstance.py:1323} INFO - Marking task as SUCCESS. dag_id=airbyte_mongo_postgres_user, task_id=airbyte_check_sync, execution_date=20230325T000000, start_date=20230326T033857, end_date=20230326T033958
[2023-03-26T03:39:58.635+0000] {local_task_job.py:208} INFO - Task exited with return code 0
[2023-03-26T03:39:58.656+0000] {taskinstance.py:2578} INFO - 0 downstream tasks scheduled from follow-on schedule check
