[2023-03-25T10:09:49.383+0000] {taskinstance.py:1083} INFO - Dependencies all met for <TaskInstance: airbyte_mongo_postgres_user.airbyte_check_sync manual__2023-03-25T10:09:47.836055+00:00 [queued]>
[2023-03-25T10:09:49.398+0000] {taskinstance.py:1083} INFO - Dependencies all met for <TaskInstance: airbyte_mongo_postgres_user.airbyte_check_sync manual__2023-03-25T10:09:47.836055+00:00 [queued]>
[2023-03-25T10:09:49.400+0000] {taskinstance.py:1279} INFO - 
--------------------------------------------------------------------------------
[2023-03-25T10:09:49.402+0000] {taskinstance.py:1280} INFO - Starting attempt 1 of 1
[2023-03-25T10:09:49.404+0000] {taskinstance.py:1281} INFO - 
--------------------------------------------------------------------------------
[2023-03-25T10:09:49.419+0000] {taskinstance.py:1300} INFO - Executing <Task(AirbyteJobSensor): airbyte_check_sync> on 2023-03-25 10:09:47.836055+00:00
[2023-03-25T10:09:49.442+0000] {standard_task_runner.py:55} INFO - Started process 320 to run task
[2023-03-25T10:09:49.447+0000] {standard_task_runner.py:82} INFO - Running: ['***', 'tasks', 'run', 'airbyte_mongo_postgres_user', 'airbyte_check_sync', 'manual__2023-03-25T10:09:47.836055+00:00', '--job-id', '61', '--raw', '--subdir', 'DAGS_FOLDER/airbyte_mongo_postgres_user.py', '--cfg-path', '/tmp/tmpef0woj73']
[2023-03-25T10:09:49.454+0000] {standard_task_runner.py:83} INFO - Job 61: Subtask airbyte_check_sync
[2023-03-25T10:09:49.556+0000] {task_command.py:388} INFO - Running <TaskInstance: airbyte_mongo_postgres_user.airbyte_check_sync manual__2023-03-25T10:09:47.836055+00:00 [running]> on host 02e1ac09fd08
[2023-03-25T10:09:49.665+0000] {taskinstance.py:1509} INFO - Exporting the following env vars:
AIRFLOW_CTX_DAG_OWNER=***
AIRFLOW_CTX_DAG_ID=airbyte_mongo_postgres_user
AIRFLOW_CTX_TASK_ID=airbyte_check_sync
AIRFLOW_CTX_EXECUTION_DATE=2023-03-25T10:09:47.836055+00:00
AIRFLOW_CTX_TRY_NUMBER=1
AIRFLOW_CTX_DAG_RUN_ID=manual__2023-03-25T10:09:47.836055+00:00
[2023-03-25T10:09:49.697+0000] {base.py:73} INFO - Using connection ID '***_airbyte_local' for task execution.
[2023-03-25T10:09:49.723+0000] {airbyte.py:72} INFO - Waiting for job 25 to complete.
[2023-03-25T10:10:49.776+0000] {base.py:73} INFO - Using connection ID '***_airbyte_local' for task execution.
[2023-03-25T10:10:49.816+0000] {airbyte.py:67} INFO - Job 25 completed successfully.
[2023-03-25T10:10:49.818+0000] {base.py:228} INFO - Success criteria met. Exiting.
[2023-03-25T10:10:49.837+0000] {taskinstance.py:1323} INFO - Marking task as SUCCESS. dag_id=airbyte_mongo_postgres_user, task_id=airbyte_check_sync, execution_date=20230325T100947, start_date=20230325T100949, end_date=20230325T101049
[2023-03-25T10:10:49.905+0000] {local_task_job.py:208} INFO - Task exited with return code 0
[2023-03-25T10:10:49.927+0000] {taskinstance.py:2578} INFO - 0 downstream tasks scheduled from follow-on schedule check
