[2023-03-05T11:42:08.191+0000] {taskinstance.py:1083} INFO - Dependencies all met for <TaskInstance: transform_fact_user.task_1 manual__2023-03-05T11:42:07.248614+00:00 [queued]>
[2023-03-05T11:42:08.210+0000] {taskinstance.py:1083} INFO - Dependencies all met for <TaskInstance: transform_fact_user.task_1 manual__2023-03-05T11:42:07.248614+00:00 [queued]>
[2023-03-05T11:42:08.213+0000] {taskinstance.py:1279} INFO - 
--------------------------------------------------------------------------------
[2023-03-05T11:42:08.214+0000] {taskinstance.py:1280} INFO - Starting attempt 1 of 1
[2023-03-05T11:42:08.215+0000] {taskinstance.py:1281} INFO - 
--------------------------------------------------------------------------------
[2023-03-05T11:42:08.238+0000] {taskinstance.py:1300} INFO - Executing <Task(BashOperator): task_1> on 2023-03-05 11:42:07.248614+00:00
[2023-03-05T11:42:08.250+0000] {standard_task_runner.py:55} INFO - Started process 2788 to run task
[2023-03-05T11:42:08.260+0000] {standard_task_runner.py:82} INFO - Running: ['***', 'tasks', 'run', 'transform_fact_user', 'task_1', 'manual__2023-03-05T11:42:07.248614+00:00', '--job-id', '44', '--raw', '--subdir', 'DAGS_FOLDER/transform_fact_user.py', '--cfg-path', '/tmp/tmpqbhr2_62']
[2023-03-05T11:42:08.261+0000] {standard_task_runner.py:83} INFO - Job 44: Subtask task_1
[2023-03-05T11:42:08.368+0000] {task_command.py:388} INFO - Running <TaskInstance: transform_fact_user.task_1 manual__2023-03-05T11:42:07.248614+00:00 [running]> on host 0997e433a2b7
[2023-03-05T11:42:08.455+0000] {taskinstance.py:1509} INFO - Exporting the following env vars:
AIRFLOW_CTX_DAG_OWNER=***
AIRFLOW_CTX_DAG_ID=transform_fact_user
AIRFLOW_CTX_TASK_ID=task_1
AIRFLOW_CTX_EXECUTION_DATE=2023-03-05T11:42:07.248614+00:00
AIRFLOW_CTX_TRY_NUMBER=1
AIRFLOW_CTX_DAG_RUN_ID=manual__2023-03-05T11:42:07.248614+00:00
[2023-03-05T11:42:08.459+0000] {subprocess.py:63} INFO - Tmp dir root location: 
 /tmp
[2023-03-05T11:42:08.463+0000] {subprocess.py:75} INFO - Running command: ['/bin/bash', '-c', 'pwd']
[2023-03-05T11:42:08.483+0000] {subprocess.py:86} INFO - Output:
[2023-03-05T11:42:08.491+0000] {subprocess.py:93} INFO - /tmp/***tmputjm7zl1
[2023-03-05T11:42:08.492+0000] {subprocess.py:97} INFO - Command exited with return code 0
[2023-03-05T11:42:08.532+0000] {taskinstance.py:1323} INFO - Marking task as SUCCESS. dag_id=transform_fact_user, task_id=task_1, execution_date=20230305T114207, start_date=20230305T114208, end_date=20230305T114208
[2023-03-05T11:42:08.597+0000] {local_task_job.py:208} INFO - Task exited with return code 0
[2023-03-05T11:42:08.631+0000] {taskinstance.py:2578} INFO - 0 downstream tasks scheduled from follow-on schedule check
