[2023-03-05T11:29:00.701+0000] {taskinstance.py:1083} INFO - Dependencies all met for <TaskInstance: transform_fact_user.transform_fact_user manual__2023-03-05T11:28:59.573899+00:00 [queued]>
[2023-03-05T11:29:00.710+0000] {taskinstance.py:1083} INFO - Dependencies all met for <TaskInstance: transform_fact_user.transform_fact_user manual__2023-03-05T11:28:59.573899+00:00 [queued]>
[2023-03-05T11:29:00.711+0000] {taskinstance.py:1279} INFO - 
--------------------------------------------------------------------------------
[2023-03-05T11:29:00.712+0000] {taskinstance.py:1280} INFO - Starting attempt 1 of 1
[2023-03-05T11:29:00.713+0000] {taskinstance.py:1281} INFO - 
--------------------------------------------------------------------------------
[2023-03-05T11:29:00.730+0000] {taskinstance.py:1300} INFO - Executing <Task(BashOperator): transform_fact_user> on 2023-03-05 11:28:59.573899+00:00
[2023-03-05T11:29:00.737+0000] {standard_task_runner.py:55} INFO - Started process 1936 to run task
[2023-03-05T11:29:00.740+0000] {standard_task_runner.py:82} INFO - Running: ['***', 'tasks', 'run', 'transform_fact_user', 'transform_fact_user', 'manual__2023-03-05T11:28:59.573899+00:00', '--job-id', '39', '--raw', '--subdir', 'DAGS_FOLDER/transform_fact_user.py', '--cfg-path', '/tmp/tmpitz_ygrv']
[2023-03-05T11:29:00.742+0000] {standard_task_runner.py:83} INFO - Job 39: Subtask transform_fact_user
[2023-03-05T11:29:00.803+0000] {task_command.py:388} INFO - Running <TaskInstance: transform_fact_user.transform_fact_user manual__2023-03-05T11:28:59.573899+00:00 [running]> on host 0997e433a2b7
[2023-03-05T11:29:00.859+0000] {taskinstance.py:1509} INFO - Exporting the following env vars:
AIRFLOW_CTX_DAG_OWNER=***
AIRFLOW_CTX_DAG_ID=transform_fact_user
AIRFLOW_CTX_TASK_ID=transform_fact_user
AIRFLOW_CTX_EXECUTION_DATE=2023-03-05T11:28:59.573899+00:00
AIRFLOW_CTX_TRY_NUMBER=1
AIRFLOW_CTX_DAG_RUN_ID=manual__2023-03-05T11:28:59.573899+00:00
[2023-03-05T11:29:00.861+0000] {subprocess.py:63} INFO - Tmp dir root location: 
 /tmp
[2023-03-05T11:29:00.863+0000] {subprocess.py:75} INFO - Running command: ['/bin/bash', '-c', 'echo 1']
[2023-03-05T11:29:00.877+0000] {subprocess.py:86} INFO - Output:
[2023-03-05T11:29:00.881+0000] {subprocess.py:93} INFO - 1
[2023-03-05T11:29:00.882+0000] {subprocess.py:97} INFO - Command exited with return code 0
[2023-03-05T11:29:00.909+0000] {taskinstance.py:1323} INFO - Marking task as SUCCESS. dag_id=transform_fact_user, task_id=transform_fact_user, execution_date=20230305T112859, start_date=20230305T112900, end_date=20230305T112900
[2023-03-05T11:29:00.953+0000] {local_task_job.py:208} INFO - Task exited with return code 0
[2023-03-05T11:29:00.970+0000] {taskinstance.py:2578} INFO - 0 downstream tasks scheduled from follow-on schedule check
