[2023-03-25T10:05:41.009+0000] {taskinstance.py:1083} INFO - Dependencies all met for <TaskInstance: airbyte_mongo_postgres_user.airbyte_trigger_sync scheduled__2023-03-24T00:00:00+00:00 [queued]>
[2023-03-25T10:05:41.025+0000] {taskinstance.py:1083} INFO - Dependencies all met for <TaskInstance: airbyte_mongo_postgres_user.airbyte_trigger_sync scheduled__2023-03-24T00:00:00+00:00 [queued]>
[2023-03-25T10:05:41.026+0000] {taskinstance.py:1279} INFO - 
--------------------------------------------------------------------------------
[2023-03-25T10:05:41.027+0000] {taskinstance.py:1280} INFO - Starting attempt 1 of 1
[2023-03-25T10:05:41.029+0000] {taskinstance.py:1281} INFO - 
--------------------------------------------------------------------------------
[2023-03-25T10:05:41.050+0000] {taskinstance.py:1300} INFO - Executing <Task(AirbyteTriggerSyncOperator): airbyte_trigger_sync> on 2023-03-24 00:00:00+00:00
[2023-03-25T10:05:41.059+0000] {standard_task_runner.py:55} INFO - Started process 58 to run task
[2023-03-25T10:05:41.074+0000] {standard_task_runner.py:82} INFO - Running: ['***', 'tasks', 'run', 'airbyte_mongo_postgres_user', 'airbyte_trigger_sync', 'scheduled__2023-03-24T00:00:00+00:00', '--job-id', '58', '--raw', '--subdir', 'DAGS_FOLDER/airbyte_mongo_postgres_user.py', '--cfg-path', '/tmp/tmp8mdq1mcm']
[2023-03-25T10:05:41.089+0000] {standard_task_runner.py:83} INFO - Job 58: Subtask airbyte_trigger_sync
[2023-03-25T10:05:41.194+0000] {task_command.py:388} INFO - Running <TaskInstance: airbyte_mongo_postgres_user.airbyte_trigger_sync scheduled__2023-03-24T00:00:00+00:00 [running]> on host 02e1ac09fd08
[2023-03-25T10:05:41.281+0000] {taskinstance.py:1509} INFO - Exporting the following env vars:
AIRFLOW_CTX_DAG_OWNER=***
AIRFLOW_CTX_DAG_ID=airbyte_mongo_postgres_user
AIRFLOW_CTX_TASK_ID=airbyte_trigger_sync
AIRFLOW_CTX_EXECUTION_DATE=2023-03-24T00:00:00+00:00
AIRFLOW_CTX_TRY_NUMBER=1
AIRFLOW_CTX_DAG_RUN_ID=scheduled__2023-03-24T00:00:00+00:00
[2023-03-25T10:05:41.304+0000] {base.py:73} INFO - Using connection ID '***_airbyte_local' for task execution.
[2023-03-25T10:05:42.246+0000] {airbyte.py:76} INFO - Job 24 was submitted to Airbyte Server
[2023-03-25T10:05:42.292+0000] {taskinstance.py:1323} INFO - Marking task as SUCCESS. dag_id=airbyte_mongo_postgres_user, task_id=airbyte_trigger_sync, execution_date=20230324T000000, start_date=20230325T100541, end_date=20230325T100542
[2023-03-25T10:05:42.405+0000] {local_task_job.py:208} INFO - Task exited with return code 0
[2023-03-25T10:05:42.439+0000] {taskinstance.py:2578} INFO - 1 downstream tasks scheduled from follow-on schedule check
