[2023-03-05T11:31:19.527+0000] {taskinstance.py:1083} INFO - Dependencies all met for <TaskInstance: transform_fact_user.task_1 manual__2023-03-05T11:31:18.737907+00:00 [queued]>
[2023-03-05T11:31:19.535+0000] {taskinstance.py:1083} INFO - Dependencies all met for <TaskInstance: transform_fact_user.task_1 manual__2023-03-05T11:31:18.737907+00:00 [queued]>
[2023-03-05T11:31:19.536+0000] {taskinstance.py:1279} INFO - 
--------------------------------------------------------------------------------
[2023-03-05T11:31:19.538+0000] {taskinstance.py:1280} INFO - Starting attempt 1 of 1
[2023-03-05T11:31:19.539+0000] {taskinstance.py:1281} INFO - 
--------------------------------------------------------------------------------
[2023-03-05T11:31:19.549+0000] {taskinstance.py:1300} INFO - Executing <Task(BashOperator): task_1> on 2023-03-05 11:31:18.737907+00:00
[2023-03-05T11:31:19.556+0000] {standard_task_runner.py:55} INFO - Started process 2084 to run task
[2023-03-05T11:31:19.560+0000] {standard_task_runner.py:82} INFO - Running: ['***', 'tasks', 'run', 'transform_fact_user', 'task_1', 'manual__2023-03-05T11:31:18.737907+00:00', '--job-id', '40', '--raw', '--subdir', 'DAGS_FOLDER/transform_fact_user.py', '--cfg-path', '/tmp/tmpmyv0x_ov']
[2023-03-05T11:31:19.562+0000] {standard_task_runner.py:83} INFO - Job 40: Subtask task_1
[2023-03-05T11:31:19.627+0000] {task_command.py:388} INFO - Running <TaskInstance: transform_fact_user.task_1 manual__2023-03-05T11:31:18.737907+00:00 [running]> on host 0997e433a2b7
[2023-03-05T11:31:19.689+0000] {taskinstance.py:1509} INFO - Exporting the following env vars:
AIRFLOW_CTX_DAG_OWNER=***
AIRFLOW_CTX_DAG_ID=transform_fact_user
AIRFLOW_CTX_TASK_ID=task_1
AIRFLOW_CTX_EXECUTION_DATE=2023-03-05T11:31:18.737907+00:00
AIRFLOW_CTX_TRY_NUMBER=1
AIRFLOW_CTX_DAG_RUN_ID=manual__2023-03-05T11:31:18.737907+00:00
[2023-03-05T11:31:19.691+0000] {subprocess.py:63} INFO - Tmp dir root location: 
 /tmp
[2023-03-05T11:31:19.693+0000] {subprocess.py:75} INFO - Running command: ['/bin/bash', '-c', 'pwd']
[2023-03-05T11:31:19.708+0000] {subprocess.py:86} INFO - Output:
[2023-03-05T11:31:19.714+0000] {subprocess.py:93} INFO - /tmp/***tmppp2fx8by
[2023-03-05T11:31:19.716+0000] {subprocess.py:97} INFO - Command exited with return code 0
[2023-03-05T11:31:19.747+0000] {taskinstance.py:1323} INFO - Marking task as SUCCESS. dag_id=transform_fact_user, task_id=task_1, execution_date=20230305T113118, start_date=20230305T113119, end_date=20230305T113119
[2023-03-05T11:31:19.774+0000] {local_task_job.py:208} INFO - Task exited with return code 0
[2023-03-05T11:31:19.796+0000] {taskinstance.py:2578} INFO - 1 downstream tasks scheduled from follow-on schedule check
