[2023-03-25T14:46:08.221+0000] {taskinstance.py:1083} INFO - Dependencies all met for <TaskInstance: transform_fact_user.model.dbt_transform_postgres.view_fact_user_potential manual__2023-03-25T14:45:54.460895+00:00 [queued]>
[2023-03-25T14:46:08.251+0000] {taskinstance.py:1083} INFO - Dependencies all met for <TaskInstance: transform_fact_user.model.dbt_transform_postgres.view_fact_user_potential manual__2023-03-25T14:45:54.460895+00:00 [queued]>
[2023-03-25T14:46:08.252+0000] {taskinstance.py:1279} INFO - 
--------------------------------------------------------------------------------
[2023-03-25T14:46:08.253+0000] {taskinstance.py:1280} INFO - Starting attempt 1 of 1
[2023-03-25T14:46:08.254+0000] {taskinstance.py:1281} INFO - 
--------------------------------------------------------------------------------
[2023-03-25T14:46:08.271+0000] {taskinstance.py:1300} INFO - Executing <Task(BashOperator): model.dbt_transform_postgres.view_fact_user_potential> on 2023-03-25 14:45:54.460895+00:00
[2023-03-25T14:46:08.290+0000] {standard_task_runner.py:55} INFO - Started process 118 to run task
[2023-03-25T14:46:08.303+0000] {standard_task_runner.py:82} INFO - Running: ['***', 'tasks', 'run', 'transform_fact_user', 'model.dbt_transform_postgres.view_fact_user_potential', 'manual__2023-03-25T14:45:54.460895+00:00', '--job-id', '96', '--raw', '--subdir', 'DAGS_FOLDER/transform_fact_user.py', '--cfg-path', '/tmp/tmpvzjob735']
[2023-03-25T14:46:08.310+0000] {standard_task_runner.py:83} INFO - Job 96: Subtask model.dbt_transform_postgres.view_fact_user_potential
[2023-03-25T14:46:08.400+0000] {task_command.py:388} INFO - Running <TaskInstance: transform_fact_user.model.dbt_transform_postgres.view_fact_user_potential manual__2023-03-25T14:45:54.460895+00:00 [running]> on host 0aac1a38f752
[2023-03-25T14:46:08.483+0000] {taskinstance.py:1509} INFO - Exporting the following env vars:
AIRFLOW_CTX_DAG_OWNER=***
AIRFLOW_CTX_DAG_ID=transform_fact_user
AIRFLOW_CTX_TASK_ID=model.dbt_transform_postgres.view_fact_user_potential
AIRFLOW_CTX_EXECUTION_DATE=2023-03-25T14:45:54.460895+00:00
AIRFLOW_CTX_TRY_NUMBER=1
AIRFLOW_CTX_DAG_RUN_ID=manual__2023-03-25T14:45:54.460895+00:00
[2023-03-25T14:46:08.486+0000] {subprocess.py:63} INFO - Tmp dir root location: 
 /tmp
[2023-03-25T14:46:08.487+0000] {subprocess.py:75} INFO - Running command: ['/bin/bash', '-c', 'cd /opt/***/dbt_transform_postgres && dbt run --models view_fact_user_potential']
[2023-03-25T14:46:08.508+0000] {subprocess.py:86} INFO - Output:
[2023-03-25T14:46:10.477+0000] {subprocess.py:93} INFO - [0m14:46:10  Running with dbt=1.4.5
[2023-03-25T14:46:11.169+0000] {subprocess.py:93} INFO - [0m14:46:11  Found 3 models, 7 tests, 0 snapshots, 0 analyses, 403 macros, 0 operations, 0 seed files, 0 sources, 0 exposures, 0 metrics
[2023-03-25T14:46:11.233+0000] {subprocess.py:93} INFO - [0m14:46:11
[2023-03-25T14:46:14.831+0000] {subprocess.py:93} INFO - [0m14:46:14  Concurrency: 1 threads (target='dev')
[2023-03-25T14:46:14.834+0000] {subprocess.py:93} INFO - [0m14:46:14
[2023-03-25T14:46:14.847+0000] {subprocess.py:93} INFO - [0m14:46:14  1 of 1 START sql view model public.view_fact_user_potential .................... [RUN]
[2023-03-25T14:46:16.556+0000] {subprocess.py:93} INFO - [0m14:46:16  1 of 1 OK created sql view model public.view_fact_user_potential ............... [[32mCREATE VIEW[0m in 1.70s]
[2023-03-25T14:46:17.437+0000] {subprocess.py:93} INFO - [0m14:46:17
[2023-03-25T14:46:17.460+0000] {subprocess.py:93} INFO - [0m14:46:17  Finished running 1 view model in 0 hours 0 minutes and 6.20 seconds (6.20s).
[2023-03-25T14:46:17.525+0000] {subprocess.py:93} INFO - [0m14:46:17
[2023-03-25T14:46:17.528+0000] {subprocess.py:93} INFO - [0m14:46:17  [32mCompleted successfully[0m
[2023-03-25T14:46:17.530+0000] {subprocess.py:93} INFO - [0m14:46:17
[2023-03-25T14:46:17.533+0000] {subprocess.py:93} INFO - [0m14:46:17  Done. PASS=1 WARN=0 ERROR=0 SKIP=0 TOTAL=1
[2023-03-25T14:46:20.868+0000] {subprocess.py:97} INFO - Command exited with return code 0
[2023-03-25T14:46:20.949+0000] {taskinstance.py:1323} INFO - Marking task as SUCCESS. dag_id=transform_fact_user, task_id=model.dbt_transform_postgres.view_fact_user_potential, execution_date=20230325T144554, start_date=20230325T144608, end_date=20230325T144620
[2023-03-25T14:46:21.044+0000] {local_task_job.py:208} INFO - Task exited with return code 0
[2023-03-25T14:46:21.065+0000] {taskinstance.py:2578} INFO - 0 downstream tasks scheduled from follow-on schedule check
