[2023-03-25T10:09:48.341+0000] {taskinstance.py:1083} INFO - Dependencies all met for <TaskInstance: airbyte_mongo_postgres_user.airbyte_trigger_sync manual__2023-03-25T10:09:47.836055+00:00 [queued]>
[2023-03-25T10:09:48.349+0000] {taskinstance.py:1083} INFO - Dependencies all met for <TaskInstance: airbyte_mongo_postgres_user.airbyte_trigger_sync manual__2023-03-25T10:09:47.836055+00:00 [queued]>
[2023-03-25T10:09:48.350+0000] {taskinstance.py:1279} INFO - 
--------------------------------------------------------------------------------
[2023-03-25T10:09:48.352+0000] {taskinstance.py:1280} INFO - Starting attempt 1 of 1
[2023-03-25T10:09:48.353+0000] {taskinstance.py:1281} INFO - 
--------------------------------------------------------------------------------
[2023-03-25T10:09:48.362+0000] {taskinstance.py:1300} INFO - Executing <Task(AirbyteTriggerSyncOperator): airbyte_trigger_sync> on 2023-03-25 10:09:47.836055+00:00
[2023-03-25T10:09:48.368+0000] {standard_task_runner.py:55} INFO - Started process 318 to run task
[2023-03-25T10:09:48.372+0000] {standard_task_runner.py:82} INFO - Running: ['***', 'tasks', 'run', 'airbyte_mongo_postgres_user', 'airbyte_trigger_sync', 'manual__2023-03-25T10:09:47.836055+00:00', '--job-id', '60', '--raw', '--subdir', 'DAGS_FOLDER/airbyte_mongo_postgres_user.py', '--cfg-path', '/tmp/tmpc30ot6jn']
[2023-03-25T10:09:48.373+0000] {standard_task_runner.py:83} INFO - Job 60: Subtask airbyte_trigger_sync
[2023-03-25T10:09:48.446+0000] {task_command.py:388} INFO - Running <TaskInstance: airbyte_mongo_postgres_user.airbyte_trigger_sync manual__2023-03-25T10:09:47.836055+00:00 [running]> on host 02e1ac09fd08
[2023-03-25T10:09:48.507+0000] {taskinstance.py:1509} INFO - Exporting the following env vars:
AIRFLOW_CTX_DAG_OWNER=***
AIRFLOW_CTX_DAG_ID=airbyte_mongo_postgres_user
AIRFLOW_CTX_TASK_ID=airbyte_trigger_sync
AIRFLOW_CTX_EXECUTION_DATE=2023-03-25T10:09:47.836055+00:00
AIRFLOW_CTX_TRY_NUMBER=1
AIRFLOW_CTX_DAG_RUN_ID=manual__2023-03-25T10:09:47.836055+00:00
[2023-03-25T10:09:48.520+0000] {base.py:73} INFO - Using connection ID '***_airbyte_local' for task execution.
[2023-03-25T10:09:48.882+0000] {airbyte.py:76} INFO - Job 25 was submitted to Airbyte Server
[2023-03-25T10:09:48.913+0000] {taskinstance.py:1323} INFO - Marking task as SUCCESS. dag_id=airbyte_mongo_postgres_user, task_id=airbyte_trigger_sync, execution_date=20230325T100947, start_date=20230325T100948, end_date=20230325T100948
[2023-03-25T10:09:48.945+0000] {local_task_job.py:208} INFO - Task exited with return code 0
[2023-03-25T10:09:48.967+0000] {taskinstance.py:2578} INFO - 1 downstream tasks scheduled from follow-on schedule check
