[2023-03-25T14:48:32.219+0000] {taskinstance.py:1083} INFO - Dependencies all met for <TaskInstance: airbyte_mongo_postgres_user.airbyte_trigger_sync manual__2023-03-25T14:48:30.961382+00:00 [queued]>
[2023-03-25T14:48:32.228+0000] {taskinstance.py:1083} INFO - Dependencies all met for <TaskInstance: airbyte_mongo_postgres_user.airbyte_trigger_sync manual__2023-03-25T14:48:30.961382+00:00 [queued]>
[2023-03-25T14:48:32.232+0000] {taskinstance.py:1279} INFO - 
--------------------------------------------------------------------------------
[2023-03-25T14:48:32.233+0000] {taskinstance.py:1280} INFO - Starting attempt 1 of 1
[2023-03-25T14:48:32.234+0000] {taskinstance.py:1281} INFO - 
--------------------------------------------------------------------------------
[2023-03-25T14:48:32.244+0000] {taskinstance.py:1300} INFO - Executing <Task(AirbyteTriggerSyncOperator): airbyte_trigger_sync> on 2023-03-25 14:48:30.961382+00:00
[2023-03-25T14:48:32.251+0000] {standard_task_runner.py:55} INFO - Started process 324 to run task
[2023-03-25T14:48:32.255+0000] {standard_task_runner.py:82} INFO - Running: ['***', 'tasks', 'run', 'airbyte_mongo_postgres_user', 'airbyte_trigger_sync', 'manual__2023-03-25T14:48:30.961382+00:00', '--job-id', '104', '--raw', '--subdir', 'DAGS_FOLDER/airbyte_mongo_postgres_user.py', '--cfg-path', '/tmp/tmp047um_1f']
[2023-03-25T14:48:32.256+0000] {standard_task_runner.py:83} INFO - Job 104: Subtask airbyte_trigger_sync
[2023-03-25T14:48:32.333+0000] {task_command.py:388} INFO - Running <TaskInstance: airbyte_mongo_postgres_user.airbyte_trigger_sync manual__2023-03-25T14:48:30.961382+00:00 [running]> on host 0aac1a38f752
[2023-03-25T14:48:32.391+0000] {taskinstance.py:1509} INFO - Exporting the following env vars:
AIRFLOW_CTX_DAG_OWNER=***
AIRFLOW_CTX_DAG_ID=airbyte_mongo_postgres_user
AIRFLOW_CTX_TASK_ID=airbyte_trigger_sync
AIRFLOW_CTX_EXECUTION_DATE=2023-03-25T14:48:30.961382+00:00
AIRFLOW_CTX_TRY_NUMBER=1
AIRFLOW_CTX_DAG_RUN_ID=manual__2023-03-25T14:48:30.961382+00:00
[2023-03-25T14:48:32.405+0000] {base.py:73} INFO - Using connection ID '***_airbyte_local' for task execution.
[2023-03-25T14:48:33.022+0000] {airbyte.py:76} INFO - Job 28 was submitted to Airbyte Server
[2023-03-25T14:48:33.049+0000] {taskinstance.py:1323} INFO - Marking task as SUCCESS. dag_id=airbyte_mongo_postgres_user, task_id=airbyte_trigger_sync, execution_date=20230325T144830, start_date=20230325T144832, end_date=20230325T144833
[2023-03-25T14:48:33.113+0000] {local_task_job.py:208} INFO - Task exited with return code 0
[2023-03-25T14:48:33.138+0000] {taskinstance.py:2578} INFO - 1 downstream tasks scheduled from follow-on schedule check
