[2023-03-05T06:12:14.100+0000] {taskinstance.py:1083} INFO - Dependencies all met for <TaskInstance: airbyte_mongo_postgres_user.airbyte_check_sync manual__2023-03-05T06:12:10.076411+00:00 [queued]>
[2023-03-05T06:12:14.108+0000] {taskinstance.py:1083} INFO - Dependencies all met for <TaskInstance: airbyte_mongo_postgres_user.airbyte_check_sync manual__2023-03-05T06:12:10.076411+00:00 [queued]>
[2023-03-05T06:12:14.109+0000] {taskinstance.py:1279} INFO - 
--------------------------------------------------------------------------------
[2023-03-05T06:12:14.111+0000] {taskinstance.py:1280} INFO - Starting attempt 1 of 1
[2023-03-05T06:12:14.112+0000] {taskinstance.py:1281} INFO - 
--------------------------------------------------------------------------------
[2023-03-05T06:12:14.122+0000] {taskinstance.py:1300} INFO - Executing <Task(AirbyteJobSensor): airbyte_check_sync> on 2023-03-05 06:12:10.076411+00:00
[2023-03-05T06:12:14.127+0000] {standard_task_runner.py:55} INFO - Started process 1535 to run task
[2023-03-05T06:12:14.134+0000] {standard_task_runner.py:82} INFO - Running: ['***', 'tasks', 'run', 'airbyte_mongo_postgres_user', 'airbyte_check_sync', 'manual__2023-03-05T06:12:10.076411+00:00', '--job-id', '32', '--raw', '--subdir', 'DAGS_FOLDER/airbyte_mongo_postgres_user.py', '--cfg-path', '/tmp/tmplvgso2k4']
[2023-03-05T06:12:14.136+0000] {standard_task_runner.py:83} INFO - Job 32: Subtask airbyte_check_sync
[2023-03-05T06:12:14.235+0000] {task_command.py:388} INFO - Running <TaskInstance: airbyte_mongo_postgres_user.airbyte_check_sync manual__2023-03-05T06:12:10.076411+00:00 [running]> on host 0997e433a2b7
[2023-03-05T06:12:14.345+0000] {taskinstance.py:1509} INFO - Exporting the following env vars:
AIRFLOW_CTX_DAG_OWNER=***
AIRFLOW_CTX_DAG_ID=airbyte_mongo_postgres_user
AIRFLOW_CTX_TASK_ID=airbyte_check_sync
AIRFLOW_CTX_EXECUTION_DATE=2023-03-05T06:12:10.076411+00:00
AIRFLOW_CTX_TRY_NUMBER=1
AIRFLOW_CTX_DAG_RUN_ID=manual__2023-03-05T06:12:10.076411+00:00
[2023-03-05T06:12:14.361+0000] {base.py:73} INFO - Using connection ID '***_airbyte_local' for task execution.
[2023-03-05T06:12:14.391+0000] {airbyte.py:72} INFO - Waiting for job 19 to complete.
[2023-03-05T06:13:14.502+0000] {base.py:73} INFO - Using connection ID '***_airbyte_local' for task execution.
[2023-03-05T06:13:14.550+0000] {airbyte.py:67} INFO - Job 19 completed successfully.
[2023-03-05T06:13:14.552+0000] {base.py:228} INFO - Success criteria met. Exiting.
[2023-03-05T06:13:14.569+0000] {taskinstance.py:1323} INFO - Marking task as SUCCESS. dag_id=airbyte_mongo_postgres_user, task_id=airbyte_check_sync, execution_date=20230305T061210, start_date=20230305T061214, end_date=20230305T061314
[2023-03-05T06:13:14.601+0000] {local_task_job.py:208} INFO - Task exited with return code 0
[2023-03-05T06:13:14.618+0000] {taskinstance.py:2578} INFO - 0 downstream tasks scheduled from follow-on schedule check
