

============================== 2023-03-05 04:47:03.959237 | 4026ee83-575f-4dde-9d24-ce2dfd4056aa ==============================
[0m04:47:03.959237 [info ] [MainThread]: Running with dbt=1.4.4
[0m04:47:03.960039 [debug] [MainThread]: running dbt with arguments {'write_json': True, 'use_colors': True, 'printer_width': 80, 'version_check': True, 'partial_parse': True, 'static_parser': True, 'profiles_dir': '/Users/vu/.dbt', 'send_anonymous_usage_stats': True, 'quiet': False, 'no_print': False, 'cache_selected_only': False, 'skip_profile_setup': False, 'which': 'init', 'indirect_selection': 'eager'}
[0m04:47:03.960124 [debug] [MainThread]: Tracking: tracking
[0m04:47:03.977200 [debug] [MainThread]: Sending event: {'category': 'dbt', 'action': 'invocation', 'label': 'start', 'context': [<snowplow_tracker.self_describing_json.SelfDescribingJson object at 0x1063cb250>, <snowplow_tracker.self_describing_json.SelfDescribingJson object at 0x10640da20>, <snowplow_tracker.self_describing_json.SelfDescribingJson object at 0x10640cee0>]}
[0m04:47:03.978095 [info ] [MainThread]: Creating dbt configuration folder at /Users/vu/.dbt
[0m04:47:17.336260 [debug] [MainThread]: Starter project path: /Library/Frameworks/Python.framework/Versions/3.10/lib/python3.10/site-packages/dbt/include/starter_project
[0m04:47:27.510774 [info ] [MainThread]: Profile dbt_airflow written to /Users/vu/.dbt/profiles.yml using target's sample configuration. Once updated, you'll be able to start developing with dbt.
[0m04:47:27.511084 [info ] [MainThread]: 
Your new dbt project "dbt_airflow" was created!

For more information on how to configure the profiles.yml file,
please consult the dbt documentation here:

  https://docs.getdbt.com/docs/configure-your-profile

One more thing:

Need help? Don't hesitate to reach out to us via GitHub issues or on Slack:

  https://community.getdbt.com/

Happy modeling!

[0m04:47:27.511307 [debug] [MainThread]: Sending event: {'category': 'dbt', 'action': 'invocation', 'label': 'end', 'context': [<snowplow_tracker.self_describing_json.SelfDescribingJson object at 0x104dfc430>, <snowplow_tracker.self_describing_json.SelfDescribingJson object at 0x106437d60>, <snowplow_tracker.self_describing_json.SelfDescribingJson object at 0x104ea7a00>]}
[0m04:47:27.511503 [debug] [MainThread]: Flushing usage events


============================== 2023-03-05 07:25:38.985574 | ca22863e-5fbf-4891-b5fb-f2c73fba8915 ==============================
[0m07:25:38.985574 [info ] [MainThread]: Running with dbt=1.4.4
[0m07:25:38.986459 [debug] [MainThread]: running dbt with arguments {'write_json': True, 'use_colors': True, 'printer_width': 80, 'version_check': True, 'partial_parse': True, 'static_parser': True, 'profiles_dir': '/Users/vu/.dbt', 'send_anonymous_usage_stats': True, 'quiet': False, 'no_print': False, 'cache_selected_only': False, 'project_name': 'dbt_postgres', 'skip_profile_setup': False, 'which': 'init', 'indirect_selection': 'eager'}
[0m07:25:38.986556 [debug] [MainThread]: Tracking: tracking
[0m07:25:39.000051 [debug] [MainThread]: Sending event: {'category': 'dbt', 'action': 'invocation', 'label': 'start', 'context': [<snowplow_tracker.self_describing_json.SelfDescribingJson object at 0x104425ab0>, <snowplow_tracker.self_describing_json.SelfDescribingJson object at 0x104427430>, <snowplow_tracker.self_describing_json.SelfDescribingJson object at 0x104426f20>]}
[0m07:25:39.001519 [debug] [MainThread]: Starter project path: /Library/Frameworks/Python.framework/Versions/3.10/lib/python3.10/site-packages/dbt/include/starter_project
[0m07:25:52.450401 [info ] [MainThread]: 
Your new dbt project "dbt_postgres" was created!

For more information on how to configure the profiles.yml file,
please consult the dbt documentation here:

  https://docs.getdbt.com/docs/configure-your-profile

One more thing:

Need help? Don't hesitate to reach out to us via GitHub issues or on Slack:

  https://community.getdbt.com/

Happy modeling!

[0m07:25:52.450668 [debug] [MainThread]: Sending event: {'category': 'dbt', 'action': 'invocation', 'label': 'end', 'context': [<snowplow_tracker.self_describing_json.SelfDescribingJson object at 0x102f48340>, <snowplow_tracker.self_describing_json.SelfDescribingJson object at 0x104425e70>, <snowplow_tracker.self_describing_json.SelfDescribingJson object at 0x104427430>]}
[0m07:25:52.450837 [debug] [MainThread]: Flushing usage events
