[2023-03-05T06:37:10.345+0000] {taskinstance.py:1083} INFO - Dependencies all met for <TaskInstance: airbyte_mongo_postgres_user.airbyte_trigger_sync manual__2023-03-05T06:37:09.118401+00:00 [queued]>
[2023-03-05T06:37:10.358+0000] {taskinstance.py:1083} INFO - Dependencies all met for <TaskInstance: airbyte_mongo_postgres_user.airbyte_trigger_sync manual__2023-03-05T06:37:09.118401+00:00 [queued]>
[2023-03-05T06:37:10.359+0000] {taskinstance.py:1279} INFO - 
--------------------------------------------------------------------------------
[2023-03-05T06:37:10.363+0000] {taskinstance.py:1280} INFO - Starting attempt 1 of 1
[2023-03-05T06:37:10.364+0000] {taskinstance.py:1281} INFO - 
--------------------------------------------------------------------------------
[2023-03-05T06:37:10.374+0000] {taskinstance.py:1300} INFO - Executing <Task(AirbyteTriggerSyncOperator): airbyte_trigger_sync> on 2023-03-05 06:37:09.118401+00:00
[2023-03-05T06:37:10.383+0000] {standard_task_runner.py:55} INFO - Started process 3132 to run task
[2023-03-05T06:37:10.387+0000] {standard_task_runner.py:82} INFO - Running: ['***', 'tasks', 'run', 'airbyte_mongo_postgres_user', 'airbyte_trigger_sync', 'manual__2023-03-05T06:37:09.118401+00:00', '--job-id', '35', '--raw', '--subdir', 'DAGS_FOLDER/airbyte_mongo_postgres_user.py', '--cfg-path', '/tmp/tmpp5xi6le8']
[2023-03-05T06:37:10.389+0000] {standard_task_runner.py:83} INFO - Job 35: Subtask airbyte_trigger_sync
[2023-03-05T06:37:10.488+0000] {task_command.py:388} INFO - Running <TaskInstance: airbyte_mongo_postgres_user.airbyte_trigger_sync manual__2023-03-05T06:37:09.118401+00:00 [running]> on host 0997e433a2b7
[2023-03-05T06:37:10.579+0000] {taskinstance.py:1509} INFO - Exporting the following env vars:
AIRFLOW_CTX_DAG_OWNER=***
AIRFLOW_CTX_DAG_ID=airbyte_mongo_postgres_user
AIRFLOW_CTX_TASK_ID=airbyte_trigger_sync
AIRFLOW_CTX_EXECUTION_DATE=2023-03-05T06:37:09.118401+00:00
AIRFLOW_CTX_TRY_NUMBER=1
AIRFLOW_CTX_DAG_RUN_ID=manual__2023-03-05T06:37:09.118401+00:00
[2023-03-05T06:37:10.594+0000] {base.py:73} INFO - Using connection ID '***_airbyte_local' for task execution.
[2023-03-05T06:37:11.074+0000] {airbyte.py:76} INFO - Job 21 was submitted to Airbyte Server
[2023-03-05T06:37:11.105+0000] {taskinstance.py:1323} INFO - Marking task as SUCCESS. dag_id=airbyte_mongo_postgres_user, task_id=airbyte_trigger_sync, execution_date=20230305T063709, start_date=20230305T063710, end_date=20230305T063711
[2023-03-05T06:37:11.165+0000] {local_task_job.py:208} INFO - Task exited with return code 0
[2023-03-05T06:37:11.193+0000] {taskinstance.py:2578} INFO - 1 downstream tasks scheduled from follow-on schedule check
