[2023-03-05T11:40:15.632+0000] {taskinstance.py:1083} INFO - Dependencies all met for <TaskInstance: transform_fact_user.task_1 manual__2023-03-05T11:40:14.899854+00:00 [queued]>
[2023-03-05T11:40:15.653+0000] {taskinstance.py:1083} INFO - Dependencies all met for <TaskInstance: transform_fact_user.task_1 manual__2023-03-05T11:40:14.899854+00:00 [queued]>
[2023-03-05T11:40:15.655+0000] {taskinstance.py:1279} INFO - 
--------------------------------------------------------------------------------
[2023-03-05T11:40:15.656+0000] {taskinstance.py:1280} INFO - Starting attempt 1 of 1
[2023-03-05T11:40:15.657+0000] {taskinstance.py:1281} INFO - 
--------------------------------------------------------------------------------
[2023-03-05T11:40:15.669+0000] {taskinstance.py:1300} INFO - Executing <Task(BashOperator): task_1> on 2023-03-05 11:40:14.899854+00:00
[2023-03-05T11:40:15.676+0000] {standard_task_runner.py:55} INFO - Started process 2661 to run task
[2023-03-05T11:40:15.680+0000] {standard_task_runner.py:82} INFO - Running: ['***', 'tasks', 'run', 'transform_fact_user', 'task_1', 'manual__2023-03-05T11:40:14.899854+00:00', '--job-id', '42', '--raw', '--subdir', 'DAGS_FOLDER/transform_fact_user.py', '--cfg-path', '/tmp/tmpnugkhh_o']
[2023-03-05T11:40:15.681+0000] {standard_task_runner.py:83} INFO - Job 42: Subtask task_1
[2023-03-05T11:40:15.749+0000] {task_command.py:388} INFO - Running <TaskInstance: transform_fact_user.task_1 manual__2023-03-05T11:40:14.899854+00:00 [running]> on host 0997e433a2b7
[2023-03-05T11:40:15.813+0000] {taskinstance.py:1509} INFO - Exporting the following env vars:
AIRFLOW_CTX_DAG_OWNER=***
AIRFLOW_CTX_DAG_ID=transform_fact_user
AIRFLOW_CTX_TASK_ID=task_1
AIRFLOW_CTX_EXECUTION_DATE=2023-03-05T11:40:14.899854+00:00
AIRFLOW_CTX_TRY_NUMBER=1
AIRFLOW_CTX_DAG_RUN_ID=manual__2023-03-05T11:40:14.899854+00:00
[2023-03-05T11:40:15.816+0000] {subprocess.py:63} INFO - Tmp dir root location: 
 /tmp
[2023-03-05T11:40:15.817+0000] {subprocess.py:75} INFO - Running command: ['/bin/bash', '-c', 'pwd']
[2023-03-05T11:40:15.832+0000] {subprocess.py:86} INFO - Output:
[2023-03-05T11:40:15.836+0000] {subprocess.py:93} INFO - /tmp/***tmpukeerhle
[2023-03-05T11:40:15.837+0000] {subprocess.py:97} INFO - Command exited with return code 0
[2023-03-05T11:40:15.862+0000] {taskinstance.py:1323} INFO - Marking task as SUCCESS. dag_id=transform_fact_user, task_id=task_1, execution_date=20230305T114014, start_date=20230305T114015, end_date=20230305T114015
[2023-03-05T11:40:15.893+0000] {local_task_job.py:208} INFO - Task exited with return code 0
[2023-03-05T11:40:15.913+0000] {taskinstance.py:2578} INFO - 1 downstream tasks scheduled from follow-on schedule check
