[2023-03-25T13:06:30.633+0000] {taskinstance.py:1083} INFO - Dependencies all met for <TaskInstance: airbyte_mongo_postgres_user.airbyte_check_sync manual__2023-03-25T13:06:27.545213+00:00 [queued]>
[2023-03-25T13:06:30.644+0000] {taskinstance.py:1083} INFO - Dependencies all met for <TaskInstance: airbyte_mongo_postgres_user.airbyte_check_sync manual__2023-03-25T13:06:27.545213+00:00 [queued]>
[2023-03-25T13:06:30.648+0000] {taskinstance.py:1279} INFO - 
--------------------------------------------------------------------------------
[2023-03-25T13:06:30.650+0000] {taskinstance.py:1280} INFO - Starting attempt 1 of 1
[2023-03-25T13:06:30.672+0000] {taskinstance.py:1281} INFO - 
--------------------------------------------------------------------------------
[2023-03-25T13:06:30.694+0000] {taskinstance.py:1300} INFO - Executing <Task(AirbyteJobSensor): airbyte_check_sync> on 2023-03-25 13:06:27.545213+00:00
[2023-03-25T13:06:30.705+0000] {standard_task_runner.py:55} INFO - Started process 619 to run task
[2023-03-25T13:06:30.712+0000] {standard_task_runner.py:82} INFO - Running: ['***', 'tasks', 'run', 'airbyte_mongo_postgres_user', 'airbyte_check_sync', 'manual__2023-03-25T13:06:27.545213+00:00', '--job-id', '77', '--raw', '--subdir', 'DAGS_FOLDER/airbyte_mongo_postgres_user.py', '--cfg-path', '/tmp/tmp1ka7nbmx']
[2023-03-25T13:06:30.714+0000] {standard_task_runner.py:83} INFO - Job 77: Subtask airbyte_check_sync
[2023-03-25T13:06:30.845+0000] {task_command.py:388} INFO - Running <TaskInstance: airbyte_mongo_postgres_user.airbyte_check_sync manual__2023-03-25T13:06:27.545213+00:00 [running]> on host 8b4a0b962415
[2023-03-25T13:06:30.966+0000] {taskinstance.py:1509} INFO - Exporting the following env vars:
AIRFLOW_CTX_DAG_OWNER=***
AIRFLOW_CTX_DAG_ID=airbyte_mongo_postgres_user
AIRFLOW_CTX_TASK_ID=airbyte_check_sync
AIRFLOW_CTX_EXECUTION_DATE=2023-03-25T13:06:27.545213+00:00
AIRFLOW_CTX_TRY_NUMBER=1
AIRFLOW_CTX_DAG_RUN_ID=manual__2023-03-25T13:06:27.545213+00:00
[2023-03-25T13:06:30.984+0000] {base.py:73} INFO - Using connection ID '***_airbyte_local' for task execution.
[2023-03-25T13:06:31.016+0000] {airbyte.py:72} INFO - Waiting for job 26 to complete.
[2023-03-25T13:07:31.073+0000] {base.py:73} INFO - Using connection ID '***_airbyte_local' for task execution.
[2023-03-25T13:07:31.101+0000] {airbyte.py:72} INFO - Waiting for job 26 to complete.
[2023-03-25T13:08:31.181+0000] {base.py:73} INFO - Using connection ID '***_airbyte_local' for task execution.
[2023-03-25T13:08:31.245+0000] {airbyte.py:67} INFO - Job 26 completed successfully.
[2023-03-25T13:08:31.247+0000] {base.py:228} INFO - Success criteria met. Exiting.
[2023-03-25T13:08:31.267+0000] {taskinstance.py:1323} INFO - Marking task as SUCCESS. dag_id=airbyte_mongo_postgres_user, task_id=airbyte_check_sync, execution_date=20230325T130627, start_date=20230325T130630, end_date=20230325T130831
[2023-03-25T13:08:31.353+0000] {local_task_job.py:208} INFO - Task exited with return code 0
[2023-03-25T13:08:31.378+0000] {taskinstance.py:2578} INFO - 0 downstream tasks scheduled from follow-on schedule check
