[2023-02-28T15:46:59.120+0000] {processor.py:153} INFO - Started process (PID=57) to work on /home/airflow/.local/lib/python3.7/site-packages/airflow/example_dags/example_dag_decorator.py
[2023-02-28T15:46:59.123+0000] {processor.py:743} INFO - Processing file /home/airflow/.local/lib/python3.7/site-packages/airflow/example_dags/example_dag_decorator.py for tasks to queue
[2023-02-28T15:46:59.125+0000] {logging_mixin.py:137} INFO - [2023-02-28T15:46:59.124+0000] {dagbag.py:538} INFO - Filling up the DagBag from /home/airflow/.local/lib/python3.7/site-packages/airflow/example_dags/example_dag_decorator.py
[2023-02-28T15:46:59.165+0000] {logging_mixin.py:137} INFO - [2023-02-28T15:46:59.164+0000] {taskmixin.py:205} WARNING - Dependency <Task(_PythonDecoratedOperator): prepare_email>, send_email already registered for DAG: example_dag_decorator
[2023-02-28T15:46:59.167+0000] {logging_mixin.py:137} INFO - [2023-02-28T15:46:59.167+0000] {taskmixin.py:205} WARNING - Dependency <Task(EmailOperator): send_email>, prepare_email already registered for DAG: example_dag_decorator
[2023-02-28T15:46:59.200+0000] {processor.py:753} INFO - DAG(s) dict_keys(['example_dag_decorator']) retrieved from /home/airflow/.local/lib/python3.7/site-packages/airflow/example_dags/example_dag_decorator.py
[2023-02-28T15:46:59.227+0000] {logging_mixin.py:137} INFO - [2023-02-28T15:46:59.227+0000] {dag.py:2690} INFO - Sync 1 DAGs
[2023-02-28T15:46:59.255+0000] {logging_mixin.py:137} INFO - [2023-02-28T15:46:59.255+0000] {dag.py:3441} INFO - Setting next_dagrun for example_dag_decorator to None, run_after=None
[2023-02-28T15:46:59.307+0000] {processor.py:175} INFO - Processing /home/airflow/.local/lib/python3.7/site-packages/airflow/example_dags/example_dag_decorator.py took 0.201 seconds
[2023-02-28T15:47:29.767+0000] {processor.py:153} INFO - Started process (PID=130) to work on /home/airflow/.local/lib/python3.7/site-packages/airflow/example_dags/example_dag_decorator.py
[2023-02-28T15:47:29.769+0000] {processor.py:743} INFO - Processing file /home/airflow/.local/lib/python3.7/site-packages/airflow/example_dags/example_dag_decorator.py for tasks to queue
[2023-02-28T15:47:29.770+0000] {logging_mixin.py:137} INFO - [2023-02-28T15:47:29.770+0000] {dagbag.py:538} INFO - Filling up the DagBag from /home/airflow/.local/lib/python3.7/site-packages/airflow/example_dags/example_dag_decorator.py
[2023-02-28T15:47:29.784+0000] {logging_mixin.py:137} INFO - [2023-02-28T15:47:29.784+0000] {taskmixin.py:205} WARNING - Dependency <Task(_PythonDecoratedOperator): prepare_email>, send_email already registered for DAG: example_dag_decorator
[2023-02-28T15:47:29.785+0000] {logging_mixin.py:137} INFO - [2023-02-28T15:47:29.785+0000] {taskmixin.py:205} WARNING - Dependency <Task(EmailOperator): send_email>, prepare_email already registered for DAG: example_dag_decorator
[2023-02-28T15:47:29.796+0000] {processor.py:753} INFO - DAG(s) dict_keys(['example_dag_decorator']) retrieved from /home/airflow/.local/lib/python3.7/site-packages/airflow/example_dags/example_dag_decorator.py
[2023-02-28T15:47:29.847+0000] {logging_mixin.py:137} INFO - [2023-02-28T15:47:29.847+0000] {dag.py:2690} INFO - Sync 1 DAGs
[2023-02-28T15:47:29.863+0000] {logging_mixin.py:137} INFO - [2023-02-28T15:47:29.863+0000] {dag.py:3441} INFO - Setting next_dagrun for example_dag_decorator to None, run_after=None
[2023-02-28T15:47:29.877+0000] {processor.py:175} INFO - Processing /home/airflow/.local/lib/python3.7/site-packages/airflow/example_dags/example_dag_decorator.py took 0.114 seconds
[2023-02-28T15:48:00.101+0000] {processor.py:153} INFO - Started process (PID=205) to work on /home/airflow/.local/lib/python3.7/site-packages/airflow/example_dags/example_dag_decorator.py
[2023-02-28T15:48:00.103+0000] {processor.py:743} INFO - Processing file /home/airflow/.local/lib/python3.7/site-packages/airflow/example_dags/example_dag_decorator.py for tasks to queue
[2023-02-28T15:48:00.105+0000] {logging_mixin.py:137} INFO - [2023-02-28T15:48:00.104+0000] {dagbag.py:538} INFO - Filling up the DagBag from /home/airflow/.local/lib/python3.7/site-packages/airflow/example_dags/example_dag_decorator.py
[2023-02-28T15:48:00.124+0000] {logging_mixin.py:137} INFO - [2023-02-28T15:48:00.124+0000] {taskmixin.py:205} WARNING - Dependency <Task(_PythonDecoratedOperator): prepare_email>, send_email already registered for DAG: example_dag_decorator
[2023-02-28T15:48:00.126+0000] {logging_mixin.py:137} INFO - [2023-02-28T15:48:00.125+0000] {taskmixin.py:205} WARNING - Dependency <Task(EmailOperator): send_email>, prepare_email already registered for DAG: example_dag_decorator
[2023-02-28T15:48:00.135+0000] {processor.py:753} INFO - DAG(s) dict_keys(['example_dag_decorator']) retrieved from /home/airflow/.local/lib/python3.7/site-packages/airflow/example_dags/example_dag_decorator.py
[2023-02-28T15:48:00.189+0000] {logging_mixin.py:137} INFO - [2023-02-28T15:48:00.189+0000] {dag.py:2690} INFO - Sync 1 DAGs
[2023-02-28T15:48:00.206+0000] {logging_mixin.py:137} INFO - [2023-02-28T15:48:00.206+0000] {dag.py:3441} INFO - Setting next_dagrun for example_dag_decorator to None, run_after=None
[2023-02-28T15:48:00.231+0000] {processor.py:175} INFO - Processing /home/airflow/.local/lib/python3.7/site-packages/airflow/example_dags/example_dag_decorator.py took 0.133 seconds
[2023-02-28T15:48:30.737+0000] {processor.py:153} INFO - Started process (PID=268) to work on /home/airflow/.local/lib/python3.7/site-packages/airflow/example_dags/example_dag_decorator.py
[2023-02-28T15:48:30.739+0000] {processor.py:743} INFO - Processing file /home/airflow/.local/lib/python3.7/site-packages/airflow/example_dags/example_dag_decorator.py for tasks to queue
[2023-02-28T15:48:30.740+0000] {logging_mixin.py:137} INFO - [2023-02-28T15:48:30.740+0000] {dagbag.py:538} INFO - Filling up the DagBag from /home/airflow/.local/lib/python3.7/site-packages/airflow/example_dags/example_dag_decorator.py
[2023-02-28T15:48:30.754+0000] {logging_mixin.py:137} INFO - [2023-02-28T15:48:30.754+0000] {taskmixin.py:205} WARNING - Dependency <Task(_PythonDecoratedOperator): prepare_email>, send_email already registered for DAG: example_dag_decorator
[2023-02-28T15:48:30.756+0000] {logging_mixin.py:137} INFO - [2023-02-28T15:48:30.756+0000] {taskmixin.py:205} WARNING - Dependency <Task(EmailOperator): send_email>, prepare_email already registered for DAG: example_dag_decorator
[2023-02-28T15:48:30.768+0000] {processor.py:753} INFO - DAG(s) dict_keys(['example_dag_decorator']) retrieved from /home/airflow/.local/lib/python3.7/site-packages/airflow/example_dags/example_dag_decorator.py
[2023-02-28T15:48:30.811+0000] {logging_mixin.py:137} INFO - [2023-02-28T15:48:30.811+0000] {dag.py:2690} INFO - Sync 1 DAGs
[2023-02-28T15:48:30.826+0000] {logging_mixin.py:137} INFO - [2023-02-28T15:48:30.826+0000] {dag.py:3441} INFO - Setting next_dagrun for example_dag_decorator to None, run_after=None
[2023-02-28T15:48:30.840+0000] {processor.py:175} INFO - Processing /home/airflow/.local/lib/python3.7/site-packages/airflow/example_dags/example_dag_decorator.py took 0.106 seconds
[2023-02-28T15:49:01.800+0000] {processor.py:153} INFO - Started process (PID=343) to work on /home/airflow/.local/lib/python3.7/site-packages/airflow/example_dags/example_dag_decorator.py
[2023-02-28T15:49:01.804+0000] {processor.py:743} INFO - Processing file /home/airflow/.local/lib/python3.7/site-packages/airflow/example_dags/example_dag_decorator.py for tasks to queue
[2023-02-28T15:49:01.805+0000] {logging_mixin.py:137} INFO - [2023-02-28T15:49:01.805+0000] {dagbag.py:538} INFO - Filling up the DagBag from /home/airflow/.local/lib/python3.7/site-packages/airflow/example_dags/example_dag_decorator.py
[2023-02-28T15:49:01.819+0000] {logging_mixin.py:137} INFO - [2023-02-28T15:49:01.819+0000] {taskmixin.py:205} WARNING - Dependency <Task(_PythonDecoratedOperator): prepare_email>, send_email already registered for DAG: example_dag_decorator
[2023-02-28T15:49:01.821+0000] {logging_mixin.py:137} INFO - [2023-02-28T15:49:01.821+0000] {taskmixin.py:205} WARNING - Dependency <Task(EmailOperator): send_email>, prepare_email already registered for DAG: example_dag_decorator
[2023-02-28T15:49:01.832+0000] {processor.py:753} INFO - DAG(s) dict_keys(['example_dag_decorator']) retrieved from /home/airflow/.local/lib/python3.7/site-packages/airflow/example_dags/example_dag_decorator.py
[2023-02-28T15:49:01.880+0000] {logging_mixin.py:137} INFO - [2023-02-28T15:49:01.880+0000] {dag.py:2690} INFO - Sync 1 DAGs
[2023-02-28T15:49:01.895+0000] {logging_mixin.py:137} INFO - [2023-02-28T15:49:01.895+0000] {dag.py:3441} INFO - Setting next_dagrun for example_dag_decorator to None, run_after=None
[2023-02-28T15:49:01.913+0000] {processor.py:175} INFO - Processing /home/airflow/.local/lib/python3.7/site-packages/airflow/example_dags/example_dag_decorator.py took 0.115 seconds
[2023-02-28T15:49:32.726+0000] {processor.py:153} INFO - Started process (PID=418) to work on /home/airflow/.local/lib/python3.7/site-packages/airflow/example_dags/example_dag_decorator.py
[2023-02-28T15:49:32.728+0000] {processor.py:743} INFO - Processing file /home/airflow/.local/lib/python3.7/site-packages/airflow/example_dags/example_dag_decorator.py for tasks to queue
[2023-02-28T15:49:32.729+0000] {logging_mixin.py:137} INFO - [2023-02-28T15:49:32.729+0000] {dagbag.py:538} INFO - Filling up the DagBag from /home/airflow/.local/lib/python3.7/site-packages/airflow/example_dags/example_dag_decorator.py
[2023-02-28T15:49:32.743+0000] {logging_mixin.py:137} INFO - [2023-02-28T15:49:32.743+0000] {taskmixin.py:205} WARNING - Dependency <Task(_PythonDecoratedOperator): prepare_email>, send_email already registered for DAG: example_dag_decorator
[2023-02-28T15:49:32.745+0000] {logging_mixin.py:137} INFO - [2023-02-28T15:49:32.745+0000] {taskmixin.py:205} WARNING - Dependency <Task(EmailOperator): send_email>, prepare_email already registered for DAG: example_dag_decorator
[2023-02-28T15:49:32.755+0000] {processor.py:753} INFO - DAG(s) dict_keys(['example_dag_decorator']) retrieved from /home/airflow/.local/lib/python3.7/site-packages/airflow/example_dags/example_dag_decorator.py
[2023-02-28T15:49:32.802+0000] {logging_mixin.py:137} INFO - [2023-02-28T15:49:32.802+0000] {dag.py:2690} INFO - Sync 1 DAGs
[2023-02-28T15:49:32.818+0000] {logging_mixin.py:137} INFO - [2023-02-28T15:49:32.818+0000] {dag.py:3441} INFO - Setting next_dagrun for example_dag_decorator to None, run_after=None
[2023-02-28T15:49:32.834+0000] {processor.py:175} INFO - Processing /home/airflow/.local/lib/python3.7/site-packages/airflow/example_dags/example_dag_decorator.py took 0.111 seconds
[2023-02-28T15:50:03.431+0000] {processor.py:153} INFO - Started process (PID=482) to work on /home/airflow/.local/lib/python3.7/site-packages/airflow/example_dags/example_dag_decorator.py
[2023-02-28T15:50:03.434+0000] {processor.py:743} INFO - Processing file /home/airflow/.local/lib/python3.7/site-packages/airflow/example_dags/example_dag_decorator.py for tasks to queue
[2023-02-28T15:50:03.436+0000] {logging_mixin.py:137} INFO - [2023-02-28T15:50:03.436+0000] {dagbag.py:538} INFO - Filling up the DagBag from /home/airflow/.local/lib/python3.7/site-packages/airflow/example_dags/example_dag_decorator.py
[2023-02-28T15:50:03.452+0000] {logging_mixin.py:137} INFO - [2023-02-28T15:50:03.451+0000] {taskmixin.py:205} WARNING - Dependency <Task(_PythonDecoratedOperator): prepare_email>, send_email already registered for DAG: example_dag_decorator
[2023-02-28T15:50:03.453+0000] {logging_mixin.py:137} INFO - [2023-02-28T15:50:03.453+0000] {taskmixin.py:205} WARNING - Dependency <Task(EmailOperator): send_email>, prepare_email already registered for DAG: example_dag_decorator
[2023-02-28T15:50:03.465+0000] {processor.py:753} INFO - DAG(s) dict_keys(['example_dag_decorator']) retrieved from /home/airflow/.local/lib/python3.7/site-packages/airflow/example_dags/example_dag_decorator.py
[2023-02-28T15:50:03.515+0000] {logging_mixin.py:137} INFO - [2023-02-28T15:50:03.515+0000] {dag.py:2690} INFO - Sync 1 DAGs
[2023-02-28T15:50:03.532+0000] {logging_mixin.py:137} INFO - [2023-02-28T15:50:03.532+0000] {dag.py:3441} INFO - Setting next_dagrun for example_dag_decorator to None, run_after=None
[2023-02-28T15:50:03.550+0000] {processor.py:175} INFO - Processing /home/airflow/.local/lib/python3.7/site-packages/airflow/example_dags/example_dag_decorator.py took 0.124 seconds
[2023-02-28T15:50:34.548+0000] {processor.py:153} INFO - Started process (PID=557) to work on /home/airflow/.local/lib/python3.7/site-packages/airflow/example_dags/example_dag_decorator.py
[2023-02-28T15:50:34.550+0000] {processor.py:743} INFO - Processing file /home/airflow/.local/lib/python3.7/site-packages/airflow/example_dags/example_dag_decorator.py for tasks to queue
[2023-02-28T15:50:34.551+0000] {logging_mixin.py:137} INFO - [2023-02-28T15:50:34.551+0000] {dagbag.py:538} INFO - Filling up the DagBag from /home/airflow/.local/lib/python3.7/site-packages/airflow/example_dags/example_dag_decorator.py
[2023-02-28T15:50:34.566+0000] {logging_mixin.py:137} INFO - [2023-02-28T15:50:34.566+0000] {taskmixin.py:205} WARNING - Dependency <Task(_PythonDecoratedOperator): prepare_email>, send_email already registered for DAG: example_dag_decorator
[2023-02-28T15:50:34.568+0000] {logging_mixin.py:137} INFO - [2023-02-28T15:50:34.568+0000] {taskmixin.py:205} WARNING - Dependency <Task(EmailOperator): send_email>, prepare_email already registered for DAG: example_dag_decorator
[2023-02-28T15:50:34.580+0000] {processor.py:753} INFO - DAG(s) dict_keys(['example_dag_decorator']) retrieved from /home/airflow/.local/lib/python3.7/site-packages/airflow/example_dags/example_dag_decorator.py
[2023-02-28T15:50:34.628+0000] {logging_mixin.py:137} INFO - [2023-02-28T15:50:34.628+0000] {dag.py:2690} INFO - Sync 1 DAGs
[2023-02-28T15:50:34.647+0000] {logging_mixin.py:137} INFO - [2023-02-28T15:50:34.647+0000] {dag.py:3441} INFO - Setting next_dagrun for example_dag_decorator to None, run_after=None
[2023-02-28T15:50:34.663+0000] {processor.py:175} INFO - Processing /home/airflow/.local/lib/python3.7/site-packages/airflow/example_dags/example_dag_decorator.py took 0.120 seconds
[2023-02-28T15:51:05.512+0000] {processor.py:153} INFO - Started process (PID=632) to work on /home/airflow/.local/lib/python3.7/site-packages/airflow/example_dags/example_dag_decorator.py
[2023-02-28T15:51:05.514+0000] {processor.py:743} INFO - Processing file /home/airflow/.local/lib/python3.7/site-packages/airflow/example_dags/example_dag_decorator.py for tasks to queue
[2023-02-28T15:51:05.516+0000] {logging_mixin.py:137} INFO - [2023-02-28T15:51:05.516+0000] {dagbag.py:538} INFO - Filling up the DagBag from /home/airflow/.local/lib/python3.7/site-packages/airflow/example_dags/example_dag_decorator.py
[2023-02-28T15:51:05.530+0000] {logging_mixin.py:137} INFO - [2023-02-28T15:51:05.530+0000] {taskmixin.py:205} WARNING - Dependency <Task(_PythonDecoratedOperator): prepare_email>, send_email already registered for DAG: example_dag_decorator
[2023-02-28T15:51:05.532+0000] {logging_mixin.py:137} INFO - [2023-02-28T15:51:05.532+0000] {taskmixin.py:205} WARNING - Dependency <Task(EmailOperator): send_email>, prepare_email already registered for DAG: example_dag_decorator
[2023-02-28T15:51:05.542+0000] {processor.py:753} INFO - DAG(s) dict_keys(['example_dag_decorator']) retrieved from /home/airflow/.local/lib/python3.7/site-packages/airflow/example_dags/example_dag_decorator.py
[2023-02-28T15:51:05.590+0000] {logging_mixin.py:137} INFO - [2023-02-28T15:51:05.590+0000] {dag.py:2690} INFO - Sync 1 DAGs
[2023-02-28T15:51:05.606+0000] {logging_mixin.py:137} INFO - [2023-02-28T15:51:05.606+0000] {dag.py:3441} INFO - Setting next_dagrun for example_dag_decorator to None, run_after=None
[2023-02-28T15:51:05.625+0000] {processor.py:175} INFO - Processing /home/airflow/.local/lib/python3.7/site-packages/airflow/example_dags/example_dag_decorator.py took 0.116 seconds
[2023-02-28T15:51:36.196+0000] {processor.py:153} INFO - Started process (PID=704) to work on /home/airflow/.local/lib/python3.7/site-packages/airflow/example_dags/example_dag_decorator.py
[2023-02-28T15:51:36.197+0000] {processor.py:743} INFO - Processing file /home/airflow/.local/lib/python3.7/site-packages/airflow/example_dags/example_dag_decorator.py for tasks to queue
[2023-02-28T15:51:36.200+0000] {logging_mixin.py:137} INFO - [2023-02-28T15:51:36.200+0000] {dagbag.py:538} INFO - Filling up the DagBag from /home/airflow/.local/lib/python3.7/site-packages/airflow/example_dags/example_dag_decorator.py
[2023-02-28T15:51:36.216+0000] {logging_mixin.py:137} INFO - [2023-02-28T15:51:36.216+0000] {taskmixin.py:205} WARNING - Dependency <Task(_PythonDecoratedOperator): prepare_email>, send_email already registered for DAG: example_dag_decorator
[2023-02-28T15:51:36.217+0000] {logging_mixin.py:137} INFO - [2023-02-28T15:51:36.217+0000] {taskmixin.py:205} WARNING - Dependency <Task(EmailOperator): send_email>, prepare_email already registered for DAG: example_dag_decorator
[2023-02-28T15:51:36.229+0000] {processor.py:753} INFO - DAG(s) dict_keys(['example_dag_decorator']) retrieved from /home/airflow/.local/lib/python3.7/site-packages/airflow/example_dags/example_dag_decorator.py
[2023-02-28T15:51:36.308+0000] {logging_mixin.py:137} INFO - [2023-02-28T15:51:36.308+0000] {dag.py:2690} INFO - Sync 1 DAGs
[2023-02-28T15:51:36.340+0000] {logging_mixin.py:137} INFO - [2023-02-28T15:51:36.340+0000] {dag.py:3441} INFO - Setting next_dagrun for example_dag_decorator to None, run_after=None
[2023-02-28T15:51:36.363+0000] {processor.py:175} INFO - Processing /home/airflow/.local/lib/python3.7/site-packages/airflow/example_dags/example_dag_decorator.py took 0.171 seconds
[2023-02-28T15:52:07.255+0000] {processor.py:153} INFO - Started process (PID=770) to work on /home/airflow/.local/lib/python3.7/site-packages/airflow/example_dags/example_dag_decorator.py
[2023-02-28T15:52:07.257+0000] {processor.py:743} INFO - Processing file /home/airflow/.local/lib/python3.7/site-packages/airflow/example_dags/example_dag_decorator.py for tasks to queue
[2023-02-28T15:52:07.259+0000] {logging_mixin.py:137} INFO - [2023-02-28T15:52:07.259+0000] {dagbag.py:538} INFO - Filling up the DagBag from /home/airflow/.local/lib/python3.7/site-packages/airflow/example_dags/example_dag_decorator.py
[2023-02-28T15:52:07.272+0000] {logging_mixin.py:137} INFO - [2023-02-28T15:52:07.272+0000] {taskmixin.py:205} WARNING - Dependency <Task(_PythonDecoratedOperator): prepare_email>, send_email already registered for DAG: example_dag_decorator
[2023-02-28T15:52:07.273+0000] {logging_mixin.py:137} INFO - [2023-02-28T15:52:07.273+0000] {taskmixin.py:205} WARNING - Dependency <Task(EmailOperator): send_email>, prepare_email already registered for DAG: example_dag_decorator
[2023-02-28T15:52:07.284+0000] {processor.py:753} INFO - DAG(s) dict_keys(['example_dag_decorator']) retrieved from /home/airflow/.local/lib/python3.7/site-packages/airflow/example_dags/example_dag_decorator.py
[2023-02-28T15:52:07.326+0000] {logging_mixin.py:137} INFO - [2023-02-28T15:52:07.326+0000] {dag.py:2690} INFO - Sync 1 DAGs
[2023-02-28T15:52:07.341+0000] {logging_mixin.py:137} INFO - [2023-02-28T15:52:07.341+0000] {dag.py:3441} INFO - Setting next_dagrun for example_dag_decorator to None, run_after=None
[2023-02-28T15:52:07.354+0000] {processor.py:175} INFO - Processing /home/airflow/.local/lib/python3.7/site-packages/airflow/example_dags/example_dag_decorator.py took 0.102 seconds
[2023-02-28T15:52:38.006+0000] {processor.py:153} INFO - Started process (PID=845) to work on /home/airflow/.local/lib/python3.7/site-packages/airflow/example_dags/example_dag_decorator.py
[2023-02-28T15:52:38.008+0000] {processor.py:743} INFO - Processing file /home/airflow/.local/lib/python3.7/site-packages/airflow/example_dags/example_dag_decorator.py for tasks to queue
[2023-02-28T15:52:38.009+0000] {logging_mixin.py:137} INFO - [2023-02-28T15:52:38.009+0000] {dagbag.py:538} INFO - Filling up the DagBag from /home/airflow/.local/lib/python3.7/site-packages/airflow/example_dags/example_dag_decorator.py
[2023-02-28T15:52:38.023+0000] {logging_mixin.py:137} INFO - [2023-02-28T15:52:38.023+0000] {taskmixin.py:205} WARNING - Dependency <Task(_PythonDecoratedOperator): prepare_email>, send_email already registered for DAG: example_dag_decorator
[2023-02-28T15:52:38.025+0000] {logging_mixin.py:137} INFO - [2023-02-28T15:52:38.025+0000] {taskmixin.py:205} WARNING - Dependency <Task(EmailOperator): send_email>, prepare_email already registered for DAG: example_dag_decorator
[2023-02-28T15:52:38.035+0000] {processor.py:753} INFO - DAG(s) dict_keys(['example_dag_decorator']) retrieved from /home/airflow/.local/lib/python3.7/site-packages/airflow/example_dags/example_dag_decorator.py
[2023-02-28T15:52:38.085+0000] {logging_mixin.py:137} INFO - [2023-02-28T15:52:38.085+0000] {dag.py:2690} INFO - Sync 1 DAGs
[2023-02-28T15:52:38.102+0000] {logging_mixin.py:137} INFO - [2023-02-28T15:52:38.101+0000] {dag.py:3441} INFO - Setting next_dagrun for example_dag_decorator to None, run_after=None
[2023-02-28T15:52:38.121+0000] {processor.py:175} INFO - Processing /home/airflow/.local/lib/python3.7/site-packages/airflow/example_dags/example_dag_decorator.py took 0.117 seconds
[2023-02-28T15:53:09.085+0000] {processor.py:153} INFO - Started process (PID=920) to work on /home/airflow/.local/lib/python3.7/site-packages/airflow/example_dags/example_dag_decorator.py
[2023-02-28T15:53:09.090+0000] {processor.py:743} INFO - Processing file /home/airflow/.local/lib/python3.7/site-packages/airflow/example_dags/example_dag_decorator.py for tasks to queue
[2023-02-28T15:53:09.092+0000] {logging_mixin.py:137} INFO - [2023-02-28T15:53:09.092+0000] {dagbag.py:538} INFO - Filling up the DagBag from /home/airflow/.local/lib/python3.7/site-packages/airflow/example_dags/example_dag_decorator.py
[2023-02-28T15:53:09.105+0000] {logging_mixin.py:137} INFO - [2023-02-28T15:53:09.105+0000] {taskmixin.py:205} WARNING - Dependency <Task(_PythonDecoratedOperator): prepare_email>, send_email already registered for DAG: example_dag_decorator
[2023-02-28T15:53:09.106+0000] {logging_mixin.py:137} INFO - [2023-02-28T15:53:09.106+0000] {taskmixin.py:205} WARNING - Dependency <Task(EmailOperator): send_email>, prepare_email already registered for DAG: example_dag_decorator
[2023-02-28T15:53:09.116+0000] {processor.py:753} INFO - DAG(s) dict_keys(['example_dag_decorator']) retrieved from /home/airflow/.local/lib/python3.7/site-packages/airflow/example_dags/example_dag_decorator.py
[2023-02-28T15:53:09.166+0000] {logging_mixin.py:137} INFO - [2023-02-28T15:53:09.166+0000] {dag.py:2690} INFO - Sync 1 DAGs
[2023-02-28T15:53:09.181+0000] {logging_mixin.py:137} INFO - [2023-02-28T15:53:09.181+0000] {dag.py:3441} INFO - Setting next_dagrun for example_dag_decorator to None, run_after=None
[2023-02-28T15:53:09.195+0000] {processor.py:175} INFO - Processing /home/airflow/.local/lib/python3.7/site-packages/airflow/example_dags/example_dag_decorator.py took 0.113 seconds
[2023-02-28T15:53:39.835+0000] {processor.py:153} INFO - Started process (PID=983) to work on /home/airflow/.local/lib/python3.7/site-packages/airflow/example_dags/example_dag_decorator.py
[2023-02-28T15:53:39.837+0000] {processor.py:743} INFO - Processing file /home/airflow/.local/lib/python3.7/site-packages/airflow/example_dags/example_dag_decorator.py for tasks to queue
[2023-02-28T15:53:39.838+0000] {logging_mixin.py:137} INFO - [2023-02-28T15:53:39.838+0000] {dagbag.py:538} INFO - Filling up the DagBag from /home/airflow/.local/lib/python3.7/site-packages/airflow/example_dags/example_dag_decorator.py
[2023-02-28T15:53:39.852+0000] {logging_mixin.py:137} INFO - [2023-02-28T15:53:39.852+0000] {taskmixin.py:205} WARNING - Dependency <Task(_PythonDecoratedOperator): prepare_email>, send_email already registered for DAG: example_dag_decorator
[2023-02-28T15:53:39.854+0000] {logging_mixin.py:137} INFO - [2023-02-28T15:53:39.854+0000] {taskmixin.py:205} WARNING - Dependency <Task(EmailOperator): send_email>, prepare_email already registered for DAG: example_dag_decorator
[2023-02-28T15:53:39.865+0000] {processor.py:753} INFO - DAG(s) dict_keys(['example_dag_decorator']) retrieved from /home/airflow/.local/lib/python3.7/site-packages/airflow/example_dags/example_dag_decorator.py
[2023-02-28T15:53:39.915+0000] {logging_mixin.py:137} INFO - [2023-02-28T15:53:39.915+0000] {dag.py:2690} INFO - Sync 1 DAGs
[2023-02-28T15:53:39.931+0000] {logging_mixin.py:137} INFO - [2023-02-28T15:53:39.931+0000] {dag.py:3441} INFO - Setting next_dagrun for example_dag_decorator to None, run_after=None
[2023-02-28T15:53:39.947+0000] {processor.py:175} INFO - Processing /home/airflow/.local/lib/python3.7/site-packages/airflow/example_dags/example_dag_decorator.py took 0.115 seconds
[2023-02-28T15:54:10.871+0000] {processor.py:153} INFO - Started process (PID=1057) to work on /home/airflow/.local/lib/python3.7/site-packages/airflow/example_dags/example_dag_decorator.py
[2023-02-28T15:54:10.873+0000] {processor.py:743} INFO - Processing file /home/airflow/.local/lib/python3.7/site-packages/airflow/example_dags/example_dag_decorator.py for tasks to queue
[2023-02-28T15:54:10.874+0000] {logging_mixin.py:137} INFO - [2023-02-28T15:54:10.874+0000] {dagbag.py:538} INFO - Filling up the DagBag from /home/airflow/.local/lib/python3.7/site-packages/airflow/example_dags/example_dag_decorator.py
[2023-02-28T15:54:10.887+0000] {logging_mixin.py:137} INFO - [2023-02-28T15:54:10.887+0000] {taskmixin.py:205} WARNING - Dependency <Task(_PythonDecoratedOperator): prepare_email>, send_email already registered for DAG: example_dag_decorator
[2023-02-28T15:54:10.888+0000] {logging_mixin.py:137} INFO - [2023-02-28T15:54:10.888+0000] {taskmixin.py:205} WARNING - Dependency <Task(EmailOperator): send_email>, prepare_email already registered for DAG: example_dag_decorator
[2023-02-28T15:54:10.899+0000] {processor.py:753} INFO - DAG(s) dict_keys(['example_dag_decorator']) retrieved from /home/airflow/.local/lib/python3.7/site-packages/airflow/example_dags/example_dag_decorator.py
[2023-02-28T15:54:10.945+0000] {logging_mixin.py:137} INFO - [2023-02-28T15:54:10.945+0000] {dag.py:2690} INFO - Sync 1 DAGs
[2023-02-28T15:54:10.961+0000] {logging_mixin.py:137} INFO - [2023-02-28T15:54:10.960+0000] {dag.py:3441} INFO - Setting next_dagrun for example_dag_decorator to None, run_after=None
[2023-02-28T15:54:10.975+0000] {processor.py:175} INFO - Processing /home/airflow/.local/lib/python3.7/site-packages/airflow/example_dags/example_dag_decorator.py took 0.107 seconds
[2023-02-28T15:54:41.733+0000] {processor.py:153} INFO - Started process (PID=1131) to work on /home/airflow/.local/lib/python3.7/site-packages/airflow/example_dags/example_dag_decorator.py
[2023-02-28T15:54:41.735+0000] {processor.py:743} INFO - Processing file /home/airflow/.local/lib/python3.7/site-packages/airflow/example_dags/example_dag_decorator.py for tasks to queue
[2023-02-28T15:54:41.736+0000] {logging_mixin.py:137} INFO - [2023-02-28T15:54:41.736+0000] {dagbag.py:538} INFO - Filling up the DagBag from /home/airflow/.local/lib/python3.7/site-packages/airflow/example_dags/example_dag_decorator.py
[2023-02-28T15:54:41.749+0000] {logging_mixin.py:137} INFO - [2023-02-28T15:54:41.749+0000] {taskmixin.py:205} WARNING - Dependency <Task(_PythonDecoratedOperator): prepare_email>, send_email already registered for DAG: example_dag_decorator
[2023-02-28T15:54:41.751+0000] {logging_mixin.py:137} INFO - [2023-02-28T15:54:41.751+0000] {taskmixin.py:205} WARNING - Dependency <Task(EmailOperator): send_email>, prepare_email already registered for DAG: example_dag_decorator
[2023-02-28T15:54:41.762+0000] {processor.py:753} INFO - DAG(s) dict_keys(['example_dag_decorator']) retrieved from /home/airflow/.local/lib/python3.7/site-packages/airflow/example_dags/example_dag_decorator.py
[2023-02-28T15:54:41.811+0000] {logging_mixin.py:137} INFO - [2023-02-28T15:54:41.811+0000] {dag.py:2690} INFO - Sync 1 DAGs
[2023-02-28T15:54:41.835+0000] {logging_mixin.py:137} INFO - [2023-02-28T15:54:41.835+0000] {dag.py:3441} INFO - Setting next_dagrun for example_dag_decorator to None, run_after=None
[2023-02-28T15:54:41.852+0000] {processor.py:175} INFO - Processing /home/airflow/.local/lib/python3.7/site-packages/airflow/example_dags/example_dag_decorator.py took 0.123 seconds
[2023-02-28T15:55:12.544+0000] {processor.py:153} INFO - Started process (PID=1195) to work on /home/airflow/.local/lib/python3.7/site-packages/airflow/example_dags/example_dag_decorator.py
[2023-02-28T15:55:12.547+0000] {processor.py:743} INFO - Processing file /home/airflow/.local/lib/python3.7/site-packages/airflow/example_dags/example_dag_decorator.py for tasks to queue
[2023-02-28T15:55:12.549+0000] {logging_mixin.py:137} INFO - [2023-02-28T15:55:12.549+0000] {dagbag.py:538} INFO - Filling up the DagBag from /home/airflow/.local/lib/python3.7/site-packages/airflow/example_dags/example_dag_decorator.py
[2023-02-28T15:55:12.563+0000] {logging_mixin.py:137} INFO - [2023-02-28T15:55:12.563+0000] {taskmixin.py:205} WARNING - Dependency <Task(_PythonDecoratedOperator): prepare_email>, send_email already registered for DAG: example_dag_decorator
[2023-02-28T15:55:12.564+0000] {logging_mixin.py:137} INFO - [2023-02-28T15:55:12.564+0000] {taskmixin.py:205} WARNING - Dependency <Task(EmailOperator): send_email>, prepare_email already registered for DAG: example_dag_decorator
[2023-02-28T15:55:12.574+0000] {processor.py:753} INFO - DAG(s) dict_keys(['example_dag_decorator']) retrieved from /home/airflow/.local/lib/python3.7/site-packages/airflow/example_dags/example_dag_decorator.py
[2023-02-28T15:55:12.625+0000] {logging_mixin.py:137} INFO - [2023-02-28T15:55:12.624+0000] {dag.py:2690} INFO - Sync 1 DAGs
[2023-02-28T15:55:12.650+0000] {logging_mixin.py:137} INFO - [2023-02-28T15:55:12.648+0000] {dag.py:3441} INFO - Setting next_dagrun for example_dag_decorator to None, run_after=None
[2023-02-28T15:55:12.670+0000] {processor.py:175} INFO - Processing /home/airflow/.local/lib/python3.7/site-packages/airflow/example_dags/example_dag_decorator.py took 0.129 seconds
[2023-02-28T15:55:43.331+0000] {processor.py:153} INFO - Started process (PID=1270) to work on /home/airflow/.local/lib/python3.7/site-packages/airflow/example_dags/example_dag_decorator.py
[2023-02-28T15:55:43.333+0000] {processor.py:743} INFO - Processing file /home/airflow/.local/lib/python3.7/site-packages/airflow/example_dags/example_dag_decorator.py for tasks to queue
[2023-02-28T15:55:43.336+0000] {logging_mixin.py:137} INFO - [2023-02-28T15:55:43.335+0000] {dagbag.py:538} INFO - Filling up the DagBag from /home/airflow/.local/lib/python3.7/site-packages/airflow/example_dags/example_dag_decorator.py
[2023-02-28T15:55:43.352+0000] {logging_mixin.py:137} INFO - [2023-02-28T15:55:43.352+0000] {taskmixin.py:205} WARNING - Dependency <Task(_PythonDecoratedOperator): prepare_email>, send_email already registered for DAG: example_dag_decorator
[2023-02-28T15:55:43.354+0000] {logging_mixin.py:137} INFO - [2023-02-28T15:55:43.354+0000] {taskmixin.py:205} WARNING - Dependency <Task(EmailOperator): send_email>, prepare_email already registered for DAG: example_dag_decorator
[2023-02-28T15:55:43.365+0000] {processor.py:753} INFO - DAG(s) dict_keys(['example_dag_decorator']) retrieved from /home/airflow/.local/lib/python3.7/site-packages/airflow/example_dags/example_dag_decorator.py
[2023-02-28T15:55:43.414+0000] {logging_mixin.py:137} INFO - [2023-02-28T15:55:43.414+0000] {dag.py:2690} INFO - Sync 1 DAGs
[2023-02-28T15:55:43.430+0000] {logging_mixin.py:137} INFO - [2023-02-28T15:55:43.430+0000] {dag.py:3441} INFO - Setting next_dagrun for example_dag_decorator to None, run_after=None
[2023-02-28T15:55:43.447+0000] {processor.py:175} INFO - Processing /home/airflow/.local/lib/python3.7/site-packages/airflow/example_dags/example_dag_decorator.py took 0.119 seconds
[2023-02-28T15:56:14.603+0000] {processor.py:153} INFO - Started process (PID=1345) to work on /home/airflow/.local/lib/python3.7/site-packages/airflow/example_dags/example_dag_decorator.py
[2023-02-28T15:56:14.606+0000] {processor.py:743} INFO - Processing file /home/airflow/.local/lib/python3.7/site-packages/airflow/example_dags/example_dag_decorator.py for tasks to queue
[2023-02-28T15:56:14.607+0000] {logging_mixin.py:137} INFO - [2023-02-28T15:56:14.607+0000] {dagbag.py:538} INFO - Filling up the DagBag from /home/airflow/.local/lib/python3.7/site-packages/airflow/example_dags/example_dag_decorator.py
[2023-02-28T15:56:14.625+0000] {logging_mixin.py:137} INFO - [2023-02-28T15:56:14.625+0000] {taskmixin.py:205} WARNING - Dependency <Task(_PythonDecoratedOperator): prepare_email>, send_email already registered for DAG: example_dag_decorator
[2023-02-28T15:56:14.626+0000] {logging_mixin.py:137} INFO - [2023-02-28T15:56:14.626+0000] {taskmixin.py:205} WARNING - Dependency <Task(EmailOperator): send_email>, prepare_email already registered for DAG: example_dag_decorator
[2023-02-28T15:56:14.641+0000] {processor.py:753} INFO - DAG(s) dict_keys(['example_dag_decorator']) retrieved from /home/airflow/.local/lib/python3.7/site-packages/airflow/example_dags/example_dag_decorator.py
[2023-02-28T15:56:14.697+0000] {logging_mixin.py:137} INFO - [2023-02-28T15:56:14.697+0000] {dag.py:2690} INFO - Sync 1 DAGs
[2023-02-28T15:56:14.719+0000] {logging_mixin.py:137} INFO - [2023-02-28T15:56:14.719+0000] {dag.py:3441} INFO - Setting next_dagrun for example_dag_decorator to None, run_after=None
[2023-02-28T15:56:14.741+0000] {processor.py:175} INFO - Processing /home/airflow/.local/lib/python3.7/site-packages/airflow/example_dags/example_dag_decorator.py took 0.144 seconds
[2023-02-28T15:56:45.284+0000] {processor.py:153} INFO - Started process (PID=1407) to work on /home/airflow/.local/lib/python3.7/site-packages/airflow/example_dags/example_dag_decorator.py
[2023-02-28T15:56:45.286+0000] {processor.py:743} INFO - Processing file /home/airflow/.local/lib/python3.7/site-packages/airflow/example_dags/example_dag_decorator.py for tasks to queue
[2023-02-28T15:56:45.287+0000] {logging_mixin.py:137} INFO - [2023-02-28T15:56:45.287+0000] {dagbag.py:538} INFO - Filling up the DagBag from /home/airflow/.local/lib/python3.7/site-packages/airflow/example_dags/example_dag_decorator.py
[2023-02-28T15:56:45.301+0000] {logging_mixin.py:137} INFO - [2023-02-28T15:56:45.301+0000] {taskmixin.py:205} WARNING - Dependency <Task(_PythonDecoratedOperator): prepare_email>, send_email already registered for DAG: example_dag_decorator
[2023-02-28T15:56:45.302+0000] {logging_mixin.py:137} INFO - [2023-02-28T15:56:45.302+0000] {taskmixin.py:205} WARNING - Dependency <Task(EmailOperator): send_email>, prepare_email already registered for DAG: example_dag_decorator
[2023-02-28T15:56:45.313+0000] {processor.py:753} INFO - DAG(s) dict_keys(['example_dag_decorator']) retrieved from /home/airflow/.local/lib/python3.7/site-packages/airflow/example_dags/example_dag_decorator.py
[2023-02-28T15:56:45.361+0000] {logging_mixin.py:137} INFO - [2023-02-28T15:56:45.361+0000] {dag.py:2690} INFO - Sync 1 DAGs
[2023-02-28T15:56:45.375+0000] {logging_mixin.py:137} INFO - [2023-02-28T15:56:45.375+0000] {dag.py:3441} INFO - Setting next_dagrun for example_dag_decorator to None, run_after=None
[2023-02-28T15:56:45.390+0000] {processor.py:175} INFO - Processing /home/airflow/.local/lib/python3.7/site-packages/airflow/example_dags/example_dag_decorator.py took 0.109 seconds
[2023-02-28T15:57:16.253+0000] {processor.py:153} INFO - Started process (PID=1482) to work on /home/airflow/.local/lib/python3.7/site-packages/airflow/example_dags/example_dag_decorator.py
[2023-02-28T15:57:16.254+0000] {processor.py:743} INFO - Processing file /home/airflow/.local/lib/python3.7/site-packages/airflow/example_dags/example_dag_decorator.py for tasks to queue
[2023-02-28T15:57:16.256+0000] {logging_mixin.py:137} INFO - [2023-02-28T15:57:16.255+0000] {dagbag.py:538} INFO - Filling up the DagBag from /home/airflow/.local/lib/python3.7/site-packages/airflow/example_dags/example_dag_decorator.py
[2023-02-28T15:57:16.268+0000] {logging_mixin.py:137} INFO - [2023-02-28T15:57:16.268+0000] {taskmixin.py:205} WARNING - Dependency <Task(_PythonDecoratedOperator): prepare_email>, send_email already registered for DAG: example_dag_decorator
[2023-02-28T15:57:16.269+0000] {logging_mixin.py:137} INFO - [2023-02-28T15:57:16.269+0000] {taskmixin.py:205} WARNING - Dependency <Task(EmailOperator): send_email>, prepare_email already registered for DAG: example_dag_decorator
[2023-02-28T15:57:16.279+0000] {processor.py:753} INFO - DAG(s) dict_keys(['example_dag_decorator']) retrieved from /home/airflow/.local/lib/python3.7/site-packages/airflow/example_dags/example_dag_decorator.py
[2023-02-28T15:57:16.329+0000] {logging_mixin.py:137} INFO - [2023-02-28T15:57:16.329+0000] {dag.py:2690} INFO - Sync 1 DAGs
[2023-02-28T15:57:16.345+0000] {logging_mixin.py:137} INFO - [2023-02-28T15:57:16.345+0000] {dag.py:3441} INFO - Setting next_dagrun for example_dag_decorator to None, run_after=None
[2023-02-28T15:57:16.361+0000] {processor.py:175} INFO - Processing /home/airflow/.local/lib/python3.7/site-packages/airflow/example_dags/example_dag_decorator.py took 0.112 seconds
[2023-02-28T15:57:47.075+0000] {processor.py:153} INFO - Started process (PID=1557) to work on /home/airflow/.local/lib/python3.7/site-packages/airflow/example_dags/example_dag_decorator.py
[2023-02-28T15:57:47.077+0000] {processor.py:743} INFO - Processing file /home/airflow/.local/lib/python3.7/site-packages/airflow/example_dags/example_dag_decorator.py for tasks to queue
[2023-02-28T15:57:47.079+0000] {logging_mixin.py:137} INFO - [2023-02-28T15:57:47.079+0000] {dagbag.py:538} INFO - Filling up the DagBag from /home/airflow/.local/lib/python3.7/site-packages/airflow/example_dags/example_dag_decorator.py
[2023-02-28T15:57:47.092+0000] {logging_mixin.py:137} INFO - [2023-02-28T15:57:47.092+0000] {taskmixin.py:205} WARNING - Dependency <Task(_PythonDecoratedOperator): prepare_email>, send_email already registered for DAG: example_dag_decorator
[2023-02-28T15:57:47.094+0000] {logging_mixin.py:137} INFO - [2023-02-28T15:57:47.094+0000] {taskmixin.py:205} WARNING - Dependency <Task(EmailOperator): send_email>, prepare_email already registered for DAG: example_dag_decorator
[2023-02-28T15:57:47.104+0000] {processor.py:753} INFO - DAG(s) dict_keys(['example_dag_decorator']) retrieved from /home/airflow/.local/lib/python3.7/site-packages/airflow/example_dags/example_dag_decorator.py
[2023-02-28T15:57:47.150+0000] {logging_mixin.py:137} INFO - [2023-02-28T15:57:47.150+0000] {dag.py:2690} INFO - Sync 1 DAGs
[2023-02-28T15:57:47.166+0000] {logging_mixin.py:137} INFO - [2023-02-28T15:57:47.166+0000] {dag.py:3441} INFO - Setting next_dagrun for example_dag_decorator to None, run_after=None
[2023-02-28T15:57:47.182+0000] {processor.py:175} INFO - Processing /home/airflow/.local/lib/python3.7/site-packages/airflow/example_dags/example_dag_decorator.py took 0.110 seconds
[2023-02-28T15:58:17.809+0000] {processor.py:153} INFO - Started process (PID=1621) to work on /home/airflow/.local/lib/python3.7/site-packages/airflow/example_dags/example_dag_decorator.py
[2023-02-28T15:58:17.811+0000] {processor.py:743} INFO - Processing file /home/airflow/.local/lib/python3.7/site-packages/airflow/example_dags/example_dag_decorator.py for tasks to queue
[2023-02-28T15:58:17.812+0000] {logging_mixin.py:137} INFO - [2023-02-28T15:58:17.812+0000] {dagbag.py:538} INFO - Filling up the DagBag from /home/airflow/.local/lib/python3.7/site-packages/airflow/example_dags/example_dag_decorator.py
[2023-02-28T15:58:17.826+0000] {logging_mixin.py:137} INFO - [2023-02-28T15:58:17.826+0000] {taskmixin.py:205} WARNING - Dependency <Task(_PythonDecoratedOperator): prepare_email>, send_email already registered for DAG: example_dag_decorator
[2023-02-28T15:58:17.827+0000] {logging_mixin.py:137} INFO - [2023-02-28T15:58:17.827+0000] {taskmixin.py:205} WARNING - Dependency <Task(EmailOperator): send_email>, prepare_email already registered for DAG: example_dag_decorator
[2023-02-28T15:58:17.837+0000] {processor.py:753} INFO - DAG(s) dict_keys(['example_dag_decorator']) retrieved from /home/airflow/.local/lib/python3.7/site-packages/airflow/example_dags/example_dag_decorator.py
[2023-02-28T15:58:17.883+0000] {logging_mixin.py:137} INFO - [2023-02-28T15:58:17.883+0000] {dag.py:2690} INFO - Sync 1 DAGs
[2023-02-28T15:58:17.901+0000] {logging_mixin.py:137} INFO - [2023-02-28T15:58:17.901+0000] {dag.py:3441} INFO - Setting next_dagrun for example_dag_decorator to None, run_after=None
[2023-02-28T15:58:17.917+0000] {processor.py:175} INFO - Processing /home/airflow/.local/lib/python3.7/site-packages/airflow/example_dags/example_dag_decorator.py took 0.112 seconds
[2023-02-28T15:58:48.563+0000] {processor.py:153} INFO - Started process (PID=1695) to work on /home/airflow/.local/lib/python3.7/site-packages/airflow/example_dags/example_dag_decorator.py
[2023-02-28T15:58:48.565+0000] {processor.py:743} INFO - Processing file /home/airflow/.local/lib/python3.7/site-packages/airflow/example_dags/example_dag_decorator.py for tasks to queue
[2023-02-28T15:58:48.567+0000] {logging_mixin.py:137} INFO - [2023-02-28T15:58:48.567+0000] {dagbag.py:538} INFO - Filling up the DagBag from /home/airflow/.local/lib/python3.7/site-packages/airflow/example_dags/example_dag_decorator.py
[2023-02-28T15:58:48.581+0000] {logging_mixin.py:137} INFO - [2023-02-28T15:58:48.581+0000] {taskmixin.py:205} WARNING - Dependency <Task(_PythonDecoratedOperator): prepare_email>, send_email already registered for DAG: example_dag_decorator
[2023-02-28T15:58:48.583+0000] {logging_mixin.py:137} INFO - [2023-02-28T15:58:48.582+0000] {taskmixin.py:205} WARNING - Dependency <Task(EmailOperator): send_email>, prepare_email already registered for DAG: example_dag_decorator
[2023-02-28T15:58:48.594+0000] {processor.py:753} INFO - DAG(s) dict_keys(['example_dag_decorator']) retrieved from /home/airflow/.local/lib/python3.7/site-packages/airflow/example_dags/example_dag_decorator.py
[2023-02-28T15:58:48.649+0000] {logging_mixin.py:137} INFO - [2023-02-28T15:58:48.648+0000] {dag.py:2690} INFO - Sync 1 DAGs
[2023-02-28T15:58:48.667+0000] {logging_mixin.py:137} INFO - [2023-02-28T15:58:48.667+0000] {dag.py:3441} INFO - Setting next_dagrun for example_dag_decorator to None, run_after=None
[2023-02-28T15:58:48.687+0000] {processor.py:175} INFO - Processing /home/airflow/.local/lib/python3.7/site-packages/airflow/example_dags/example_dag_decorator.py took 0.127 seconds
