[2023-02-28T15:46:58.125+0000] {processor.py:153} INFO - Started process (PID=49) to work on /home/airflow/.local/lib/python3.7/site-packages/airflow/example_dags/example_task_group_decorator.py
[2023-02-28T15:46:58.127+0000] {processor.py:743} INFO - Processing file /home/airflow/.local/lib/python3.7/site-packages/airflow/example_dags/example_task_group_decorator.py for tasks to queue
[2023-02-28T15:46:58.128+0000] {logging_mixin.py:137} INFO - [2023-02-28T15:46:58.128+0000] {dagbag.py:538} INFO - Filling up the DagBag from /home/airflow/.local/lib/python3.7/site-packages/airflow/example_dags/example_task_group_decorator.py
[2023-02-28T15:46:58.153+0000] {processor.py:753} INFO - DAG(s) dict_keys(['example_task_group_decorator']) retrieved from /home/airflow/.local/lib/python3.7/site-packages/airflow/example_dags/example_task_group_decorator.py
[2023-02-28T15:46:58.174+0000] {logging_mixin.py:137} INFO - [2023-02-28T15:46:58.173+0000] {dag.py:2690} INFO - Sync 1 DAGs
[2023-02-28T15:46:58.205+0000] {logging_mixin.py:137} INFO - [2023-02-28T15:46:58.204+0000] {dag.py:3441} INFO - Setting next_dagrun for example_task_group_decorator to 2023-02-27T15:46:58.204662+00:00, run_after=2023-02-28T15:46:58.204662+00:00
[2023-02-28T15:46:58.235+0000] {processor.py:175} INFO - Processing /home/airflow/.local/lib/python3.7/site-packages/airflow/example_dags/example_task_group_decorator.py took 0.118 seconds
[2023-02-28T15:47:29.234+0000] {processor.py:153} INFO - Started process (PID=122) to work on /home/airflow/.local/lib/python3.7/site-packages/airflow/example_dags/example_task_group_decorator.py
[2023-02-28T15:47:29.237+0000] {processor.py:743} INFO - Processing file /home/airflow/.local/lib/python3.7/site-packages/airflow/example_dags/example_task_group_decorator.py for tasks to queue
[2023-02-28T15:47:29.239+0000] {logging_mixin.py:137} INFO - [2023-02-28T15:47:29.239+0000] {dagbag.py:538} INFO - Filling up the DagBag from /home/airflow/.local/lib/python3.7/site-packages/airflow/example_dags/example_task_group_decorator.py
[2023-02-28T15:47:29.262+0000] {processor.py:753} INFO - DAG(s) dict_keys(['example_task_group_decorator']) retrieved from /home/airflow/.local/lib/python3.7/site-packages/airflow/example_dags/example_task_group_decorator.py
[2023-02-28T15:47:29.288+0000] {logging_mixin.py:137} INFO - [2023-02-28T15:47:29.288+0000] {dag.py:2690} INFO - Sync 1 DAGs
[2023-02-28T15:47:29.306+0000] {logging_mixin.py:137} INFO - [2023-02-28T15:47:29.306+0000] {dag.py:3441} INFO - Setting next_dagrun for example_task_group_decorator to 2023-02-27T15:47:29.306295+00:00, run_after=2023-02-28T15:47:29.306295+00:00
[2023-02-28T15:47:29.323+0000] {processor.py:175} INFO - Processing /home/airflow/.local/lib/python3.7/site-packages/airflow/example_dags/example_task_group_decorator.py took 0.092 seconds
[2023-02-28T15:47:59.386+0000] {processor.py:153} INFO - Started process (PID=196) to work on /home/airflow/.local/lib/python3.7/site-packages/airflow/example_dags/example_task_group_decorator.py
[2023-02-28T15:47:59.389+0000] {processor.py:743} INFO - Processing file /home/airflow/.local/lib/python3.7/site-packages/airflow/example_dags/example_task_group_decorator.py for tasks to queue
[2023-02-28T15:47:59.390+0000] {logging_mixin.py:137} INFO - [2023-02-28T15:47:59.390+0000] {dagbag.py:538} INFO - Filling up the DagBag from /home/airflow/.local/lib/python3.7/site-packages/airflow/example_dags/example_task_group_decorator.py
[2023-02-28T15:47:59.413+0000] {processor.py:753} INFO - DAG(s) dict_keys(['example_task_group_decorator']) retrieved from /home/airflow/.local/lib/python3.7/site-packages/airflow/example_dags/example_task_group_decorator.py
[2023-02-28T15:47:59.438+0000] {logging_mixin.py:137} INFO - [2023-02-28T15:47:59.438+0000] {dag.py:2690} INFO - Sync 1 DAGs
[2023-02-28T15:47:59.457+0000] {logging_mixin.py:137} INFO - [2023-02-28T15:47:59.457+0000] {dag.py:3441} INFO - Setting next_dagrun for example_task_group_decorator to 2023-02-27T15:47:59.457502+00:00, run_after=2023-02-28T15:47:59.457502+00:00
[2023-02-28T15:47:59.474+0000] {processor.py:175} INFO - Processing /home/airflow/.local/lib/python3.7/site-packages/airflow/example_dags/example_task_group_decorator.py took 0.092 seconds
[2023-02-28T15:48:30.176+0000] {processor.py:153} INFO - Started process (PID=259) to work on /home/airflow/.local/lib/python3.7/site-packages/airflow/example_dags/example_task_group_decorator.py
[2023-02-28T15:48:30.178+0000] {processor.py:743} INFO - Processing file /home/airflow/.local/lib/python3.7/site-packages/airflow/example_dags/example_task_group_decorator.py for tasks to queue
[2023-02-28T15:48:30.180+0000] {logging_mixin.py:137} INFO - [2023-02-28T15:48:30.179+0000] {dagbag.py:538} INFO - Filling up the DagBag from /home/airflow/.local/lib/python3.7/site-packages/airflow/example_dags/example_task_group_decorator.py
[2023-02-28T15:48:30.205+0000] {processor.py:753} INFO - DAG(s) dict_keys(['example_task_group_decorator']) retrieved from /home/airflow/.local/lib/python3.7/site-packages/airflow/example_dags/example_task_group_decorator.py
[2023-02-28T15:48:30.228+0000] {logging_mixin.py:137} INFO - [2023-02-28T15:48:30.228+0000] {dag.py:2690} INFO - Sync 1 DAGs
[2023-02-28T15:48:30.245+0000] {logging_mixin.py:137} INFO - [2023-02-28T15:48:30.245+0000] {dag.py:3441} INFO - Setting next_dagrun for example_task_group_decorator to 2023-02-27T15:48:30.245155+00:00, run_after=2023-02-28T15:48:30.245155+00:00
[2023-02-28T15:48:30.264+0000] {processor.py:175} INFO - Processing /home/airflow/.local/lib/python3.7/site-packages/airflow/example_dags/example_task_group_decorator.py took 0.090 seconds
[2023-02-28T15:49:01.085+0000] {processor.py:153} INFO - Started process (PID=335) to work on /home/airflow/.local/lib/python3.7/site-packages/airflow/example_dags/example_task_group_decorator.py
[2023-02-28T15:49:01.086+0000] {processor.py:743} INFO - Processing file /home/airflow/.local/lib/python3.7/site-packages/airflow/example_dags/example_task_group_decorator.py for tasks to queue
[2023-02-28T15:49:01.088+0000] {logging_mixin.py:137} INFO - [2023-02-28T15:49:01.088+0000] {dagbag.py:538} INFO - Filling up the DagBag from /home/airflow/.local/lib/python3.7/site-packages/airflow/example_dags/example_task_group_decorator.py
[2023-02-28T15:49:01.110+0000] {processor.py:753} INFO - DAG(s) dict_keys(['example_task_group_decorator']) retrieved from /home/airflow/.local/lib/python3.7/site-packages/airflow/example_dags/example_task_group_decorator.py
[2023-02-28T15:49:01.143+0000] {logging_mixin.py:137} INFO - [2023-02-28T15:49:01.143+0000] {dag.py:2690} INFO - Sync 1 DAGs
[2023-02-28T15:49:01.170+0000] {logging_mixin.py:137} INFO - [2023-02-28T15:49:01.170+0000] {dag.py:3441} INFO - Setting next_dagrun for example_task_group_decorator to 2023-02-27T15:49:01.170675+00:00, run_after=2023-02-28T15:49:01.170675+00:00
[2023-02-28T15:49:01.188+0000] {processor.py:175} INFO - Processing /home/airflow/.local/lib/python3.7/site-packages/airflow/example_dags/example_task_group_decorator.py took 0.106 seconds
[2023-02-28T15:49:32.066+0000] {processor.py:153} INFO - Started process (PID=410) to work on /home/airflow/.local/lib/python3.7/site-packages/airflow/example_dags/example_task_group_decorator.py
[2023-02-28T15:49:32.068+0000] {processor.py:743} INFO - Processing file /home/airflow/.local/lib/python3.7/site-packages/airflow/example_dags/example_task_group_decorator.py for tasks to queue
[2023-02-28T15:49:32.069+0000] {logging_mixin.py:137} INFO - [2023-02-28T15:49:32.069+0000] {dagbag.py:538} INFO - Filling up the DagBag from /home/airflow/.local/lib/python3.7/site-packages/airflow/example_dags/example_task_group_decorator.py
[2023-02-28T15:49:32.089+0000] {processor.py:753} INFO - DAG(s) dict_keys(['example_task_group_decorator']) retrieved from /home/airflow/.local/lib/python3.7/site-packages/airflow/example_dags/example_task_group_decorator.py
[2023-02-28T15:49:32.112+0000] {logging_mixin.py:137} INFO - [2023-02-28T15:49:32.112+0000] {dag.py:2690} INFO - Sync 1 DAGs
[2023-02-28T15:49:32.128+0000] {logging_mixin.py:137} INFO - [2023-02-28T15:49:32.128+0000] {dag.py:3441} INFO - Setting next_dagrun for example_task_group_decorator to 2023-02-27T15:49:32.128364+00:00, run_after=2023-02-28T15:49:32.128364+00:00
[2023-02-28T15:49:32.142+0000] {processor.py:175} INFO - Processing /home/airflow/.local/lib/python3.7/site-packages/airflow/example_dags/example_task_group_decorator.py took 0.078 seconds
[2023-02-28T15:50:02.849+0000] {processor.py:153} INFO - Started process (PID=473) to work on /home/airflow/.local/lib/python3.7/site-packages/airflow/example_dags/example_task_group_decorator.py
[2023-02-28T15:50:02.850+0000] {processor.py:743} INFO - Processing file /home/airflow/.local/lib/python3.7/site-packages/airflow/example_dags/example_task_group_decorator.py for tasks to queue
[2023-02-28T15:50:02.852+0000] {logging_mixin.py:137} INFO - [2023-02-28T15:50:02.852+0000] {dagbag.py:538} INFO - Filling up the DagBag from /home/airflow/.local/lib/python3.7/site-packages/airflow/example_dags/example_task_group_decorator.py
[2023-02-28T15:50:02.875+0000] {processor.py:753} INFO - DAG(s) dict_keys(['example_task_group_decorator']) retrieved from /home/airflow/.local/lib/python3.7/site-packages/airflow/example_dags/example_task_group_decorator.py
[2023-02-28T15:50:02.900+0000] {logging_mixin.py:137} INFO - [2023-02-28T15:50:02.900+0000] {dag.py:2690} INFO - Sync 1 DAGs
[2023-02-28T15:50:02.918+0000] {logging_mixin.py:137} INFO - [2023-02-28T15:50:02.918+0000] {dag.py:3441} INFO - Setting next_dagrun for example_task_group_decorator to 2023-02-27T15:50:02.918095+00:00, run_after=2023-02-28T15:50:02.918095+00:00
[2023-02-28T15:50:02.933+0000] {processor.py:175} INFO - Processing /home/airflow/.local/lib/python3.7/site-packages/airflow/example_dags/example_task_group_decorator.py took 0.088 seconds
[2023-02-28T15:50:33.795+0000] {processor.py:153} INFO - Started process (PID=549) to work on /home/airflow/.local/lib/python3.7/site-packages/airflow/example_dags/example_task_group_decorator.py
[2023-02-28T15:50:33.797+0000] {processor.py:743} INFO - Processing file /home/airflow/.local/lib/python3.7/site-packages/airflow/example_dags/example_task_group_decorator.py for tasks to queue
[2023-02-28T15:50:33.798+0000] {logging_mixin.py:137} INFO - [2023-02-28T15:50:33.798+0000] {dagbag.py:538} INFO - Filling up the DagBag from /home/airflow/.local/lib/python3.7/site-packages/airflow/example_dags/example_task_group_decorator.py
[2023-02-28T15:50:33.827+0000] {processor.py:753} INFO - DAG(s) dict_keys(['example_task_group_decorator']) retrieved from /home/airflow/.local/lib/python3.7/site-packages/airflow/example_dags/example_task_group_decorator.py
[2023-02-28T15:50:33.850+0000] {logging_mixin.py:137} INFO - [2023-02-28T15:50:33.850+0000] {dag.py:2690} INFO - Sync 1 DAGs
[2023-02-28T15:50:33.868+0000] {logging_mixin.py:137} INFO - [2023-02-28T15:50:33.868+0000] {dag.py:3441} INFO - Setting next_dagrun for example_task_group_decorator to 2023-02-27T15:50:33.867760+00:00, run_after=2023-02-28T15:50:33.867760+00:00
[2023-02-28T15:50:33.881+0000] {processor.py:175} INFO - Processing /home/airflow/.local/lib/python3.7/site-packages/airflow/example_dags/example_task_group_decorator.py took 0.090 seconds
[2023-02-28T15:51:04.815+0000] {processor.py:153} INFO - Started process (PID=624) to work on /home/airflow/.local/lib/python3.7/site-packages/airflow/example_dags/example_task_group_decorator.py
[2023-02-28T15:51:04.817+0000] {processor.py:743} INFO - Processing file /home/airflow/.local/lib/python3.7/site-packages/airflow/example_dags/example_task_group_decorator.py for tasks to queue
[2023-02-28T15:51:04.819+0000] {logging_mixin.py:137} INFO - [2023-02-28T15:51:04.818+0000] {dagbag.py:538} INFO - Filling up the DagBag from /home/airflow/.local/lib/python3.7/site-packages/airflow/example_dags/example_task_group_decorator.py
[2023-02-28T15:51:04.840+0000] {processor.py:753} INFO - DAG(s) dict_keys(['example_task_group_decorator']) retrieved from /home/airflow/.local/lib/python3.7/site-packages/airflow/example_dags/example_task_group_decorator.py
[2023-02-28T15:51:04.863+0000] {logging_mixin.py:137} INFO - [2023-02-28T15:51:04.863+0000] {dag.py:2690} INFO - Sync 1 DAGs
[2023-02-28T15:51:04.881+0000] {logging_mixin.py:137} INFO - [2023-02-28T15:51:04.880+0000] {dag.py:3441} INFO - Setting next_dagrun for example_task_group_decorator to 2023-02-27T15:51:04.880766+00:00, run_after=2023-02-28T15:51:04.880766+00:00
[2023-02-28T15:51:04.895+0000] {processor.py:175} INFO - Processing /home/airflow/.local/lib/python3.7/site-packages/airflow/example_dags/example_task_group_decorator.py took 0.083 seconds
[2023-02-28T15:51:35.665+0000] {processor.py:153} INFO - Started process (PID=687) to work on /home/airflow/.local/lib/python3.7/site-packages/airflow/example_dags/example_task_group_decorator.py
[2023-02-28T15:51:35.668+0000] {processor.py:743} INFO - Processing file /home/airflow/.local/lib/python3.7/site-packages/airflow/example_dags/example_task_group_decorator.py for tasks to queue
[2023-02-28T15:51:35.669+0000] {logging_mixin.py:137} INFO - [2023-02-28T15:51:35.669+0000] {dagbag.py:538} INFO - Filling up the DagBag from /home/airflow/.local/lib/python3.7/site-packages/airflow/example_dags/example_task_group_decorator.py
[2023-02-28T15:51:35.690+0000] {processor.py:753} INFO - DAG(s) dict_keys(['example_task_group_decorator']) retrieved from /home/airflow/.local/lib/python3.7/site-packages/airflow/example_dags/example_task_group_decorator.py
[2023-02-28T15:51:35.712+0000] {logging_mixin.py:137} INFO - [2023-02-28T15:51:35.712+0000] {dag.py:2690} INFO - Sync 1 DAGs
[2023-02-28T15:51:35.731+0000] {logging_mixin.py:137} INFO - [2023-02-28T15:51:35.730+0000] {dag.py:3441} INFO - Setting next_dagrun for example_task_group_decorator to 2023-02-27T15:51:35.730767+00:00, run_after=2023-02-28T15:51:35.730767+00:00
[2023-02-28T15:51:35.744+0000] {processor.py:175} INFO - Processing /home/airflow/.local/lib/python3.7/site-packages/airflow/example_dags/example_task_group_decorator.py took 0.082 seconds
[2023-02-28T15:52:06.669+0000] {processor.py:153} INFO - Started process (PID=762) to work on /home/airflow/.local/lib/python3.7/site-packages/airflow/example_dags/example_task_group_decorator.py
[2023-02-28T15:52:06.672+0000] {processor.py:743} INFO - Processing file /home/airflow/.local/lib/python3.7/site-packages/airflow/example_dags/example_task_group_decorator.py for tasks to queue
[2023-02-28T15:52:06.675+0000] {logging_mixin.py:137} INFO - [2023-02-28T15:52:06.675+0000] {dagbag.py:538} INFO - Filling up the DagBag from /home/airflow/.local/lib/python3.7/site-packages/airflow/example_dags/example_task_group_decorator.py
[2023-02-28T15:52:06.697+0000] {processor.py:753} INFO - DAG(s) dict_keys(['example_task_group_decorator']) retrieved from /home/airflow/.local/lib/python3.7/site-packages/airflow/example_dags/example_task_group_decorator.py
[2023-02-28T15:52:06.721+0000] {logging_mixin.py:137} INFO - [2023-02-28T15:52:06.721+0000] {dag.py:2690} INFO - Sync 1 DAGs
[2023-02-28T15:52:06.740+0000] {logging_mixin.py:137} INFO - [2023-02-28T15:52:06.740+0000] {dag.py:3441} INFO - Setting next_dagrun for example_task_group_decorator to 2023-02-27T15:52:06.740011+00:00, run_after=2023-02-28T15:52:06.740011+00:00
[2023-02-28T15:52:06.755+0000] {processor.py:175} INFO - Processing /home/airflow/.local/lib/python3.7/site-packages/airflow/example_dags/example_task_group_decorator.py took 0.088 seconds
[2023-02-28T15:52:37.475+0000] {processor.py:153} INFO - Started process (PID=837) to work on /home/airflow/.local/lib/python3.7/site-packages/airflow/example_dags/example_task_group_decorator.py
[2023-02-28T15:52:37.478+0000] {processor.py:743} INFO - Processing file /home/airflow/.local/lib/python3.7/site-packages/airflow/example_dags/example_task_group_decorator.py for tasks to queue
[2023-02-28T15:52:37.479+0000] {logging_mixin.py:137} INFO - [2023-02-28T15:52:37.479+0000] {dagbag.py:538} INFO - Filling up the DagBag from /home/airflow/.local/lib/python3.7/site-packages/airflow/example_dags/example_task_group_decorator.py
[2023-02-28T15:52:37.504+0000] {processor.py:753} INFO - DAG(s) dict_keys(['example_task_group_decorator']) retrieved from /home/airflow/.local/lib/python3.7/site-packages/airflow/example_dags/example_task_group_decorator.py
[2023-02-28T15:52:37.529+0000] {logging_mixin.py:137} INFO - [2023-02-28T15:52:37.529+0000] {dag.py:2690} INFO - Sync 1 DAGs
[2023-02-28T15:52:37.547+0000] {logging_mixin.py:137} INFO - [2023-02-28T15:52:37.547+0000] {dag.py:3441} INFO - Setting next_dagrun for example_task_group_decorator to 2023-02-27T15:52:37.546731+00:00, run_after=2023-02-28T15:52:37.546731+00:00
[2023-02-28T15:52:37.566+0000] {processor.py:175} INFO - Processing /home/airflow/.local/lib/python3.7/site-packages/airflow/example_dags/example_task_group_decorator.py took 0.095 seconds
[2023-02-28T15:53:08.398+0000] {processor.py:153} INFO - Started process (PID=912) to work on /home/airflow/.local/lib/python3.7/site-packages/airflow/example_dags/example_task_group_decorator.py
[2023-02-28T15:53:08.409+0000] {processor.py:743} INFO - Processing file /home/airflow/.local/lib/python3.7/site-packages/airflow/example_dags/example_task_group_decorator.py for tasks to queue
[2023-02-28T15:53:08.411+0000] {logging_mixin.py:137} INFO - [2023-02-28T15:53:08.411+0000] {dagbag.py:538} INFO - Filling up the DagBag from /home/airflow/.local/lib/python3.7/site-packages/airflow/example_dags/example_task_group_decorator.py
[2023-02-28T15:53:08.450+0000] {processor.py:753} INFO - DAG(s) dict_keys(['example_task_group_decorator']) retrieved from /home/airflow/.local/lib/python3.7/site-packages/airflow/example_dags/example_task_group_decorator.py
[2023-02-28T15:53:08.487+0000] {logging_mixin.py:137} INFO - [2023-02-28T15:53:08.487+0000] {dag.py:2690} INFO - Sync 1 DAGs
[2023-02-28T15:53:08.510+0000] {logging_mixin.py:137} INFO - [2023-02-28T15:53:08.510+0000] {dag.py:3441} INFO - Setting next_dagrun for example_task_group_decorator to 2023-02-27T15:53:08.509820+00:00, run_after=2023-02-28T15:53:08.509820+00:00
[2023-02-28T15:53:08.544+0000] {processor.py:175} INFO - Processing /home/airflow/.local/lib/python3.7/site-packages/airflow/example_dags/example_task_group_decorator.py took 0.149 seconds
[2023-02-28T15:53:39.355+0000] {processor.py:153} INFO - Started process (PID=975) to work on /home/airflow/.local/lib/python3.7/site-packages/airflow/example_dags/example_task_group_decorator.py
[2023-02-28T15:53:39.357+0000] {processor.py:743} INFO - Processing file /home/airflow/.local/lib/python3.7/site-packages/airflow/example_dags/example_task_group_decorator.py for tasks to queue
[2023-02-28T15:53:39.358+0000] {logging_mixin.py:137} INFO - [2023-02-28T15:53:39.358+0000] {dagbag.py:538} INFO - Filling up the DagBag from /home/airflow/.local/lib/python3.7/site-packages/airflow/example_dags/example_task_group_decorator.py
[2023-02-28T15:53:39.381+0000] {processor.py:753} INFO - DAG(s) dict_keys(['example_task_group_decorator']) retrieved from /home/airflow/.local/lib/python3.7/site-packages/airflow/example_dags/example_task_group_decorator.py
[2023-02-28T15:53:39.407+0000] {logging_mixin.py:137} INFO - [2023-02-28T15:53:39.407+0000] {dag.py:2690} INFO - Sync 1 DAGs
[2023-02-28T15:53:39.425+0000] {logging_mixin.py:137} INFO - [2023-02-28T15:53:39.425+0000] {dag.py:3441} INFO - Setting next_dagrun for example_task_group_decorator to 2023-02-27T15:53:39.424764+00:00, run_after=2023-02-28T15:53:39.424764+00:00
[2023-02-28T15:53:39.439+0000] {processor.py:175} INFO - Processing /home/airflow/.local/lib/python3.7/site-packages/airflow/example_dags/example_task_group_decorator.py took 0.087 seconds
[2023-02-28T15:54:10.286+0000] {processor.py:153} INFO - Started process (PID=1049) to work on /home/airflow/.local/lib/python3.7/site-packages/airflow/example_dags/example_task_group_decorator.py
[2023-02-28T15:54:10.288+0000] {processor.py:743} INFO - Processing file /home/airflow/.local/lib/python3.7/site-packages/airflow/example_dags/example_task_group_decorator.py for tasks to queue
[2023-02-28T15:54:10.289+0000] {logging_mixin.py:137} INFO - [2023-02-28T15:54:10.289+0000] {dagbag.py:538} INFO - Filling up the DagBag from /home/airflow/.local/lib/python3.7/site-packages/airflow/example_dags/example_task_group_decorator.py
[2023-02-28T15:54:10.312+0000] {processor.py:753} INFO - DAG(s) dict_keys(['example_task_group_decorator']) retrieved from /home/airflow/.local/lib/python3.7/site-packages/airflow/example_dags/example_task_group_decorator.py
[2023-02-28T15:54:10.335+0000] {logging_mixin.py:137} INFO - [2023-02-28T15:54:10.335+0000] {dag.py:2690} INFO - Sync 1 DAGs
[2023-02-28T15:54:10.353+0000] {logging_mixin.py:137} INFO - [2023-02-28T15:54:10.353+0000] {dag.py:3441} INFO - Setting next_dagrun for example_task_group_decorator to 2023-02-27T15:54:10.353001+00:00, run_after=2023-02-28T15:54:10.353001+00:00
[2023-02-28T15:54:10.367+0000] {processor.py:175} INFO - Processing /home/airflow/.local/lib/python3.7/site-packages/airflow/example_dags/example_task_group_decorator.py took 0.084 seconds
[2023-02-28T15:54:41.252+0000] {processor.py:153} INFO - Started process (PID=1123) to work on /home/airflow/.local/lib/python3.7/site-packages/airflow/example_dags/example_task_group_decorator.py
[2023-02-28T15:54:41.254+0000] {processor.py:743} INFO - Processing file /home/airflow/.local/lib/python3.7/site-packages/airflow/example_dags/example_task_group_decorator.py for tasks to queue
[2023-02-28T15:54:41.255+0000] {logging_mixin.py:137} INFO - [2023-02-28T15:54:41.255+0000] {dagbag.py:538} INFO - Filling up the DagBag from /home/airflow/.local/lib/python3.7/site-packages/airflow/example_dags/example_task_group_decorator.py
[2023-02-28T15:54:41.276+0000] {processor.py:753} INFO - DAG(s) dict_keys(['example_task_group_decorator']) retrieved from /home/airflow/.local/lib/python3.7/site-packages/airflow/example_dags/example_task_group_decorator.py
[2023-02-28T15:54:41.299+0000] {logging_mixin.py:137} INFO - [2023-02-28T15:54:41.299+0000] {dag.py:2690} INFO - Sync 1 DAGs
[2023-02-28T15:54:41.316+0000] {logging_mixin.py:137} INFO - [2023-02-28T15:54:41.316+0000] {dag.py:3441} INFO - Setting next_dagrun for example_task_group_decorator to 2023-02-27T15:54:41.316514+00:00, run_after=2023-02-28T15:54:41.316514+00:00
[2023-02-28T15:54:41.334+0000] {processor.py:175} INFO - Processing /home/airflow/.local/lib/python3.7/site-packages/airflow/example_dags/example_task_group_decorator.py took 0.085 seconds
[2023-02-28T15:55:11.968+0000] {processor.py:153} INFO - Started process (PID=1187) to work on /home/airflow/.local/lib/python3.7/site-packages/airflow/example_dags/example_task_group_decorator.py
[2023-02-28T15:55:11.970+0000] {processor.py:743} INFO - Processing file /home/airflow/.local/lib/python3.7/site-packages/airflow/example_dags/example_task_group_decorator.py for tasks to queue
[2023-02-28T15:55:11.971+0000] {logging_mixin.py:137} INFO - [2023-02-28T15:55:11.971+0000] {dagbag.py:538} INFO - Filling up the DagBag from /home/airflow/.local/lib/python3.7/site-packages/airflow/example_dags/example_task_group_decorator.py
[2023-02-28T15:55:11.993+0000] {processor.py:753} INFO - DAG(s) dict_keys(['example_task_group_decorator']) retrieved from /home/airflow/.local/lib/python3.7/site-packages/airflow/example_dags/example_task_group_decorator.py
[2023-02-28T15:55:12.017+0000] {logging_mixin.py:137} INFO - [2023-02-28T15:55:12.017+0000] {dag.py:2690} INFO - Sync 1 DAGs
[2023-02-28T15:55:12.036+0000] {logging_mixin.py:137} INFO - [2023-02-28T15:55:12.036+0000] {dag.py:3441} INFO - Setting next_dagrun for example_task_group_decorator to 2023-02-27T15:55:12.036275+00:00, run_after=2023-02-28T15:55:12.036275+00:00
[2023-02-28T15:55:12.051+0000] {processor.py:175} INFO - Processing /home/airflow/.local/lib/python3.7/site-packages/airflow/example_dags/example_task_group_decorator.py took 0.086 seconds
[2023-02-28T15:55:42.852+0000] {processor.py:153} INFO - Started process (PID=1262) to work on /home/airflow/.local/lib/python3.7/site-packages/airflow/example_dags/example_task_group_decorator.py
[2023-02-28T15:55:42.853+0000] {processor.py:743} INFO - Processing file /home/airflow/.local/lib/python3.7/site-packages/airflow/example_dags/example_task_group_decorator.py for tasks to queue
[2023-02-28T15:55:42.856+0000] {logging_mixin.py:137} INFO - [2023-02-28T15:55:42.856+0000] {dagbag.py:538} INFO - Filling up the DagBag from /home/airflow/.local/lib/python3.7/site-packages/airflow/example_dags/example_task_group_decorator.py
[2023-02-28T15:55:42.879+0000] {processor.py:753} INFO - DAG(s) dict_keys(['example_task_group_decorator']) retrieved from /home/airflow/.local/lib/python3.7/site-packages/airflow/example_dags/example_task_group_decorator.py
[2023-02-28T15:55:42.904+0000] {logging_mixin.py:137} INFO - [2023-02-28T15:55:42.904+0000] {dag.py:2690} INFO - Sync 1 DAGs
[2023-02-28T15:55:42.921+0000] {logging_mixin.py:137} INFO - [2023-02-28T15:55:42.921+0000] {dag.py:3441} INFO - Setting next_dagrun for example_task_group_decorator to 2023-02-27T15:55:42.921573+00:00, run_after=2023-02-28T15:55:42.921573+00:00
[2023-02-28T15:55:42.937+0000] {processor.py:175} INFO - Processing /home/airflow/.local/lib/python3.7/site-packages/airflow/example_dags/example_task_group_decorator.py took 0.089 seconds
[2023-02-28T15:56:13.897+0000] {processor.py:153} INFO - Started process (PID=1337) to work on /home/airflow/.local/lib/python3.7/site-packages/airflow/example_dags/example_task_group_decorator.py
[2023-02-28T15:56:13.899+0000] {processor.py:743} INFO - Processing file /home/airflow/.local/lib/python3.7/site-packages/airflow/example_dags/example_task_group_decorator.py for tasks to queue
[2023-02-28T15:56:13.900+0000] {logging_mixin.py:137} INFO - [2023-02-28T15:56:13.900+0000] {dagbag.py:538} INFO - Filling up the DagBag from /home/airflow/.local/lib/python3.7/site-packages/airflow/example_dags/example_task_group_decorator.py
[2023-02-28T15:56:13.923+0000] {processor.py:753} INFO - DAG(s) dict_keys(['example_task_group_decorator']) retrieved from /home/airflow/.local/lib/python3.7/site-packages/airflow/example_dags/example_task_group_decorator.py
[2023-02-28T15:56:13.949+0000] {logging_mixin.py:137} INFO - [2023-02-28T15:56:13.949+0000] {dag.py:2690} INFO - Sync 1 DAGs
[2023-02-28T15:56:13.975+0000] {logging_mixin.py:137} INFO - [2023-02-28T15:56:13.975+0000] {dag.py:3441} INFO - Setting next_dagrun for example_task_group_decorator to 2023-02-27T15:56:13.974554+00:00, run_after=2023-02-28T15:56:13.974554+00:00
[2023-02-28T15:56:13.997+0000] {processor.py:175} INFO - Processing /home/airflow/.local/lib/python3.7/site-packages/airflow/example_dags/example_task_group_decorator.py took 0.104 seconds
[2023-02-28T15:56:44.825+0000] {processor.py:153} INFO - Started process (PID=1399) to work on /home/airflow/.local/lib/python3.7/site-packages/airflow/example_dags/example_task_group_decorator.py
[2023-02-28T15:56:44.827+0000] {processor.py:743} INFO - Processing file /home/airflow/.local/lib/python3.7/site-packages/airflow/example_dags/example_task_group_decorator.py for tasks to queue
[2023-02-28T15:56:44.828+0000] {logging_mixin.py:137} INFO - [2023-02-28T15:56:44.828+0000] {dagbag.py:538} INFO - Filling up the DagBag from /home/airflow/.local/lib/python3.7/site-packages/airflow/example_dags/example_task_group_decorator.py
[2023-02-28T15:56:44.850+0000] {processor.py:753} INFO - DAG(s) dict_keys(['example_task_group_decorator']) retrieved from /home/airflow/.local/lib/python3.7/site-packages/airflow/example_dags/example_task_group_decorator.py
[2023-02-28T15:56:44.874+0000] {logging_mixin.py:137} INFO - [2023-02-28T15:56:44.873+0000] {dag.py:2690} INFO - Sync 1 DAGs
[2023-02-28T15:56:44.892+0000] {logging_mixin.py:137} INFO - [2023-02-28T15:56:44.892+0000] {dag.py:3441} INFO - Setting next_dagrun for example_task_group_decorator to 2023-02-27T15:56:44.892449+00:00, run_after=2023-02-28T15:56:44.892449+00:00
[2023-02-28T15:56:44.908+0000] {processor.py:175} INFO - Processing /home/airflow/.local/lib/python3.7/site-packages/airflow/example_dags/example_task_group_decorator.py took 0.086 seconds
[2023-02-28T15:57:15.711+0000] {processor.py:153} INFO - Started process (PID=1474) to work on /home/airflow/.local/lib/python3.7/site-packages/airflow/example_dags/example_task_group_decorator.py
[2023-02-28T15:57:15.713+0000] {processor.py:743} INFO - Processing file /home/airflow/.local/lib/python3.7/site-packages/airflow/example_dags/example_task_group_decorator.py for tasks to queue
[2023-02-28T15:57:15.715+0000] {logging_mixin.py:137} INFO - [2023-02-28T15:57:15.715+0000] {dagbag.py:538} INFO - Filling up the DagBag from /home/airflow/.local/lib/python3.7/site-packages/airflow/example_dags/example_task_group_decorator.py
[2023-02-28T15:57:15.734+0000] {processor.py:753} INFO - DAG(s) dict_keys(['example_task_group_decorator']) retrieved from /home/airflow/.local/lib/python3.7/site-packages/airflow/example_dags/example_task_group_decorator.py
[2023-02-28T15:57:15.757+0000] {logging_mixin.py:137} INFO - [2023-02-28T15:57:15.757+0000] {dag.py:2690} INFO - Sync 1 DAGs
[2023-02-28T15:57:15.774+0000] {logging_mixin.py:137} INFO - [2023-02-28T15:57:15.774+0000] {dag.py:3441} INFO - Setting next_dagrun for example_task_group_decorator to 2023-02-27T15:57:15.773855+00:00, run_after=2023-02-28T15:57:15.773855+00:00
[2023-02-28T15:57:15.788+0000] {processor.py:175} INFO - Processing /home/airflow/.local/lib/python3.7/site-packages/airflow/example_dags/example_task_group_decorator.py took 0.079 seconds
[2023-02-28T15:57:46.521+0000] {processor.py:153} INFO - Started process (PID=1549) to work on /home/airflow/.local/lib/python3.7/site-packages/airflow/example_dags/example_task_group_decorator.py
[2023-02-28T15:57:46.522+0000] {processor.py:743} INFO - Processing file /home/airflow/.local/lib/python3.7/site-packages/airflow/example_dags/example_task_group_decorator.py for tasks to queue
[2023-02-28T15:57:46.523+0000] {logging_mixin.py:137} INFO - [2023-02-28T15:57:46.523+0000] {dagbag.py:538} INFO - Filling up the DagBag from /home/airflow/.local/lib/python3.7/site-packages/airflow/example_dags/example_task_group_decorator.py
[2023-02-28T15:57:46.546+0000] {processor.py:753} INFO - DAG(s) dict_keys(['example_task_group_decorator']) retrieved from /home/airflow/.local/lib/python3.7/site-packages/airflow/example_dags/example_task_group_decorator.py
[2023-02-28T15:57:46.572+0000] {logging_mixin.py:137} INFO - [2023-02-28T15:57:46.571+0000] {dag.py:2690} INFO - Sync 1 DAGs
[2023-02-28T15:57:46.589+0000] {logging_mixin.py:137} INFO - [2023-02-28T15:57:46.589+0000] {dag.py:3441} INFO - Setting next_dagrun for example_task_group_decorator to 2023-02-27T15:57:46.589235+00:00, run_after=2023-02-28T15:57:46.589235+00:00
[2023-02-28T15:57:46.602+0000] {processor.py:175} INFO - Processing /home/airflow/.local/lib/python3.7/site-packages/airflow/example_dags/example_task_group_decorator.py took 0.087 seconds
[2023-02-28T15:58:17.129+0000] {processor.py:153} INFO - Started process (PID=1613) to work on /home/airflow/.local/lib/python3.7/site-packages/airflow/example_dags/example_task_group_decorator.py
[2023-02-28T15:58:17.137+0000] {processor.py:743} INFO - Processing file /home/airflow/.local/lib/python3.7/site-packages/airflow/example_dags/example_task_group_decorator.py for tasks to queue
[2023-02-28T15:58:17.138+0000] {logging_mixin.py:137} INFO - [2023-02-28T15:58:17.138+0000] {dagbag.py:538} INFO - Filling up the DagBag from /home/airflow/.local/lib/python3.7/site-packages/airflow/example_dags/example_task_group_decorator.py
[2023-02-28T15:58:17.158+0000] {processor.py:753} INFO - DAG(s) dict_keys(['example_task_group_decorator']) retrieved from /home/airflow/.local/lib/python3.7/site-packages/airflow/example_dags/example_task_group_decorator.py
[2023-02-28T15:58:17.182+0000] {logging_mixin.py:137} INFO - [2023-02-28T15:58:17.182+0000] {dag.py:2690} INFO - Sync 1 DAGs
[2023-02-28T15:58:17.202+0000] {logging_mixin.py:137} INFO - [2023-02-28T15:58:17.202+0000] {dag.py:3441} INFO - Setting next_dagrun for example_task_group_decorator to 2023-02-27T15:58:17.201969+00:00, run_after=2023-02-28T15:58:17.201969+00:00
[2023-02-28T15:58:17.217+0000] {processor.py:175} INFO - Processing /home/airflow/.local/lib/python3.7/site-packages/airflow/example_dags/example_task_group_decorator.py took 0.092 seconds
[2023-02-28T15:58:48.062+0000] {processor.py:153} INFO - Started process (PID=1687) to work on /home/airflow/.local/lib/python3.7/site-packages/airflow/example_dags/example_task_group_decorator.py
[2023-02-28T15:58:48.064+0000] {processor.py:743} INFO - Processing file /home/airflow/.local/lib/python3.7/site-packages/airflow/example_dags/example_task_group_decorator.py for tasks to queue
[2023-02-28T15:58:48.065+0000] {logging_mixin.py:137} INFO - [2023-02-28T15:58:48.065+0000] {dagbag.py:538} INFO - Filling up the DagBag from /home/airflow/.local/lib/python3.7/site-packages/airflow/example_dags/example_task_group_decorator.py
[2023-02-28T15:58:48.091+0000] {processor.py:753} INFO - DAG(s) dict_keys(['example_task_group_decorator']) retrieved from /home/airflow/.local/lib/python3.7/site-packages/airflow/example_dags/example_task_group_decorator.py
[2023-02-28T15:58:48.114+0000] {logging_mixin.py:137} INFO - [2023-02-28T15:58:48.114+0000] {dag.py:2690} INFO - Sync 1 DAGs
[2023-02-28T15:58:48.133+0000] {logging_mixin.py:137} INFO - [2023-02-28T15:58:48.133+0000] {dag.py:3441} INFO - Setting next_dagrun for example_task_group_decorator to 2023-02-27T15:58:48.132851+00:00, run_after=2023-02-28T15:58:48.132851+00:00
[2023-02-28T15:58:48.148+0000] {processor.py:175} INFO - Processing /home/airflow/.local/lib/python3.7/site-packages/airflow/example_dags/example_task_group_decorator.py took 0.088 seconds
