[2023-02-28T15:46:57.709+0000] {processor.py:153} INFO - Started process (PID=44) to work on /home/airflow/.local/lib/python3.7/site-packages/airflow/example_dags/example_latest_only_with_trigger.py
[2023-02-28T15:46:57.712+0000] {processor.py:743} INFO - Processing file /home/airflow/.local/lib/python3.7/site-packages/airflow/example_dags/example_latest_only_with_trigger.py for tasks to queue
[2023-02-28T15:46:57.713+0000] {logging_mixin.py:137} INFO - [2023-02-28T15:46:57.713+0000] {dagbag.py:538} INFO - Filling up the DagBag from /home/airflow/.local/lib/python3.7/site-packages/airflow/example_dags/example_latest_only_with_trigger.py
[2023-02-28T15:46:57.734+0000] {processor.py:753} INFO - DAG(s) dict_keys(['latest_only_with_trigger']) retrieved from /home/airflow/.local/lib/python3.7/site-packages/airflow/example_dags/example_latest_only_with_trigger.py
[2023-02-28T15:46:57.754+0000] {logging_mixin.py:137} INFO - [2023-02-28T15:46:57.754+0000] {dag.py:2690} INFO - Sync 1 DAGs
[2023-02-28T15:46:57.775+0000] {logging_mixin.py:137} INFO - [2023-02-28T15:46:57.775+0000] {dag.py:3441} INFO - Setting next_dagrun for latest_only_with_trigger to 2023-02-28T11:46:57.775546+00:00, run_after=2023-02-28T15:46:57.775546+00:00
[2023-02-28T15:46:57.818+0000] {processor.py:175} INFO - Processing /home/airflow/.local/lib/python3.7/site-packages/airflow/example_dags/example_latest_only_with_trigger.py took 0.113 seconds
[2023-02-28T15:47:28.006+0000] {processor.py:153} INFO - Started process (PID=117) to work on /home/airflow/.local/lib/python3.7/site-packages/airflow/example_dags/example_latest_only_with_trigger.py
[2023-02-28T15:47:28.007+0000] {processor.py:743} INFO - Processing file /home/airflow/.local/lib/python3.7/site-packages/airflow/example_dags/example_latest_only_with_trigger.py for tasks to queue
[2023-02-28T15:47:28.008+0000] {logging_mixin.py:137} INFO - [2023-02-28T15:47:28.008+0000] {dagbag.py:538} INFO - Filling up the DagBag from /home/airflow/.local/lib/python3.7/site-packages/airflow/example_dags/example_latest_only_with_trigger.py
[2023-02-28T15:47:28.020+0000] {processor.py:753} INFO - DAG(s) dict_keys(['latest_only_with_trigger']) retrieved from /home/airflow/.local/lib/python3.7/site-packages/airflow/example_dags/example_latest_only_with_trigger.py
[2023-02-28T15:47:28.042+0000] {logging_mixin.py:137} INFO - [2023-02-28T15:47:28.042+0000] {dag.py:2690} INFO - Sync 1 DAGs
[2023-02-28T15:47:28.060+0000] {logging_mixin.py:137} INFO - [2023-02-28T15:47:28.060+0000] {dag.py:3441} INFO - Setting next_dagrun for latest_only_with_trigger to 2023-02-28T11:47:28.060114+00:00, run_after=2023-02-28T15:47:28.060114+00:00
[2023-02-28T15:47:28.074+0000] {processor.py:175} INFO - Processing /home/airflow/.local/lib/python3.7/site-packages/airflow/example_dags/example_latest_only_with_trigger.py took 0.071 seconds
[2023-02-28T15:47:58.961+0000] {processor.py:153} INFO - Started process (PID=189) to work on /home/airflow/.local/lib/python3.7/site-packages/airflow/example_dags/example_latest_only_with_trigger.py
[2023-02-28T15:47:58.963+0000] {processor.py:743} INFO - Processing file /home/airflow/.local/lib/python3.7/site-packages/airflow/example_dags/example_latest_only_with_trigger.py for tasks to queue
[2023-02-28T15:47:58.969+0000] {logging_mixin.py:137} INFO - [2023-02-28T15:47:58.964+0000] {dagbag.py:538} INFO - Filling up the DagBag from /home/airflow/.local/lib/python3.7/site-packages/airflow/example_dags/example_latest_only_with_trigger.py
[2023-02-28T15:47:58.982+0000] {processor.py:753} INFO - DAG(s) dict_keys(['latest_only_with_trigger']) retrieved from /home/airflow/.local/lib/python3.7/site-packages/airflow/example_dags/example_latest_only_with_trigger.py
[2023-02-28T15:47:59.008+0000] {logging_mixin.py:137} INFO - [2023-02-28T15:47:59.008+0000] {dag.py:2690} INFO - Sync 1 DAGs
[2023-02-28T15:47:59.031+0000] {logging_mixin.py:137} INFO - [2023-02-28T15:47:59.031+0000] {dag.py:3441} INFO - Setting next_dagrun for latest_only_with_trigger to 2023-02-28T11:47:59.031386+00:00, run_after=2023-02-28T15:47:59.031386+00:00
[2023-02-28T15:47:59.065+0000] {processor.py:175} INFO - Processing /home/airflow/.local/lib/python3.7/site-packages/airflow/example_dags/example_latest_only_with_trigger.py took 0.107 seconds
[2023-02-28T15:48:29.965+0000] {processor.py:153} INFO - Started process (PID=255) to work on /home/airflow/.local/lib/python3.7/site-packages/airflow/example_dags/example_latest_only_with_trigger.py
[2023-02-28T15:48:29.967+0000] {processor.py:743} INFO - Processing file /home/airflow/.local/lib/python3.7/site-packages/airflow/example_dags/example_latest_only_with_trigger.py for tasks to queue
[2023-02-28T15:48:29.969+0000] {logging_mixin.py:137} INFO - [2023-02-28T15:48:29.969+0000] {dagbag.py:538} INFO - Filling up the DagBag from /home/airflow/.local/lib/python3.7/site-packages/airflow/example_dags/example_latest_only_with_trigger.py
[2023-02-28T15:48:29.980+0000] {processor.py:753} INFO - DAG(s) dict_keys(['latest_only_with_trigger']) retrieved from /home/airflow/.local/lib/python3.7/site-packages/airflow/example_dags/example_latest_only_with_trigger.py
[2023-02-28T15:48:30.002+0000] {logging_mixin.py:137} INFO - [2023-02-28T15:48:30.002+0000] {dag.py:2690} INFO - Sync 1 DAGs
[2023-02-28T15:48:30.018+0000] {logging_mixin.py:137} INFO - [2023-02-28T15:48:30.018+0000] {dag.py:3441} INFO - Setting next_dagrun for latest_only_with_trigger to 2023-02-28T11:48:30.018647+00:00, run_after=2023-02-28T15:48:30.018647+00:00
[2023-02-28T15:48:30.030+0000] {processor.py:175} INFO - Processing /home/airflow/.local/lib/python3.7/site-packages/airflow/example_dags/example_latest_only_with_trigger.py took 0.068 seconds
[2023-02-28T15:49:00.692+0000] {processor.py:153} INFO - Started process (PID=330) to work on /home/airflow/.local/lib/python3.7/site-packages/airflow/example_dags/example_latest_only_with_trigger.py
[2023-02-28T15:49:00.695+0000] {processor.py:743} INFO - Processing file /home/airflow/.local/lib/python3.7/site-packages/airflow/example_dags/example_latest_only_with_trigger.py for tasks to queue
[2023-02-28T15:49:00.697+0000] {logging_mixin.py:137} INFO - [2023-02-28T15:49:00.697+0000] {dagbag.py:538} INFO - Filling up the DagBag from /home/airflow/.local/lib/python3.7/site-packages/airflow/example_dags/example_latest_only_with_trigger.py
[2023-02-28T15:49:00.713+0000] {processor.py:753} INFO - DAG(s) dict_keys(['latest_only_with_trigger']) retrieved from /home/airflow/.local/lib/python3.7/site-packages/airflow/example_dags/example_latest_only_with_trigger.py
[2023-02-28T15:49:00.738+0000] {logging_mixin.py:137} INFO - [2023-02-28T15:49:00.738+0000] {dag.py:2690} INFO - Sync 1 DAGs
[2023-02-28T15:49:00.757+0000] {logging_mixin.py:137} INFO - [2023-02-28T15:49:00.757+0000] {dag.py:3441} INFO - Setting next_dagrun for latest_only_with_trigger to 2023-02-28T11:49:00.757362+00:00, run_after=2023-02-28T15:49:00.757362+00:00
[2023-02-28T15:49:00.773+0000] {processor.py:175} INFO - Processing /home/airflow/.local/lib/python3.7/site-packages/airflow/example_dags/example_latest_only_with_trigger.py took 0.084 seconds
[2023-02-28T15:49:31.718+0000] {processor.py:153} INFO - Started process (PID=405) to work on /home/airflow/.local/lib/python3.7/site-packages/airflow/example_dags/example_latest_only_with_trigger.py
[2023-02-28T15:49:31.719+0000] {processor.py:743} INFO - Processing file /home/airflow/.local/lib/python3.7/site-packages/airflow/example_dags/example_latest_only_with_trigger.py for tasks to queue
[2023-02-28T15:49:31.721+0000] {logging_mixin.py:137} INFO - [2023-02-28T15:49:31.720+0000] {dagbag.py:538} INFO - Filling up the DagBag from /home/airflow/.local/lib/python3.7/site-packages/airflow/example_dags/example_latest_only_with_trigger.py
[2023-02-28T15:49:31.732+0000] {processor.py:753} INFO - DAG(s) dict_keys(['latest_only_with_trigger']) retrieved from /home/airflow/.local/lib/python3.7/site-packages/airflow/example_dags/example_latest_only_with_trigger.py
[2023-02-28T15:49:31.754+0000] {logging_mixin.py:137} INFO - [2023-02-28T15:49:31.754+0000] {dag.py:2690} INFO - Sync 1 DAGs
[2023-02-28T15:49:31.770+0000] {logging_mixin.py:137} INFO - [2023-02-28T15:49:31.770+0000] {dag.py:3441} INFO - Setting next_dagrun for latest_only_with_trigger to 2023-02-28T11:49:31.770016+00:00, run_after=2023-02-28T15:49:31.770016+00:00
[2023-02-28T15:49:31.784+0000] {processor.py:175} INFO - Processing /home/airflow/.local/lib/python3.7/site-packages/airflow/example_dags/example_latest_only_with_trigger.py took 0.069 seconds
[2023-02-28T15:50:02.488+0000] {processor.py:153} INFO - Started process (PID=468) to work on /home/airflow/.local/lib/python3.7/site-packages/airflow/example_dags/example_latest_only_with_trigger.py
[2023-02-28T15:50:02.489+0000] {processor.py:743} INFO - Processing file /home/airflow/.local/lib/python3.7/site-packages/airflow/example_dags/example_latest_only_with_trigger.py for tasks to queue
[2023-02-28T15:50:02.491+0000] {logging_mixin.py:137} INFO - [2023-02-28T15:50:02.491+0000] {dagbag.py:538} INFO - Filling up the DagBag from /home/airflow/.local/lib/python3.7/site-packages/airflow/example_dags/example_latest_only_with_trigger.py
[2023-02-28T15:50:02.502+0000] {processor.py:753} INFO - DAG(s) dict_keys(['latest_only_with_trigger']) retrieved from /home/airflow/.local/lib/python3.7/site-packages/airflow/example_dags/example_latest_only_with_trigger.py
[2023-02-28T15:50:02.526+0000] {logging_mixin.py:137} INFO - [2023-02-28T15:50:02.526+0000] {dag.py:2690} INFO - Sync 1 DAGs
[2023-02-28T15:50:02.545+0000] {logging_mixin.py:137} INFO - [2023-02-28T15:50:02.545+0000] {dag.py:3441} INFO - Setting next_dagrun for latest_only_with_trigger to 2023-02-28T11:50:02.545100+00:00, run_after=2023-02-28T15:50:02.545100+00:00
[2023-02-28T15:50:02.559+0000] {processor.py:175} INFO - Processing /home/airflow/.local/lib/python3.7/site-packages/airflow/example_dags/example_latest_only_with_trigger.py took 0.074 seconds
[2023-02-28T15:50:33.459+0000] {processor.py:153} INFO - Started process (PID=544) to work on /home/airflow/.local/lib/python3.7/site-packages/airflow/example_dags/example_latest_only_with_trigger.py
[2023-02-28T15:50:33.461+0000] {processor.py:743} INFO - Processing file /home/airflow/.local/lib/python3.7/site-packages/airflow/example_dags/example_latest_only_with_trigger.py for tasks to queue
[2023-02-28T15:50:33.462+0000] {logging_mixin.py:137} INFO - [2023-02-28T15:50:33.462+0000] {dagbag.py:538} INFO - Filling up the DagBag from /home/airflow/.local/lib/python3.7/site-packages/airflow/example_dags/example_latest_only_with_trigger.py
[2023-02-28T15:50:33.473+0000] {processor.py:753} INFO - DAG(s) dict_keys(['latest_only_with_trigger']) retrieved from /home/airflow/.local/lib/python3.7/site-packages/airflow/example_dags/example_latest_only_with_trigger.py
[2023-02-28T15:50:33.496+0000] {logging_mixin.py:137} INFO - [2023-02-28T15:50:33.496+0000] {dag.py:2690} INFO - Sync 1 DAGs
[2023-02-28T15:50:33.513+0000] {logging_mixin.py:137} INFO - [2023-02-28T15:50:33.513+0000] {dag.py:3441} INFO - Setting next_dagrun for latest_only_with_trigger to 2023-02-28T11:50:33.513488+00:00, run_after=2023-02-28T15:50:33.513488+00:00
[2023-02-28T15:50:33.528+0000] {processor.py:175} INFO - Processing /home/airflow/.local/lib/python3.7/site-packages/airflow/example_dags/example_latest_only_with_trigger.py took 0.072 seconds
[2023-02-28T15:51:04.472+0000] {processor.py:153} INFO - Started process (PID=619) to work on /home/airflow/.local/lib/python3.7/site-packages/airflow/example_dags/example_latest_only_with_trigger.py
[2023-02-28T15:51:04.474+0000] {processor.py:743} INFO - Processing file /home/airflow/.local/lib/python3.7/site-packages/airflow/example_dags/example_latest_only_with_trigger.py for tasks to queue
[2023-02-28T15:51:04.475+0000] {logging_mixin.py:137} INFO - [2023-02-28T15:51:04.475+0000] {dagbag.py:538} INFO - Filling up the DagBag from /home/airflow/.local/lib/python3.7/site-packages/airflow/example_dags/example_latest_only_with_trigger.py
[2023-02-28T15:51:04.488+0000] {processor.py:753} INFO - DAG(s) dict_keys(['latest_only_with_trigger']) retrieved from /home/airflow/.local/lib/python3.7/site-packages/airflow/example_dags/example_latest_only_with_trigger.py
[2023-02-28T15:51:04.514+0000] {logging_mixin.py:137} INFO - [2023-02-28T15:51:04.514+0000] {dag.py:2690} INFO - Sync 1 DAGs
[2023-02-28T15:51:04.531+0000] {logging_mixin.py:137} INFO - [2023-02-28T15:51:04.531+0000] {dag.py:3441} INFO - Setting next_dagrun for latest_only_with_trigger to 2023-02-28T11:51:04.531538+00:00, run_after=2023-02-28T15:51:04.531538+00:00
[2023-02-28T15:51:04.546+0000] {processor.py:175} INFO - Processing /home/airflow/.local/lib/python3.7/site-packages/airflow/example_dags/example_latest_only_with_trigger.py took 0.077 seconds
[2023-02-28T15:51:35.326+0000] {processor.py:153} INFO - Started process (PID=682) to work on /home/airflow/.local/lib/python3.7/site-packages/airflow/example_dags/example_latest_only_with_trigger.py
[2023-02-28T15:51:35.328+0000] {processor.py:743} INFO - Processing file /home/airflow/.local/lib/python3.7/site-packages/airflow/example_dags/example_latest_only_with_trigger.py for tasks to queue
[2023-02-28T15:51:35.329+0000] {logging_mixin.py:137} INFO - [2023-02-28T15:51:35.329+0000] {dagbag.py:538} INFO - Filling up the DagBag from /home/airflow/.local/lib/python3.7/site-packages/airflow/example_dags/example_latest_only_with_trigger.py
[2023-02-28T15:51:35.341+0000] {processor.py:753} INFO - DAG(s) dict_keys(['latest_only_with_trigger']) retrieved from /home/airflow/.local/lib/python3.7/site-packages/airflow/example_dags/example_latest_only_with_trigger.py
[2023-02-28T15:51:35.363+0000] {logging_mixin.py:137} INFO - [2023-02-28T15:51:35.363+0000] {dag.py:2690} INFO - Sync 1 DAGs
[2023-02-28T15:51:35.380+0000] {logging_mixin.py:137} INFO - [2023-02-28T15:51:35.380+0000] {dag.py:3441} INFO - Setting next_dagrun for latest_only_with_trigger to 2023-02-28T11:51:35.380442+00:00, run_after=2023-02-28T15:51:35.380442+00:00
[2023-02-28T15:51:35.392+0000] {processor.py:175} INFO - Processing /home/airflow/.local/lib/python3.7/site-packages/airflow/example_dags/example_latest_only_with_trigger.py took 0.069 seconds
[2023-02-28T15:52:06.317+0000] {processor.py:153} INFO - Started process (PID=757) to work on /home/airflow/.local/lib/python3.7/site-packages/airflow/example_dags/example_latest_only_with_trigger.py
[2023-02-28T15:52:06.319+0000] {processor.py:743} INFO - Processing file /home/airflow/.local/lib/python3.7/site-packages/airflow/example_dags/example_latest_only_with_trigger.py for tasks to queue
[2023-02-28T15:52:06.321+0000] {logging_mixin.py:137} INFO - [2023-02-28T15:52:06.321+0000] {dagbag.py:538} INFO - Filling up the DagBag from /home/airflow/.local/lib/python3.7/site-packages/airflow/example_dags/example_latest_only_with_trigger.py
[2023-02-28T15:52:06.334+0000] {processor.py:753} INFO - DAG(s) dict_keys(['latest_only_with_trigger']) retrieved from /home/airflow/.local/lib/python3.7/site-packages/airflow/example_dags/example_latest_only_with_trigger.py
[2023-02-28T15:52:06.363+0000] {logging_mixin.py:137} INFO - [2023-02-28T15:52:06.363+0000] {dag.py:2690} INFO - Sync 1 DAGs
[2023-02-28T15:52:06.383+0000] {logging_mixin.py:137} INFO - [2023-02-28T15:52:06.383+0000] {dag.py:3441} INFO - Setting next_dagrun for latest_only_with_trigger to 2023-02-28T11:52:06.383342+00:00, run_after=2023-02-28T15:52:06.383342+00:00
[2023-02-28T15:52:06.400+0000] {processor.py:175} INFO - Processing /home/airflow/.local/lib/python3.7/site-packages/airflow/example_dags/example_latest_only_with_trigger.py took 0.087 seconds
[2023-02-28T15:52:37.125+0000] {processor.py:153} INFO - Started process (PID=832) to work on /home/airflow/.local/lib/python3.7/site-packages/airflow/example_dags/example_latest_only_with_trigger.py
[2023-02-28T15:52:37.127+0000] {processor.py:743} INFO - Processing file /home/airflow/.local/lib/python3.7/site-packages/airflow/example_dags/example_latest_only_with_trigger.py for tasks to queue
[2023-02-28T15:52:37.129+0000] {logging_mixin.py:137} INFO - [2023-02-28T15:52:37.128+0000] {dagbag.py:538} INFO - Filling up the DagBag from /home/airflow/.local/lib/python3.7/site-packages/airflow/example_dags/example_latest_only_with_trigger.py
[2023-02-28T15:52:37.140+0000] {processor.py:753} INFO - DAG(s) dict_keys(['latest_only_with_trigger']) retrieved from /home/airflow/.local/lib/python3.7/site-packages/airflow/example_dags/example_latest_only_with_trigger.py
[2023-02-28T15:52:37.162+0000] {logging_mixin.py:137} INFO - [2023-02-28T15:52:37.162+0000] {dag.py:2690} INFO - Sync 1 DAGs
[2023-02-28T15:52:37.178+0000] {logging_mixin.py:137} INFO - [2023-02-28T15:52:37.178+0000] {dag.py:3441} INFO - Setting next_dagrun for latest_only_with_trigger to 2023-02-28T11:52:37.178153+00:00, run_after=2023-02-28T15:52:37.178153+00:00
[2023-02-28T15:52:37.191+0000] {processor.py:175} INFO - Processing /home/airflow/.local/lib/python3.7/site-packages/airflow/example_dags/example_latest_only_with_trigger.py took 0.068 seconds
[2023-02-28T15:53:07.970+0000] {processor.py:153} INFO - Started process (PID=904) to work on /home/airflow/.local/lib/python3.7/site-packages/airflow/example_dags/example_latest_only_with_trigger.py
[2023-02-28T15:53:07.972+0000] {processor.py:743} INFO - Processing file /home/airflow/.local/lib/python3.7/site-packages/airflow/example_dags/example_latest_only_with_trigger.py for tasks to queue
[2023-02-28T15:53:07.973+0000] {logging_mixin.py:137} INFO - [2023-02-28T15:53:07.973+0000] {dagbag.py:538} INFO - Filling up the DagBag from /home/airflow/.local/lib/python3.7/site-packages/airflow/example_dags/example_latest_only_with_trigger.py
[2023-02-28T15:53:07.985+0000] {processor.py:753} INFO - DAG(s) dict_keys(['latest_only_with_trigger']) retrieved from /home/airflow/.local/lib/python3.7/site-packages/airflow/example_dags/example_latest_only_with_trigger.py
[2023-02-28T15:53:08.078+0000] {logging_mixin.py:137} INFO - [2023-02-28T15:53:08.078+0000] {dag.py:2690} INFO - Sync 1 DAGs
[2023-02-28T15:53:08.112+0000] {logging_mixin.py:137} INFO - [2023-02-28T15:53:08.112+0000] {dag.py:3441} INFO - Setting next_dagrun for latest_only_with_trigger to 2023-02-28T11:53:08.111813+00:00, run_after=2023-02-28T15:53:08.111813+00:00
[2023-02-28T15:53:08.130+0000] {processor.py:175} INFO - Processing /home/airflow/.local/lib/python3.7/site-packages/airflow/example_dags/example_latest_only_with_trigger.py took 0.163 seconds
[2023-02-28T15:53:39.020+0000] {processor.py:153} INFO - Started process (PID=970) to work on /home/airflow/.local/lib/python3.7/site-packages/airflow/example_dags/example_latest_only_with_trigger.py
[2023-02-28T15:53:39.022+0000] {processor.py:743} INFO - Processing file /home/airflow/.local/lib/python3.7/site-packages/airflow/example_dags/example_latest_only_with_trigger.py for tasks to queue
[2023-02-28T15:53:39.023+0000] {logging_mixin.py:137} INFO - [2023-02-28T15:53:39.023+0000] {dagbag.py:538} INFO - Filling up the DagBag from /home/airflow/.local/lib/python3.7/site-packages/airflow/example_dags/example_latest_only_with_trigger.py
[2023-02-28T15:53:39.036+0000] {processor.py:753} INFO - DAG(s) dict_keys(['latest_only_with_trigger']) retrieved from /home/airflow/.local/lib/python3.7/site-packages/airflow/example_dags/example_latest_only_with_trigger.py
[2023-02-28T15:53:39.062+0000] {logging_mixin.py:137} INFO - [2023-02-28T15:53:39.062+0000] {dag.py:2690} INFO - Sync 1 DAGs
[2023-02-28T15:53:39.083+0000] {logging_mixin.py:137} INFO - [2023-02-28T15:53:39.083+0000] {dag.py:3441} INFO - Setting next_dagrun for latest_only_with_trigger to 2023-02-28T11:53:39.083575+00:00, run_after=2023-02-28T15:53:39.083575+00:00
[2023-02-28T15:53:39.100+0000] {processor.py:175} INFO - Processing /home/airflow/.local/lib/python3.7/site-packages/airflow/example_dags/example_latest_only_with_trigger.py took 0.084 seconds
[2023-02-28T15:54:09.834+0000] {processor.py:153} INFO - Started process (PID=1044) to work on /home/airflow/.local/lib/python3.7/site-packages/airflow/example_dags/example_latest_only_with_trigger.py
[2023-02-28T15:54:09.836+0000] {processor.py:743} INFO - Processing file /home/airflow/.local/lib/python3.7/site-packages/airflow/example_dags/example_latest_only_with_trigger.py for tasks to queue
[2023-02-28T15:54:09.838+0000] {logging_mixin.py:137} INFO - [2023-02-28T15:54:09.838+0000] {dagbag.py:538} INFO - Filling up the DagBag from /home/airflow/.local/lib/python3.7/site-packages/airflow/example_dags/example_latest_only_with_trigger.py
[2023-02-28T15:54:09.850+0000] {processor.py:753} INFO - DAG(s) dict_keys(['latest_only_with_trigger']) retrieved from /home/airflow/.local/lib/python3.7/site-packages/airflow/example_dags/example_latest_only_with_trigger.py
[2023-02-28T15:54:09.874+0000] {logging_mixin.py:137} INFO - [2023-02-28T15:54:09.874+0000] {dag.py:2690} INFO - Sync 1 DAGs
[2023-02-28T15:54:09.891+0000] {logging_mixin.py:137} INFO - [2023-02-28T15:54:09.891+0000] {dag.py:3441} INFO - Setting next_dagrun for latest_only_with_trigger to 2023-02-28T11:54:09.891131+00:00, run_after=2023-02-28T15:54:09.891131+00:00
[2023-02-28T15:54:09.905+0000] {processor.py:175} INFO - Processing /home/airflow/.local/lib/python3.7/site-packages/airflow/example_dags/example_latest_only_with_trigger.py took 0.075 seconds
[2023-02-28T15:54:40.885+0000] {processor.py:153} INFO - Started process (PID=1118) to work on /home/airflow/.local/lib/python3.7/site-packages/airflow/example_dags/example_latest_only_with_trigger.py
[2023-02-28T15:54:40.888+0000] {processor.py:743} INFO - Processing file /home/airflow/.local/lib/python3.7/site-packages/airflow/example_dags/example_latest_only_with_trigger.py for tasks to queue
[2023-02-28T15:54:40.890+0000] {logging_mixin.py:137} INFO - [2023-02-28T15:54:40.890+0000] {dagbag.py:538} INFO - Filling up the DagBag from /home/airflow/.local/lib/python3.7/site-packages/airflow/example_dags/example_latest_only_with_trigger.py
[2023-02-28T15:54:40.905+0000] {processor.py:753} INFO - DAG(s) dict_keys(['latest_only_with_trigger']) retrieved from /home/airflow/.local/lib/python3.7/site-packages/airflow/example_dags/example_latest_only_with_trigger.py
[2023-02-28T15:54:40.929+0000] {logging_mixin.py:137} INFO - [2023-02-28T15:54:40.929+0000] {dag.py:2690} INFO - Sync 1 DAGs
[2023-02-28T15:54:40.946+0000] {logging_mixin.py:137} INFO - [2023-02-28T15:54:40.946+0000] {dag.py:3441} INFO - Setting next_dagrun for latest_only_with_trigger to 2023-02-28T11:54:40.946710+00:00, run_after=2023-02-28T15:54:40.946710+00:00
[2023-02-28T15:54:40.960+0000] {processor.py:175} INFO - Processing /home/airflow/.local/lib/python3.7/site-packages/airflow/example_dags/example_latest_only_with_trigger.py took 0.079 seconds
[2023-02-28T15:55:11.623+0000] {processor.py:153} INFO - Started process (PID=1182) to work on /home/airflow/.local/lib/python3.7/site-packages/airflow/example_dags/example_latest_only_with_trigger.py
[2023-02-28T15:55:11.626+0000] {processor.py:743} INFO - Processing file /home/airflow/.local/lib/python3.7/site-packages/airflow/example_dags/example_latest_only_with_trigger.py for tasks to queue
[2023-02-28T15:55:11.628+0000] {logging_mixin.py:137} INFO - [2023-02-28T15:55:11.628+0000] {dagbag.py:538} INFO - Filling up the DagBag from /home/airflow/.local/lib/python3.7/site-packages/airflow/example_dags/example_latest_only_with_trigger.py
[2023-02-28T15:55:11.642+0000] {processor.py:753} INFO - DAG(s) dict_keys(['latest_only_with_trigger']) retrieved from /home/airflow/.local/lib/python3.7/site-packages/airflow/example_dags/example_latest_only_with_trigger.py
[2023-02-28T15:55:11.666+0000] {logging_mixin.py:137} INFO - [2023-02-28T15:55:11.666+0000] {dag.py:2690} INFO - Sync 1 DAGs
[2023-02-28T15:55:11.684+0000] {logging_mixin.py:137} INFO - [2023-02-28T15:55:11.684+0000] {dag.py:3441} INFO - Setting next_dagrun for latest_only_with_trigger to 2023-02-28T11:55:11.684115+00:00, run_after=2023-02-28T15:55:11.684115+00:00
[2023-02-28T15:55:11.699+0000] {processor.py:175} INFO - Processing /home/airflow/.local/lib/python3.7/site-packages/airflow/example_dags/example_latest_only_with_trigger.py took 0.079 seconds
[2023-02-28T15:55:42.498+0000] {processor.py:153} INFO - Started process (PID=1257) to work on /home/airflow/.local/lib/python3.7/site-packages/airflow/example_dags/example_latest_only_with_trigger.py
[2023-02-28T15:55:42.500+0000] {processor.py:743} INFO - Processing file /home/airflow/.local/lib/python3.7/site-packages/airflow/example_dags/example_latest_only_with_trigger.py for tasks to queue
[2023-02-28T15:55:42.502+0000] {logging_mixin.py:137} INFO - [2023-02-28T15:55:42.502+0000] {dagbag.py:538} INFO - Filling up the DagBag from /home/airflow/.local/lib/python3.7/site-packages/airflow/example_dags/example_latest_only_with_trigger.py
[2023-02-28T15:55:42.515+0000] {processor.py:753} INFO - DAG(s) dict_keys(['latest_only_with_trigger']) retrieved from /home/airflow/.local/lib/python3.7/site-packages/airflow/example_dags/example_latest_only_with_trigger.py
[2023-02-28T15:55:42.539+0000] {logging_mixin.py:137} INFO - [2023-02-28T15:55:42.539+0000] {dag.py:2690} INFO - Sync 1 DAGs
[2023-02-28T15:55:42.556+0000] {logging_mixin.py:137} INFO - [2023-02-28T15:55:42.556+0000] {dag.py:3441} INFO - Setting next_dagrun for latest_only_with_trigger to 2023-02-28T11:55:42.556488+00:00, run_after=2023-02-28T15:55:42.556488+00:00
[2023-02-28T15:55:42.571+0000] {processor.py:175} INFO - Processing /home/airflow/.local/lib/python3.7/site-packages/airflow/example_dags/example_latest_only_with_trigger.py took 0.076 seconds
[2023-02-28T15:56:13.451+0000] {processor.py:153} INFO - Started process (PID=1332) to work on /home/airflow/.local/lib/python3.7/site-packages/airflow/example_dags/example_latest_only_with_trigger.py
[2023-02-28T15:56:13.458+0000] {processor.py:743} INFO - Processing file /home/airflow/.local/lib/python3.7/site-packages/airflow/example_dags/example_latest_only_with_trigger.py for tasks to queue
[2023-02-28T15:56:13.460+0000] {logging_mixin.py:137} INFO - [2023-02-28T15:56:13.460+0000] {dagbag.py:538} INFO - Filling up the DagBag from /home/airflow/.local/lib/python3.7/site-packages/airflow/example_dags/example_latest_only_with_trigger.py
[2023-02-28T15:56:13.473+0000] {processor.py:753} INFO - DAG(s) dict_keys(['latest_only_with_trigger']) retrieved from /home/airflow/.local/lib/python3.7/site-packages/airflow/example_dags/example_latest_only_with_trigger.py
[2023-02-28T15:56:13.511+0000] {logging_mixin.py:137} INFO - [2023-02-28T15:56:13.511+0000] {dag.py:2690} INFO - Sync 1 DAGs
[2023-02-28T15:56:13.554+0000] {logging_mixin.py:137} INFO - [2023-02-28T15:56:13.554+0000] {dag.py:3441} INFO - Setting next_dagrun for latest_only_with_trigger to 2023-02-28T11:56:13.554053+00:00, run_after=2023-02-28T15:56:13.554053+00:00
[2023-02-28T15:56:13.571+0000] {processor.py:175} INFO - Processing /home/airflow/.local/lib/python3.7/site-packages/airflow/example_dags/example_latest_only_with_trigger.py took 0.123 seconds
[2023-02-28T15:56:44.474+0000] {processor.py:153} INFO - Started process (PID=1394) to work on /home/airflow/.local/lib/python3.7/site-packages/airflow/example_dags/example_latest_only_with_trigger.py
[2023-02-28T15:56:44.476+0000] {processor.py:743} INFO - Processing file /home/airflow/.local/lib/python3.7/site-packages/airflow/example_dags/example_latest_only_with_trigger.py for tasks to queue
[2023-02-28T15:56:44.477+0000] {logging_mixin.py:137} INFO - [2023-02-28T15:56:44.477+0000] {dagbag.py:538} INFO - Filling up the DagBag from /home/airflow/.local/lib/python3.7/site-packages/airflow/example_dags/example_latest_only_with_trigger.py
[2023-02-28T15:56:44.489+0000] {processor.py:753} INFO - DAG(s) dict_keys(['latest_only_with_trigger']) retrieved from /home/airflow/.local/lib/python3.7/site-packages/airflow/example_dags/example_latest_only_with_trigger.py
[2023-02-28T15:56:44.512+0000] {logging_mixin.py:137} INFO - [2023-02-28T15:56:44.512+0000] {dag.py:2690} INFO - Sync 1 DAGs
[2023-02-28T15:56:44.531+0000] {logging_mixin.py:137} INFO - [2023-02-28T15:56:44.531+0000] {dag.py:3441} INFO - Setting next_dagrun for latest_only_with_trigger to 2023-02-28T11:56:44.531644+00:00, run_after=2023-02-28T15:56:44.531644+00:00
[2023-02-28T15:56:44.546+0000] {processor.py:175} INFO - Processing /home/airflow/.local/lib/python3.7/site-packages/airflow/example_dags/example_latest_only_with_trigger.py took 0.075 seconds
[2023-02-28T15:57:15.279+0000] {processor.py:153} INFO - Started process (PID=1469) to work on /home/airflow/.local/lib/python3.7/site-packages/airflow/example_dags/example_latest_only_with_trigger.py
[2023-02-28T15:57:15.282+0000] {processor.py:743} INFO - Processing file /home/airflow/.local/lib/python3.7/site-packages/airflow/example_dags/example_latest_only_with_trigger.py for tasks to queue
[2023-02-28T15:57:15.283+0000] {logging_mixin.py:137} INFO - [2023-02-28T15:57:15.283+0000] {dagbag.py:538} INFO - Filling up the DagBag from /home/airflow/.local/lib/python3.7/site-packages/airflow/example_dags/example_latest_only_with_trigger.py
[2023-02-28T15:57:15.294+0000] {processor.py:753} INFO - DAG(s) dict_keys(['latest_only_with_trigger']) retrieved from /home/airflow/.local/lib/python3.7/site-packages/airflow/example_dags/example_latest_only_with_trigger.py
[2023-02-28T15:57:15.315+0000] {logging_mixin.py:137} INFO - [2023-02-28T15:57:15.315+0000] {dag.py:2690} INFO - Sync 1 DAGs
[2023-02-28T15:57:15.331+0000] {logging_mixin.py:137} INFO - [2023-02-28T15:57:15.331+0000] {dag.py:3441} INFO - Setting next_dagrun for latest_only_with_trigger to 2023-02-28T11:57:15.331406+00:00, run_after=2023-02-28T15:57:15.331406+00:00
[2023-02-28T15:57:15.345+0000] {processor.py:175} INFO - Processing /home/airflow/.local/lib/python3.7/site-packages/airflow/example_dags/example_latest_only_with_trigger.py took 0.070 seconds
[2023-02-28T15:57:46.092+0000] {processor.py:153} INFO - Started process (PID=1544) to work on /home/airflow/.local/lib/python3.7/site-packages/airflow/example_dags/example_latest_only_with_trigger.py
[2023-02-28T15:57:46.094+0000] {processor.py:743} INFO - Processing file /home/airflow/.local/lib/python3.7/site-packages/airflow/example_dags/example_latest_only_with_trigger.py for tasks to queue
[2023-02-28T15:57:46.095+0000] {logging_mixin.py:137} INFO - [2023-02-28T15:57:46.095+0000] {dagbag.py:538} INFO - Filling up the DagBag from /home/airflow/.local/lib/python3.7/site-packages/airflow/example_dags/example_latest_only_with_trigger.py
[2023-02-28T15:57:46.106+0000] {processor.py:753} INFO - DAG(s) dict_keys(['latest_only_with_trigger']) retrieved from /home/airflow/.local/lib/python3.7/site-packages/airflow/example_dags/example_latest_only_with_trigger.py
[2023-02-28T15:57:46.128+0000] {logging_mixin.py:137} INFO - [2023-02-28T15:57:46.128+0000] {dag.py:2690} INFO - Sync 1 DAGs
[2023-02-28T15:57:46.144+0000] {logging_mixin.py:137} INFO - [2023-02-28T15:57:46.144+0000] {dag.py:3441} INFO - Setting next_dagrun for latest_only_with_trigger to 2023-02-28T11:57:46.144312+00:00, run_after=2023-02-28T15:57:46.144312+00:00
[2023-02-28T15:57:46.156+0000] {processor.py:175} INFO - Processing /home/airflow/.local/lib/python3.7/site-packages/airflow/example_dags/example_latest_only_with_trigger.py took 0.067 seconds
[2023-02-28T15:58:16.798+0000] {processor.py:153} INFO - Started process (PID=1608) to work on /home/airflow/.local/lib/python3.7/site-packages/airflow/example_dags/example_latest_only_with_trigger.py
[2023-02-28T15:58:16.800+0000] {processor.py:743} INFO - Processing file /home/airflow/.local/lib/python3.7/site-packages/airflow/example_dags/example_latest_only_with_trigger.py for tasks to queue
[2023-02-28T15:58:16.802+0000] {logging_mixin.py:137} INFO - [2023-02-28T15:58:16.802+0000] {dagbag.py:538} INFO - Filling up the DagBag from /home/airflow/.local/lib/python3.7/site-packages/airflow/example_dags/example_latest_only_with_trigger.py
[2023-02-28T15:58:16.814+0000] {processor.py:753} INFO - DAG(s) dict_keys(['latest_only_with_trigger']) retrieved from /home/airflow/.local/lib/python3.7/site-packages/airflow/example_dags/example_latest_only_with_trigger.py
[2023-02-28T15:58:16.836+0000] {logging_mixin.py:137} INFO - [2023-02-28T15:58:16.836+0000] {dag.py:2690} INFO - Sync 1 DAGs
[2023-02-28T15:58:16.852+0000] {logging_mixin.py:137} INFO - [2023-02-28T15:58:16.851+0000] {dag.py:3441} INFO - Setting next_dagrun for latest_only_with_trigger to 2023-02-28T11:58:16.851786+00:00, run_after=2023-02-28T15:58:16.851786+00:00
[2023-02-28T15:58:16.865+0000] {processor.py:175} INFO - Processing /home/airflow/.local/lib/python3.7/site-packages/airflow/example_dags/example_latest_only_with_trigger.py took 0.070 seconds
[2023-02-28T15:58:47.731+0000] {processor.py:153} INFO - Started process (PID=1682) to work on /home/airflow/.local/lib/python3.7/site-packages/airflow/example_dags/example_latest_only_with_trigger.py
[2023-02-28T15:58:47.734+0000] {processor.py:743} INFO - Processing file /home/airflow/.local/lib/python3.7/site-packages/airflow/example_dags/example_latest_only_with_trigger.py for tasks to queue
[2023-02-28T15:58:47.735+0000] {logging_mixin.py:137} INFO - [2023-02-28T15:58:47.735+0000] {dagbag.py:538} INFO - Filling up the DagBag from /home/airflow/.local/lib/python3.7/site-packages/airflow/example_dags/example_latest_only_with_trigger.py
[2023-02-28T15:58:47.745+0000] {processor.py:753} INFO - DAG(s) dict_keys(['latest_only_with_trigger']) retrieved from /home/airflow/.local/lib/python3.7/site-packages/airflow/example_dags/example_latest_only_with_trigger.py
[2023-02-28T15:58:47.767+0000] {logging_mixin.py:137} INFO - [2023-02-28T15:58:47.767+0000] {dag.py:2690} INFO - Sync 1 DAGs
[2023-02-28T15:58:47.785+0000] {logging_mixin.py:137} INFO - [2023-02-28T15:58:47.785+0000] {dag.py:3441} INFO - Setting next_dagrun for latest_only_with_trigger to 2023-02-28T11:58:47.784967+00:00, run_after=2023-02-28T15:58:47.784967+00:00
[2023-02-28T15:58:47.798+0000] {processor.py:175} INFO - Processing /home/airflow/.local/lib/python3.7/site-packages/airflow/example_dags/example_latest_only_with_trigger.py took 0.070 seconds
