[2023-02-28T15:47:00.813+0000] {processor.py:153} INFO - Started process (PID=76) to work on /home/airflow/.local/lib/python3.7/site-packages/airflow/example_dags/example_task_group.py
[2023-02-28T15:47:00.816+0000] {processor.py:743} INFO - Processing file /home/airflow/.local/lib/python3.7/site-packages/airflow/example_dags/example_task_group.py for tasks to queue
[2023-02-28T15:47:00.818+0000] {logging_mixin.py:137} INFO - [2023-02-28T15:47:00.817+0000] {dagbag.py:538} INFO - Filling up the DagBag from /home/airflow/.local/lib/python3.7/site-packages/airflow/example_dags/example_task_group.py
[2023-02-28T15:47:00.849+0000] {processor.py:753} INFO - DAG(s) dict_keys(['example_task_group']) retrieved from /home/airflow/.local/lib/python3.7/site-packages/airflow/example_dags/example_task_group.py
[2023-02-28T15:47:00.874+0000] {logging_mixin.py:137} INFO - [2023-02-28T15:47:00.874+0000] {dag.py:2690} INFO - Sync 1 DAGs
[2023-02-28T15:47:00.913+0000] {logging_mixin.py:137} INFO - [2023-02-28T15:47:00.913+0000] {dag.py:3441} INFO - Setting next_dagrun for example_task_group to 2023-02-27T15:47:00.912895+00:00, run_after=2023-02-28T15:47:00.912895+00:00
[2023-02-28T15:47:00.936+0000] {processor.py:175} INFO - Processing /home/airflow/.local/lib/python3.7/site-packages/airflow/example_dags/example_task_group.py took 0.126 seconds
[2023-02-28T15:47:31.532+0000] {processor.py:153} INFO - Started process (PID=141) to work on /home/airflow/.local/lib/python3.7/site-packages/airflow/example_dags/example_task_group.py
[2023-02-28T15:47:31.534+0000] {processor.py:743} INFO - Processing file /home/airflow/.local/lib/python3.7/site-packages/airflow/example_dags/example_task_group.py for tasks to queue
[2023-02-28T15:47:31.535+0000] {logging_mixin.py:137} INFO - [2023-02-28T15:47:31.535+0000] {dagbag.py:538} INFO - Filling up the DagBag from /home/airflow/.local/lib/python3.7/site-packages/airflow/example_dags/example_task_group.py
[2023-02-28T15:47:31.549+0000] {processor.py:753} INFO - DAG(s) dict_keys(['example_task_group']) retrieved from /home/airflow/.local/lib/python3.7/site-packages/airflow/example_dags/example_task_group.py
[2023-02-28T15:47:31.573+0000] {logging_mixin.py:137} INFO - [2023-02-28T15:47:31.573+0000] {dag.py:2690} INFO - Sync 1 DAGs
[2023-02-28T15:47:31.592+0000] {logging_mixin.py:137} INFO - [2023-02-28T15:47:31.592+0000] {dag.py:3441} INFO - Setting next_dagrun for example_task_group to 2023-02-27T15:47:31.592060+00:00, run_after=2023-02-28T15:47:31.592060+00:00
[2023-02-28T15:47:31.608+0000] {processor.py:175} INFO - Processing /home/airflow/.local/lib/python3.7/site-packages/airflow/example_dags/example_task_group.py took 0.078 seconds
[2023-02-28T15:48:01.831+0000] {processor.py:153} INFO - Started process (PID=216) to work on /home/airflow/.local/lib/python3.7/site-packages/airflow/example_dags/example_task_group.py
[2023-02-28T15:48:01.833+0000] {processor.py:743} INFO - Processing file /home/airflow/.local/lib/python3.7/site-packages/airflow/example_dags/example_task_group.py for tasks to queue
[2023-02-28T15:48:01.834+0000] {logging_mixin.py:137} INFO - [2023-02-28T15:48:01.834+0000] {dagbag.py:538} INFO - Filling up the DagBag from /home/airflow/.local/lib/python3.7/site-packages/airflow/example_dags/example_task_group.py
[2023-02-28T15:48:01.847+0000] {processor.py:753} INFO - DAG(s) dict_keys(['example_task_group']) retrieved from /home/airflow/.local/lib/python3.7/site-packages/airflow/example_dags/example_task_group.py
[2023-02-28T15:48:01.869+0000] {logging_mixin.py:137} INFO - [2023-02-28T15:48:01.869+0000] {dag.py:2690} INFO - Sync 1 DAGs
[2023-02-28T15:48:01.887+0000] {logging_mixin.py:137} INFO - [2023-02-28T15:48:01.887+0000] {dag.py:3441} INFO - Setting next_dagrun for example_task_group to 2023-02-27T15:48:01.887683+00:00, run_after=2023-02-28T15:48:01.887683+00:00
[2023-02-28T15:48:01.901+0000] {processor.py:175} INFO - Processing /home/airflow/.local/lib/python3.7/site-packages/airflow/example_dags/example_task_group.py took 0.074 seconds
[2023-02-28T15:48:32.540+0000] {processor.py:153} INFO - Started process (PID=279) to work on /home/airflow/.local/lib/python3.7/site-packages/airflow/example_dags/example_task_group.py
[2023-02-28T15:48:32.542+0000] {processor.py:743} INFO - Processing file /home/airflow/.local/lib/python3.7/site-packages/airflow/example_dags/example_task_group.py for tasks to queue
[2023-02-28T15:48:32.544+0000] {logging_mixin.py:137} INFO - [2023-02-28T15:48:32.544+0000] {dagbag.py:538} INFO - Filling up the DagBag from /home/airflow/.local/lib/python3.7/site-packages/airflow/example_dags/example_task_group.py
[2023-02-28T15:48:32.557+0000] {processor.py:753} INFO - DAG(s) dict_keys(['example_task_group']) retrieved from /home/airflow/.local/lib/python3.7/site-packages/airflow/example_dags/example_task_group.py
[2023-02-28T15:48:32.581+0000] {logging_mixin.py:137} INFO - [2023-02-28T15:48:32.581+0000] {dag.py:2690} INFO - Sync 1 DAGs
[2023-02-28T15:48:32.598+0000] {logging_mixin.py:137} INFO - [2023-02-28T15:48:32.598+0000] {dag.py:3441} INFO - Setting next_dagrun for example_task_group to 2023-02-27T15:48:32.598606+00:00, run_after=2023-02-28T15:48:32.598606+00:00
[2023-02-28T15:48:32.614+0000] {processor.py:175} INFO - Processing /home/airflow/.local/lib/python3.7/site-packages/airflow/example_dags/example_task_group.py took 0.077 seconds
[2023-02-28T15:49:03.485+0000] {processor.py:153} INFO - Started process (PID=354) to work on /home/airflow/.local/lib/python3.7/site-packages/airflow/example_dags/example_task_group.py
[2023-02-28T15:49:03.487+0000] {processor.py:743} INFO - Processing file /home/airflow/.local/lib/python3.7/site-packages/airflow/example_dags/example_task_group.py for tasks to queue
[2023-02-28T15:49:03.488+0000] {logging_mixin.py:137} INFO - [2023-02-28T15:49:03.488+0000] {dagbag.py:538} INFO - Filling up the DagBag from /home/airflow/.local/lib/python3.7/site-packages/airflow/example_dags/example_task_group.py
[2023-02-28T15:49:03.502+0000] {processor.py:753} INFO - DAG(s) dict_keys(['example_task_group']) retrieved from /home/airflow/.local/lib/python3.7/site-packages/airflow/example_dags/example_task_group.py
[2023-02-28T15:49:03.524+0000] {logging_mixin.py:137} INFO - [2023-02-28T15:49:03.524+0000] {dag.py:2690} INFO - Sync 1 DAGs
[2023-02-28T15:49:03.542+0000] {logging_mixin.py:137} INFO - [2023-02-28T15:49:03.542+0000] {dag.py:3441} INFO - Setting next_dagrun for example_task_group to 2023-02-27T15:49:03.541929+00:00, run_after=2023-02-28T15:49:03.541929+00:00
[2023-02-28T15:49:03.556+0000] {processor.py:175} INFO - Processing /home/airflow/.local/lib/python3.7/site-packages/airflow/example_dags/example_task_group.py took 0.074 seconds
[2023-02-28T15:49:34.370+0000] {processor.py:153} INFO - Started process (PID=429) to work on /home/airflow/.local/lib/python3.7/site-packages/airflow/example_dags/example_task_group.py
[2023-02-28T15:49:34.371+0000] {processor.py:743} INFO - Processing file /home/airflow/.local/lib/python3.7/site-packages/airflow/example_dags/example_task_group.py for tasks to queue
[2023-02-28T15:49:34.372+0000] {logging_mixin.py:137} INFO - [2023-02-28T15:49:34.372+0000] {dagbag.py:538} INFO - Filling up the DagBag from /home/airflow/.local/lib/python3.7/site-packages/airflow/example_dags/example_task_group.py
[2023-02-28T15:49:34.387+0000] {processor.py:753} INFO - DAG(s) dict_keys(['example_task_group']) retrieved from /home/airflow/.local/lib/python3.7/site-packages/airflow/example_dags/example_task_group.py
[2023-02-28T15:49:34.409+0000] {logging_mixin.py:137} INFO - [2023-02-28T15:49:34.409+0000] {dag.py:2690} INFO - Sync 1 DAGs
[2023-02-28T15:49:34.427+0000] {logging_mixin.py:137} INFO - [2023-02-28T15:49:34.427+0000] {dag.py:3441} INFO - Setting next_dagrun for example_task_group to 2023-02-27T15:49:34.427205+00:00, run_after=2023-02-28T15:49:34.427205+00:00
[2023-02-28T15:49:34.440+0000] {processor.py:175} INFO - Processing /home/airflow/.local/lib/python3.7/site-packages/airflow/example_dags/example_task_group.py took 0.073 seconds
[2023-02-28T15:50:05.311+0000] {processor.py:153} INFO - Started process (PID=505) to work on /home/airflow/.local/lib/python3.7/site-packages/airflow/example_dags/example_task_group.py
[2023-02-28T15:50:05.314+0000] {processor.py:743} INFO - Processing file /home/airflow/.local/lib/python3.7/site-packages/airflow/example_dags/example_task_group.py for tasks to queue
[2023-02-28T15:50:05.316+0000] {logging_mixin.py:137} INFO - [2023-02-28T15:50:05.316+0000] {dagbag.py:538} INFO - Filling up the DagBag from /home/airflow/.local/lib/python3.7/site-packages/airflow/example_dags/example_task_group.py
[2023-02-28T15:50:05.329+0000] {processor.py:753} INFO - DAG(s) dict_keys(['example_task_group']) retrieved from /home/airflow/.local/lib/python3.7/site-packages/airflow/example_dags/example_task_group.py
[2023-02-28T15:50:05.365+0000] {logging_mixin.py:137} INFO - [2023-02-28T15:50:05.364+0000] {dag.py:2690} INFO - Sync 1 DAGs
[2023-02-28T15:50:05.397+0000] {logging_mixin.py:137} INFO - [2023-02-28T15:50:05.397+0000] {dag.py:3441} INFO - Setting next_dagrun for example_task_group to 2023-02-27T15:50:05.397135+00:00, run_after=2023-02-28T15:50:05.397135+00:00
[2023-02-28T15:50:05.414+0000] {processor.py:175} INFO - Processing /home/airflow/.local/lib/python3.7/site-packages/airflow/example_dags/example_task_group.py took 0.106 seconds
[2023-02-28T15:50:36.179+0000] {processor.py:153} INFO - Started process (PID=568) to work on /home/airflow/.local/lib/python3.7/site-packages/airflow/example_dags/example_task_group.py
[2023-02-28T15:50:36.180+0000] {processor.py:743} INFO - Processing file /home/airflow/.local/lib/python3.7/site-packages/airflow/example_dags/example_task_group.py for tasks to queue
[2023-02-28T15:50:36.182+0000] {logging_mixin.py:137} INFO - [2023-02-28T15:50:36.181+0000] {dagbag.py:538} INFO - Filling up the DagBag from /home/airflow/.local/lib/python3.7/site-packages/airflow/example_dags/example_task_group.py
[2023-02-28T15:50:36.195+0000] {processor.py:753} INFO - DAG(s) dict_keys(['example_task_group']) retrieved from /home/airflow/.local/lib/python3.7/site-packages/airflow/example_dags/example_task_group.py
[2023-02-28T15:50:36.218+0000] {logging_mixin.py:137} INFO - [2023-02-28T15:50:36.218+0000] {dag.py:2690} INFO - Sync 1 DAGs
[2023-02-28T15:50:36.235+0000] {logging_mixin.py:137} INFO - [2023-02-28T15:50:36.235+0000] {dag.py:3441} INFO - Setting next_dagrun for example_task_group to 2023-02-27T15:50:36.235317+00:00, run_after=2023-02-28T15:50:36.235317+00:00
[2023-02-28T15:50:36.249+0000] {processor.py:175} INFO - Processing /home/airflow/.local/lib/python3.7/site-packages/airflow/example_dags/example_task_group.py took 0.073 seconds
[2023-02-28T15:51:07.163+0000] {processor.py:153} INFO - Started process (PID=643) to work on /home/airflow/.local/lib/python3.7/site-packages/airflow/example_dags/example_task_group.py
[2023-02-28T15:51:07.165+0000] {processor.py:743} INFO - Processing file /home/airflow/.local/lib/python3.7/site-packages/airflow/example_dags/example_task_group.py for tasks to queue
[2023-02-28T15:51:07.166+0000] {logging_mixin.py:137} INFO - [2023-02-28T15:51:07.166+0000] {dagbag.py:538} INFO - Filling up the DagBag from /home/airflow/.local/lib/python3.7/site-packages/airflow/example_dags/example_task_group.py
[2023-02-28T15:51:07.178+0000] {processor.py:753} INFO - DAG(s) dict_keys(['example_task_group']) retrieved from /home/airflow/.local/lib/python3.7/site-packages/airflow/example_dags/example_task_group.py
[2023-02-28T15:51:07.205+0000] {logging_mixin.py:137} INFO - [2023-02-28T15:51:07.205+0000] {dag.py:2690} INFO - Sync 1 DAGs
[2023-02-28T15:51:07.221+0000] {logging_mixin.py:137} INFO - [2023-02-28T15:51:07.221+0000] {dag.py:3441} INFO - Setting next_dagrun for example_task_group to 2023-02-27T15:51:07.220961+00:00, run_after=2023-02-28T15:51:07.220961+00:00
[2023-02-28T15:51:07.234+0000] {processor.py:175} INFO - Processing /home/airflow/.local/lib/python3.7/site-packages/airflow/example_dags/example_task_group.py took 0.073 seconds
[2023-02-28T15:51:38.014+0000] {processor.py:153} INFO - Started process (PID=718) to work on /home/airflow/.local/lib/python3.7/site-packages/airflow/example_dags/example_task_group.py
[2023-02-28T15:51:38.016+0000] {processor.py:743} INFO - Processing file /home/airflow/.local/lib/python3.7/site-packages/airflow/example_dags/example_task_group.py for tasks to queue
[2023-02-28T15:51:38.018+0000] {logging_mixin.py:137} INFO - [2023-02-28T15:51:38.018+0000] {dagbag.py:538} INFO - Filling up the DagBag from /home/airflow/.local/lib/python3.7/site-packages/airflow/example_dags/example_task_group.py
[2023-02-28T15:51:38.030+0000] {processor.py:753} INFO - DAG(s) dict_keys(['example_task_group']) retrieved from /home/airflow/.local/lib/python3.7/site-packages/airflow/example_dags/example_task_group.py
[2023-02-28T15:51:38.052+0000] {logging_mixin.py:137} INFO - [2023-02-28T15:51:38.052+0000] {dag.py:2690} INFO - Sync 1 DAGs
[2023-02-28T15:51:38.069+0000] {logging_mixin.py:137} INFO - [2023-02-28T15:51:38.068+0000] {dag.py:3441} INFO - Setting next_dagrun for example_task_group to 2023-02-27T15:51:38.068759+00:00, run_after=2023-02-28T15:51:38.068759+00:00
[2023-02-28T15:51:38.081+0000] {processor.py:175} INFO - Processing /home/airflow/.local/lib/python3.7/site-packages/airflow/example_dags/example_task_group.py took 0.070 seconds
[2023-02-28T15:52:09.018+0000] {processor.py:153} INFO - Started process (PID=781) to work on /home/airflow/.local/lib/python3.7/site-packages/airflow/example_dags/example_task_group.py
[2023-02-28T15:52:09.020+0000] {processor.py:743} INFO - Processing file /home/airflow/.local/lib/python3.7/site-packages/airflow/example_dags/example_task_group.py for tasks to queue
[2023-02-28T15:52:09.021+0000] {logging_mixin.py:137} INFO - [2023-02-28T15:52:09.021+0000] {dagbag.py:538} INFO - Filling up the DagBag from /home/airflow/.local/lib/python3.7/site-packages/airflow/example_dags/example_task_group.py
[2023-02-28T15:52:09.033+0000] {processor.py:753} INFO - DAG(s) dict_keys(['example_task_group']) retrieved from /home/airflow/.local/lib/python3.7/site-packages/airflow/example_dags/example_task_group.py
[2023-02-28T15:52:09.056+0000] {logging_mixin.py:137} INFO - [2023-02-28T15:52:09.056+0000] {dag.py:2690} INFO - Sync 1 DAGs
[2023-02-28T15:52:09.071+0000] {logging_mixin.py:137} INFO - [2023-02-28T15:52:09.071+0000] {dag.py:3441} INFO - Setting next_dagrun for example_task_group to 2023-02-27T15:52:09.071523+00:00, run_after=2023-02-28T15:52:09.071523+00:00
[2023-02-28T15:52:09.083+0000] {processor.py:175} INFO - Processing /home/airflow/.local/lib/python3.7/site-packages/airflow/example_dags/example_task_group.py took 0.068 seconds
[2023-02-28T15:52:39.704+0000] {processor.py:153} INFO - Started process (PID=856) to work on /home/airflow/.local/lib/python3.7/site-packages/airflow/example_dags/example_task_group.py
[2023-02-28T15:52:39.706+0000] {processor.py:743} INFO - Processing file /home/airflow/.local/lib/python3.7/site-packages/airflow/example_dags/example_task_group.py for tasks to queue
[2023-02-28T15:52:39.707+0000] {logging_mixin.py:137} INFO - [2023-02-28T15:52:39.707+0000] {dagbag.py:538} INFO - Filling up the DagBag from /home/airflow/.local/lib/python3.7/site-packages/airflow/example_dags/example_task_group.py
[2023-02-28T15:52:39.726+0000] {processor.py:753} INFO - DAG(s) dict_keys(['example_task_group']) retrieved from /home/airflow/.local/lib/python3.7/site-packages/airflow/example_dags/example_task_group.py
[2023-02-28T15:52:39.757+0000] {logging_mixin.py:137} INFO - [2023-02-28T15:52:39.757+0000] {dag.py:2690} INFO - Sync 1 DAGs
[2023-02-28T15:52:39.785+0000] {logging_mixin.py:137} INFO - [2023-02-28T15:52:39.785+0000] {dag.py:3441} INFO - Setting next_dagrun for example_task_group to 2023-02-27T15:52:39.785488+00:00, run_after=2023-02-28T15:52:39.785488+00:00
[2023-02-28T15:52:39.806+0000] {processor.py:175} INFO - Processing /home/airflow/.local/lib/python3.7/site-packages/airflow/example_dags/example_task_group.py took 0.107 seconds
[2023-02-28T15:53:09.938+0000] {processor.py:153} INFO - Started process (PID=931) to work on /home/airflow/.local/lib/python3.7/site-packages/airflow/example_dags/example_task_group.py
[2023-02-28T15:53:09.941+0000] {processor.py:743} INFO - Processing file /home/airflow/.local/lib/python3.7/site-packages/airflow/example_dags/example_task_group.py for tasks to queue
[2023-02-28T15:53:09.943+0000] {logging_mixin.py:137} INFO - [2023-02-28T15:53:09.943+0000] {dagbag.py:538} INFO - Filling up the DagBag from /home/airflow/.local/lib/python3.7/site-packages/airflow/example_dags/example_task_group.py
[2023-02-28T15:53:09.957+0000] {processor.py:753} INFO - DAG(s) dict_keys(['example_task_group']) retrieved from /home/airflow/.local/lib/python3.7/site-packages/airflow/example_dags/example_task_group.py
[2023-02-28T15:53:09.983+0000] {logging_mixin.py:137} INFO - [2023-02-28T15:53:09.983+0000] {dag.py:2690} INFO - Sync 1 DAGs
[2023-02-28T15:53:10.005+0000] {logging_mixin.py:137} INFO - [2023-02-28T15:53:10.005+0000] {dag.py:3441} INFO - Setting next_dagrun for example_task_group to 2023-02-27T15:53:10.004924+00:00, run_after=2023-02-28T15:53:10.004924+00:00
[2023-02-28T15:53:10.022+0000] {processor.py:175} INFO - Processing /home/airflow/.local/lib/python3.7/site-packages/airflow/example_dags/example_task_group.py took 0.088 seconds
[2023-02-28T15:53:40.561+0000] {processor.py:153} INFO - Started process (PID=994) to work on /home/airflow/.local/lib/python3.7/site-packages/airflow/example_dags/example_task_group.py
[2023-02-28T15:53:40.563+0000] {processor.py:743} INFO - Processing file /home/airflow/.local/lib/python3.7/site-packages/airflow/example_dags/example_task_group.py for tasks to queue
[2023-02-28T15:53:40.565+0000] {logging_mixin.py:137} INFO - [2023-02-28T15:53:40.565+0000] {dagbag.py:538} INFO - Filling up the DagBag from /home/airflow/.local/lib/python3.7/site-packages/airflow/example_dags/example_task_group.py
[2023-02-28T15:53:40.579+0000] {processor.py:753} INFO - DAG(s) dict_keys(['example_task_group']) retrieved from /home/airflow/.local/lib/python3.7/site-packages/airflow/example_dags/example_task_group.py
[2023-02-28T15:53:40.604+0000] {logging_mixin.py:137} INFO - [2023-02-28T15:53:40.604+0000] {dag.py:2690} INFO - Sync 1 DAGs
[2023-02-28T15:53:40.624+0000] {logging_mixin.py:137} INFO - [2023-02-28T15:53:40.624+0000] {dag.py:3441} INFO - Setting next_dagrun for example_task_group to 2023-02-27T15:53:40.624325+00:00, run_after=2023-02-28T15:53:40.624325+00:00
[2023-02-28T15:53:40.642+0000] {processor.py:175} INFO - Processing /home/airflow/.local/lib/python3.7/site-packages/airflow/example_dags/example_task_group.py took 0.084 seconds
[2023-02-28T15:54:11.580+0000] {processor.py:153} INFO - Started process (PID=1068) to work on /home/airflow/.local/lib/python3.7/site-packages/airflow/example_dags/example_task_group.py
[2023-02-28T15:54:11.582+0000] {processor.py:743} INFO - Processing file /home/airflow/.local/lib/python3.7/site-packages/airflow/example_dags/example_task_group.py for tasks to queue
[2023-02-28T15:54:11.585+0000] {logging_mixin.py:137} INFO - [2023-02-28T15:54:11.584+0000] {dagbag.py:538} INFO - Filling up the DagBag from /home/airflow/.local/lib/python3.7/site-packages/airflow/example_dags/example_task_group.py
[2023-02-28T15:54:11.597+0000] {processor.py:753} INFO - DAG(s) dict_keys(['example_task_group']) retrieved from /home/airflow/.local/lib/python3.7/site-packages/airflow/example_dags/example_task_group.py
[2023-02-28T15:54:11.621+0000] {logging_mixin.py:137} INFO - [2023-02-28T15:54:11.621+0000] {dag.py:2690} INFO - Sync 1 DAGs
[2023-02-28T15:54:11.638+0000] {logging_mixin.py:137} INFO - [2023-02-28T15:54:11.638+0000] {dag.py:3441} INFO - Setting next_dagrun for example_task_group to 2023-02-27T15:54:11.638349+00:00, run_after=2023-02-28T15:54:11.638349+00:00
[2023-02-28T15:54:11.651+0000] {processor.py:175} INFO - Processing /home/airflow/.local/lib/python3.7/site-packages/airflow/example_dags/example_task_group.py took 0.073 seconds
[2023-02-28T15:54:42.455+0000] {processor.py:153} INFO - Started process (PID=1142) to work on /home/airflow/.local/lib/python3.7/site-packages/airflow/example_dags/example_task_group.py
[2023-02-28T15:54:42.457+0000] {processor.py:743} INFO - Processing file /home/airflow/.local/lib/python3.7/site-packages/airflow/example_dags/example_task_group.py for tasks to queue
[2023-02-28T15:54:42.459+0000] {logging_mixin.py:137} INFO - [2023-02-28T15:54:42.459+0000] {dagbag.py:538} INFO - Filling up the DagBag from /home/airflow/.local/lib/python3.7/site-packages/airflow/example_dags/example_task_group.py
[2023-02-28T15:54:42.473+0000] {processor.py:753} INFO - DAG(s) dict_keys(['example_task_group']) retrieved from /home/airflow/.local/lib/python3.7/site-packages/airflow/example_dags/example_task_group.py
[2023-02-28T15:54:42.497+0000] {logging_mixin.py:137} INFO - [2023-02-28T15:54:42.497+0000] {dag.py:2690} INFO - Sync 1 DAGs
[2023-02-28T15:54:42.514+0000] {logging_mixin.py:137} INFO - [2023-02-28T15:54:42.514+0000] {dag.py:3441} INFO - Setting next_dagrun for example_task_group to 2023-02-27T15:54:42.514690+00:00, run_after=2023-02-28T15:54:42.514690+00:00
[2023-02-28T15:54:42.528+0000] {processor.py:175} INFO - Processing /home/airflow/.local/lib/python3.7/site-packages/airflow/example_dags/example_task_group.py took 0.076 seconds
[2023-02-28T15:55:13.196+0000] {processor.py:153} INFO - Started process (PID=1206) to work on /home/airflow/.local/lib/python3.7/site-packages/airflow/example_dags/example_task_group.py
[2023-02-28T15:55:13.198+0000] {processor.py:743} INFO - Processing file /home/airflow/.local/lib/python3.7/site-packages/airflow/example_dags/example_task_group.py for tasks to queue
[2023-02-28T15:55:13.200+0000] {logging_mixin.py:137} INFO - [2023-02-28T15:55:13.199+0000] {dagbag.py:538} INFO - Filling up the DagBag from /home/airflow/.local/lib/python3.7/site-packages/airflow/example_dags/example_task_group.py
[2023-02-28T15:55:13.213+0000] {processor.py:753} INFO - DAG(s) dict_keys(['example_task_group']) retrieved from /home/airflow/.local/lib/python3.7/site-packages/airflow/example_dags/example_task_group.py
[2023-02-28T15:55:13.244+0000] {logging_mixin.py:137} INFO - [2023-02-28T15:55:13.244+0000] {dag.py:2690} INFO - Sync 1 DAGs
[2023-02-28T15:55:13.271+0000] {logging_mixin.py:137} INFO - [2023-02-28T15:55:13.271+0000] {dag.py:3441} INFO - Setting next_dagrun for example_task_group to 2023-02-27T15:55:13.270692+00:00, run_after=2023-02-28T15:55:13.270692+00:00
[2023-02-28T15:55:13.287+0000] {processor.py:175} INFO - Processing /home/airflow/.local/lib/python3.7/site-packages/airflow/example_dags/example_task_group.py took 0.094 seconds
[2023-02-28T15:55:44.085+0000] {processor.py:153} INFO - Started process (PID=1281) to work on /home/airflow/.local/lib/python3.7/site-packages/airflow/example_dags/example_task_group.py
[2023-02-28T15:55:44.087+0000] {processor.py:743} INFO - Processing file /home/airflow/.local/lib/python3.7/site-packages/airflow/example_dags/example_task_group.py for tasks to queue
[2023-02-28T15:55:44.088+0000] {logging_mixin.py:137} INFO - [2023-02-28T15:55:44.088+0000] {dagbag.py:538} INFO - Filling up the DagBag from /home/airflow/.local/lib/python3.7/site-packages/airflow/example_dags/example_task_group.py
[2023-02-28T15:55:44.100+0000] {processor.py:753} INFO - DAG(s) dict_keys(['example_task_group']) retrieved from /home/airflow/.local/lib/python3.7/site-packages/airflow/example_dags/example_task_group.py
[2023-02-28T15:55:44.123+0000] {logging_mixin.py:137} INFO - [2023-02-28T15:55:44.123+0000] {dag.py:2690} INFO - Sync 1 DAGs
[2023-02-28T15:55:44.140+0000] {logging_mixin.py:137} INFO - [2023-02-28T15:55:44.140+0000] {dag.py:3441} INFO - Setting next_dagrun for example_task_group to 2023-02-27T15:55:44.140590+00:00, run_after=2023-02-28T15:55:44.140590+00:00
[2023-02-28T15:55:44.153+0000] {processor.py:175} INFO - Processing /home/airflow/.local/lib/python3.7/site-packages/airflow/example_dags/example_task_group.py took 0.072 seconds
[2023-02-28T15:56:15.332+0000] {processor.py:153} INFO - Started process (PID=1356) to work on /home/airflow/.local/lib/python3.7/site-packages/airflow/example_dags/example_task_group.py
[2023-02-28T15:56:15.335+0000] {processor.py:743} INFO - Processing file /home/airflow/.local/lib/python3.7/site-packages/airflow/example_dags/example_task_group.py for tasks to queue
[2023-02-28T15:56:15.337+0000] {logging_mixin.py:137} INFO - [2023-02-28T15:56:15.337+0000] {dagbag.py:538} INFO - Filling up the DagBag from /home/airflow/.local/lib/python3.7/site-packages/airflow/example_dags/example_task_group.py
[2023-02-28T15:56:15.351+0000] {processor.py:753} INFO - DAG(s) dict_keys(['example_task_group']) retrieved from /home/airflow/.local/lib/python3.7/site-packages/airflow/example_dags/example_task_group.py
[2023-02-28T15:56:15.376+0000] {logging_mixin.py:137} INFO - [2023-02-28T15:56:15.376+0000] {dag.py:2690} INFO - Sync 1 DAGs
[2023-02-28T15:56:15.397+0000] {logging_mixin.py:137} INFO - [2023-02-28T15:56:15.397+0000] {dag.py:3441} INFO - Setting next_dagrun for example_task_group to 2023-02-27T15:56:15.397179+00:00, run_after=2023-02-28T15:56:15.397179+00:00
[2023-02-28T15:56:15.411+0000] {processor.py:175} INFO - Processing /home/airflow/.local/lib/python3.7/site-packages/airflow/example_dags/example_task_group.py took 0.082 seconds
[2023-02-28T15:56:45.998+0000] {processor.py:153} INFO - Started process (PID=1418) to work on /home/airflow/.local/lib/python3.7/site-packages/airflow/example_dags/example_task_group.py
[2023-02-28T15:56:46.000+0000] {processor.py:743} INFO - Processing file /home/airflow/.local/lib/python3.7/site-packages/airflow/example_dags/example_task_group.py for tasks to queue
[2023-02-28T15:56:46.001+0000] {logging_mixin.py:137} INFO - [2023-02-28T15:56:46.001+0000] {dagbag.py:538} INFO - Filling up the DagBag from /home/airflow/.local/lib/python3.7/site-packages/airflow/example_dags/example_task_group.py
[2023-02-28T15:56:46.016+0000] {processor.py:753} INFO - DAG(s) dict_keys(['example_task_group']) retrieved from /home/airflow/.local/lib/python3.7/site-packages/airflow/example_dags/example_task_group.py
[2023-02-28T15:56:46.041+0000] {logging_mixin.py:137} INFO - [2023-02-28T15:56:46.041+0000] {dag.py:2690} INFO - Sync 1 DAGs
[2023-02-28T15:56:46.059+0000] {logging_mixin.py:137} INFO - [2023-02-28T15:56:46.059+0000] {dag.py:3441} INFO - Setting next_dagrun for example_task_group to 2023-02-27T15:56:46.059502+00:00, run_after=2023-02-28T15:56:46.059502+00:00
[2023-02-28T15:56:46.077+0000] {processor.py:175} INFO - Processing /home/airflow/.local/lib/python3.7/site-packages/airflow/example_dags/example_task_group.py took 0.082 seconds
[2023-02-28T15:57:16.866+0000] {processor.py:153} INFO - Started process (PID=1493) to work on /home/airflow/.local/lib/python3.7/site-packages/airflow/example_dags/example_task_group.py
[2023-02-28T15:57:16.868+0000] {processor.py:743} INFO - Processing file /home/airflow/.local/lib/python3.7/site-packages/airflow/example_dags/example_task_group.py for tasks to queue
[2023-02-28T15:57:16.869+0000] {logging_mixin.py:137} INFO - [2023-02-28T15:57:16.869+0000] {dagbag.py:538} INFO - Filling up the DagBag from /home/airflow/.local/lib/python3.7/site-packages/airflow/example_dags/example_task_group.py
[2023-02-28T15:57:16.882+0000] {processor.py:753} INFO - DAG(s) dict_keys(['example_task_group']) retrieved from /home/airflow/.local/lib/python3.7/site-packages/airflow/example_dags/example_task_group.py
[2023-02-28T15:57:16.906+0000] {logging_mixin.py:137} INFO - [2023-02-28T15:57:16.906+0000] {dag.py:2690} INFO - Sync 1 DAGs
[2023-02-28T15:57:16.925+0000] {logging_mixin.py:137} INFO - [2023-02-28T15:57:16.925+0000] {dag.py:3441} INFO - Setting next_dagrun for example_task_group to 2023-02-27T15:57:16.925471+00:00, run_after=2023-02-28T15:57:16.925471+00:00
[2023-02-28T15:57:16.940+0000] {processor.py:175} INFO - Processing /home/airflow/.local/lib/python3.7/site-packages/airflow/example_dags/example_task_group.py took 0.078 seconds
[2023-02-28T15:57:47.707+0000] {processor.py:153} INFO - Started process (PID=1568) to work on /home/airflow/.local/lib/python3.7/site-packages/airflow/example_dags/example_task_group.py
[2023-02-28T15:57:47.709+0000] {processor.py:743} INFO - Processing file /home/airflow/.local/lib/python3.7/site-packages/airflow/example_dags/example_task_group.py for tasks to queue
[2023-02-28T15:57:47.711+0000] {logging_mixin.py:137} INFO - [2023-02-28T15:57:47.711+0000] {dagbag.py:538} INFO - Filling up the DagBag from /home/airflow/.local/lib/python3.7/site-packages/airflow/example_dags/example_task_group.py
[2023-02-28T15:57:47.724+0000] {processor.py:753} INFO - DAG(s) dict_keys(['example_task_group']) retrieved from /home/airflow/.local/lib/python3.7/site-packages/airflow/example_dags/example_task_group.py
[2023-02-28T15:57:47.748+0000] {logging_mixin.py:137} INFO - [2023-02-28T15:57:47.748+0000] {dag.py:2690} INFO - Sync 1 DAGs
[2023-02-28T15:57:47.766+0000] {logging_mixin.py:137} INFO - [2023-02-28T15:57:47.766+0000] {dag.py:3441} INFO - Setting next_dagrun for example_task_group to 2023-02-27T15:57:47.766100+00:00, run_after=2023-02-28T15:57:47.766100+00:00
[2023-02-28T15:57:47.779+0000] {processor.py:175} INFO - Processing /home/airflow/.local/lib/python3.7/site-packages/airflow/example_dags/example_task_group.py took 0.075 seconds
[2023-02-28T15:58:18.454+0000] {processor.py:153} INFO - Started process (PID=1639) to work on /home/airflow/.local/lib/python3.7/site-packages/airflow/example_dags/example_task_group.py
[2023-02-28T15:58:18.456+0000] {processor.py:743} INFO - Processing file /home/airflow/.local/lib/python3.7/site-packages/airflow/example_dags/example_task_group.py for tasks to queue
[2023-02-28T15:58:18.457+0000] {logging_mixin.py:137} INFO - [2023-02-28T15:58:18.457+0000] {dagbag.py:538} INFO - Filling up the DagBag from /home/airflow/.local/lib/python3.7/site-packages/airflow/example_dags/example_task_group.py
[2023-02-28T15:58:18.472+0000] {processor.py:753} INFO - DAG(s) dict_keys(['example_task_group']) retrieved from /home/airflow/.local/lib/python3.7/site-packages/airflow/example_dags/example_task_group.py
[2023-02-28T15:58:18.496+0000] {logging_mixin.py:137} INFO - [2023-02-28T15:58:18.495+0000] {dag.py:2690} INFO - Sync 1 DAGs
[2023-02-28T15:58:18.524+0000] {logging_mixin.py:137} INFO - [2023-02-28T15:58:18.523+0000] {dag.py:3441} INFO - Setting next_dagrun for example_task_group to 2023-02-27T15:58:18.523766+00:00, run_after=2023-02-28T15:58:18.523766+00:00
[2023-02-28T15:58:18.540+0000] {processor.py:175} INFO - Processing /home/airflow/.local/lib/python3.7/site-packages/airflow/example_dags/example_task_group.py took 0.090 seconds
[2023-02-28T15:58:49.283+0000] {processor.py:153} INFO - Started process (PID=1706) to work on /home/airflow/.local/lib/python3.7/site-packages/airflow/example_dags/example_task_group.py
[2023-02-28T15:58:49.286+0000] {processor.py:743} INFO - Processing file /home/airflow/.local/lib/python3.7/site-packages/airflow/example_dags/example_task_group.py for tasks to queue
[2023-02-28T15:58:49.287+0000] {logging_mixin.py:137} INFO - [2023-02-28T15:58:49.287+0000] {dagbag.py:538} INFO - Filling up the DagBag from /home/airflow/.local/lib/python3.7/site-packages/airflow/example_dags/example_task_group.py
[2023-02-28T15:58:49.301+0000] {processor.py:753} INFO - DAG(s) dict_keys(['example_task_group']) retrieved from /home/airflow/.local/lib/python3.7/site-packages/airflow/example_dags/example_task_group.py
[2023-02-28T15:58:49.328+0000] {logging_mixin.py:137} INFO - [2023-02-28T15:58:49.328+0000] {dag.py:2690} INFO - Sync 1 DAGs
[2023-02-28T15:58:49.346+0000] {logging_mixin.py:137} INFO - [2023-02-28T15:58:49.346+0000] {dag.py:3441} INFO - Setting next_dagrun for example_task_group to 2023-02-27T15:58:49.346175+00:00, run_after=2023-02-28T15:58:49.346175+00:00
[2023-02-28T15:58:49.361+0000] {processor.py:175} INFO - Processing /home/airflow/.local/lib/python3.7/site-packages/airflow/example_dags/example_task_group.py took 0.082 seconds
