[2023-02-28T15:46:56.540+0000] {processor.py:153} INFO - Started process (PID=35) to work on /home/airflow/.local/lib/python3.7/site-packages/airflow/example_dags/example_sensors.py
[2023-02-28T15:46:56.541+0000] {processor.py:743} INFO - Processing file /home/airflow/.local/lib/python3.7/site-packages/airflow/example_dags/example_sensors.py for tasks to queue
[2023-02-28T15:46:56.543+0000] {logging_mixin.py:137} INFO - [2023-02-28T15:46:56.542+0000] {dagbag.py:538} INFO - Filling up the DagBag from /home/airflow/.local/lib/python3.7/site-packages/airflow/example_dags/example_sensors.py
[2023-02-28T15:46:56.564+0000] {processor.py:753} INFO - DAG(s) dict_keys(['example_sensors']) retrieved from /home/airflow/.local/lib/python3.7/site-packages/airflow/example_dags/example_sensors.py
[2023-02-28T15:46:56.587+0000] {logging_mixin.py:137} INFO - [2023-02-28T15:46:56.587+0000] {dag.py:2690} INFO - Sync 1 DAGs
[2023-02-28T15:46:56.639+0000] {logging_mixin.py:137} INFO - [2023-02-28T15:46:56.639+0000] {dag.py:3441} INFO - Setting next_dagrun for example_sensors to None, run_after=None
[2023-02-28T15:46:56.684+0000] {processor.py:175} INFO - Processing /home/airflow/.local/lib/python3.7/site-packages/airflow/example_dags/example_sensors.py took 0.148 seconds
[2023-02-28T15:47:27.440+0000] {processor.py:153} INFO - Started process (PID=108) to work on /home/airflow/.local/lib/python3.7/site-packages/airflow/example_dags/example_sensors.py
[2023-02-28T15:47:27.443+0000] {processor.py:743} INFO - Processing file /home/airflow/.local/lib/python3.7/site-packages/airflow/example_dags/example_sensors.py for tasks to queue
[2023-02-28T15:47:27.444+0000] {logging_mixin.py:137} INFO - [2023-02-28T15:47:27.444+0000] {dagbag.py:538} INFO - Filling up the DagBag from /home/airflow/.local/lib/python3.7/site-packages/airflow/example_dags/example_sensors.py
[2023-02-28T15:47:27.460+0000] {processor.py:753} INFO - DAG(s) dict_keys(['example_sensors']) retrieved from /home/airflow/.local/lib/python3.7/site-packages/airflow/example_dags/example_sensors.py
[2023-02-28T15:47:27.487+0000] {logging_mixin.py:137} INFO - [2023-02-28T15:47:27.487+0000] {dag.py:2690} INFO - Sync 1 DAGs
[2023-02-28T15:47:27.505+0000] {logging_mixin.py:137} INFO - [2023-02-28T15:47:27.505+0000] {dag.py:3441} INFO - Setting next_dagrun for example_sensors to None, run_after=None
[2023-02-28T15:47:27.528+0000] {processor.py:175} INFO - Processing /home/airflow/.local/lib/python3.7/site-packages/airflow/example_dags/example_sensors.py took 0.090 seconds
[2023-02-28T15:47:58.132+0000] {processor.py:153} INFO - Started process (PID=171) to work on /home/airflow/.local/lib/python3.7/site-packages/airflow/example_dags/example_sensors.py
[2023-02-28T15:47:58.134+0000] {processor.py:743} INFO - Processing file /home/airflow/.local/lib/python3.7/site-packages/airflow/example_dags/example_sensors.py for tasks to queue
[2023-02-28T15:47:58.136+0000] {logging_mixin.py:137} INFO - [2023-02-28T15:47:58.136+0000] {dagbag.py:538} INFO - Filling up the DagBag from /home/airflow/.local/lib/python3.7/site-packages/airflow/example_dags/example_sensors.py
[2023-02-28T15:47:58.154+0000] {processor.py:753} INFO - DAG(s) dict_keys(['example_sensors']) retrieved from /home/airflow/.local/lib/python3.7/site-packages/airflow/example_dags/example_sensors.py
[2023-02-28T15:47:58.181+0000] {logging_mixin.py:137} INFO - [2023-02-28T15:47:58.181+0000] {dag.py:2690} INFO - Sync 1 DAGs
[2023-02-28T15:47:58.207+0000] {logging_mixin.py:137} INFO - [2023-02-28T15:47:58.207+0000] {dag.py:3441} INFO - Setting next_dagrun for example_sensors to None, run_after=None
[2023-02-28T15:47:58.227+0000] {processor.py:175} INFO - Processing /home/airflow/.local/lib/python3.7/site-packages/airflow/example_dags/example_sensors.py took 0.098 seconds
[2023-02-28T15:48:28.379+0000] {processor.py:153} INFO - Started process (PID=246) to work on /home/airflow/.local/lib/python3.7/site-packages/airflow/example_dags/example_sensors.py
[2023-02-28T15:48:28.382+0000] {processor.py:743} INFO - Processing file /home/airflow/.local/lib/python3.7/site-packages/airflow/example_dags/example_sensors.py for tasks to queue
[2023-02-28T15:48:28.384+0000] {logging_mixin.py:137} INFO - [2023-02-28T15:48:28.384+0000] {dagbag.py:538} INFO - Filling up the DagBag from /home/airflow/.local/lib/python3.7/site-packages/airflow/example_dags/example_sensors.py
[2023-02-28T15:48:28.401+0000] {processor.py:753} INFO - DAG(s) dict_keys(['example_sensors']) retrieved from /home/airflow/.local/lib/python3.7/site-packages/airflow/example_dags/example_sensors.py
[2023-02-28T15:48:28.427+0000] {logging_mixin.py:137} INFO - [2023-02-28T15:48:28.427+0000] {dag.py:2690} INFO - Sync 1 DAGs
[2023-02-28T15:48:28.447+0000] {logging_mixin.py:137} INFO - [2023-02-28T15:48:28.447+0000] {dag.py:3441} INFO - Setting next_dagrun for example_sensors to None, run_after=None
[2023-02-28T15:48:28.462+0000] {processor.py:175} INFO - Processing /home/airflow/.local/lib/python3.7/site-packages/airflow/example_dags/example_sensors.py took 0.086 seconds
[2023-02-28T15:48:59.050+0000] {processor.py:153} INFO - Started process (PID=321) to work on /home/airflow/.local/lib/python3.7/site-packages/airflow/example_dags/example_sensors.py
[2023-02-28T15:48:59.052+0000] {processor.py:743} INFO - Processing file /home/airflow/.local/lib/python3.7/site-packages/airflow/example_dags/example_sensors.py for tasks to queue
[2023-02-28T15:48:59.053+0000] {logging_mixin.py:137} INFO - [2023-02-28T15:48:59.053+0000] {dagbag.py:538} INFO - Filling up the DagBag from /home/airflow/.local/lib/python3.7/site-packages/airflow/example_dags/example_sensors.py
[2023-02-28T15:48:59.069+0000] {processor.py:753} INFO - DAG(s) dict_keys(['example_sensors']) retrieved from /home/airflow/.local/lib/python3.7/site-packages/airflow/example_dags/example_sensors.py
[2023-02-28T15:48:59.094+0000] {logging_mixin.py:137} INFO - [2023-02-28T15:48:59.094+0000] {dag.py:2690} INFO - Sync 1 DAGs
[2023-02-28T15:48:59.112+0000] {logging_mixin.py:137} INFO - [2023-02-28T15:48:59.112+0000] {dag.py:3441} INFO - Setting next_dagrun for example_sensors to None, run_after=None
[2023-02-28T15:48:59.125+0000] {processor.py:175} INFO - Processing /home/airflow/.local/lib/python3.7/site-packages/airflow/example_dags/example_sensors.py took 0.078 seconds
[2023-02-28T15:49:30.080+0000] {processor.py:153} INFO - Started process (PID=384) to work on /home/airflow/.local/lib/python3.7/site-packages/airflow/example_dags/example_sensors.py
[2023-02-28T15:49:30.082+0000] {processor.py:743} INFO - Processing file /home/airflow/.local/lib/python3.7/site-packages/airflow/example_dags/example_sensors.py for tasks to queue
[2023-02-28T15:49:30.084+0000] {logging_mixin.py:137} INFO - [2023-02-28T15:49:30.084+0000] {dagbag.py:538} INFO - Filling up the DagBag from /home/airflow/.local/lib/python3.7/site-packages/airflow/example_dags/example_sensors.py
[2023-02-28T15:49:30.102+0000] {processor.py:753} INFO - DAG(s) dict_keys(['example_sensors']) retrieved from /home/airflow/.local/lib/python3.7/site-packages/airflow/example_dags/example_sensors.py
[2023-02-28T15:49:30.134+0000] {logging_mixin.py:137} INFO - [2023-02-28T15:49:30.134+0000] {dag.py:2690} INFO - Sync 1 DAGs
[2023-02-28T15:49:30.156+0000] {logging_mixin.py:137} INFO - [2023-02-28T15:49:30.156+0000] {dag.py:3441} INFO - Setting next_dagrun for example_sensors to None, run_after=None
[2023-02-28T15:49:30.178+0000] {processor.py:175} INFO - Processing /home/airflow/.local/lib/python3.7/site-packages/airflow/example_dags/example_sensors.py took 0.101 seconds
[2023-02-28T15:50:00.905+0000] {processor.py:153} INFO - Started process (PID=459) to work on /home/airflow/.local/lib/python3.7/site-packages/airflow/example_dags/example_sensors.py
[2023-02-28T15:50:00.907+0000] {processor.py:743} INFO - Processing file /home/airflow/.local/lib/python3.7/site-packages/airflow/example_dags/example_sensors.py for tasks to queue
[2023-02-28T15:50:00.909+0000] {logging_mixin.py:137} INFO - [2023-02-28T15:50:00.909+0000] {dagbag.py:538} INFO - Filling up the DagBag from /home/airflow/.local/lib/python3.7/site-packages/airflow/example_dags/example_sensors.py
[2023-02-28T15:50:00.927+0000] {processor.py:753} INFO - DAG(s) dict_keys(['example_sensors']) retrieved from /home/airflow/.local/lib/python3.7/site-packages/airflow/example_dags/example_sensors.py
[2023-02-28T15:50:00.953+0000] {logging_mixin.py:137} INFO - [2023-02-28T15:50:00.953+0000] {dag.py:2690} INFO - Sync 1 DAGs
[2023-02-28T15:50:00.971+0000] {logging_mixin.py:137} INFO - [2023-02-28T15:50:00.971+0000] {dag.py:3441} INFO - Setting next_dagrun for example_sensors to None, run_after=None
[2023-02-28T15:50:00.987+0000] {processor.py:175} INFO - Processing /home/airflow/.local/lib/python3.7/site-packages/airflow/example_dags/example_sensors.py took 0.086 seconds
[2023-02-28T15:50:31.869+0000] {processor.py:153} INFO - Started process (PID=535) to work on /home/airflow/.local/lib/python3.7/site-packages/airflow/example_dags/example_sensors.py
[2023-02-28T15:50:31.870+0000] {processor.py:743} INFO - Processing file /home/airflow/.local/lib/python3.7/site-packages/airflow/example_dags/example_sensors.py for tasks to queue
[2023-02-28T15:50:31.872+0000] {logging_mixin.py:137} INFO - [2023-02-28T15:50:31.872+0000] {dagbag.py:538} INFO - Filling up the DagBag from /home/airflow/.local/lib/python3.7/site-packages/airflow/example_dags/example_sensors.py
[2023-02-28T15:50:31.891+0000] {processor.py:753} INFO - DAG(s) dict_keys(['example_sensors']) retrieved from /home/airflow/.local/lib/python3.7/site-packages/airflow/example_dags/example_sensors.py
[2023-02-28T15:50:31.921+0000] {logging_mixin.py:137} INFO - [2023-02-28T15:50:31.921+0000] {dag.py:2690} INFO - Sync 1 DAGs
[2023-02-28T15:50:31.940+0000] {logging_mixin.py:137} INFO - [2023-02-28T15:50:31.940+0000] {dag.py:3441} INFO - Setting next_dagrun for example_sensors to None, run_after=None
[2023-02-28T15:50:31.954+0000] {processor.py:175} INFO - Processing /home/airflow/.local/lib/python3.7/site-packages/airflow/example_dags/example_sensors.py took 0.088 seconds
[2023-02-28T15:51:02.843+0000] {processor.py:153} INFO - Started process (PID=610) to work on /home/airflow/.local/lib/python3.7/site-packages/airflow/example_dags/example_sensors.py
[2023-02-28T15:51:02.846+0000] {processor.py:743} INFO - Processing file /home/airflow/.local/lib/python3.7/site-packages/airflow/example_dags/example_sensors.py for tasks to queue
[2023-02-28T15:51:02.847+0000] {logging_mixin.py:137} INFO - [2023-02-28T15:51:02.847+0000] {dagbag.py:538} INFO - Filling up the DagBag from /home/airflow/.local/lib/python3.7/site-packages/airflow/example_dags/example_sensors.py
[2023-02-28T15:51:02.866+0000] {processor.py:753} INFO - DAG(s) dict_keys(['example_sensors']) retrieved from /home/airflow/.local/lib/python3.7/site-packages/airflow/example_dags/example_sensors.py
[2023-02-28T15:51:02.895+0000] {logging_mixin.py:137} INFO - [2023-02-28T15:51:02.895+0000] {dag.py:2690} INFO - Sync 1 DAGs
[2023-02-28T15:51:02.915+0000] {logging_mixin.py:137} INFO - [2023-02-28T15:51:02.914+0000] {dag.py:3441} INFO - Setting next_dagrun for example_sensors to None, run_after=None
[2023-02-28T15:51:02.931+0000] {processor.py:175} INFO - Processing /home/airflow/.local/lib/python3.7/site-packages/airflow/example_dags/example_sensors.py took 0.091 seconds
[2023-02-28T15:51:33.725+0000] {processor.py:153} INFO - Started process (PID=673) to work on /home/airflow/.local/lib/python3.7/site-packages/airflow/example_dags/example_sensors.py
[2023-02-28T15:51:33.727+0000] {processor.py:743} INFO - Processing file /home/airflow/.local/lib/python3.7/site-packages/airflow/example_dags/example_sensors.py for tasks to queue
[2023-02-28T15:51:33.728+0000] {logging_mixin.py:137} INFO - [2023-02-28T15:51:33.728+0000] {dagbag.py:538} INFO - Filling up the DagBag from /home/airflow/.local/lib/python3.7/site-packages/airflow/example_dags/example_sensors.py
[2023-02-28T15:51:33.744+0000] {processor.py:753} INFO - DAG(s) dict_keys(['example_sensors']) retrieved from /home/airflow/.local/lib/python3.7/site-packages/airflow/example_dags/example_sensors.py
[2023-02-28T15:51:33.770+0000] {logging_mixin.py:137} INFO - [2023-02-28T15:51:33.770+0000] {dag.py:2690} INFO - Sync 1 DAGs
[2023-02-28T15:51:33.789+0000] {logging_mixin.py:137} INFO - [2023-02-28T15:51:33.789+0000] {dag.py:3441} INFO - Setting next_dagrun for example_sensors to None, run_after=None
[2023-02-28T15:51:33.804+0000] {processor.py:175} INFO - Processing /home/airflow/.local/lib/python3.7/site-packages/airflow/example_dags/example_sensors.py took 0.081 seconds
[2023-02-28T15:52:04.692+0000] {processor.py:153} INFO - Started process (PID=748) to work on /home/airflow/.local/lib/python3.7/site-packages/airflow/example_dags/example_sensors.py
[2023-02-28T15:52:04.695+0000] {processor.py:743} INFO - Processing file /home/airflow/.local/lib/python3.7/site-packages/airflow/example_dags/example_sensors.py for tasks to queue
[2023-02-28T15:52:04.698+0000] {logging_mixin.py:137} INFO - [2023-02-28T15:52:04.697+0000] {dagbag.py:538} INFO - Filling up the DagBag from /home/airflow/.local/lib/python3.7/site-packages/airflow/example_dags/example_sensors.py
[2023-02-28T15:52:04.713+0000] {processor.py:753} INFO - DAG(s) dict_keys(['example_sensors']) retrieved from /home/airflow/.local/lib/python3.7/site-packages/airflow/example_dags/example_sensors.py
[2023-02-28T15:52:04.740+0000] {logging_mixin.py:137} INFO - [2023-02-28T15:52:04.739+0000] {dag.py:2690} INFO - Sync 1 DAGs
[2023-02-28T15:52:04.759+0000] {logging_mixin.py:137} INFO - [2023-02-28T15:52:04.759+0000] {dag.py:3441} INFO - Setting next_dagrun for example_sensors to None, run_after=None
[2023-02-28T15:52:04.777+0000] {processor.py:175} INFO - Processing /home/airflow/.local/lib/python3.7/site-packages/airflow/example_dags/example_sensors.py took 0.088 seconds
[2023-02-28T15:52:35.548+0000] {processor.py:153} INFO - Started process (PID=823) to work on /home/airflow/.local/lib/python3.7/site-packages/airflow/example_dags/example_sensors.py
[2023-02-28T15:52:35.550+0000] {processor.py:743} INFO - Processing file /home/airflow/.local/lib/python3.7/site-packages/airflow/example_dags/example_sensors.py for tasks to queue
[2023-02-28T15:52:35.551+0000] {logging_mixin.py:137} INFO - [2023-02-28T15:52:35.551+0000] {dagbag.py:538} INFO - Filling up the DagBag from /home/airflow/.local/lib/python3.7/site-packages/airflow/example_dags/example_sensors.py
[2023-02-28T15:52:35.568+0000] {processor.py:753} INFO - DAG(s) dict_keys(['example_sensors']) retrieved from /home/airflow/.local/lib/python3.7/site-packages/airflow/example_dags/example_sensors.py
[2023-02-28T15:52:35.593+0000] {logging_mixin.py:137} INFO - [2023-02-28T15:52:35.593+0000] {dag.py:2690} INFO - Sync 1 DAGs
[2023-02-28T15:52:35.610+0000] {logging_mixin.py:137} INFO - [2023-02-28T15:52:35.610+0000] {dag.py:3441} INFO - Setting next_dagrun for example_sensors to None, run_after=None
[2023-02-28T15:52:35.623+0000] {processor.py:175} INFO - Processing /home/airflow/.local/lib/python3.7/site-packages/airflow/example_dags/example_sensors.py took 0.078 seconds
[2023-02-28T15:53:06.402+0000] {processor.py:153} INFO - Started process (PID=886) to work on /home/airflow/.local/lib/python3.7/site-packages/airflow/example_dags/example_sensors.py
[2023-02-28T15:53:06.404+0000] {processor.py:743} INFO - Processing file /home/airflow/.local/lib/python3.7/site-packages/airflow/example_dags/example_sensors.py for tasks to queue
[2023-02-28T15:53:06.405+0000] {logging_mixin.py:137} INFO - [2023-02-28T15:53:06.405+0000] {dagbag.py:538} INFO - Filling up the DagBag from /home/airflow/.local/lib/python3.7/site-packages/airflow/example_dags/example_sensors.py
[2023-02-28T15:53:06.424+0000] {processor.py:753} INFO - DAG(s) dict_keys(['example_sensors']) retrieved from /home/airflow/.local/lib/python3.7/site-packages/airflow/example_dags/example_sensors.py
[2023-02-28T15:53:06.450+0000] {logging_mixin.py:137} INFO - [2023-02-28T15:53:06.450+0000] {dag.py:2690} INFO - Sync 1 DAGs
[2023-02-28T15:53:06.470+0000] {logging_mixin.py:137} INFO - [2023-02-28T15:53:06.469+0000] {dag.py:3441} INFO - Setting next_dagrun for example_sensors to None, run_after=None
[2023-02-28T15:53:06.485+0000] {processor.py:175} INFO - Processing /home/airflow/.local/lib/python3.7/site-packages/airflow/example_dags/example_sensors.py took 0.087 seconds
[2023-02-28T15:53:37.448+0000] {processor.py:153} INFO - Started process (PID=961) to work on /home/airflow/.local/lib/python3.7/site-packages/airflow/example_dags/example_sensors.py
[2023-02-28T15:53:37.450+0000] {processor.py:743} INFO - Processing file /home/airflow/.local/lib/python3.7/site-packages/airflow/example_dags/example_sensors.py for tasks to queue
[2023-02-28T15:53:37.451+0000] {logging_mixin.py:137} INFO - [2023-02-28T15:53:37.451+0000] {dagbag.py:538} INFO - Filling up the DagBag from /home/airflow/.local/lib/python3.7/site-packages/airflow/example_dags/example_sensors.py
[2023-02-28T15:53:37.468+0000] {processor.py:753} INFO - DAG(s) dict_keys(['example_sensors']) retrieved from /home/airflow/.local/lib/python3.7/site-packages/airflow/example_dags/example_sensors.py
[2023-02-28T15:53:37.498+0000] {logging_mixin.py:137} INFO - [2023-02-28T15:53:37.498+0000] {dag.py:2690} INFO - Sync 1 DAGs
[2023-02-28T15:53:37.517+0000] {logging_mixin.py:137} INFO - [2023-02-28T15:53:37.517+0000] {dag.py:3441} INFO - Setting next_dagrun for example_sensors to None, run_after=None
[2023-02-28T15:53:37.532+0000] {processor.py:175} INFO - Processing /home/airflow/.local/lib/python3.7/site-packages/airflow/example_dags/example_sensors.py took 0.086 seconds
[2023-02-28T15:54:08.196+0000] {processor.py:153} INFO - Started process (PID=1035) to work on /home/airflow/.local/lib/python3.7/site-packages/airflow/example_dags/example_sensors.py
[2023-02-28T15:54:08.198+0000] {processor.py:743} INFO - Processing file /home/airflow/.local/lib/python3.7/site-packages/airflow/example_dags/example_sensors.py for tasks to queue
[2023-02-28T15:54:08.199+0000] {logging_mixin.py:137} INFO - [2023-02-28T15:54:08.199+0000] {dagbag.py:538} INFO - Filling up the DagBag from /home/airflow/.local/lib/python3.7/site-packages/airflow/example_dags/example_sensors.py
[2023-02-28T15:54:08.215+0000] {processor.py:753} INFO - DAG(s) dict_keys(['example_sensors']) retrieved from /home/airflow/.local/lib/python3.7/site-packages/airflow/example_dags/example_sensors.py
[2023-02-28T15:54:08.240+0000] {logging_mixin.py:137} INFO - [2023-02-28T15:54:08.240+0000] {dag.py:2690} INFO - Sync 1 DAGs
[2023-02-28T15:54:08.258+0000] {logging_mixin.py:137} INFO - [2023-02-28T15:54:08.258+0000] {dag.py:3441} INFO - Setting next_dagrun for example_sensors to None, run_after=None
[2023-02-28T15:54:08.272+0000] {processor.py:175} INFO - Processing /home/airflow/.local/lib/python3.7/site-packages/airflow/example_dags/example_sensors.py took 0.078 seconds
[2023-02-28T15:54:39.173+0000] {processor.py:153} INFO - Started process (PID=1097) to work on /home/airflow/.local/lib/python3.7/site-packages/airflow/example_dags/example_sensors.py
[2023-02-28T15:54:39.176+0000] {processor.py:743} INFO - Processing file /home/airflow/.local/lib/python3.7/site-packages/airflow/example_dags/example_sensors.py for tasks to queue
[2023-02-28T15:54:39.177+0000] {logging_mixin.py:137} INFO - [2023-02-28T15:54:39.177+0000] {dagbag.py:538} INFO - Filling up the DagBag from /home/airflow/.local/lib/python3.7/site-packages/airflow/example_dags/example_sensors.py
[2023-02-28T15:54:39.195+0000] {processor.py:753} INFO - DAG(s) dict_keys(['example_sensors']) retrieved from /home/airflow/.local/lib/python3.7/site-packages/airflow/example_dags/example_sensors.py
[2023-02-28T15:54:39.224+0000] {logging_mixin.py:137} INFO - [2023-02-28T15:54:39.224+0000] {dag.py:2690} INFO - Sync 1 DAGs
[2023-02-28T15:54:39.242+0000] {logging_mixin.py:137} INFO - [2023-02-28T15:54:39.242+0000] {dag.py:3441} INFO - Setting next_dagrun for example_sensors to None, run_after=None
[2023-02-28T15:54:39.257+0000] {processor.py:175} INFO - Processing /home/airflow/.local/lib/python3.7/site-packages/airflow/example_dags/example_sensors.py took 0.087 seconds
[2023-02-28T15:55:10.039+0000] {processor.py:153} INFO - Started process (PID=1173) to work on /home/airflow/.local/lib/python3.7/site-packages/airflow/example_dags/example_sensors.py
[2023-02-28T15:55:10.043+0000] {processor.py:743} INFO - Processing file /home/airflow/.local/lib/python3.7/site-packages/airflow/example_dags/example_sensors.py for tasks to queue
[2023-02-28T15:55:10.044+0000] {logging_mixin.py:137} INFO - [2023-02-28T15:55:10.044+0000] {dagbag.py:538} INFO - Filling up the DagBag from /home/airflow/.local/lib/python3.7/site-packages/airflow/example_dags/example_sensors.py
[2023-02-28T15:55:10.062+0000] {processor.py:753} INFO - DAG(s) dict_keys(['example_sensors']) retrieved from /home/airflow/.local/lib/python3.7/site-packages/airflow/example_dags/example_sensors.py
[2023-02-28T15:55:10.090+0000] {logging_mixin.py:137} INFO - [2023-02-28T15:55:10.090+0000] {dag.py:2690} INFO - Sync 1 DAGs
[2023-02-28T15:55:10.110+0000] {logging_mixin.py:137} INFO - [2023-02-28T15:55:10.110+0000] {dag.py:3441} INFO - Setting next_dagrun for example_sensors to None, run_after=None
[2023-02-28T15:55:10.124+0000] {processor.py:175} INFO - Processing /home/airflow/.local/lib/python3.7/site-packages/airflow/example_dags/example_sensors.py took 0.088 seconds
[2023-02-28T15:55:40.855+0000] {processor.py:153} INFO - Started process (PID=1248) to work on /home/airflow/.local/lib/python3.7/site-packages/airflow/example_dags/example_sensors.py
[2023-02-28T15:55:40.857+0000] {processor.py:743} INFO - Processing file /home/airflow/.local/lib/python3.7/site-packages/airflow/example_dags/example_sensors.py for tasks to queue
[2023-02-28T15:55:40.859+0000] {logging_mixin.py:137} INFO - [2023-02-28T15:55:40.859+0000] {dagbag.py:538} INFO - Filling up the DagBag from /home/airflow/.local/lib/python3.7/site-packages/airflow/example_dags/example_sensors.py
[2023-02-28T15:55:40.875+0000] {processor.py:753} INFO - DAG(s) dict_keys(['example_sensors']) retrieved from /home/airflow/.local/lib/python3.7/site-packages/airflow/example_dags/example_sensors.py
[2023-02-28T15:55:40.904+0000] {logging_mixin.py:137} INFO - [2023-02-28T15:55:40.904+0000] {dag.py:2690} INFO - Sync 1 DAGs
[2023-02-28T15:55:40.924+0000] {logging_mixin.py:137} INFO - [2023-02-28T15:55:40.924+0000] {dag.py:3441} INFO - Setting next_dagrun for example_sensors to None, run_after=None
[2023-02-28T15:55:40.939+0000] {processor.py:175} INFO - Processing /home/airflow/.local/lib/python3.7/site-packages/airflow/example_dags/example_sensors.py took 0.087 seconds
[2023-02-28T15:56:11.789+0000] {processor.py:153} INFO - Started process (PID=1311) to work on /home/airflow/.local/lib/python3.7/site-packages/airflow/example_dags/example_sensors.py
[2023-02-28T15:56:11.791+0000] {processor.py:743} INFO - Processing file /home/airflow/.local/lib/python3.7/site-packages/airflow/example_dags/example_sensors.py for tasks to queue
[2023-02-28T15:56:11.793+0000] {logging_mixin.py:137} INFO - [2023-02-28T15:56:11.793+0000] {dagbag.py:538} INFO - Filling up the DagBag from /home/airflow/.local/lib/python3.7/site-packages/airflow/example_dags/example_sensors.py
[2023-02-28T15:56:11.812+0000] {processor.py:753} INFO - DAG(s) dict_keys(['example_sensors']) retrieved from /home/airflow/.local/lib/python3.7/site-packages/airflow/example_dags/example_sensors.py
[2023-02-28T15:56:11.847+0000] {logging_mixin.py:137} INFO - [2023-02-28T15:56:11.847+0000] {dag.py:2690} INFO - Sync 1 DAGs
[2023-02-28T15:56:11.866+0000] {logging_mixin.py:137} INFO - [2023-02-28T15:56:11.866+0000] {dag.py:3441} INFO - Setting next_dagrun for example_sensors to None, run_after=None
[2023-02-28T15:56:11.885+0000] {processor.py:175} INFO - Processing /home/airflow/.local/lib/python3.7/site-packages/airflow/example_dags/example_sensors.py took 0.100 seconds
[2023-02-28T15:56:42.854+0000] {processor.py:153} INFO - Started process (PID=1385) to work on /home/airflow/.local/lib/python3.7/site-packages/airflow/example_dags/example_sensors.py
[2023-02-28T15:56:42.855+0000] {processor.py:743} INFO - Processing file /home/airflow/.local/lib/python3.7/site-packages/airflow/example_dags/example_sensors.py for tasks to queue
[2023-02-28T15:56:42.857+0000] {logging_mixin.py:137} INFO - [2023-02-28T15:56:42.857+0000] {dagbag.py:538} INFO - Filling up the DagBag from /home/airflow/.local/lib/python3.7/site-packages/airflow/example_dags/example_sensors.py
[2023-02-28T15:56:42.874+0000] {processor.py:753} INFO - DAG(s) dict_keys(['example_sensors']) retrieved from /home/airflow/.local/lib/python3.7/site-packages/airflow/example_dags/example_sensors.py
[2023-02-28T15:56:42.899+0000] {logging_mixin.py:137} INFO - [2023-02-28T15:56:42.899+0000] {dag.py:2690} INFO - Sync 1 DAGs
[2023-02-28T15:56:42.917+0000] {logging_mixin.py:137} INFO - [2023-02-28T15:56:42.917+0000] {dag.py:3441} INFO - Setting next_dagrun for example_sensors to None, run_after=None
[2023-02-28T15:56:42.932+0000] {processor.py:175} INFO - Processing /home/airflow/.local/lib/python3.7/site-packages/airflow/example_dags/example_sensors.py took 0.081 seconds
[2023-02-28T15:57:13.691+0000] {processor.py:153} INFO - Started process (PID=1460) to work on /home/airflow/.local/lib/python3.7/site-packages/airflow/example_dags/example_sensors.py
[2023-02-28T15:57:13.694+0000] {processor.py:743} INFO - Processing file /home/airflow/.local/lib/python3.7/site-packages/airflow/example_dags/example_sensors.py for tasks to queue
[2023-02-28T15:57:13.696+0000] {logging_mixin.py:137} INFO - [2023-02-28T15:57:13.696+0000] {dagbag.py:538} INFO - Filling up the DagBag from /home/airflow/.local/lib/python3.7/site-packages/airflow/example_dags/example_sensors.py
[2023-02-28T15:57:13.714+0000] {processor.py:753} INFO - DAG(s) dict_keys(['example_sensors']) retrieved from /home/airflow/.local/lib/python3.7/site-packages/airflow/example_dags/example_sensors.py
[2023-02-28T15:57:13.739+0000] {logging_mixin.py:137} INFO - [2023-02-28T15:57:13.739+0000] {dag.py:2690} INFO - Sync 1 DAGs
[2023-02-28T15:57:13.758+0000] {logging_mixin.py:137} INFO - [2023-02-28T15:57:13.758+0000] {dag.py:3441} INFO - Setting next_dagrun for example_sensors to None, run_after=None
[2023-02-28T15:57:13.773+0000] {processor.py:175} INFO - Processing /home/airflow/.local/lib/python3.7/site-packages/airflow/example_dags/example_sensors.py took 0.084 seconds
[2023-02-28T15:57:44.437+0000] {processor.py:153} INFO - Started process (PID=1532) to work on /home/airflow/.local/lib/python3.7/site-packages/airflow/example_dags/example_sensors.py
[2023-02-28T15:57:44.439+0000] {processor.py:743} INFO - Processing file /home/airflow/.local/lib/python3.7/site-packages/airflow/example_dags/example_sensors.py for tasks to queue
[2023-02-28T15:57:44.440+0000] {logging_mixin.py:137} INFO - [2023-02-28T15:57:44.440+0000] {dagbag.py:538} INFO - Filling up the DagBag from /home/airflow/.local/lib/python3.7/site-packages/airflow/example_dags/example_sensors.py
[2023-02-28T15:57:44.463+0000] {processor.py:753} INFO - DAG(s) dict_keys(['example_sensors']) retrieved from /home/airflow/.local/lib/python3.7/site-packages/airflow/example_dags/example_sensors.py
[2023-02-28T15:57:44.492+0000] {logging_mixin.py:137} INFO - [2023-02-28T15:57:44.491+0000] {dag.py:2690} INFO - Sync 1 DAGs
[2023-02-28T15:57:44.512+0000] {logging_mixin.py:137} INFO - [2023-02-28T15:57:44.512+0000] {dag.py:3441} INFO - Setting next_dagrun for example_sensors to None, run_after=None
[2023-02-28T15:57:44.535+0000] {processor.py:175} INFO - Processing /home/airflow/.local/lib/python3.7/site-packages/airflow/example_dags/example_sensors.py took 0.101 seconds
[2023-02-28T15:58:15.222+0000] {processor.py:153} INFO - Started process (PID=1599) to work on /home/airflow/.local/lib/python3.7/site-packages/airflow/example_dags/example_sensors.py
[2023-02-28T15:58:15.223+0000] {processor.py:743} INFO - Processing file /home/airflow/.local/lib/python3.7/site-packages/airflow/example_dags/example_sensors.py for tasks to queue
[2023-02-28T15:58:15.224+0000] {logging_mixin.py:137} INFO - [2023-02-28T15:58:15.224+0000] {dagbag.py:538} INFO - Filling up the DagBag from /home/airflow/.local/lib/python3.7/site-packages/airflow/example_dags/example_sensors.py
[2023-02-28T15:58:15.241+0000] {processor.py:753} INFO - DAG(s) dict_keys(['example_sensors']) retrieved from /home/airflow/.local/lib/python3.7/site-packages/airflow/example_dags/example_sensors.py
[2023-02-28T15:58:15.274+0000] {logging_mixin.py:137} INFO - [2023-02-28T15:58:15.274+0000] {dag.py:2690} INFO - Sync 1 DAGs
[2023-02-28T15:58:15.291+0000] {logging_mixin.py:137} INFO - [2023-02-28T15:58:15.291+0000] {dag.py:3441} INFO - Setting next_dagrun for example_sensors to None, run_after=None
[2023-02-28T15:58:15.305+0000] {processor.py:175} INFO - Processing /home/airflow/.local/lib/python3.7/site-packages/airflow/example_dags/example_sensors.py took 0.086 seconds
[2023-02-28T15:58:46.117+0000] {processor.py:153} INFO - Started process (PID=1673) to work on /home/airflow/.local/lib/python3.7/site-packages/airflow/example_dags/example_sensors.py
[2023-02-28T15:58:46.119+0000] {processor.py:743} INFO - Processing file /home/airflow/.local/lib/python3.7/site-packages/airflow/example_dags/example_sensors.py for tasks to queue
[2023-02-28T15:58:46.120+0000] {logging_mixin.py:137} INFO - [2023-02-28T15:58:46.120+0000] {dagbag.py:538} INFO - Filling up the DagBag from /home/airflow/.local/lib/python3.7/site-packages/airflow/example_dags/example_sensors.py
[2023-02-28T15:58:46.137+0000] {processor.py:753} INFO - DAG(s) dict_keys(['example_sensors']) retrieved from /home/airflow/.local/lib/python3.7/site-packages/airflow/example_dags/example_sensors.py
[2023-02-28T15:58:46.163+0000] {logging_mixin.py:137} INFO - [2023-02-28T15:58:46.163+0000] {dag.py:2690} INFO - Sync 1 DAGs
[2023-02-28T15:58:46.180+0000] {logging_mixin.py:137} INFO - [2023-02-28T15:58:46.180+0000] {dag.py:3441} INFO - Setting next_dagrun for example_sensors to None, run_after=None
[2023-02-28T15:58:46.194+0000] {processor.py:175} INFO - Processing /home/airflow/.local/lib/python3.7/site-packages/airflow/example_dags/example_sensors.py took 0.080 seconds
