[2023-02-28T15:46:57.516+0000] {processor.py:153} INFO - Started process (PID=42) to work on /home/airflow/.local/lib/python3.7/site-packages/airflow/example_dags/example_sla_dag.py
[2023-02-28T15:46:57.519+0000] {processor.py:743} INFO - Processing file /home/airflow/.local/lib/python3.7/site-packages/airflow/example_dags/example_sla_dag.py for tasks to queue
[2023-02-28T15:46:57.521+0000] {logging_mixin.py:137} INFO - [2023-02-28T15:46:57.521+0000] {dagbag.py:538} INFO - Filling up the DagBag from /home/airflow/.local/lib/python3.7/site-packages/airflow/example_dags/example_sla_dag.py
[2023-02-28T15:46:57.552+0000] {processor.py:753} INFO - DAG(s) dict_keys(['example_sla_dag']) retrieved from /home/airflow/.local/lib/python3.7/site-packages/airflow/example_dags/example_sla_dag.py
[2023-02-28T15:46:57.567+0000] {logging_mixin.py:137} INFO - [2023-02-28T15:46:57.567+0000] {dag.py:2690} INFO - Sync 1 DAGs
[2023-02-28T15:46:57.601+0000] {logging_mixin.py:137} INFO - [2023-02-28T15:46:57.601+0000] {dag.py:3441} INFO - Setting next_dagrun for example_sla_dag to 2023-02-28T15:44:00+00:00, run_after=2023-02-28T15:46:00+00:00
[2023-02-28T15:46:57.622+0000] {processor.py:175} INFO - Processing /home/airflow/.local/lib/python3.7/site-packages/airflow/example_dags/example_sla_dag.py took 0.116 seconds
[2023-02-28T15:47:27.891+0000] {processor.py:153} INFO - Started process (PID=115) to work on /home/airflow/.local/lib/python3.7/site-packages/airflow/example_dags/example_sla_dag.py
[2023-02-28T15:47:27.893+0000] {processor.py:743} INFO - Processing file /home/airflow/.local/lib/python3.7/site-packages/airflow/example_dags/example_sla_dag.py for tasks to queue
[2023-02-28T15:47:27.895+0000] {logging_mixin.py:137} INFO - [2023-02-28T15:47:27.895+0000] {dagbag.py:538} INFO - Filling up the DagBag from /home/airflow/.local/lib/python3.7/site-packages/airflow/example_dags/example_sla_dag.py
[2023-02-28T15:47:27.914+0000] {processor.py:753} INFO - DAG(s) dict_keys(['example_sla_dag']) retrieved from /home/airflow/.local/lib/python3.7/site-packages/airflow/example_dags/example_sla_dag.py
[2023-02-28T15:47:27.939+0000] {logging_mixin.py:137} INFO - [2023-02-28T15:47:27.939+0000] {dag.py:2690} INFO - Sync 1 DAGs
[2023-02-28T15:47:27.960+0000] {logging_mixin.py:137} INFO - [2023-02-28T15:47:27.960+0000] {dag.py:3441} INFO - Setting next_dagrun for example_sla_dag to 2023-02-28T15:44:00+00:00, run_after=2023-02-28T15:46:00+00:00
[2023-02-28T15:47:27.973+0000] {processor.py:175} INFO - Processing /home/airflow/.local/lib/python3.7/site-packages/airflow/example_dags/example_sla_dag.py took 0.085 seconds
[2023-02-28T15:47:58.786+0000] {processor.py:153} INFO - Started process (PID=187) to work on /home/airflow/.local/lib/python3.7/site-packages/airflow/example_dags/example_sla_dag.py
[2023-02-28T15:47:58.788+0000] {processor.py:743} INFO - Processing file /home/airflow/.local/lib/python3.7/site-packages/airflow/example_dags/example_sla_dag.py for tasks to queue
[2023-02-28T15:47:58.791+0000] {logging_mixin.py:137} INFO - [2023-02-28T15:47:58.790+0000] {dagbag.py:538} INFO - Filling up the DagBag from /home/airflow/.local/lib/python3.7/site-packages/airflow/example_dags/example_sla_dag.py
[2023-02-28T15:47:58.830+0000] {processor.py:753} INFO - DAG(s) dict_keys(['example_sla_dag']) retrieved from /home/airflow/.local/lib/python3.7/site-packages/airflow/example_dags/example_sla_dag.py
[2023-02-28T15:47:58.865+0000] {logging_mixin.py:137} INFO - [2023-02-28T15:47:58.865+0000] {dag.py:2690} INFO - Sync 1 DAGs
[2023-02-28T15:47:58.886+0000] {logging_mixin.py:137} INFO - [2023-02-28T15:47:58.886+0000] {dag.py:3441} INFO - Setting next_dagrun for example_sla_dag to 2023-02-28T15:44:00+00:00, run_after=2023-02-28T15:46:00+00:00
[2023-02-28T15:47:58.918+0000] {processor.py:175} INFO - Processing /home/airflow/.local/lib/python3.7/site-packages/airflow/example_dags/example_sla_dag.py took 0.137 seconds
[2023-02-28T15:48:29.854+0000] {processor.py:153} INFO - Started process (PID=253) to work on /home/airflow/.local/lib/python3.7/site-packages/airflow/example_dags/example_sla_dag.py
[2023-02-28T15:48:29.858+0000] {processor.py:743} INFO - Processing file /home/airflow/.local/lib/python3.7/site-packages/airflow/example_dags/example_sla_dag.py for tasks to queue
[2023-02-28T15:48:29.859+0000] {logging_mixin.py:137} INFO - [2023-02-28T15:48:29.859+0000] {dagbag.py:538} INFO - Filling up the DagBag from /home/airflow/.local/lib/python3.7/site-packages/airflow/example_dags/example_sla_dag.py
[2023-02-28T15:48:29.876+0000] {processor.py:753} INFO - DAG(s) dict_keys(['example_sla_dag']) retrieved from /home/airflow/.local/lib/python3.7/site-packages/airflow/example_dags/example_sla_dag.py
[2023-02-28T15:48:29.899+0000] {logging_mixin.py:137} INFO - [2023-02-28T15:48:29.899+0000] {dag.py:2690} INFO - Sync 1 DAGs
[2023-02-28T15:48:29.918+0000] {logging_mixin.py:137} INFO - [2023-02-28T15:48:29.918+0000] {dag.py:3441} INFO - Setting next_dagrun for example_sla_dag to 2023-02-28T15:46:00+00:00, run_after=2023-02-28T15:48:00+00:00
[2023-02-28T15:48:29.930+0000] {processor.py:175} INFO - Processing /home/airflow/.local/lib/python3.7/site-packages/airflow/example_dags/example_sla_dag.py took 0.079 seconds
[2023-02-28T15:49:00.544+0000] {processor.py:153} INFO - Started process (PID=328) to work on /home/airflow/.local/lib/python3.7/site-packages/airflow/example_dags/example_sla_dag.py
[2023-02-28T15:49:00.546+0000] {processor.py:743} INFO - Processing file /home/airflow/.local/lib/python3.7/site-packages/airflow/example_dags/example_sla_dag.py for tasks to queue
[2023-02-28T15:49:00.548+0000] {logging_mixin.py:137} INFO - [2023-02-28T15:49:00.548+0000] {dagbag.py:538} INFO - Filling up the DagBag from /home/airflow/.local/lib/python3.7/site-packages/airflow/example_dags/example_sla_dag.py
[2023-02-28T15:49:00.570+0000] {processor.py:753} INFO - DAG(s) dict_keys(['example_sla_dag']) retrieved from /home/airflow/.local/lib/python3.7/site-packages/airflow/example_dags/example_sla_dag.py
[2023-02-28T15:49:00.597+0000] {logging_mixin.py:137} INFO - [2023-02-28T15:49:00.596+0000] {dag.py:2690} INFO - Sync 1 DAGs
[2023-02-28T15:49:00.623+0000] {logging_mixin.py:137} INFO - [2023-02-28T15:49:00.623+0000] {dag.py:3441} INFO - Setting next_dagrun for example_sla_dag to 2023-02-28T15:46:00+00:00, run_after=2023-02-28T15:48:00+00:00
[2023-02-28T15:49:00.649+0000] {processor.py:175} INFO - Processing /home/airflow/.local/lib/python3.7/site-packages/airflow/example_dags/example_sla_dag.py took 0.109 seconds
[2023-02-28T15:49:31.607+0000] {processor.py:153} INFO - Started process (PID=403) to work on /home/airflow/.local/lib/python3.7/site-packages/airflow/example_dags/example_sla_dag.py
[2023-02-28T15:49:31.609+0000] {processor.py:743} INFO - Processing file /home/airflow/.local/lib/python3.7/site-packages/airflow/example_dags/example_sla_dag.py for tasks to queue
[2023-02-28T15:49:31.611+0000] {logging_mixin.py:137} INFO - [2023-02-28T15:49:31.611+0000] {dagbag.py:538} INFO - Filling up the DagBag from /home/airflow/.local/lib/python3.7/site-packages/airflow/example_dags/example_sla_dag.py
[2023-02-28T15:49:31.628+0000] {processor.py:753} INFO - DAG(s) dict_keys(['example_sla_dag']) retrieved from /home/airflow/.local/lib/python3.7/site-packages/airflow/example_dags/example_sla_dag.py
[2023-02-28T15:49:31.651+0000] {logging_mixin.py:137} INFO - [2023-02-28T15:49:31.650+0000] {dag.py:2690} INFO - Sync 1 DAGs
[2023-02-28T15:49:31.670+0000] {logging_mixin.py:137} INFO - [2023-02-28T15:49:31.670+0000] {dag.py:3441} INFO - Setting next_dagrun for example_sla_dag to 2023-02-28T15:46:00+00:00, run_after=2023-02-28T15:48:00+00:00
[2023-02-28T15:49:31.685+0000] {processor.py:175} INFO - Processing /home/airflow/.local/lib/python3.7/site-packages/airflow/example_dags/example_sla_dag.py took 0.082 seconds
[2023-02-28T15:50:02.372+0000] {processor.py:153} INFO - Started process (PID=466) to work on /home/airflow/.local/lib/python3.7/site-packages/airflow/example_dags/example_sla_dag.py
[2023-02-28T15:50:02.374+0000] {processor.py:743} INFO - Processing file /home/airflow/.local/lib/python3.7/site-packages/airflow/example_dags/example_sla_dag.py for tasks to queue
[2023-02-28T15:50:02.376+0000] {logging_mixin.py:137} INFO - [2023-02-28T15:50:02.376+0000] {dagbag.py:538} INFO - Filling up the DagBag from /home/airflow/.local/lib/python3.7/site-packages/airflow/example_dags/example_sla_dag.py
[2023-02-28T15:50:02.394+0000] {processor.py:753} INFO - DAG(s) dict_keys(['example_sla_dag']) retrieved from /home/airflow/.local/lib/python3.7/site-packages/airflow/example_dags/example_sla_dag.py
[2023-02-28T15:50:02.419+0000] {logging_mixin.py:137} INFO - [2023-02-28T15:50:02.419+0000] {dag.py:2690} INFO - Sync 1 DAGs
[2023-02-28T15:50:02.439+0000] {logging_mixin.py:137} INFO - [2023-02-28T15:50:02.439+0000] {dag.py:3441} INFO - Setting next_dagrun for example_sla_dag to 2023-02-28T15:48:00+00:00, run_after=2023-02-28T15:50:00+00:00
[2023-02-28T15:50:02.452+0000] {processor.py:175} INFO - Processing /home/airflow/.local/lib/python3.7/site-packages/airflow/example_dags/example_sla_dag.py took 0.084 seconds
[2023-02-28T15:50:33.345+0000] {processor.py:153} INFO - Started process (PID=542) to work on /home/airflow/.local/lib/python3.7/site-packages/airflow/example_dags/example_sla_dag.py
[2023-02-28T15:50:33.346+0000] {processor.py:743} INFO - Processing file /home/airflow/.local/lib/python3.7/site-packages/airflow/example_dags/example_sla_dag.py for tasks to queue
[2023-02-28T15:50:33.348+0000] {logging_mixin.py:137} INFO - [2023-02-28T15:50:33.347+0000] {dagbag.py:538} INFO - Filling up the DagBag from /home/airflow/.local/lib/python3.7/site-packages/airflow/example_dags/example_sla_dag.py
[2023-02-28T15:50:33.366+0000] {processor.py:753} INFO - DAG(s) dict_keys(['example_sla_dag']) retrieved from /home/airflow/.local/lib/python3.7/site-packages/airflow/example_dags/example_sla_dag.py
[2023-02-28T15:50:33.391+0000] {logging_mixin.py:137} INFO - [2023-02-28T15:50:33.391+0000] {dag.py:2690} INFO - Sync 1 DAGs
[2023-02-28T15:50:33.411+0000] {logging_mixin.py:137} INFO - [2023-02-28T15:50:33.411+0000] {dag.py:3441} INFO - Setting next_dagrun for example_sla_dag to 2023-02-28T15:48:00+00:00, run_after=2023-02-28T15:50:00+00:00
[2023-02-28T15:50:33.424+0000] {processor.py:175} INFO - Processing /home/airflow/.local/lib/python3.7/site-packages/airflow/example_dags/example_sla_dag.py took 0.082 seconds
[2023-02-28T15:51:04.354+0000] {processor.py:153} INFO - Started process (PID=617) to work on /home/airflow/.local/lib/python3.7/site-packages/airflow/example_dags/example_sla_dag.py
[2023-02-28T15:51:04.356+0000] {processor.py:743} INFO - Processing file /home/airflow/.local/lib/python3.7/site-packages/airflow/example_dags/example_sla_dag.py for tasks to queue
[2023-02-28T15:51:04.358+0000] {logging_mixin.py:137} INFO - [2023-02-28T15:51:04.358+0000] {dagbag.py:538} INFO - Filling up the DagBag from /home/airflow/.local/lib/python3.7/site-packages/airflow/example_dags/example_sla_dag.py
[2023-02-28T15:51:04.376+0000] {processor.py:753} INFO - DAG(s) dict_keys(['example_sla_dag']) retrieved from /home/airflow/.local/lib/python3.7/site-packages/airflow/example_dags/example_sla_dag.py
[2023-02-28T15:51:04.402+0000] {logging_mixin.py:137} INFO - [2023-02-28T15:51:04.402+0000] {dag.py:2690} INFO - Sync 1 DAGs
[2023-02-28T15:51:04.421+0000] {logging_mixin.py:137} INFO - [2023-02-28T15:51:04.421+0000] {dag.py:3441} INFO - Setting next_dagrun for example_sla_dag to 2023-02-28T15:48:00+00:00, run_after=2023-02-28T15:50:00+00:00
[2023-02-28T15:51:04.436+0000] {processor.py:175} INFO - Processing /home/airflow/.local/lib/python3.7/site-packages/airflow/example_dags/example_sla_dag.py took 0.087 seconds
[2023-02-28T15:51:35.214+0000] {processor.py:153} INFO - Started process (PID=680) to work on /home/airflow/.local/lib/python3.7/site-packages/airflow/example_dags/example_sla_dag.py
[2023-02-28T15:51:35.217+0000] {processor.py:743} INFO - Processing file /home/airflow/.local/lib/python3.7/site-packages/airflow/example_dags/example_sla_dag.py for tasks to queue
[2023-02-28T15:51:35.218+0000] {logging_mixin.py:137} INFO - [2023-02-28T15:51:35.218+0000] {dagbag.py:538} INFO - Filling up the DagBag from /home/airflow/.local/lib/python3.7/site-packages/airflow/example_dags/example_sla_dag.py
[2023-02-28T15:51:35.238+0000] {processor.py:753} INFO - DAG(s) dict_keys(['example_sla_dag']) retrieved from /home/airflow/.local/lib/python3.7/site-packages/airflow/example_dags/example_sla_dag.py
[2023-02-28T15:51:35.261+0000] {logging_mixin.py:137} INFO - [2023-02-28T15:51:35.261+0000] {dag.py:2690} INFO - Sync 1 DAGs
[2023-02-28T15:51:35.281+0000] {logging_mixin.py:137} INFO - [2023-02-28T15:51:35.281+0000] {dag.py:3441} INFO - Setting next_dagrun for example_sla_dag to 2023-02-28T15:48:00+00:00, run_after=2023-02-28T15:50:00+00:00
[2023-02-28T15:51:35.293+0000] {processor.py:175} INFO - Processing /home/airflow/.local/lib/python3.7/site-packages/airflow/example_dags/example_sla_dag.py took 0.086 seconds
[2023-02-28T15:52:06.199+0000] {processor.py:153} INFO - Started process (PID=755) to work on /home/airflow/.local/lib/python3.7/site-packages/airflow/example_dags/example_sla_dag.py
[2023-02-28T15:52:06.203+0000] {processor.py:743} INFO - Processing file /home/airflow/.local/lib/python3.7/site-packages/airflow/example_dags/example_sla_dag.py for tasks to queue
[2023-02-28T15:52:06.204+0000] {logging_mixin.py:137} INFO - [2023-02-28T15:52:06.204+0000] {dagbag.py:538} INFO - Filling up the DagBag from /home/airflow/.local/lib/python3.7/site-packages/airflow/example_dags/example_sla_dag.py
[2023-02-28T15:52:06.228+0000] {processor.py:753} INFO - DAG(s) dict_keys(['example_sla_dag']) retrieved from /home/airflow/.local/lib/python3.7/site-packages/airflow/example_dags/example_sla_dag.py
[2023-02-28T15:52:06.250+0000] {logging_mixin.py:137} INFO - [2023-02-28T15:52:06.250+0000] {dag.py:2690} INFO - Sync 1 DAGs
[2023-02-28T15:52:06.269+0000] {logging_mixin.py:137} INFO - [2023-02-28T15:52:06.269+0000] {dag.py:3441} INFO - Setting next_dagrun for example_sla_dag to 2023-02-28T15:50:00+00:00, run_after=2023-02-28T15:52:00+00:00
[2023-02-28T15:52:06.281+0000] {processor.py:175} INFO - Processing /home/airflow/.local/lib/python3.7/site-packages/airflow/example_dags/example_sla_dag.py took 0.088 seconds
[2023-02-28T15:52:37.014+0000] {processor.py:153} INFO - Started process (PID=830) to work on /home/airflow/.local/lib/python3.7/site-packages/airflow/example_dags/example_sla_dag.py
[2023-02-28T15:52:37.016+0000] {processor.py:743} INFO - Processing file /home/airflow/.local/lib/python3.7/site-packages/airflow/example_dags/example_sla_dag.py for tasks to queue
[2023-02-28T15:52:37.017+0000] {logging_mixin.py:137} INFO - [2023-02-28T15:52:37.017+0000] {dagbag.py:538} INFO - Filling up the DagBag from /home/airflow/.local/lib/python3.7/site-packages/airflow/example_dags/example_sla_dag.py
[2023-02-28T15:52:37.036+0000] {processor.py:753} INFO - DAG(s) dict_keys(['example_sla_dag']) retrieved from /home/airflow/.local/lib/python3.7/site-packages/airflow/example_dags/example_sla_dag.py
[2023-02-28T15:52:37.060+0000] {logging_mixin.py:137} INFO - [2023-02-28T15:52:37.060+0000] {dag.py:2690} INFO - Sync 1 DAGs
[2023-02-28T15:52:37.078+0000] {logging_mixin.py:137} INFO - [2023-02-28T15:52:37.078+0000] {dag.py:3441} INFO - Setting next_dagrun for example_sla_dag to 2023-02-28T15:50:00+00:00, run_after=2023-02-28T15:52:00+00:00
[2023-02-28T15:52:37.092+0000] {processor.py:175} INFO - Processing /home/airflow/.local/lib/python3.7/site-packages/airflow/example_dags/example_sla_dag.py took 0.082 seconds
[2023-02-28T15:53:07.820+0000] {processor.py:153} INFO - Started process (PID=902) to work on /home/airflow/.local/lib/python3.7/site-packages/airflow/example_dags/example_sla_dag.py
[2023-02-28T15:53:07.822+0000] {processor.py:743} INFO - Processing file /home/airflow/.local/lib/python3.7/site-packages/airflow/example_dags/example_sla_dag.py for tasks to queue
[2023-02-28T15:53:07.823+0000] {logging_mixin.py:137} INFO - [2023-02-28T15:53:07.823+0000] {dagbag.py:538} INFO - Filling up the DagBag from /home/airflow/.local/lib/python3.7/site-packages/airflow/example_dags/example_sla_dag.py
[2023-02-28T15:53:07.843+0000] {processor.py:753} INFO - DAG(s) dict_keys(['example_sla_dag']) retrieved from /home/airflow/.local/lib/python3.7/site-packages/airflow/example_dags/example_sla_dag.py
[2023-02-28T15:53:07.870+0000] {logging_mixin.py:137} INFO - [2023-02-28T15:53:07.870+0000] {dag.py:2690} INFO - Sync 1 DAGs
[2023-02-28T15:53:07.891+0000] {logging_mixin.py:137} INFO - [2023-02-28T15:53:07.891+0000] {dag.py:3441} INFO - Setting next_dagrun for example_sla_dag to 2023-02-28T15:50:00+00:00, run_after=2023-02-28T15:52:00+00:00
[2023-02-28T15:53:07.917+0000] {processor.py:175} INFO - Processing /home/airflow/.local/lib/python3.7/site-packages/airflow/example_dags/example_sla_dag.py took 0.100 seconds
[2023-02-28T15:53:38.899+0000] {processor.py:153} INFO - Started process (PID=968) to work on /home/airflow/.local/lib/python3.7/site-packages/airflow/example_dags/example_sla_dag.py
[2023-02-28T15:53:38.900+0000] {processor.py:743} INFO - Processing file /home/airflow/.local/lib/python3.7/site-packages/airflow/example_dags/example_sla_dag.py for tasks to queue
[2023-02-28T15:53:38.902+0000] {logging_mixin.py:137} INFO - [2023-02-28T15:53:38.902+0000] {dagbag.py:538} INFO - Filling up the DagBag from /home/airflow/.local/lib/python3.7/site-packages/airflow/example_dags/example_sla_dag.py
[2023-02-28T15:53:38.922+0000] {processor.py:753} INFO - DAG(s) dict_keys(['example_sla_dag']) retrieved from /home/airflow/.local/lib/python3.7/site-packages/airflow/example_dags/example_sla_dag.py
[2023-02-28T15:53:38.945+0000] {logging_mixin.py:137} INFO - [2023-02-28T15:53:38.945+0000] {dag.py:2690} INFO - Sync 1 DAGs
[2023-02-28T15:53:38.965+0000] {logging_mixin.py:137} INFO - [2023-02-28T15:53:38.965+0000] {dag.py:3441} INFO - Setting next_dagrun for example_sla_dag to 2023-02-28T15:50:00+00:00, run_after=2023-02-28T15:52:00+00:00
[2023-02-28T15:53:38.980+0000] {processor.py:175} INFO - Processing /home/airflow/.local/lib/python3.7/site-packages/airflow/example_dags/example_sla_dag.py took 0.084 seconds
[2023-02-28T15:54:09.723+0000] {processor.py:153} INFO - Started process (PID=1042) to work on /home/airflow/.local/lib/python3.7/site-packages/airflow/example_dags/example_sla_dag.py
[2023-02-28T15:54:09.724+0000] {processor.py:743} INFO - Processing file /home/airflow/.local/lib/python3.7/site-packages/airflow/example_dags/example_sla_dag.py for tasks to queue
[2023-02-28T15:54:09.726+0000] {logging_mixin.py:137} INFO - [2023-02-28T15:54:09.726+0000] {dagbag.py:538} INFO - Filling up the DagBag from /home/airflow/.local/lib/python3.7/site-packages/airflow/example_dags/example_sla_dag.py
[2023-02-28T15:54:09.744+0000] {processor.py:753} INFO - DAG(s) dict_keys(['example_sla_dag']) retrieved from /home/airflow/.local/lib/python3.7/site-packages/airflow/example_dags/example_sla_dag.py
[2023-02-28T15:54:09.767+0000] {logging_mixin.py:137} INFO - [2023-02-28T15:54:09.767+0000] {dag.py:2690} INFO - Sync 1 DAGs
[2023-02-28T15:54:09.787+0000] {logging_mixin.py:137} INFO - [2023-02-28T15:54:09.787+0000] {dag.py:3441} INFO - Setting next_dagrun for example_sla_dag to 2023-02-28T15:52:00+00:00, run_after=2023-02-28T15:54:00+00:00
[2023-02-28T15:54:09.799+0000] {processor.py:175} INFO - Processing /home/airflow/.local/lib/python3.7/site-packages/airflow/example_dags/example_sla_dag.py took 0.080 seconds
[2023-02-28T15:54:40.610+0000] {processor.py:153} INFO - Started process (PID=1116) to work on /home/airflow/.local/lib/python3.7/site-packages/airflow/example_dags/example_sla_dag.py
[2023-02-28T15:54:40.612+0000] {processor.py:743} INFO - Processing file /home/airflow/.local/lib/python3.7/site-packages/airflow/example_dags/example_sla_dag.py for tasks to queue
[2023-02-28T15:54:40.613+0000] {logging_mixin.py:137} INFO - [2023-02-28T15:54:40.613+0000] {dagbag.py:538} INFO - Filling up the DagBag from /home/airflow/.local/lib/python3.7/site-packages/airflow/example_dags/example_sla_dag.py
[2023-02-28T15:54:40.634+0000] {processor.py:753} INFO - DAG(s) dict_keys(['example_sla_dag']) retrieved from /home/airflow/.local/lib/python3.7/site-packages/airflow/example_dags/example_sla_dag.py
[2023-02-28T15:54:40.666+0000] {logging_mixin.py:137} INFO - [2023-02-28T15:54:40.665+0000] {dag.py:2690} INFO - Sync 1 DAGs
[2023-02-28T15:54:40.691+0000] {logging_mixin.py:137} INFO - [2023-02-28T15:54:40.691+0000] {dag.py:3441} INFO - Setting next_dagrun for example_sla_dag to 2023-02-28T15:52:00+00:00, run_after=2023-02-28T15:54:00+00:00
[2023-02-28T15:54:40.708+0000] {processor.py:175} INFO - Processing /home/airflow/.local/lib/python3.7/site-packages/airflow/example_dags/example_sla_dag.py took 0.102 seconds
[2023-02-28T15:55:11.506+0000] {processor.py:153} INFO - Started process (PID=1180) to work on /home/airflow/.local/lib/python3.7/site-packages/airflow/example_dags/example_sla_dag.py
[2023-02-28T15:55:11.508+0000] {processor.py:743} INFO - Processing file /home/airflow/.local/lib/python3.7/site-packages/airflow/example_dags/example_sla_dag.py for tasks to queue
[2023-02-28T15:55:11.510+0000] {logging_mixin.py:137} INFO - [2023-02-28T15:55:11.510+0000] {dagbag.py:538} INFO - Filling up the DagBag from /home/airflow/.local/lib/python3.7/site-packages/airflow/example_dags/example_sla_dag.py
[2023-02-28T15:55:11.528+0000] {processor.py:753} INFO - DAG(s) dict_keys(['example_sla_dag']) retrieved from /home/airflow/.local/lib/python3.7/site-packages/airflow/example_dags/example_sla_dag.py
[2023-02-28T15:55:11.554+0000] {logging_mixin.py:137} INFO - [2023-02-28T15:55:11.554+0000] {dag.py:2690} INFO - Sync 1 DAGs
[2023-02-28T15:55:11.574+0000] {logging_mixin.py:137} INFO - [2023-02-28T15:55:11.574+0000] {dag.py:3441} INFO - Setting next_dagrun for example_sla_dag to 2023-02-28T15:52:00+00:00, run_after=2023-02-28T15:54:00+00:00
[2023-02-28T15:55:11.587+0000] {processor.py:175} INFO - Processing /home/airflow/.local/lib/python3.7/site-packages/airflow/example_dags/example_sla_dag.py took 0.085 seconds
[2023-02-28T15:55:42.380+0000] {processor.py:153} INFO - Started process (PID=1255) to work on /home/airflow/.local/lib/python3.7/site-packages/airflow/example_dags/example_sla_dag.py
[2023-02-28T15:55:42.382+0000] {processor.py:743} INFO - Processing file /home/airflow/.local/lib/python3.7/site-packages/airflow/example_dags/example_sla_dag.py for tasks to queue
[2023-02-28T15:55:42.383+0000] {logging_mixin.py:137} INFO - [2023-02-28T15:55:42.383+0000] {dagbag.py:538} INFO - Filling up the DagBag from /home/airflow/.local/lib/python3.7/site-packages/airflow/example_dags/example_sla_dag.py
[2023-02-28T15:55:42.401+0000] {processor.py:753} INFO - DAG(s) dict_keys(['example_sla_dag']) retrieved from /home/airflow/.local/lib/python3.7/site-packages/airflow/example_dags/example_sla_dag.py
[2023-02-28T15:55:42.426+0000] {logging_mixin.py:137} INFO - [2023-02-28T15:55:42.426+0000] {dag.py:2690} INFO - Sync 1 DAGs
[2023-02-28T15:55:42.446+0000] {logging_mixin.py:137} INFO - [2023-02-28T15:55:42.446+0000] {dag.py:3441} INFO - Setting next_dagrun for example_sla_dag to 2023-02-28T15:52:00+00:00, run_after=2023-02-28T15:54:00+00:00
[2023-02-28T15:55:42.460+0000] {processor.py:175} INFO - Processing /home/airflow/.local/lib/python3.7/site-packages/airflow/example_dags/example_sla_dag.py took 0.083 seconds
[2023-02-28T15:56:13.291+0000] {processor.py:153} INFO - Started process (PID=1330) to work on /home/airflow/.local/lib/python3.7/site-packages/airflow/example_dags/example_sla_dag.py
[2023-02-28T15:56:13.293+0000] {processor.py:743} INFO - Processing file /home/airflow/.local/lib/python3.7/site-packages/airflow/example_dags/example_sla_dag.py for tasks to queue
[2023-02-28T15:56:13.295+0000] {logging_mixin.py:137} INFO - [2023-02-28T15:56:13.294+0000] {dagbag.py:538} INFO - Filling up the DagBag from /home/airflow/.local/lib/python3.7/site-packages/airflow/example_dags/example_sla_dag.py
[2023-02-28T15:56:13.335+0000] {processor.py:753} INFO - DAG(s) dict_keys(['example_sla_dag']) retrieved from /home/airflow/.local/lib/python3.7/site-packages/airflow/example_dags/example_sla_dag.py
[2023-02-28T15:56:13.376+0000] {logging_mixin.py:137} INFO - [2023-02-28T15:56:13.376+0000] {dag.py:2690} INFO - Sync 1 DAGs
[2023-02-28T15:56:13.397+0000] {logging_mixin.py:137} INFO - [2023-02-28T15:56:13.397+0000] {dag.py:3441} INFO - Setting next_dagrun for example_sla_dag to 2023-02-28T15:54:00+00:00, run_after=2023-02-28T15:56:00+00:00
[2023-02-28T15:56:13.414+0000] {processor.py:175} INFO - Processing /home/airflow/.local/lib/python3.7/site-packages/airflow/example_dags/example_sla_dag.py took 0.127 seconds
[2023-02-28T15:56:44.266+0000] {processor.py:153} INFO - Started process (PID=1392) to work on /home/airflow/.local/lib/python3.7/site-packages/airflow/example_dags/example_sla_dag.py
[2023-02-28T15:56:44.268+0000] {processor.py:743} INFO - Processing file /home/airflow/.local/lib/python3.7/site-packages/airflow/example_dags/example_sla_dag.py for tasks to queue
[2023-02-28T15:56:44.269+0000] {logging_mixin.py:137} INFO - [2023-02-28T15:56:44.269+0000] {dagbag.py:538} INFO - Filling up the DagBag from /home/airflow/.local/lib/python3.7/site-packages/airflow/example_dags/example_sla_dag.py
[2023-02-28T15:56:44.286+0000] {processor.py:753} INFO - DAG(s) dict_keys(['example_sla_dag']) retrieved from /home/airflow/.local/lib/python3.7/site-packages/airflow/example_dags/example_sla_dag.py
[2023-02-28T15:56:44.309+0000] {logging_mixin.py:137} INFO - [2023-02-28T15:56:44.308+0000] {dag.py:2690} INFO - Sync 1 DAGs
[2023-02-28T15:56:44.326+0000] {logging_mixin.py:137} INFO - [2023-02-28T15:56:44.326+0000] {dag.py:3441} INFO - Setting next_dagrun for example_sla_dag to 2023-02-28T15:54:00+00:00, run_after=2023-02-28T15:56:00+00:00
[2023-02-28T15:56:44.339+0000] {processor.py:175} INFO - Processing /home/airflow/.local/lib/python3.7/site-packages/airflow/example_dags/example_sla_dag.py took 0.076 seconds
[2023-02-28T15:57:15.167+0000] {processor.py:153} INFO - Started process (PID=1467) to work on /home/airflow/.local/lib/python3.7/site-packages/airflow/example_dags/example_sla_dag.py
[2023-02-28T15:57:15.169+0000] {processor.py:743} INFO - Processing file /home/airflow/.local/lib/python3.7/site-packages/airflow/example_dags/example_sla_dag.py for tasks to queue
[2023-02-28T15:57:15.170+0000] {logging_mixin.py:137} INFO - [2023-02-28T15:57:15.170+0000] {dagbag.py:538} INFO - Filling up the DagBag from /home/airflow/.local/lib/python3.7/site-packages/airflow/example_dags/example_sla_dag.py
[2023-02-28T15:57:15.188+0000] {processor.py:753} INFO - DAG(s) dict_keys(['example_sla_dag']) retrieved from /home/airflow/.local/lib/python3.7/site-packages/airflow/example_dags/example_sla_dag.py
[2023-02-28T15:57:15.211+0000] {logging_mixin.py:137} INFO - [2023-02-28T15:57:15.211+0000] {dag.py:2690} INFO - Sync 1 DAGs
[2023-02-28T15:57:15.231+0000] {logging_mixin.py:137} INFO - [2023-02-28T15:57:15.231+0000] {dag.py:3441} INFO - Setting next_dagrun for example_sla_dag to 2023-02-28T15:54:00+00:00, run_after=2023-02-28T15:56:00+00:00
[2023-02-28T15:57:15.243+0000] {processor.py:175} INFO - Processing /home/airflow/.local/lib/python3.7/site-packages/airflow/example_dags/example_sla_dag.py took 0.080 seconds
[2023-02-28T15:57:45.980+0000] {processor.py:153} INFO - Started process (PID=1542) to work on /home/airflow/.local/lib/python3.7/site-packages/airflow/example_dags/example_sla_dag.py
[2023-02-28T15:57:45.982+0000] {processor.py:743} INFO - Processing file /home/airflow/.local/lib/python3.7/site-packages/airflow/example_dags/example_sla_dag.py for tasks to queue
[2023-02-28T15:57:45.983+0000] {logging_mixin.py:137} INFO - [2023-02-28T15:57:45.983+0000] {dagbag.py:538} INFO - Filling up the DagBag from /home/airflow/.local/lib/python3.7/site-packages/airflow/example_dags/example_sla_dag.py
[2023-02-28T15:57:46.001+0000] {processor.py:753} INFO - DAG(s) dict_keys(['example_sla_dag']) retrieved from /home/airflow/.local/lib/python3.7/site-packages/airflow/example_dags/example_sla_dag.py
[2023-02-28T15:57:46.025+0000] {logging_mixin.py:137} INFO - [2023-02-28T15:57:46.025+0000] {dag.py:2690} INFO - Sync 1 DAGs
[2023-02-28T15:57:46.043+0000] {logging_mixin.py:137} INFO - [2023-02-28T15:57:46.043+0000] {dag.py:3441} INFO - Setting next_dagrun for example_sla_dag to 2023-02-28T15:54:00+00:00, run_after=2023-02-28T15:56:00+00:00
[2023-02-28T15:57:46.057+0000] {processor.py:175} INFO - Processing /home/airflow/.local/lib/python3.7/site-packages/airflow/example_dags/example_sla_dag.py took 0.080 seconds
[2023-02-28T15:58:16.688+0000] {processor.py:153} INFO - Started process (PID=1606) to work on /home/airflow/.local/lib/python3.7/site-packages/airflow/example_dags/example_sla_dag.py
[2023-02-28T15:58:16.690+0000] {processor.py:743} INFO - Processing file /home/airflow/.local/lib/python3.7/site-packages/airflow/example_dags/example_sla_dag.py for tasks to queue
[2023-02-28T15:58:16.691+0000] {logging_mixin.py:137} INFO - [2023-02-28T15:58:16.691+0000] {dagbag.py:538} INFO - Filling up the DagBag from /home/airflow/.local/lib/python3.7/site-packages/airflow/example_dags/example_sla_dag.py
[2023-02-28T15:58:16.709+0000] {processor.py:753} INFO - DAG(s) dict_keys(['example_sla_dag']) retrieved from /home/airflow/.local/lib/python3.7/site-packages/airflow/example_dags/example_sla_dag.py
[2023-02-28T15:58:16.733+0000] {logging_mixin.py:137} INFO - [2023-02-28T15:58:16.733+0000] {dag.py:2690} INFO - Sync 1 DAGs
[2023-02-28T15:58:16.752+0000] {logging_mixin.py:137} INFO - [2023-02-28T15:58:16.752+0000] {dag.py:3441} INFO - Setting next_dagrun for example_sla_dag to 2023-02-28T15:56:00+00:00, run_after=2023-02-28T15:58:00+00:00
[2023-02-28T15:58:16.766+0000] {processor.py:175} INFO - Processing /home/airflow/.local/lib/python3.7/site-packages/airflow/example_dags/example_sla_dag.py took 0.081 seconds
[2023-02-28T15:58:47.605+0000] {processor.py:153} INFO - Started process (PID=1680) to work on /home/airflow/.local/lib/python3.7/site-packages/airflow/example_dags/example_sla_dag.py
[2023-02-28T15:58:47.607+0000] {processor.py:743} INFO - Processing file /home/airflow/.local/lib/python3.7/site-packages/airflow/example_dags/example_sla_dag.py for tasks to queue
[2023-02-28T15:58:47.608+0000] {logging_mixin.py:137} INFO - [2023-02-28T15:58:47.608+0000] {dagbag.py:538} INFO - Filling up the DagBag from /home/airflow/.local/lib/python3.7/site-packages/airflow/example_dags/example_sla_dag.py
[2023-02-28T15:58:47.625+0000] {processor.py:753} INFO - DAG(s) dict_keys(['example_sla_dag']) retrieved from /home/airflow/.local/lib/python3.7/site-packages/airflow/example_dags/example_sla_dag.py
[2023-02-28T15:58:47.656+0000] {logging_mixin.py:137} INFO - [2023-02-28T15:58:47.656+0000] {dag.py:2690} INFO - Sync 1 DAGs
[2023-02-28T15:58:47.685+0000] {logging_mixin.py:137} INFO - [2023-02-28T15:58:47.685+0000] {dag.py:3441} INFO - Setting next_dagrun for example_sla_dag to 2023-02-28T15:56:00+00:00, run_after=2023-02-28T15:58:00+00:00
[2023-02-28T15:58:47.698+0000] {processor.py:175} INFO - Processing /home/airflow/.local/lib/python3.7/site-packages/airflow/example_dags/example_sla_dag.py took 0.096 seconds
