[2023-02-28T15:46:56.366+0000] {processor.py:153} INFO - Started process (PID=33) to work on /home/airflow/.local/lib/python3.7/site-packages/airflow/example_dags/example_datasets.py
[2023-02-28T15:46:56.367+0000] {processor.py:743} INFO - Processing file /home/airflow/.local/lib/python3.7/site-packages/airflow/example_dags/example_datasets.py for tasks to queue
[2023-02-28T15:46:56.368+0000] {logging_mixin.py:137} INFO - [2023-02-28T15:46:56.368+0000] {dagbag.py:538} INFO - Filling up the DagBag from /home/airflow/.local/lib/python3.7/site-packages/airflow/example_dags/example_datasets.py
[2023-02-28T15:46:56.390+0000] {processor.py:753} INFO - DAG(s) dict_keys(['dataset_consumes_1_and_2', 'dataset_produces_1', 'dataset_consumes_unknown_never_scheduled', 'dataset_produces_2', 'dataset_consumes_1', 'dataset_consumes_1_never_scheduled']) retrieved from /home/airflow/.local/lib/python3.7/site-packages/airflow/example_dags/example_datasets.py
[2023-02-28T15:46:56.460+0000] {logging_mixin.py:137} INFO - [2023-02-28T15:46:56.460+0000] {dag.py:2690} INFO - Sync 6 DAGs
[2023-02-28T15:46:56.512+0000] {logging_mixin.py:137} INFO - [2023-02-28T15:46:56.512+0000] {dag.py:3441} INFO - Setting next_dagrun for dataset_consumes_1 to None, run_after=None
[2023-02-28T15:46:56.523+0000] {logging_mixin.py:137} INFO - [2023-02-28T15:46:56.523+0000] {dag.py:3441} INFO - Setting next_dagrun for dataset_consumes_1_and_2 to None, run_after=None
[2023-02-28T15:46:56.525+0000] {logging_mixin.py:137} INFO - [2023-02-28T15:46:56.525+0000] {dag.py:3441} INFO - Setting next_dagrun for dataset_consumes_1_never_scheduled to None, run_after=None
[2023-02-28T15:46:56.527+0000] {logging_mixin.py:137} INFO - [2023-02-28T15:46:56.527+0000] {dag.py:3441} INFO - Setting next_dagrun for dataset_consumes_unknown_never_scheduled to None, run_after=None
[2023-02-28T15:46:56.532+0000] {logging_mixin.py:137} INFO - [2023-02-28T15:46:56.532+0000] {dag.py:3441} INFO - Setting next_dagrun for dataset_produces_1 to 2023-02-27T00:00:00+00:00, run_after=2023-02-28T00:00:00+00:00
[2023-02-28T15:46:56.535+0000] {logging_mixin.py:137} INFO - [2023-02-28T15:46:56.535+0000] {dag.py:3441} INFO - Setting next_dagrun for dataset_produces_2 to None, run_after=None
[2023-02-28T15:46:56.585+0000] {processor.py:175} INFO - Processing /home/airflow/.local/lib/python3.7/site-packages/airflow/example_dags/example_datasets.py took 0.227 seconds
[2023-02-28T15:47:27.318+0000] {processor.py:153} INFO - Started process (PID=106) to work on /home/airflow/.local/lib/python3.7/site-packages/airflow/example_dags/example_datasets.py
[2023-02-28T15:47:27.320+0000] {processor.py:743} INFO - Processing file /home/airflow/.local/lib/python3.7/site-packages/airflow/example_dags/example_datasets.py for tasks to queue
[2023-02-28T15:47:27.324+0000] {logging_mixin.py:137} INFO - [2023-02-28T15:47:27.324+0000] {dagbag.py:538} INFO - Filling up the DagBag from /home/airflow/.local/lib/python3.7/site-packages/airflow/example_dags/example_datasets.py
[2023-02-28T15:47:27.343+0000] {processor.py:753} INFO - DAG(s) dict_keys(['dataset_consumes_unknown_never_scheduled', 'dataset_produces_2', 'dataset_consumes_1', 'dataset_consumes_1_never_scheduled', 'dataset_produces_1', 'dataset_consumes_1_and_2']) retrieved from /home/airflow/.local/lib/python3.7/site-packages/airflow/example_dags/example_datasets.py
[2023-02-28T15:47:27.417+0000] {logging_mixin.py:137} INFO - [2023-02-28T15:47:27.417+0000] {dag.py:2690} INFO - Sync 6 DAGs
[2023-02-28T15:47:27.434+0000] {logging_mixin.py:137} INFO - [2023-02-28T15:47:27.434+0000] {dag.py:3441} INFO - Setting next_dagrun for dataset_consumes_1 to None, run_after=None
[2023-02-28T15:47:27.441+0000] {logging_mixin.py:137} INFO - [2023-02-28T15:47:27.441+0000] {dag.py:3441} INFO - Setting next_dagrun for dataset_consumes_1_and_2 to None, run_after=None
[2023-02-28T15:47:27.443+0000] {logging_mixin.py:137} INFO - [2023-02-28T15:47:27.443+0000] {dag.py:3441} INFO - Setting next_dagrun for dataset_consumes_1_never_scheduled to None, run_after=None
[2023-02-28T15:47:27.445+0000] {logging_mixin.py:137} INFO - [2023-02-28T15:47:27.445+0000] {dag.py:3441} INFO - Setting next_dagrun for dataset_consumes_unknown_never_scheduled to None, run_after=None
[2023-02-28T15:47:27.448+0000] {logging_mixin.py:137} INFO - [2023-02-28T15:47:27.448+0000] {dag.py:3441} INFO - Setting next_dagrun for dataset_produces_1 to 2023-02-27T00:00:00+00:00, run_after=2023-02-28T00:00:00+00:00
[2023-02-28T15:47:27.450+0000] {logging_mixin.py:137} INFO - [2023-02-28T15:47:27.450+0000] {dag.py:3441} INFO - Setting next_dagrun for dataset_produces_2 to None, run_after=None
[2023-02-28T15:47:27.473+0000] {processor.py:175} INFO - Processing /home/airflow/.local/lib/python3.7/site-packages/airflow/example_dags/example_datasets.py took 0.164 seconds
[2023-02-28T15:47:58.015+0000] {processor.py:153} INFO - Started process (PID=169) to work on /home/airflow/.local/lib/python3.7/site-packages/airflow/example_dags/example_datasets.py
[2023-02-28T15:47:58.018+0000] {processor.py:743} INFO - Processing file /home/airflow/.local/lib/python3.7/site-packages/airflow/example_dags/example_datasets.py for tasks to queue
[2023-02-28T15:47:58.019+0000] {logging_mixin.py:137} INFO - [2023-02-28T15:47:58.019+0000] {dagbag.py:538} INFO - Filling up the DagBag from /home/airflow/.local/lib/python3.7/site-packages/airflow/example_dags/example_datasets.py
[2023-02-28T15:47:58.035+0000] {processor.py:753} INFO - DAG(s) dict_keys(['dataset_consumes_1_never_scheduled', 'dataset_produces_2', 'dataset_consumes_1', 'dataset_produces_1', 'dataset_consumes_1_and_2', 'dataset_consumes_unknown_never_scheduled']) retrieved from /home/airflow/.local/lib/python3.7/site-packages/airflow/example_dags/example_datasets.py
[2023-02-28T15:47:58.070+0000] {logging_mixin.py:137} INFO - [2023-02-28T15:47:58.070+0000] {dag.py:2690} INFO - Sync 6 DAGs
[2023-02-28T15:47:58.092+0000] {logging_mixin.py:137} INFO - [2023-02-28T15:47:58.092+0000] {dag.py:3441} INFO - Setting next_dagrun for dataset_consumes_1 to None, run_after=None
[2023-02-28T15:47:58.095+0000] {logging_mixin.py:137} INFO - [2023-02-28T15:47:58.095+0000] {dag.py:3441} INFO - Setting next_dagrun for dataset_consumes_1_and_2 to None, run_after=None
[2023-02-28T15:47:58.097+0000] {logging_mixin.py:137} INFO - [2023-02-28T15:47:58.097+0000] {dag.py:3441} INFO - Setting next_dagrun for dataset_consumes_1_never_scheduled to None, run_after=None
[2023-02-28T15:47:58.099+0000] {logging_mixin.py:137} INFO - [2023-02-28T15:47:58.099+0000] {dag.py:3441} INFO - Setting next_dagrun for dataset_consumes_unknown_never_scheduled to None, run_after=None
[2023-02-28T15:47:58.105+0000] {logging_mixin.py:137} INFO - [2023-02-28T15:47:58.105+0000] {dag.py:3441} INFO - Setting next_dagrun for dataset_produces_1 to 2023-02-27T00:00:00+00:00, run_after=2023-02-28T00:00:00+00:00
[2023-02-28T15:47:58.108+0000] {logging_mixin.py:137} INFO - [2023-02-28T15:47:58.108+0000] {dag.py:3441} INFO - Setting next_dagrun for dataset_produces_2 to None, run_after=None
[2023-02-28T15:47:58.134+0000] {processor.py:175} INFO - Processing /home/airflow/.local/lib/python3.7/site-packages/airflow/example_dags/example_datasets.py took 0.124 seconds
[2023-02-28T15:48:28.265+0000] {processor.py:153} INFO - Started process (PID=244) to work on /home/airflow/.local/lib/python3.7/site-packages/airflow/example_dags/example_datasets.py
[2023-02-28T15:48:28.268+0000] {processor.py:743} INFO - Processing file /home/airflow/.local/lib/python3.7/site-packages/airflow/example_dags/example_datasets.py for tasks to queue
[2023-02-28T15:48:28.271+0000] {logging_mixin.py:137} INFO - [2023-02-28T15:48:28.270+0000] {dagbag.py:538} INFO - Filling up the DagBag from /home/airflow/.local/lib/python3.7/site-packages/airflow/example_dags/example_datasets.py
[2023-02-28T15:48:28.285+0000] {processor.py:753} INFO - DAG(s) dict_keys(['dataset_consumes_unknown_never_scheduled', 'dataset_consumes_1_never_scheduled', 'dataset_consumes_1', 'dataset_produces_2', 'dataset_consumes_1_and_2', 'dataset_produces_1']) retrieved from /home/airflow/.local/lib/python3.7/site-packages/airflow/example_dags/example_datasets.py
[2023-02-28T15:48:28.319+0000] {logging_mixin.py:137} INFO - [2023-02-28T15:48:28.319+0000] {dag.py:2690} INFO - Sync 6 DAGs
[2023-02-28T15:48:28.337+0000] {logging_mixin.py:137} INFO - [2023-02-28T15:48:28.337+0000] {dag.py:3441} INFO - Setting next_dagrun for dataset_consumes_1 to None, run_after=None
[2023-02-28T15:48:28.341+0000] {logging_mixin.py:137} INFO - [2023-02-28T15:48:28.341+0000] {dag.py:3441} INFO - Setting next_dagrun for dataset_consumes_1_and_2 to None, run_after=None
[2023-02-28T15:48:28.343+0000] {logging_mixin.py:137} INFO - [2023-02-28T15:48:28.343+0000] {dag.py:3441} INFO - Setting next_dagrun for dataset_consumes_1_never_scheduled to None, run_after=None
[2023-02-28T15:48:28.344+0000] {logging_mixin.py:137} INFO - [2023-02-28T15:48:28.344+0000] {dag.py:3441} INFO - Setting next_dagrun for dataset_consumes_unknown_never_scheduled to None, run_after=None
[2023-02-28T15:48:28.347+0000] {logging_mixin.py:137} INFO - [2023-02-28T15:48:28.347+0000] {dag.py:3441} INFO - Setting next_dagrun for dataset_produces_1 to 2023-02-27T00:00:00+00:00, run_after=2023-02-28T00:00:00+00:00
[2023-02-28T15:48:28.349+0000] {logging_mixin.py:137} INFO - [2023-02-28T15:48:28.349+0000] {dag.py:3441} INFO - Setting next_dagrun for dataset_produces_2 to None, run_after=None
[2023-02-28T15:48:28.373+0000] {processor.py:175} INFO - Processing /home/airflow/.local/lib/python3.7/site-packages/airflow/example_dags/example_datasets.py took 0.111 seconds
[2023-02-28T15:48:58.942+0000] {processor.py:153} INFO - Started process (PID=319) to work on /home/airflow/.local/lib/python3.7/site-packages/airflow/example_dags/example_datasets.py
[2023-02-28T15:48:58.944+0000] {processor.py:743} INFO - Processing file /home/airflow/.local/lib/python3.7/site-packages/airflow/example_dags/example_datasets.py for tasks to queue
[2023-02-28T15:48:58.947+0000] {logging_mixin.py:137} INFO - [2023-02-28T15:48:58.947+0000] {dagbag.py:538} INFO - Filling up the DagBag from /home/airflow/.local/lib/python3.7/site-packages/airflow/example_dags/example_datasets.py
[2023-02-28T15:48:58.962+0000] {processor.py:753} INFO - DAG(s) dict_keys(['dataset_consumes_1_and_2', 'dataset_consumes_1', 'dataset_produces_1', 'dataset_consumes_1_never_scheduled', 'dataset_consumes_unknown_never_scheduled', 'dataset_produces_2']) retrieved from /home/airflow/.local/lib/python3.7/site-packages/airflow/example_dags/example_datasets.py
[2023-02-28T15:48:58.998+0000] {logging_mixin.py:137} INFO - [2023-02-28T15:48:58.998+0000] {dag.py:2690} INFO - Sync 6 DAGs
[2023-02-28T15:48:59.016+0000] {logging_mixin.py:137} INFO - [2023-02-28T15:48:59.016+0000] {dag.py:3441} INFO - Setting next_dagrun for dataset_consumes_1 to None, run_after=None
[2023-02-28T15:48:59.019+0000] {logging_mixin.py:137} INFO - [2023-02-28T15:48:59.019+0000] {dag.py:3441} INFO - Setting next_dagrun for dataset_consumes_1_and_2 to None, run_after=None
[2023-02-28T15:48:59.021+0000] {logging_mixin.py:137} INFO - [2023-02-28T15:48:59.021+0000] {dag.py:3441} INFO - Setting next_dagrun for dataset_consumes_1_never_scheduled to None, run_after=None
[2023-02-28T15:48:59.022+0000] {logging_mixin.py:137} INFO - [2023-02-28T15:48:59.022+0000] {dag.py:3441} INFO - Setting next_dagrun for dataset_consumes_unknown_never_scheduled to None, run_after=None
[2023-02-28T15:48:59.025+0000] {logging_mixin.py:137} INFO - [2023-02-28T15:48:59.025+0000] {dag.py:3441} INFO - Setting next_dagrun for dataset_produces_1 to 2023-02-27T00:00:00+00:00, run_after=2023-02-28T00:00:00+00:00
[2023-02-28T15:48:59.027+0000] {logging_mixin.py:137} INFO - [2023-02-28T15:48:59.027+0000] {dag.py:3441} INFO - Setting next_dagrun for dataset_produces_2 to None, run_after=None
[2023-02-28T15:48:59.055+0000] {processor.py:175} INFO - Processing /home/airflow/.local/lib/python3.7/site-packages/airflow/example_dags/example_datasets.py took 0.117 seconds
[2023-02-28T15:49:29.960+0000] {processor.py:153} INFO - Started process (PID=382) to work on /home/airflow/.local/lib/python3.7/site-packages/airflow/example_dags/example_datasets.py
[2023-02-28T15:49:29.966+0000] {processor.py:743} INFO - Processing file /home/airflow/.local/lib/python3.7/site-packages/airflow/example_dags/example_datasets.py for tasks to queue
[2023-02-28T15:49:29.967+0000] {logging_mixin.py:137} INFO - [2023-02-28T15:49:29.967+0000] {dagbag.py:538} INFO - Filling up the DagBag from /home/airflow/.local/lib/python3.7/site-packages/airflow/example_dags/example_datasets.py
[2023-02-28T15:49:29.983+0000] {processor.py:753} INFO - DAG(s) dict_keys(['dataset_consumes_1', 'dataset_produces_2', 'dataset_produces_1', 'dataset_consumes_1_never_scheduled', 'dataset_consumes_1_and_2', 'dataset_consumes_unknown_never_scheduled']) retrieved from /home/airflow/.local/lib/python3.7/site-packages/airflow/example_dags/example_datasets.py
[2023-02-28T15:49:30.018+0000] {logging_mixin.py:137} INFO - [2023-02-28T15:49:30.018+0000] {dag.py:2690} INFO - Sync 6 DAGs
[2023-02-28T15:49:30.037+0000] {logging_mixin.py:137} INFO - [2023-02-28T15:49:30.037+0000] {dag.py:3441} INFO - Setting next_dagrun for dataset_consumes_1 to None, run_after=None
[2023-02-28T15:49:30.041+0000] {logging_mixin.py:137} INFO - [2023-02-28T15:49:30.041+0000] {dag.py:3441} INFO - Setting next_dagrun for dataset_consumes_1_and_2 to None, run_after=None
[2023-02-28T15:49:30.043+0000] {logging_mixin.py:137} INFO - [2023-02-28T15:49:30.043+0000] {dag.py:3441} INFO - Setting next_dagrun for dataset_consumes_1_never_scheduled to None, run_after=None
[2023-02-28T15:49:30.045+0000] {logging_mixin.py:137} INFO - [2023-02-28T15:49:30.045+0000] {dag.py:3441} INFO - Setting next_dagrun for dataset_consumes_unknown_never_scheduled to None, run_after=None
[2023-02-28T15:49:30.048+0000] {logging_mixin.py:137} INFO - [2023-02-28T15:49:30.048+0000] {dag.py:3441} INFO - Setting next_dagrun for dataset_produces_1 to 2023-02-27T00:00:00+00:00, run_after=2023-02-28T00:00:00+00:00
[2023-02-28T15:49:30.049+0000] {logging_mixin.py:137} INFO - [2023-02-28T15:49:30.049+0000] {dag.py:3441} INFO - Setting next_dagrun for dataset_produces_2 to None, run_after=None
[2023-02-28T15:49:30.078+0000] {processor.py:175} INFO - Processing /home/airflow/.local/lib/python3.7/site-packages/airflow/example_dags/example_datasets.py took 0.122 seconds
[2023-02-28T15:50:00.789+0000] {processor.py:153} INFO - Started process (PID=457) to work on /home/airflow/.local/lib/python3.7/site-packages/airflow/example_dags/example_datasets.py
[2023-02-28T15:50:00.791+0000] {processor.py:743} INFO - Processing file /home/airflow/.local/lib/python3.7/site-packages/airflow/example_dags/example_datasets.py for tasks to queue
[2023-02-28T15:50:00.793+0000] {logging_mixin.py:137} INFO - [2023-02-28T15:50:00.793+0000] {dagbag.py:538} INFO - Filling up the DagBag from /home/airflow/.local/lib/python3.7/site-packages/airflow/example_dags/example_datasets.py
[2023-02-28T15:50:00.810+0000] {processor.py:753} INFO - DAG(s) dict_keys(['dataset_consumes_1_never_scheduled', 'dataset_consumes_1_and_2', 'dataset_produces_2', 'dataset_consumes_1', 'dataset_consumes_unknown_never_scheduled', 'dataset_produces_1']) retrieved from /home/airflow/.local/lib/python3.7/site-packages/airflow/example_dags/example_datasets.py
[2023-02-28T15:50:00.843+0000] {logging_mixin.py:137} INFO - [2023-02-28T15:50:00.843+0000] {dag.py:2690} INFO - Sync 6 DAGs
[2023-02-28T15:50:00.862+0000] {logging_mixin.py:137} INFO - [2023-02-28T15:50:00.862+0000] {dag.py:3441} INFO - Setting next_dagrun for dataset_consumes_1 to None, run_after=None
[2023-02-28T15:50:00.866+0000] {logging_mixin.py:137} INFO - [2023-02-28T15:50:00.866+0000] {dag.py:3441} INFO - Setting next_dagrun for dataset_consumes_1_and_2 to None, run_after=None
[2023-02-28T15:50:00.868+0000] {logging_mixin.py:137} INFO - [2023-02-28T15:50:00.868+0000] {dag.py:3441} INFO - Setting next_dagrun for dataset_consumes_1_never_scheduled to None, run_after=None
[2023-02-28T15:50:00.871+0000] {logging_mixin.py:137} INFO - [2023-02-28T15:50:00.871+0000] {dag.py:3441} INFO - Setting next_dagrun for dataset_consumes_unknown_never_scheduled to None, run_after=None
[2023-02-28T15:50:00.874+0000] {logging_mixin.py:137} INFO - [2023-02-28T15:50:00.874+0000] {dag.py:3441} INFO - Setting next_dagrun for dataset_produces_1 to 2023-02-27T00:00:00+00:00, run_after=2023-02-28T00:00:00+00:00
[2023-02-28T15:50:00.878+0000] {logging_mixin.py:137} INFO - [2023-02-28T15:50:00.878+0000] {dag.py:3441} INFO - Setting next_dagrun for dataset_produces_2 to None, run_after=None
[2023-02-28T15:50:00.905+0000] {processor.py:175} INFO - Processing /home/airflow/.local/lib/python3.7/site-packages/airflow/example_dags/example_datasets.py took 0.121 seconds
[2023-02-28T15:50:31.759+0000] {processor.py:153} INFO - Started process (PID=533) to work on /home/airflow/.local/lib/python3.7/site-packages/airflow/example_dags/example_datasets.py
[2023-02-28T15:50:31.762+0000] {processor.py:743} INFO - Processing file /home/airflow/.local/lib/python3.7/site-packages/airflow/example_dags/example_datasets.py for tasks to queue
[2023-02-28T15:50:31.763+0000] {logging_mixin.py:137} INFO - [2023-02-28T15:50:31.763+0000] {dagbag.py:538} INFO - Filling up the DagBag from /home/airflow/.local/lib/python3.7/site-packages/airflow/example_dags/example_datasets.py
[2023-02-28T15:50:31.778+0000] {processor.py:753} INFO - DAG(s) dict_keys(['dataset_consumes_1_and_2', 'dataset_produces_1', 'dataset_consumes_1', 'dataset_produces_2', 'dataset_consumes_1_never_scheduled', 'dataset_consumes_unknown_never_scheduled']) retrieved from /home/airflow/.local/lib/python3.7/site-packages/airflow/example_dags/example_datasets.py
[2023-02-28T15:50:31.812+0000] {logging_mixin.py:137} INFO - [2023-02-28T15:50:31.812+0000] {dag.py:2690} INFO - Sync 6 DAGs
[2023-02-28T15:50:31.830+0000] {logging_mixin.py:137} INFO - [2023-02-28T15:50:31.830+0000] {dag.py:3441} INFO - Setting next_dagrun for dataset_consumes_1 to None, run_after=None
[2023-02-28T15:50:31.834+0000] {logging_mixin.py:137} INFO - [2023-02-28T15:50:31.834+0000] {dag.py:3441} INFO - Setting next_dagrun for dataset_consumes_1_and_2 to None, run_after=None
[2023-02-28T15:50:31.836+0000] {logging_mixin.py:137} INFO - [2023-02-28T15:50:31.836+0000] {dag.py:3441} INFO - Setting next_dagrun for dataset_consumes_1_never_scheduled to None, run_after=None
[2023-02-28T15:50:31.838+0000] {logging_mixin.py:137} INFO - [2023-02-28T15:50:31.838+0000] {dag.py:3441} INFO - Setting next_dagrun for dataset_consumes_unknown_never_scheduled to None, run_after=None
[2023-02-28T15:50:31.843+0000] {logging_mixin.py:137} INFO - [2023-02-28T15:50:31.843+0000] {dag.py:3441} INFO - Setting next_dagrun for dataset_produces_1 to 2023-02-27T00:00:00+00:00, run_after=2023-02-28T00:00:00+00:00
[2023-02-28T15:50:31.846+0000] {logging_mixin.py:137} INFO - [2023-02-28T15:50:31.846+0000] {dag.py:3441} INFO - Setting next_dagrun for dataset_produces_2 to None, run_after=None
[2023-02-28T15:50:31.873+0000] {processor.py:175} INFO - Processing /home/airflow/.local/lib/python3.7/site-packages/airflow/example_dags/example_datasets.py took 0.121 seconds
[2023-02-28T15:51:02.711+0000] {processor.py:153} INFO - Started process (PID=608) to work on /home/airflow/.local/lib/python3.7/site-packages/airflow/example_dags/example_datasets.py
[2023-02-28T15:51:02.714+0000] {processor.py:743} INFO - Processing file /home/airflow/.local/lib/python3.7/site-packages/airflow/example_dags/example_datasets.py for tasks to queue
[2023-02-28T15:51:02.717+0000] {logging_mixin.py:137} INFO - [2023-02-28T15:51:02.717+0000] {dagbag.py:538} INFO - Filling up the DagBag from /home/airflow/.local/lib/python3.7/site-packages/airflow/example_dags/example_datasets.py
[2023-02-28T15:51:02.737+0000] {processor.py:753} INFO - DAG(s) dict_keys(['dataset_consumes_1_and_2', 'dataset_produces_1', 'dataset_consumes_1_never_scheduled', 'dataset_consumes_unknown_never_scheduled', 'dataset_produces_2', 'dataset_consumes_1']) retrieved from /home/airflow/.local/lib/python3.7/site-packages/airflow/example_dags/example_datasets.py
[2023-02-28T15:51:02.775+0000] {logging_mixin.py:137} INFO - [2023-02-28T15:51:02.775+0000] {dag.py:2690} INFO - Sync 6 DAGs
[2023-02-28T15:51:02.793+0000] {logging_mixin.py:137} INFO - [2023-02-28T15:51:02.793+0000] {dag.py:3441} INFO - Setting next_dagrun for dataset_consumes_1 to None, run_after=None
[2023-02-28T15:51:02.798+0000] {logging_mixin.py:137} INFO - [2023-02-28T15:51:02.798+0000] {dag.py:3441} INFO - Setting next_dagrun for dataset_consumes_1_and_2 to None, run_after=None
[2023-02-28T15:51:02.800+0000] {logging_mixin.py:137} INFO - [2023-02-28T15:51:02.800+0000] {dag.py:3441} INFO - Setting next_dagrun for dataset_consumes_1_never_scheduled to None, run_after=None
[2023-02-28T15:51:02.802+0000] {logging_mixin.py:137} INFO - [2023-02-28T15:51:02.802+0000] {dag.py:3441} INFO - Setting next_dagrun for dataset_consumes_unknown_never_scheduled to None, run_after=None
[2023-02-28T15:51:02.805+0000] {logging_mixin.py:137} INFO - [2023-02-28T15:51:02.805+0000] {dag.py:3441} INFO - Setting next_dagrun for dataset_produces_1 to 2023-02-27T00:00:00+00:00, run_after=2023-02-28T00:00:00+00:00
[2023-02-28T15:51:02.806+0000] {logging_mixin.py:137} INFO - [2023-02-28T15:51:02.806+0000] {dag.py:3441} INFO - Setting next_dagrun for dataset_produces_2 to None, run_after=None
[2023-02-28T15:51:02.835+0000] {processor.py:175} INFO - Processing /home/airflow/.local/lib/python3.7/site-packages/airflow/example_dags/example_datasets.py took 0.129 seconds
[2023-02-28T15:51:33.611+0000] {processor.py:153} INFO - Started process (PID=671) to work on /home/airflow/.local/lib/python3.7/site-packages/airflow/example_dags/example_datasets.py
[2023-02-28T15:51:33.613+0000] {processor.py:743} INFO - Processing file /home/airflow/.local/lib/python3.7/site-packages/airflow/example_dags/example_datasets.py for tasks to queue
[2023-02-28T15:51:33.615+0000] {logging_mixin.py:137} INFO - [2023-02-28T15:51:33.615+0000] {dagbag.py:538} INFO - Filling up the DagBag from /home/airflow/.local/lib/python3.7/site-packages/airflow/example_dags/example_datasets.py
[2023-02-28T15:51:33.633+0000] {processor.py:753} INFO - DAG(s) dict_keys(['dataset_produces_2', 'dataset_consumes_1_and_2', 'dataset_produces_1', 'dataset_consumes_unknown_never_scheduled', 'dataset_consumes_1_never_scheduled', 'dataset_consumes_1']) retrieved from /home/airflow/.local/lib/python3.7/site-packages/airflow/example_dags/example_datasets.py
[2023-02-28T15:51:33.669+0000] {logging_mixin.py:137} INFO - [2023-02-28T15:51:33.668+0000] {dag.py:2690} INFO - Sync 6 DAGs
[2023-02-28T15:51:33.688+0000] {logging_mixin.py:137} INFO - [2023-02-28T15:51:33.688+0000] {dag.py:3441} INFO - Setting next_dagrun for dataset_consumes_1 to None, run_after=None
[2023-02-28T15:51:33.691+0000] {logging_mixin.py:137} INFO - [2023-02-28T15:51:33.691+0000] {dag.py:3441} INFO - Setting next_dagrun for dataset_consumes_1_and_2 to None, run_after=None
[2023-02-28T15:51:33.693+0000] {logging_mixin.py:137} INFO - [2023-02-28T15:51:33.693+0000] {dag.py:3441} INFO - Setting next_dagrun for dataset_consumes_1_never_scheduled to None, run_after=None
[2023-02-28T15:51:33.695+0000] {logging_mixin.py:137} INFO - [2023-02-28T15:51:33.695+0000] {dag.py:3441} INFO - Setting next_dagrun for dataset_consumes_unknown_never_scheduled to None, run_after=None
[2023-02-28T15:51:33.698+0000] {logging_mixin.py:137} INFO - [2023-02-28T15:51:33.697+0000] {dag.py:3441} INFO - Setting next_dagrun for dataset_produces_1 to 2023-02-27T00:00:00+00:00, run_after=2023-02-28T00:00:00+00:00
[2023-02-28T15:51:33.700+0000] {logging_mixin.py:137} INFO - [2023-02-28T15:51:33.699+0000] {dag.py:3441} INFO - Setting next_dagrun for dataset_produces_2 to None, run_after=None
[2023-02-28T15:51:33.724+0000] {processor.py:175} INFO - Processing /home/airflow/.local/lib/python3.7/site-packages/airflow/example_dags/example_datasets.py took 0.119 seconds
[2023-02-28T15:52:04.583+0000] {processor.py:153} INFO - Started process (PID=746) to work on /home/airflow/.local/lib/python3.7/site-packages/airflow/example_dags/example_datasets.py
[2023-02-28T15:52:04.585+0000] {processor.py:743} INFO - Processing file /home/airflow/.local/lib/python3.7/site-packages/airflow/example_dags/example_datasets.py for tasks to queue
[2023-02-28T15:52:04.588+0000] {logging_mixin.py:137} INFO - [2023-02-28T15:52:04.587+0000] {dagbag.py:538} INFO - Filling up the DagBag from /home/airflow/.local/lib/python3.7/site-packages/airflow/example_dags/example_datasets.py
[2023-02-28T15:52:04.601+0000] {processor.py:753} INFO - DAG(s) dict_keys(['dataset_produces_2', 'dataset_consumes_1_never_scheduled', 'dataset_consumes_1', 'dataset_consumes_unknown_never_scheduled', 'dataset_produces_1', 'dataset_consumes_1_and_2']) retrieved from /home/airflow/.local/lib/python3.7/site-packages/airflow/example_dags/example_datasets.py
[2023-02-28T15:52:04.663+0000] {logging_mixin.py:137} INFO - [2023-02-28T15:52:04.663+0000] {dag.py:2690} INFO - Sync 6 DAGs
[2023-02-28T15:52:04.675+0000] {logging_mixin.py:137} INFO - [2023-02-28T15:52:04.675+0000] {dag.py:2711} INFO - Creating ORM DAG for dataset_consumes_1
[2023-02-28T15:52:04.676+0000] {logging_mixin.py:137} INFO - [2023-02-28T15:52:04.676+0000] {dag.py:2711} INFO - Creating ORM DAG for dataset_consumes_1_and_2
[2023-02-28T15:52:04.686+0000] {logging_mixin.py:137} INFO - [2023-02-28T15:52:04.686+0000] {dag.py:3441} INFO - Setting next_dagrun for dataset_consumes_1 to None, run_after=None
[2023-02-28T15:52:04.687+0000] {logging_mixin.py:137} INFO - [2023-02-28T15:52:04.687+0000] {dag.py:3441} INFO - Setting next_dagrun for dataset_consumes_1_and_2 to None, run_after=None
[2023-02-28T15:52:04.689+0000] {logging_mixin.py:137} INFO - [2023-02-28T15:52:04.689+0000] {dag.py:3441} INFO - Setting next_dagrun for dataset_consumes_1_never_scheduled to None, run_after=None
[2023-02-28T15:52:04.692+0000] {logging_mixin.py:137} INFO - [2023-02-28T15:52:04.692+0000] {dag.py:3441} INFO - Setting next_dagrun for dataset_consumes_unknown_never_scheduled to None, run_after=None
[2023-02-28T15:52:04.695+0000] {logging_mixin.py:137} INFO - [2023-02-28T15:52:04.695+0000] {dag.py:3441} INFO - Setting next_dagrun for dataset_produces_1 to 2023-02-27T00:00:00+00:00, run_after=2023-02-28T00:00:00+00:00
[2023-02-28T15:52:04.698+0000] {logging_mixin.py:137} INFO - [2023-02-28T15:52:04.697+0000] {dag.py:3441} INFO - Setting next_dagrun for dataset_produces_2 to None, run_after=None
[2023-02-28T15:52:04.731+0000] {processor.py:175} INFO - Processing /home/airflow/.local/lib/python3.7/site-packages/airflow/example_dags/example_datasets.py took 0.150 seconds
[2023-02-28T15:52:35.429+0000] {processor.py:153} INFO - Started process (PID=821) to work on /home/airflow/.local/lib/python3.7/site-packages/airflow/example_dags/example_datasets.py
[2023-02-28T15:52:35.435+0000] {processor.py:743} INFO - Processing file /home/airflow/.local/lib/python3.7/site-packages/airflow/example_dags/example_datasets.py for tasks to queue
[2023-02-28T15:52:35.437+0000] {logging_mixin.py:137} INFO - [2023-02-28T15:52:35.437+0000] {dagbag.py:538} INFO - Filling up the DagBag from /home/airflow/.local/lib/python3.7/site-packages/airflow/example_dags/example_datasets.py
[2023-02-28T15:52:35.457+0000] {processor.py:753} INFO - DAG(s) dict_keys(['dataset_produces_2', 'dataset_consumes_1_and_2', 'dataset_consumes_1_never_scheduled', 'dataset_produces_1', 'dataset_consumes_unknown_never_scheduled', 'dataset_consumes_1']) retrieved from /home/airflow/.local/lib/python3.7/site-packages/airflow/example_dags/example_datasets.py
[2023-02-28T15:52:35.492+0000] {logging_mixin.py:137} INFO - [2023-02-28T15:52:35.492+0000] {dag.py:2690} INFO - Sync 6 DAGs
[2023-02-28T15:52:35.509+0000] {logging_mixin.py:137} INFO - [2023-02-28T15:52:35.509+0000] {dag.py:3441} INFO - Setting next_dagrun for dataset_consumes_1 to None, run_after=None
[2023-02-28T15:52:35.512+0000] {logging_mixin.py:137} INFO - [2023-02-28T15:52:35.512+0000] {dag.py:3441} INFO - Setting next_dagrun for dataset_consumes_1_and_2 to None, run_after=None
[2023-02-28T15:52:35.514+0000] {logging_mixin.py:137} INFO - [2023-02-28T15:52:35.513+0000] {dag.py:3441} INFO - Setting next_dagrun for dataset_consumes_1_never_scheduled to None, run_after=None
[2023-02-28T15:52:35.515+0000] {logging_mixin.py:137} INFO - [2023-02-28T15:52:35.515+0000] {dag.py:3441} INFO - Setting next_dagrun for dataset_consumes_unknown_never_scheduled to None, run_after=None
[2023-02-28T15:52:35.519+0000] {logging_mixin.py:137} INFO - [2023-02-28T15:52:35.519+0000] {dag.py:3441} INFO - Setting next_dagrun for dataset_produces_1 to 2023-02-27T00:00:00+00:00, run_after=2023-02-28T00:00:00+00:00
[2023-02-28T15:52:35.521+0000] {logging_mixin.py:137} INFO - [2023-02-28T15:52:35.521+0000] {dag.py:3441} INFO - Setting next_dagrun for dataset_produces_2 to None, run_after=None
[2023-02-28T15:52:35.547+0000] {processor.py:175} INFO - Processing /home/airflow/.local/lib/python3.7/site-packages/airflow/example_dags/example_datasets.py took 0.125 seconds
[2023-02-28T15:53:06.275+0000] {processor.py:153} INFO - Started process (PID=884) to work on /home/airflow/.local/lib/python3.7/site-packages/airflow/example_dags/example_datasets.py
[2023-02-28T15:53:06.281+0000] {processor.py:743} INFO - Processing file /home/airflow/.local/lib/python3.7/site-packages/airflow/example_dags/example_datasets.py for tasks to queue
[2023-02-28T15:53:06.283+0000] {logging_mixin.py:137} INFO - [2023-02-28T15:53:06.283+0000] {dagbag.py:538} INFO - Filling up the DagBag from /home/airflow/.local/lib/python3.7/site-packages/airflow/example_dags/example_datasets.py
[2023-02-28T15:53:06.304+0000] {processor.py:753} INFO - DAG(s) dict_keys(['dataset_consumes_1_and_2', 'dataset_consumes_unknown_never_scheduled', 'dataset_produces_1', 'dataset_consumes_1', 'dataset_consumes_1_never_scheduled', 'dataset_produces_2']) retrieved from /home/airflow/.local/lib/python3.7/site-packages/airflow/example_dags/example_datasets.py
[2023-02-28T15:53:06.340+0000] {logging_mixin.py:137} INFO - [2023-02-28T15:53:06.340+0000] {dag.py:2690} INFO - Sync 6 DAGs
[2023-02-28T15:53:06.358+0000] {logging_mixin.py:137} INFO - [2023-02-28T15:53:06.358+0000] {dag.py:3441} INFO - Setting next_dagrun for dataset_consumes_1 to None, run_after=None
[2023-02-28T15:53:06.361+0000] {logging_mixin.py:137} INFO - [2023-02-28T15:53:06.361+0000] {dag.py:3441} INFO - Setting next_dagrun for dataset_consumes_1_and_2 to None, run_after=None
[2023-02-28T15:53:06.363+0000] {logging_mixin.py:137} INFO - [2023-02-28T15:53:06.363+0000] {dag.py:3441} INFO - Setting next_dagrun for dataset_consumes_1_never_scheduled to None, run_after=None
[2023-02-28T15:53:06.365+0000] {logging_mixin.py:137} INFO - [2023-02-28T15:53:06.365+0000] {dag.py:3441} INFO - Setting next_dagrun for dataset_consumes_unknown_never_scheduled to None, run_after=None
[2023-02-28T15:53:06.369+0000] {logging_mixin.py:137} INFO - [2023-02-28T15:53:06.368+0000] {dag.py:3441} INFO - Setting next_dagrun for dataset_produces_1 to 2023-02-27T00:00:00+00:00, run_after=2023-02-28T00:00:00+00:00
[2023-02-28T15:53:06.371+0000] {logging_mixin.py:137} INFO - [2023-02-28T15:53:06.371+0000] {dag.py:3441} INFO - Setting next_dagrun for dataset_produces_2 to None, run_after=None
[2023-02-28T15:53:06.399+0000] {processor.py:175} INFO - Processing /home/airflow/.local/lib/python3.7/site-packages/airflow/example_dags/example_datasets.py took 0.129 seconds
[2023-02-28T15:53:37.333+0000] {processor.py:153} INFO - Started process (PID=959) to work on /home/airflow/.local/lib/python3.7/site-packages/airflow/example_dags/example_datasets.py
[2023-02-28T15:53:37.335+0000] {processor.py:743} INFO - Processing file /home/airflow/.local/lib/python3.7/site-packages/airflow/example_dags/example_datasets.py for tasks to queue
[2023-02-28T15:53:37.337+0000] {logging_mixin.py:137} INFO - [2023-02-28T15:53:37.337+0000] {dagbag.py:538} INFO - Filling up the DagBag from /home/airflow/.local/lib/python3.7/site-packages/airflow/example_dags/example_datasets.py
[2023-02-28T15:53:37.354+0000] {processor.py:753} INFO - DAG(s) dict_keys(['dataset_consumes_unknown_never_scheduled', 'dataset_consumes_1', 'dataset_produces_1', 'dataset_consumes_1_and_2', 'dataset_produces_2', 'dataset_consumes_1_never_scheduled']) retrieved from /home/airflow/.local/lib/python3.7/site-packages/airflow/example_dags/example_datasets.py
[2023-02-28T15:53:37.389+0000] {logging_mixin.py:137} INFO - [2023-02-28T15:53:37.389+0000] {dag.py:2690} INFO - Sync 6 DAGs
[2023-02-28T15:53:37.412+0000] {logging_mixin.py:137} INFO - [2023-02-28T15:53:37.412+0000] {dag.py:3441} INFO - Setting next_dagrun for dataset_consumes_1 to None, run_after=None
[2023-02-28T15:53:37.416+0000] {logging_mixin.py:137} INFO - [2023-02-28T15:53:37.416+0000] {dag.py:3441} INFO - Setting next_dagrun for dataset_consumes_1_and_2 to None, run_after=None
[2023-02-28T15:53:37.419+0000] {logging_mixin.py:137} INFO - [2023-02-28T15:53:37.419+0000] {dag.py:3441} INFO - Setting next_dagrun for dataset_consumes_1_never_scheduled to None, run_after=None
[2023-02-28T15:53:37.421+0000] {logging_mixin.py:137} INFO - [2023-02-28T15:53:37.421+0000] {dag.py:3441} INFO - Setting next_dagrun for dataset_consumes_unknown_never_scheduled to None, run_after=None
[2023-02-28T15:53:37.424+0000] {logging_mixin.py:137} INFO - [2023-02-28T15:53:37.424+0000] {dag.py:3441} INFO - Setting next_dagrun for dataset_produces_1 to 2023-02-27T00:00:00+00:00, run_after=2023-02-28T00:00:00+00:00
[2023-02-28T15:53:37.426+0000] {logging_mixin.py:137} INFO - [2023-02-28T15:53:37.425+0000] {dag.py:3441} INFO - Setting next_dagrun for dataset_produces_2 to None, run_after=None
[2023-02-28T15:53:37.452+0000] {processor.py:175} INFO - Processing /home/airflow/.local/lib/python3.7/site-packages/airflow/example_dags/example_datasets.py took 0.123 seconds
[2023-02-28T15:54:08.080+0000] {processor.py:153} INFO - Started process (PID=1033) to work on /home/airflow/.local/lib/python3.7/site-packages/airflow/example_dags/example_datasets.py
[2023-02-28T15:54:08.083+0000] {processor.py:743} INFO - Processing file /home/airflow/.local/lib/python3.7/site-packages/airflow/example_dags/example_datasets.py for tasks to queue
[2023-02-28T15:54:08.085+0000] {logging_mixin.py:137} INFO - [2023-02-28T15:54:08.084+0000] {dagbag.py:538} INFO - Filling up the DagBag from /home/airflow/.local/lib/python3.7/site-packages/airflow/example_dags/example_datasets.py
[2023-02-28T15:54:08.108+0000] {processor.py:753} INFO - DAG(s) dict_keys(['dataset_consumes_1_never_scheduled', 'dataset_consumes_unknown_never_scheduled', 'dataset_consumes_1_and_2', 'dataset_produces_1', 'dataset_consumes_1', 'dataset_produces_2']) retrieved from /home/airflow/.local/lib/python3.7/site-packages/airflow/example_dags/example_datasets.py
[2023-02-28T15:54:08.152+0000] {logging_mixin.py:137} INFO - [2023-02-28T15:54:08.152+0000] {dag.py:2690} INFO - Sync 6 DAGs
[2023-02-28T15:54:08.172+0000] {logging_mixin.py:137} INFO - [2023-02-28T15:54:08.172+0000] {dag.py:3441} INFO - Setting next_dagrun for dataset_consumes_1 to None, run_after=None
[2023-02-28T15:54:08.176+0000] {logging_mixin.py:137} INFO - [2023-02-28T15:54:08.176+0000] {dag.py:3441} INFO - Setting next_dagrun for dataset_consumes_1_and_2 to None, run_after=None
[2023-02-28T15:54:08.178+0000] {logging_mixin.py:137} INFO - [2023-02-28T15:54:08.178+0000] {dag.py:3441} INFO - Setting next_dagrun for dataset_consumes_1_never_scheduled to None, run_after=None
[2023-02-28T15:54:08.181+0000] {logging_mixin.py:137} INFO - [2023-02-28T15:54:08.181+0000] {dag.py:3441} INFO - Setting next_dagrun for dataset_consumes_unknown_never_scheduled to None, run_after=None
[2023-02-28T15:54:08.184+0000] {logging_mixin.py:137} INFO - [2023-02-28T15:54:08.184+0000] {dag.py:3441} INFO - Setting next_dagrun for dataset_produces_1 to 2023-02-27T00:00:00+00:00, run_after=2023-02-28T00:00:00+00:00
[2023-02-28T15:54:08.186+0000] {logging_mixin.py:137} INFO - [2023-02-28T15:54:08.186+0000] {dag.py:3441} INFO - Setting next_dagrun for dataset_produces_2 to None, run_after=None
[2023-02-28T15:54:08.211+0000] {processor.py:175} INFO - Processing /home/airflow/.local/lib/python3.7/site-packages/airflow/example_dags/example_datasets.py took 0.133 seconds
[2023-02-28T15:54:39.063+0000] {processor.py:153} INFO - Started process (PID=1095) to work on /home/airflow/.local/lib/python3.7/site-packages/airflow/example_dags/example_datasets.py
[2023-02-28T15:54:39.065+0000] {processor.py:743} INFO - Processing file /home/airflow/.local/lib/python3.7/site-packages/airflow/example_dags/example_datasets.py for tasks to queue
[2023-02-28T15:54:39.068+0000] {logging_mixin.py:137} INFO - [2023-02-28T15:54:39.067+0000] {dagbag.py:538} INFO - Filling up the DagBag from /home/airflow/.local/lib/python3.7/site-packages/airflow/example_dags/example_datasets.py
[2023-02-28T15:54:39.082+0000] {processor.py:753} INFO - DAG(s) dict_keys(['dataset_produces_2', 'dataset_consumes_1_never_scheduled', 'dataset_consumes_unknown_never_scheduled', 'dataset_consumes_1_and_2', 'dataset_produces_1', 'dataset_consumes_1']) retrieved from /home/airflow/.local/lib/python3.7/site-packages/airflow/example_dags/example_datasets.py
[2023-02-28T15:54:39.116+0000] {logging_mixin.py:137} INFO - [2023-02-28T15:54:39.116+0000] {dag.py:2690} INFO - Sync 6 DAGs
[2023-02-28T15:54:39.133+0000] {logging_mixin.py:137} INFO - [2023-02-28T15:54:39.133+0000] {dag.py:3441} INFO - Setting next_dagrun for dataset_consumes_1 to None, run_after=None
[2023-02-28T15:54:39.137+0000] {logging_mixin.py:137} INFO - [2023-02-28T15:54:39.137+0000] {dag.py:3441} INFO - Setting next_dagrun for dataset_consumes_1_and_2 to None, run_after=None
[2023-02-28T15:54:39.139+0000] {logging_mixin.py:137} INFO - [2023-02-28T15:54:39.139+0000] {dag.py:3441} INFO - Setting next_dagrun for dataset_consumes_1_never_scheduled to None, run_after=None
[2023-02-28T15:54:39.141+0000] {logging_mixin.py:137} INFO - [2023-02-28T15:54:39.141+0000] {dag.py:3441} INFO - Setting next_dagrun for dataset_consumes_unknown_never_scheduled to None, run_after=None
[2023-02-28T15:54:39.144+0000] {logging_mixin.py:137} INFO - [2023-02-28T15:54:39.144+0000] {dag.py:3441} INFO - Setting next_dagrun for dataset_produces_1 to 2023-02-27T00:00:00+00:00, run_after=2023-02-28T00:00:00+00:00
[2023-02-28T15:54:39.146+0000] {logging_mixin.py:137} INFO - [2023-02-28T15:54:39.145+0000] {dag.py:3441} INFO - Setting next_dagrun for dataset_produces_2 to None, run_after=None
[2023-02-28T15:54:39.172+0000] {processor.py:175} INFO - Processing /home/airflow/.local/lib/python3.7/site-packages/airflow/example_dags/example_datasets.py took 0.113 seconds
[2023-02-28T15:55:09.909+0000] {processor.py:153} INFO - Started process (PID=1171) to work on /home/airflow/.local/lib/python3.7/site-packages/airflow/example_dags/example_datasets.py
[2023-02-28T15:55:09.914+0000] {processor.py:743} INFO - Processing file /home/airflow/.local/lib/python3.7/site-packages/airflow/example_dags/example_datasets.py for tasks to queue
[2023-02-28T15:55:09.916+0000] {logging_mixin.py:137} INFO - [2023-02-28T15:55:09.916+0000] {dagbag.py:538} INFO - Filling up the DagBag from /home/airflow/.local/lib/python3.7/site-packages/airflow/example_dags/example_datasets.py
[2023-02-28T15:55:09.938+0000] {processor.py:753} INFO - DAG(s) dict_keys(['dataset_consumes_1_and_2', 'dataset_consumes_1', 'dataset_consumes_1_never_scheduled', 'dataset_produces_1', 'dataset_consumes_unknown_never_scheduled', 'dataset_produces_2']) retrieved from /home/airflow/.local/lib/python3.7/site-packages/airflow/example_dags/example_datasets.py
[2023-02-28T15:55:09.976+0000] {logging_mixin.py:137} INFO - [2023-02-28T15:55:09.975+0000] {dag.py:2690} INFO - Sync 6 DAGs
[2023-02-28T15:55:09.996+0000] {logging_mixin.py:137} INFO - [2023-02-28T15:55:09.996+0000] {dag.py:3441} INFO - Setting next_dagrun for dataset_consumes_1 to None, run_after=None
[2023-02-28T15:55:10.001+0000] {logging_mixin.py:137} INFO - [2023-02-28T15:55:10.000+0000] {dag.py:3441} INFO - Setting next_dagrun for dataset_consumes_1_and_2 to None, run_after=None
[2023-02-28T15:55:10.004+0000] {logging_mixin.py:137} INFO - [2023-02-28T15:55:10.004+0000] {dag.py:3441} INFO - Setting next_dagrun for dataset_consumes_1_never_scheduled to None, run_after=None
[2023-02-28T15:55:10.005+0000] {logging_mixin.py:137} INFO - [2023-02-28T15:55:10.005+0000] {dag.py:3441} INFO - Setting next_dagrun for dataset_consumes_unknown_never_scheduled to None, run_after=None
[2023-02-28T15:55:10.008+0000] {logging_mixin.py:137} INFO - [2023-02-28T15:55:10.008+0000] {dag.py:3441} INFO - Setting next_dagrun for dataset_produces_1 to 2023-02-27T00:00:00+00:00, run_after=2023-02-28T00:00:00+00:00
[2023-02-28T15:55:10.012+0000] {logging_mixin.py:137} INFO - [2023-02-28T15:55:10.011+0000] {dag.py:3441} INFO - Setting next_dagrun for dataset_produces_2 to None, run_after=None
[2023-02-28T15:55:10.040+0000] {processor.py:175} INFO - Processing /home/airflow/.local/lib/python3.7/site-packages/airflow/example_dags/example_datasets.py took 0.139 seconds
[2023-02-28T15:55:40.731+0000] {processor.py:153} INFO - Started process (PID=1246) to work on /home/airflow/.local/lib/python3.7/site-packages/airflow/example_dags/example_datasets.py
[2023-02-28T15:55:40.735+0000] {processor.py:743} INFO - Processing file /home/airflow/.local/lib/python3.7/site-packages/airflow/example_dags/example_datasets.py for tasks to queue
[2023-02-28T15:55:40.738+0000] {logging_mixin.py:137} INFO - [2023-02-28T15:55:40.738+0000] {dagbag.py:538} INFO - Filling up the DagBag from /home/airflow/.local/lib/python3.7/site-packages/airflow/example_dags/example_datasets.py
[2023-02-28T15:55:40.757+0000] {processor.py:753} INFO - DAG(s) dict_keys(['dataset_consumes_1_and_2', 'dataset_consumes_unknown_never_scheduled', 'dataset_produces_1', 'dataset_produces_2', 'dataset_consumes_1_never_scheduled', 'dataset_consumes_1']) retrieved from /home/airflow/.local/lib/python3.7/site-packages/airflow/example_dags/example_datasets.py
[2023-02-28T15:55:40.796+0000] {logging_mixin.py:137} INFO - [2023-02-28T15:55:40.796+0000] {dag.py:2690} INFO - Sync 6 DAGs
[2023-02-28T15:55:40.816+0000] {logging_mixin.py:137} INFO - [2023-02-28T15:55:40.816+0000] {dag.py:3441} INFO - Setting next_dagrun for dataset_consumes_1 to None, run_after=None
[2023-02-28T15:55:40.820+0000] {logging_mixin.py:137} INFO - [2023-02-28T15:55:40.820+0000] {dag.py:3441} INFO - Setting next_dagrun for dataset_consumes_1_and_2 to None, run_after=None
[2023-02-28T15:55:40.821+0000] {logging_mixin.py:137} INFO - [2023-02-28T15:55:40.821+0000] {dag.py:3441} INFO - Setting next_dagrun for dataset_consumes_1_never_scheduled to None, run_after=None
[2023-02-28T15:55:40.824+0000] {logging_mixin.py:137} INFO - [2023-02-28T15:55:40.824+0000] {dag.py:3441} INFO - Setting next_dagrun for dataset_consumes_unknown_never_scheduled to None, run_after=None
[2023-02-28T15:55:40.827+0000] {logging_mixin.py:137} INFO - [2023-02-28T15:55:40.827+0000] {dag.py:3441} INFO - Setting next_dagrun for dataset_produces_1 to 2023-02-27T00:00:00+00:00, run_after=2023-02-28T00:00:00+00:00
[2023-02-28T15:55:40.830+0000] {logging_mixin.py:137} INFO - [2023-02-28T15:55:40.830+0000] {dag.py:3441} INFO - Setting next_dagrun for dataset_produces_2 to None, run_after=None
[2023-02-28T15:55:40.856+0000] {processor.py:175} INFO - Processing /home/airflow/.local/lib/python3.7/site-packages/airflow/example_dags/example_datasets.py took 0.130 seconds
[2023-02-28T15:56:11.671+0000] {processor.py:153} INFO - Started process (PID=1309) to work on /home/airflow/.local/lib/python3.7/site-packages/airflow/example_dags/example_datasets.py
[2023-02-28T15:56:11.674+0000] {processor.py:743} INFO - Processing file /home/airflow/.local/lib/python3.7/site-packages/airflow/example_dags/example_datasets.py for tasks to queue
[2023-02-28T15:56:11.676+0000] {logging_mixin.py:137} INFO - [2023-02-28T15:56:11.676+0000] {dagbag.py:538} INFO - Filling up the DagBag from /home/airflow/.local/lib/python3.7/site-packages/airflow/example_dags/example_datasets.py
[2023-02-28T15:56:11.691+0000] {processor.py:753} INFO - DAG(s) dict_keys(['dataset_consumes_unknown_never_scheduled', 'dataset_consumes_1_and_2', 'dataset_consumes_1_never_scheduled', 'dataset_consumes_1', 'dataset_produces_1', 'dataset_produces_2']) retrieved from /home/airflow/.local/lib/python3.7/site-packages/airflow/example_dags/example_datasets.py
[2023-02-28T15:56:11.724+0000] {logging_mixin.py:137} INFO - [2023-02-28T15:56:11.724+0000] {dag.py:2690} INFO - Sync 6 DAGs
[2023-02-28T15:56:11.742+0000] {logging_mixin.py:137} INFO - [2023-02-28T15:56:11.742+0000] {dag.py:3441} INFO - Setting next_dagrun for dataset_consumes_1 to None, run_after=None
[2023-02-28T15:56:11.747+0000] {logging_mixin.py:137} INFO - [2023-02-28T15:56:11.747+0000] {dag.py:3441} INFO - Setting next_dagrun for dataset_consumes_1_and_2 to None, run_after=None
[2023-02-28T15:56:11.749+0000] {logging_mixin.py:137} INFO - [2023-02-28T15:56:11.749+0000] {dag.py:3441} INFO - Setting next_dagrun for dataset_consumes_1_never_scheduled to None, run_after=None
[2023-02-28T15:56:11.751+0000] {logging_mixin.py:137} INFO - [2023-02-28T15:56:11.750+0000] {dag.py:3441} INFO - Setting next_dagrun for dataset_consumes_unknown_never_scheduled to None, run_after=None
[2023-02-28T15:56:11.754+0000] {logging_mixin.py:137} INFO - [2023-02-28T15:56:11.754+0000] {dag.py:3441} INFO - Setting next_dagrun for dataset_produces_1 to 2023-02-27T00:00:00+00:00, run_after=2023-02-28T00:00:00+00:00
[2023-02-28T15:56:11.756+0000] {logging_mixin.py:137} INFO - [2023-02-28T15:56:11.756+0000] {dag.py:3441} INFO - Setting next_dagrun for dataset_produces_2 to None, run_after=None
[2023-02-28T15:56:11.791+0000] {processor.py:175} INFO - Processing /home/airflow/.local/lib/python3.7/site-packages/airflow/example_dags/example_datasets.py took 0.125 seconds
[2023-02-28T15:56:42.752+0000] {processor.py:153} INFO - Started process (PID=1383) to work on /home/airflow/.local/lib/python3.7/site-packages/airflow/example_dags/example_datasets.py
[2023-02-28T15:56:42.754+0000] {processor.py:743} INFO - Processing file /home/airflow/.local/lib/python3.7/site-packages/airflow/example_dags/example_datasets.py for tasks to queue
[2023-02-28T15:56:42.755+0000] {logging_mixin.py:137} INFO - [2023-02-28T15:56:42.755+0000] {dagbag.py:538} INFO - Filling up the DagBag from /home/airflow/.local/lib/python3.7/site-packages/airflow/example_dags/example_datasets.py
[2023-02-28T15:56:42.767+0000] {processor.py:753} INFO - DAG(s) dict_keys(['dataset_consumes_unknown_never_scheduled', 'dataset_consumes_1', 'dataset_produces_1', 'dataset_produces_2', 'dataset_consumes_1_and_2', 'dataset_consumes_1_never_scheduled']) retrieved from /home/airflow/.local/lib/python3.7/site-packages/airflow/example_dags/example_datasets.py
[2023-02-28T15:56:42.800+0000] {logging_mixin.py:137} INFO - [2023-02-28T15:56:42.800+0000] {dag.py:2690} INFO - Sync 6 DAGs
[2023-02-28T15:56:42.818+0000] {logging_mixin.py:137} INFO - [2023-02-28T15:56:42.818+0000] {dag.py:3441} INFO - Setting next_dagrun for dataset_consumes_1 to None, run_after=None
[2023-02-28T15:56:42.822+0000] {logging_mixin.py:137} INFO - [2023-02-28T15:56:42.822+0000] {dag.py:3441} INFO - Setting next_dagrun for dataset_consumes_1_and_2 to None, run_after=None
[2023-02-28T15:56:42.824+0000] {logging_mixin.py:137} INFO - [2023-02-28T15:56:42.824+0000] {dag.py:3441} INFO - Setting next_dagrun for dataset_consumes_1_never_scheduled to None, run_after=None
[2023-02-28T15:56:42.826+0000] {logging_mixin.py:137} INFO - [2023-02-28T15:56:42.826+0000] {dag.py:3441} INFO - Setting next_dagrun for dataset_consumes_unknown_never_scheduled to None, run_after=None
[2023-02-28T15:56:42.828+0000] {logging_mixin.py:137} INFO - [2023-02-28T15:56:42.828+0000] {dag.py:3441} INFO - Setting next_dagrun for dataset_produces_1 to 2023-02-27T00:00:00+00:00, run_after=2023-02-28T00:00:00+00:00
[2023-02-28T15:56:42.830+0000] {logging_mixin.py:137} INFO - [2023-02-28T15:56:42.830+0000] {dag.py:3441} INFO - Setting next_dagrun for dataset_produces_2 to None, run_after=None
[2023-02-28T15:56:42.856+0000] {processor.py:175} INFO - Processing /home/airflow/.local/lib/python3.7/site-packages/airflow/example_dags/example_datasets.py took 0.107 seconds
[2023-02-28T15:57:13.570+0000] {processor.py:153} INFO - Started process (PID=1458) to work on /home/airflow/.local/lib/python3.7/site-packages/airflow/example_dags/example_datasets.py
[2023-02-28T15:57:13.573+0000] {processor.py:743} INFO - Processing file /home/airflow/.local/lib/python3.7/site-packages/airflow/example_dags/example_datasets.py for tasks to queue
[2023-02-28T15:57:13.575+0000] {logging_mixin.py:137} INFO - [2023-02-28T15:57:13.575+0000] {dagbag.py:538} INFO - Filling up the DagBag from /home/airflow/.local/lib/python3.7/site-packages/airflow/example_dags/example_datasets.py
[2023-02-28T15:57:13.593+0000] {processor.py:753} INFO - DAG(s) dict_keys(['dataset_consumes_unknown_never_scheduled', 'dataset_consumes_1', 'dataset_consumes_1_never_scheduled', 'dataset_consumes_1_and_2', 'dataset_produces_2', 'dataset_produces_1']) retrieved from /home/airflow/.local/lib/python3.7/site-packages/airflow/example_dags/example_datasets.py
[2023-02-28T15:57:13.631+0000] {logging_mixin.py:137} INFO - [2023-02-28T15:57:13.631+0000] {dag.py:2690} INFO - Sync 6 DAGs
[2023-02-28T15:57:13.653+0000] {logging_mixin.py:137} INFO - [2023-02-28T15:57:13.653+0000] {dag.py:3441} INFO - Setting next_dagrun for dataset_consumes_1 to None, run_after=None
[2023-02-28T15:57:13.656+0000] {logging_mixin.py:137} INFO - [2023-02-28T15:57:13.656+0000] {dag.py:3441} INFO - Setting next_dagrun for dataset_consumes_1_and_2 to None, run_after=None
[2023-02-28T15:57:13.658+0000] {logging_mixin.py:137} INFO - [2023-02-28T15:57:13.658+0000] {dag.py:3441} INFO - Setting next_dagrun for dataset_consumes_1_never_scheduled to None, run_after=None
[2023-02-28T15:57:13.660+0000] {logging_mixin.py:137} INFO - [2023-02-28T15:57:13.660+0000] {dag.py:3441} INFO - Setting next_dagrun for dataset_consumes_unknown_never_scheduled to None, run_after=None
[2023-02-28T15:57:13.664+0000] {logging_mixin.py:137} INFO - [2023-02-28T15:57:13.664+0000] {dag.py:3441} INFO - Setting next_dagrun for dataset_produces_1 to 2023-02-27T00:00:00+00:00, run_after=2023-02-28T00:00:00+00:00
[2023-02-28T15:57:13.666+0000] {logging_mixin.py:137} INFO - [2023-02-28T15:57:13.666+0000] {dag.py:3441} INFO - Setting next_dagrun for dataset_produces_2 to None, run_after=None
[2023-02-28T15:57:13.699+0000] {processor.py:175} INFO - Processing /home/airflow/.local/lib/python3.7/site-packages/airflow/example_dags/example_datasets.py took 0.134 seconds
[2023-02-28T15:57:44.279+0000] {processor.py:153} INFO - Started process (PID=1530) to work on /home/airflow/.local/lib/python3.7/site-packages/airflow/example_dags/example_datasets.py
[2023-02-28T15:57:44.282+0000] {processor.py:743} INFO - Processing file /home/airflow/.local/lib/python3.7/site-packages/airflow/example_dags/example_datasets.py for tasks to queue
[2023-02-28T15:57:44.284+0000] {logging_mixin.py:137} INFO - [2023-02-28T15:57:44.284+0000] {dagbag.py:538} INFO - Filling up the DagBag from /home/airflow/.local/lib/python3.7/site-packages/airflow/example_dags/example_datasets.py
[2023-02-28T15:57:44.299+0000] {processor.py:753} INFO - DAG(s) dict_keys(['dataset_produces_1', 'dataset_consumes_1_and_2', 'dataset_consumes_unknown_never_scheduled', 'dataset_consumes_1', 'dataset_consumes_1_never_scheduled', 'dataset_produces_2']) retrieved from /home/airflow/.local/lib/python3.7/site-packages/airflow/example_dags/example_datasets.py
[2023-02-28T15:57:44.369+0000] {logging_mixin.py:137} INFO - [2023-02-28T15:57:44.369+0000] {dag.py:2690} INFO - Sync 6 DAGs
[2023-02-28T15:57:44.391+0000] {logging_mixin.py:137} INFO - [2023-02-28T15:57:44.391+0000] {dag.py:3441} INFO - Setting next_dagrun for dataset_consumes_1 to None, run_after=None
[2023-02-28T15:57:44.395+0000] {logging_mixin.py:137} INFO - [2023-02-28T15:57:44.395+0000] {dag.py:3441} INFO - Setting next_dagrun for dataset_consumes_1_and_2 to None, run_after=None
[2023-02-28T15:57:44.396+0000] {logging_mixin.py:137} INFO - [2023-02-28T15:57:44.396+0000] {dag.py:3441} INFO - Setting next_dagrun for dataset_consumes_1_never_scheduled to None, run_after=None
[2023-02-28T15:57:44.398+0000] {logging_mixin.py:137} INFO - [2023-02-28T15:57:44.398+0000] {dag.py:3441} INFO - Setting next_dagrun for dataset_consumes_unknown_never_scheduled to None, run_after=None
[2023-02-28T15:57:44.401+0000] {logging_mixin.py:137} INFO - [2023-02-28T15:57:44.401+0000] {dag.py:3441} INFO - Setting next_dagrun for dataset_produces_1 to 2023-02-27T00:00:00+00:00, run_after=2023-02-28T00:00:00+00:00
[2023-02-28T15:57:44.406+0000] {logging_mixin.py:137} INFO - [2023-02-28T15:57:44.406+0000] {dag.py:3441} INFO - Setting next_dagrun for dataset_produces_2 to None, run_after=None
[2023-02-28T15:57:44.443+0000] {processor.py:175} INFO - Processing /home/airflow/.local/lib/python3.7/site-packages/airflow/example_dags/example_datasets.py took 0.167 seconds
[2023-02-28T15:58:15.114+0000] {processor.py:153} INFO - Started process (PID=1597) to work on /home/airflow/.local/lib/python3.7/site-packages/airflow/example_dags/example_datasets.py
[2023-02-28T15:58:15.116+0000] {processor.py:743} INFO - Processing file /home/airflow/.local/lib/python3.7/site-packages/airflow/example_dags/example_datasets.py for tasks to queue
[2023-02-28T15:58:15.117+0000] {logging_mixin.py:137} INFO - [2023-02-28T15:58:15.117+0000] {dagbag.py:538} INFO - Filling up the DagBag from /home/airflow/.local/lib/python3.7/site-packages/airflow/example_dags/example_datasets.py
[2023-02-28T15:58:15.131+0000] {processor.py:753} INFO - DAG(s) dict_keys(['dataset_produces_1', 'dataset_consumes_1', 'dataset_consumes_unknown_never_scheduled', 'dataset_consumes_1_and_2', 'dataset_consumes_1_never_scheduled', 'dataset_produces_2']) retrieved from /home/airflow/.local/lib/python3.7/site-packages/airflow/example_dags/example_datasets.py
[2023-02-28T15:58:15.164+0000] {logging_mixin.py:137} INFO - [2023-02-28T15:58:15.164+0000] {dag.py:2690} INFO - Sync 6 DAGs
[2023-02-28T15:58:15.182+0000] {logging_mixin.py:137} INFO - [2023-02-28T15:58:15.182+0000] {dag.py:3441} INFO - Setting next_dagrun for dataset_consumes_1 to None, run_after=None
[2023-02-28T15:58:15.185+0000] {logging_mixin.py:137} INFO - [2023-02-28T15:58:15.185+0000] {dag.py:3441} INFO - Setting next_dagrun for dataset_consumes_1_and_2 to None, run_after=None
[2023-02-28T15:58:15.188+0000] {logging_mixin.py:137} INFO - [2023-02-28T15:58:15.187+0000] {dag.py:3441} INFO - Setting next_dagrun for dataset_consumes_1_never_scheduled to None, run_after=None
[2023-02-28T15:58:15.190+0000] {logging_mixin.py:137} INFO - [2023-02-28T15:58:15.190+0000] {dag.py:3441} INFO - Setting next_dagrun for dataset_consumes_unknown_never_scheduled to None, run_after=None
[2023-02-28T15:58:15.193+0000] {logging_mixin.py:137} INFO - [2023-02-28T15:58:15.193+0000] {dag.py:3441} INFO - Setting next_dagrun for dataset_produces_1 to 2023-02-27T00:00:00+00:00, run_after=2023-02-28T00:00:00+00:00
[2023-02-28T15:58:15.195+0000] {logging_mixin.py:137} INFO - [2023-02-28T15:58:15.195+0000] {dag.py:3441} INFO - Setting next_dagrun for dataset_produces_2 to None, run_after=None
[2023-02-28T15:58:15.221+0000] {processor.py:175} INFO - Processing /home/airflow/.local/lib/python3.7/site-packages/airflow/example_dags/example_datasets.py took 0.111 seconds
[2023-02-28T15:58:46.007+0000] {processor.py:153} INFO - Started process (PID=1671) to work on /home/airflow/.local/lib/python3.7/site-packages/airflow/example_dags/example_datasets.py
[2023-02-28T15:58:46.010+0000] {processor.py:743} INFO - Processing file /home/airflow/.local/lib/python3.7/site-packages/airflow/example_dags/example_datasets.py for tasks to queue
[2023-02-28T15:58:46.012+0000] {logging_mixin.py:137} INFO - [2023-02-28T15:58:46.012+0000] {dagbag.py:538} INFO - Filling up the DagBag from /home/airflow/.local/lib/python3.7/site-packages/airflow/example_dags/example_datasets.py
[2023-02-28T15:58:46.027+0000] {processor.py:753} INFO - DAG(s) dict_keys(['dataset_consumes_1_never_scheduled', 'dataset_consumes_1', 'dataset_consumes_unknown_never_scheduled', 'dataset_consumes_1_and_2', 'dataset_produces_2', 'dataset_produces_1']) retrieved from /home/airflow/.local/lib/python3.7/site-packages/airflow/example_dags/example_datasets.py
[2023-02-28T15:58:46.060+0000] {logging_mixin.py:137} INFO - [2023-02-28T15:58:46.060+0000] {dag.py:2690} INFO - Sync 6 DAGs
[2023-02-28T15:58:46.077+0000] {logging_mixin.py:137} INFO - [2023-02-28T15:58:46.077+0000] {dag.py:3441} INFO - Setting next_dagrun for dataset_consumes_1 to None, run_after=None
[2023-02-28T15:58:46.080+0000] {logging_mixin.py:137} INFO - [2023-02-28T15:58:46.079+0000] {dag.py:3441} INFO - Setting next_dagrun for dataset_consumes_1_and_2 to None, run_after=None
[2023-02-28T15:58:46.083+0000] {logging_mixin.py:137} INFO - [2023-02-28T15:58:46.083+0000] {dag.py:3441} INFO - Setting next_dagrun for dataset_consumes_1_never_scheduled to None, run_after=None
[2023-02-28T15:58:46.085+0000] {logging_mixin.py:137} INFO - [2023-02-28T15:58:46.085+0000] {dag.py:3441} INFO - Setting next_dagrun for dataset_consumes_unknown_never_scheduled to None, run_after=None
[2023-02-28T15:58:46.088+0000] {logging_mixin.py:137} INFO - [2023-02-28T15:58:46.088+0000] {dag.py:3441} INFO - Setting next_dagrun for dataset_produces_1 to 2023-02-27T00:00:00+00:00, run_after=2023-02-28T00:00:00+00:00
[2023-02-28T15:58:46.089+0000] {logging_mixin.py:137} INFO - [2023-02-28T15:58:46.089+0000] {dag.py:3441} INFO - Setting next_dagrun for dataset_produces_2 to None, run_after=None
[2023-02-28T15:58:46.114+0000] {processor.py:175} INFO - Processing /home/airflow/.local/lib/python3.7/site-packages/airflow/example_dags/example_datasets.py took 0.112 seconds
