[2023-02-28T15:46:58.088+0000] {processor.py:153} INFO - Started process (PID=48) to work on /home/airflow/.local/lib/python3.7/site-packages/airflow/example_dags/example_python_operator.py
[2023-02-28T15:46:58.090+0000] {processor.py:743} INFO - Processing file /home/airflow/.local/lib/python3.7/site-packages/airflow/example_dags/example_python_operator.py for tasks to queue
[2023-02-28T15:46:58.093+0000] {logging_mixin.py:137} INFO - [2023-02-28T15:46:58.092+0000] {dagbag.py:538} INFO - Filling up the DagBag from /home/airflow/.local/lib/python3.7/site-packages/airflow/example_dags/example_python_operator.py
[2023-02-28T15:46:58.116+0000] {logging_mixin.py:137} INFO - [2023-02-28T15:46:58.116+0000] {taskmixin.py:205} WARNING - Dependency <Task(_PythonDecoratedOperator): print_the_context>, log_sql_query already registered for DAG: example_python_operator
[2023-02-28T15:46:58.118+0000] {logging_mixin.py:137} INFO - [2023-02-28T15:46:58.118+0000] {taskmixin.py:205} WARNING - Dependency <Task(_PythonDecoratedOperator): log_sql_query>, print_the_context already registered for DAG: example_python_operator
[2023-02-28T15:46:58.119+0000] {logging_mixin.py:137} INFO - [2023-02-28T15:46:58.119+0000] {taskmixin.py:205} WARNING - Dependency <Task(_PythonDecoratedOperator): print_the_context>, log_sql_query already registered for DAG: example_python_operator
[2023-02-28T15:46:58.121+0000] {logging_mixin.py:137} INFO - [2023-02-28T15:46:58.121+0000] {taskmixin.py:205} WARNING - Dependency <Task(_PythonDecoratedOperator): log_sql_query>, print_the_context already registered for DAG: example_python_operator
[2023-02-28T15:46:58.122+0000] {logging_mixin.py:137} INFO - [2023-02-28T15:46:58.122+0000] {taskmixin.py:205} WARNING - Dependency <Task(_PythonDecoratedOperator): print_the_context>, log_sql_query already registered for DAG: example_python_operator
[2023-02-28T15:46:58.123+0000] {logging_mixin.py:137} INFO - [2023-02-28T15:46:58.123+0000] {taskmixin.py:205} WARNING - Dependency <Task(_PythonDecoratedOperator): log_sql_query>, print_the_context already registered for DAG: example_python_operator
[2023-02-28T15:46:58.125+0000] {logging_mixin.py:137} INFO - [2023-02-28T15:46:58.125+0000] {taskmixin.py:205} WARNING - Dependency <Task(_PythonDecoratedOperator): print_the_context>, log_sql_query already registered for DAG: example_python_operator
[2023-02-28T15:46:58.126+0000] {logging_mixin.py:137} INFO - [2023-02-28T15:46:58.126+0000] {taskmixin.py:205} WARNING - Dependency <Task(_PythonDecoratedOperator): log_sql_query>, print_the_context already registered for DAG: example_python_operator
[2023-02-28T15:46:58.138+0000] {processor.py:753} INFO - DAG(s) dict_keys(['example_python_operator']) retrieved from /home/airflow/.local/lib/python3.7/site-packages/airflow/example_dags/example_python_operator.py
[2023-02-28T15:46:58.160+0000] {logging_mixin.py:137} INFO - [2023-02-28T15:46:58.160+0000] {dag.py:2690} INFO - Sync 1 DAGs
[2023-02-28T15:46:58.228+0000] {logging_mixin.py:137} INFO - [2023-02-28T15:46:58.227+0000] {dag.py:3441} INFO - Setting next_dagrun for example_python_operator to None, run_after=None
[2023-02-28T15:46:58.249+0000] {processor.py:175} INFO - Processing /home/airflow/.local/lib/python3.7/site-packages/airflow/example_dags/example_python_operator.py took 0.164 seconds
[2023-02-28T15:47:29.234+0000] {processor.py:153} INFO - Started process (PID=121) to work on /home/airflow/.local/lib/python3.7/site-packages/airflow/example_dags/example_python_operator.py
[2023-02-28T15:47:29.237+0000] {processor.py:743} INFO - Processing file /home/airflow/.local/lib/python3.7/site-packages/airflow/example_dags/example_python_operator.py for tasks to queue
[2023-02-28T15:47:29.239+0000] {logging_mixin.py:137} INFO - [2023-02-28T15:47:29.239+0000] {dagbag.py:538} INFO - Filling up the DagBag from /home/airflow/.local/lib/python3.7/site-packages/airflow/example_dags/example_python_operator.py
[2023-02-28T15:47:29.254+0000] {logging_mixin.py:137} INFO - [2023-02-28T15:47:29.254+0000] {taskmixin.py:205} WARNING - Dependency <Task(_PythonDecoratedOperator): print_the_context>, log_sql_query already registered for DAG: example_python_operator
[2023-02-28T15:47:29.256+0000] {logging_mixin.py:137} INFO - [2023-02-28T15:47:29.256+0000] {taskmixin.py:205} WARNING - Dependency <Task(_PythonDecoratedOperator): log_sql_query>, print_the_context already registered for DAG: example_python_operator
[2023-02-28T15:47:29.258+0000] {logging_mixin.py:137} INFO - [2023-02-28T15:47:29.258+0000] {taskmixin.py:205} WARNING - Dependency <Task(_PythonDecoratedOperator): print_the_context>, log_sql_query already registered for DAG: example_python_operator
[2023-02-28T15:47:29.259+0000] {logging_mixin.py:137} INFO - [2023-02-28T15:47:29.259+0000] {taskmixin.py:205} WARNING - Dependency <Task(_PythonDecoratedOperator): log_sql_query>, print_the_context already registered for DAG: example_python_operator
[2023-02-28T15:47:29.262+0000] {logging_mixin.py:137} INFO - [2023-02-28T15:47:29.261+0000] {taskmixin.py:205} WARNING - Dependency <Task(_PythonDecoratedOperator): print_the_context>, log_sql_query already registered for DAG: example_python_operator
[2023-02-28T15:47:29.263+0000] {logging_mixin.py:137} INFO - [2023-02-28T15:47:29.263+0000] {taskmixin.py:205} WARNING - Dependency <Task(_PythonDecoratedOperator): log_sql_query>, print_the_context already registered for DAG: example_python_operator
[2023-02-28T15:47:29.264+0000] {logging_mixin.py:137} INFO - [2023-02-28T15:47:29.264+0000] {taskmixin.py:205} WARNING - Dependency <Task(_PythonDecoratedOperator): print_the_context>, log_sql_query already registered for DAG: example_python_operator
[2023-02-28T15:47:29.265+0000] {logging_mixin.py:137} INFO - [2023-02-28T15:47:29.265+0000] {taskmixin.py:205} WARNING - Dependency <Task(_PythonDecoratedOperator): log_sql_query>, print_the_context already registered for DAG: example_python_operator
[2023-02-28T15:47:29.271+0000] {processor.py:753} INFO - DAG(s) dict_keys(['example_python_operator']) retrieved from /home/airflow/.local/lib/python3.7/site-packages/airflow/example_dags/example_python_operator.py
[2023-02-28T15:47:29.318+0000] {logging_mixin.py:137} INFO - [2023-02-28T15:47:29.318+0000] {dag.py:2690} INFO - Sync 1 DAGs
[2023-02-28T15:47:29.336+0000] {logging_mixin.py:137} INFO - [2023-02-28T15:47:29.336+0000] {dag.py:3441} INFO - Setting next_dagrun for example_python_operator to None, run_after=None
[2023-02-28T15:47:29.354+0000] {processor.py:175} INFO - Processing /home/airflow/.local/lib/python3.7/site-packages/airflow/example_dags/example_python_operator.py took 0.124 seconds
[2023-02-28T15:47:59.508+0000] {processor.py:153} INFO - Started process (PID=197) to work on /home/airflow/.local/lib/python3.7/site-packages/airflow/example_dags/example_python_operator.py
[2023-02-28T15:47:59.511+0000] {processor.py:743} INFO - Processing file /home/airflow/.local/lib/python3.7/site-packages/airflow/example_dags/example_python_operator.py for tasks to queue
[2023-02-28T15:47:59.513+0000] {logging_mixin.py:137} INFO - [2023-02-28T15:47:59.512+0000] {dagbag.py:538} INFO - Filling up the DagBag from /home/airflow/.local/lib/python3.7/site-packages/airflow/example_dags/example_python_operator.py
[2023-02-28T15:47:59.530+0000] {logging_mixin.py:137} INFO - [2023-02-28T15:47:59.530+0000] {taskmixin.py:205} WARNING - Dependency <Task(_PythonDecoratedOperator): print_the_context>, log_sql_query already registered for DAG: example_python_operator
[2023-02-28T15:47:59.531+0000] {logging_mixin.py:137} INFO - [2023-02-28T15:47:59.531+0000] {taskmixin.py:205} WARNING - Dependency <Task(_PythonDecoratedOperator): log_sql_query>, print_the_context already registered for DAG: example_python_operator
[2023-02-28T15:47:59.532+0000] {logging_mixin.py:137} INFO - [2023-02-28T15:47:59.532+0000] {taskmixin.py:205} WARNING - Dependency <Task(_PythonDecoratedOperator): print_the_context>, log_sql_query already registered for DAG: example_python_operator
[2023-02-28T15:47:59.534+0000] {logging_mixin.py:137} INFO - [2023-02-28T15:47:59.534+0000] {taskmixin.py:205} WARNING - Dependency <Task(_PythonDecoratedOperator): log_sql_query>, print_the_context already registered for DAG: example_python_operator
[2023-02-28T15:47:59.536+0000] {logging_mixin.py:137} INFO - [2023-02-28T15:47:59.536+0000] {taskmixin.py:205} WARNING - Dependency <Task(_PythonDecoratedOperator): print_the_context>, log_sql_query already registered for DAG: example_python_operator
[2023-02-28T15:47:59.538+0000] {logging_mixin.py:137} INFO - [2023-02-28T15:47:59.538+0000] {taskmixin.py:205} WARNING - Dependency <Task(_PythonDecoratedOperator): log_sql_query>, print_the_context already registered for DAG: example_python_operator
[2023-02-28T15:47:59.540+0000] {logging_mixin.py:137} INFO - [2023-02-28T15:47:59.540+0000] {taskmixin.py:205} WARNING - Dependency <Task(_PythonDecoratedOperator): print_the_context>, log_sql_query already registered for DAG: example_python_operator
[2023-02-28T15:47:59.541+0000] {logging_mixin.py:137} INFO - [2023-02-28T15:47:59.541+0000] {taskmixin.py:205} WARNING - Dependency <Task(_PythonDecoratedOperator): log_sql_query>, print_the_context already registered for DAG: example_python_operator
[2023-02-28T15:47:59.549+0000] {processor.py:753} INFO - DAG(s) dict_keys(['example_python_operator']) retrieved from /home/airflow/.local/lib/python3.7/site-packages/airflow/example_dags/example_python_operator.py
[2023-02-28T15:47:59.576+0000] {logging_mixin.py:137} INFO - [2023-02-28T15:47:59.576+0000] {dag.py:2690} INFO - Sync 1 DAGs
[2023-02-28T15:47:59.600+0000] {logging_mixin.py:137} INFO - [2023-02-28T15:47:59.599+0000] {dag.py:3441} INFO - Setting next_dagrun for example_python_operator to None, run_after=None
[2023-02-28T15:47:59.621+0000] {processor.py:175} INFO - Processing /home/airflow/.local/lib/python3.7/site-packages/airflow/example_dags/example_python_operator.py took 0.116 seconds
[2023-02-28T15:48:30.280+0000] {processor.py:153} INFO - Started process (PID=260) to work on /home/airflow/.local/lib/python3.7/site-packages/airflow/example_dags/example_python_operator.py
[2023-02-28T15:48:30.281+0000] {processor.py:743} INFO - Processing file /home/airflow/.local/lib/python3.7/site-packages/airflow/example_dags/example_python_operator.py for tasks to queue
[2023-02-28T15:48:30.283+0000] {logging_mixin.py:137} INFO - [2023-02-28T15:48:30.282+0000] {dagbag.py:538} INFO - Filling up the DagBag from /home/airflow/.local/lib/python3.7/site-packages/airflow/example_dags/example_python_operator.py
[2023-02-28T15:48:30.296+0000] {logging_mixin.py:137} INFO - [2023-02-28T15:48:30.296+0000] {taskmixin.py:205} WARNING - Dependency <Task(_PythonDecoratedOperator): print_the_context>, log_sql_query already registered for DAG: example_python_operator
[2023-02-28T15:48:30.297+0000] {logging_mixin.py:137} INFO - [2023-02-28T15:48:30.297+0000] {taskmixin.py:205} WARNING - Dependency <Task(_PythonDecoratedOperator): log_sql_query>, print_the_context already registered for DAG: example_python_operator
[2023-02-28T15:48:30.299+0000] {logging_mixin.py:137} INFO - [2023-02-28T15:48:30.299+0000] {taskmixin.py:205} WARNING - Dependency <Task(_PythonDecoratedOperator): print_the_context>, log_sql_query already registered for DAG: example_python_operator
[2023-02-28T15:48:30.301+0000] {logging_mixin.py:137} INFO - [2023-02-28T15:48:30.301+0000] {taskmixin.py:205} WARNING - Dependency <Task(_PythonDecoratedOperator): log_sql_query>, print_the_context already registered for DAG: example_python_operator
[2023-02-28T15:48:30.302+0000] {logging_mixin.py:137} INFO - [2023-02-28T15:48:30.302+0000] {taskmixin.py:205} WARNING - Dependency <Task(_PythonDecoratedOperator): print_the_context>, log_sql_query already registered for DAG: example_python_operator
[2023-02-28T15:48:30.303+0000] {logging_mixin.py:137} INFO - [2023-02-28T15:48:30.303+0000] {taskmixin.py:205} WARNING - Dependency <Task(_PythonDecoratedOperator): log_sql_query>, print_the_context already registered for DAG: example_python_operator
[2023-02-28T15:48:30.304+0000] {logging_mixin.py:137} INFO - [2023-02-28T15:48:30.304+0000] {taskmixin.py:205} WARNING - Dependency <Task(_PythonDecoratedOperator): print_the_context>, log_sql_query already registered for DAG: example_python_operator
[2023-02-28T15:48:30.306+0000] {logging_mixin.py:137} INFO - [2023-02-28T15:48:30.306+0000] {taskmixin.py:205} WARNING - Dependency <Task(_PythonDecoratedOperator): log_sql_query>, print_the_context already registered for DAG: example_python_operator
[2023-02-28T15:48:30.311+0000] {processor.py:753} INFO - DAG(s) dict_keys(['example_python_operator']) retrieved from /home/airflow/.local/lib/python3.7/site-packages/airflow/example_dags/example_python_operator.py
[2023-02-28T15:48:30.334+0000] {logging_mixin.py:137} INFO - [2023-02-28T15:48:30.334+0000] {dag.py:2690} INFO - Sync 1 DAGs
[2023-02-28T15:48:30.351+0000] {logging_mixin.py:137} INFO - [2023-02-28T15:48:30.351+0000] {dag.py:3441} INFO - Setting next_dagrun for example_python_operator to None, run_after=None
[2023-02-28T15:48:30.364+0000] {processor.py:175} INFO - Processing /home/airflow/.local/lib/python3.7/site-packages/airflow/example_dags/example_python_operator.py took 0.087 seconds
[2023-02-28T15:49:01.076+0000] {processor.py:153} INFO - Started process (PID=334) to work on /home/airflow/.local/lib/python3.7/site-packages/airflow/example_dags/example_python_operator.py
[2023-02-28T15:49:01.078+0000] {processor.py:743} INFO - Processing file /home/airflow/.local/lib/python3.7/site-packages/airflow/example_dags/example_python_operator.py for tasks to queue
[2023-02-28T15:49:01.080+0000] {logging_mixin.py:137} INFO - [2023-02-28T15:49:01.080+0000] {dagbag.py:538} INFO - Filling up the DagBag from /home/airflow/.local/lib/python3.7/site-packages/airflow/example_dags/example_python_operator.py
[2023-02-28T15:49:01.095+0000] {logging_mixin.py:137} INFO - [2023-02-28T15:49:01.095+0000] {taskmixin.py:205} WARNING - Dependency <Task(_PythonDecoratedOperator): print_the_context>, log_sql_query already registered for DAG: example_python_operator
[2023-02-28T15:49:01.096+0000] {logging_mixin.py:137} INFO - [2023-02-28T15:49:01.096+0000] {taskmixin.py:205} WARNING - Dependency <Task(_PythonDecoratedOperator): log_sql_query>, print_the_context already registered for DAG: example_python_operator
[2023-02-28T15:49:01.098+0000] {logging_mixin.py:137} INFO - [2023-02-28T15:49:01.098+0000] {taskmixin.py:205} WARNING - Dependency <Task(_PythonDecoratedOperator): print_the_context>, log_sql_query already registered for DAG: example_python_operator
[2023-02-28T15:49:01.099+0000] {logging_mixin.py:137} INFO - [2023-02-28T15:49:01.098+0000] {taskmixin.py:205} WARNING - Dependency <Task(_PythonDecoratedOperator): log_sql_query>, print_the_context already registered for DAG: example_python_operator
[2023-02-28T15:49:01.100+0000] {logging_mixin.py:137} INFO - [2023-02-28T15:49:01.100+0000] {taskmixin.py:205} WARNING - Dependency <Task(_PythonDecoratedOperator): print_the_context>, log_sql_query already registered for DAG: example_python_operator
[2023-02-28T15:49:01.101+0000] {logging_mixin.py:137} INFO - [2023-02-28T15:49:01.101+0000] {taskmixin.py:205} WARNING - Dependency <Task(_PythonDecoratedOperator): log_sql_query>, print_the_context already registered for DAG: example_python_operator
[2023-02-28T15:49:01.103+0000] {logging_mixin.py:137} INFO - [2023-02-28T15:49:01.103+0000] {taskmixin.py:205} WARNING - Dependency <Task(_PythonDecoratedOperator): print_the_context>, log_sql_query already registered for DAG: example_python_operator
[2023-02-28T15:49:01.104+0000] {logging_mixin.py:137} INFO - [2023-02-28T15:49:01.104+0000] {taskmixin.py:205} WARNING - Dependency <Task(_PythonDecoratedOperator): log_sql_query>, print_the_context already registered for DAG: example_python_operator
[2023-02-28T15:49:01.110+0000] {processor.py:753} INFO - DAG(s) dict_keys(['example_python_operator']) retrieved from /home/airflow/.local/lib/python3.7/site-packages/airflow/example_dags/example_python_operator.py
[2023-02-28T15:49:01.144+0000] {logging_mixin.py:137} INFO - [2023-02-28T15:49:01.143+0000] {dag.py:2690} INFO - Sync 1 DAGs
[2023-02-28T15:49:01.170+0000] {logging_mixin.py:137} INFO - [2023-02-28T15:49:01.170+0000] {dag.py:3441} INFO - Setting next_dagrun for example_python_operator to None, run_after=None
[2023-02-28T15:49:01.187+0000] {processor.py:175} INFO - Processing /home/airflow/.local/lib/python3.7/site-packages/airflow/example_dags/example_python_operator.py took 0.115 seconds
[2023-02-28T15:49:31.932+0000] {processor.py:153} INFO - Started process (PID=409) to work on /home/airflow/.local/lib/python3.7/site-packages/airflow/example_dags/example_python_operator.py
[2023-02-28T15:49:31.934+0000] {processor.py:743} INFO - Processing file /home/airflow/.local/lib/python3.7/site-packages/airflow/example_dags/example_python_operator.py for tasks to queue
[2023-02-28T15:49:31.935+0000] {logging_mixin.py:137} INFO - [2023-02-28T15:49:31.935+0000] {dagbag.py:538} INFO - Filling up the DagBag from /home/airflow/.local/lib/python3.7/site-packages/airflow/example_dags/example_python_operator.py
[2023-02-28T15:49:31.949+0000] {logging_mixin.py:137} INFO - [2023-02-28T15:49:31.949+0000] {taskmixin.py:205} WARNING - Dependency <Task(_PythonDecoratedOperator): print_the_context>, log_sql_query already registered for DAG: example_python_operator
[2023-02-28T15:49:31.964+0000] {logging_mixin.py:137} INFO - [2023-02-28T15:49:31.964+0000] {taskmixin.py:205} WARNING - Dependency <Task(_PythonDecoratedOperator): log_sql_query>, print_the_context already registered for DAG: example_python_operator
[2023-02-28T15:49:31.965+0000] {logging_mixin.py:137} INFO - [2023-02-28T15:49:31.965+0000] {taskmixin.py:205} WARNING - Dependency <Task(_PythonDecoratedOperator): print_the_context>, log_sql_query already registered for DAG: example_python_operator
[2023-02-28T15:49:31.967+0000] {logging_mixin.py:137} INFO - [2023-02-28T15:49:31.967+0000] {taskmixin.py:205} WARNING - Dependency <Task(_PythonDecoratedOperator): log_sql_query>, print_the_context already registered for DAG: example_python_operator
[2023-02-28T15:49:31.969+0000] {logging_mixin.py:137} INFO - [2023-02-28T15:49:31.969+0000] {taskmixin.py:205} WARNING - Dependency <Task(_PythonDecoratedOperator): print_the_context>, log_sql_query already registered for DAG: example_python_operator
[2023-02-28T15:49:31.971+0000] {logging_mixin.py:137} INFO - [2023-02-28T15:49:31.971+0000] {taskmixin.py:205} WARNING - Dependency <Task(_PythonDecoratedOperator): log_sql_query>, print_the_context already registered for DAG: example_python_operator
[2023-02-28T15:49:31.972+0000] {logging_mixin.py:137} INFO - [2023-02-28T15:49:31.972+0000] {taskmixin.py:205} WARNING - Dependency <Task(_PythonDecoratedOperator): print_the_context>, log_sql_query already registered for DAG: example_python_operator
[2023-02-28T15:49:31.973+0000] {logging_mixin.py:137} INFO - [2023-02-28T15:49:31.973+0000] {taskmixin.py:205} WARNING - Dependency <Task(_PythonDecoratedOperator): log_sql_query>, print_the_context already registered for DAG: example_python_operator
[2023-02-28T15:49:31.978+0000] {processor.py:753} INFO - DAG(s) dict_keys(['example_python_operator']) retrieved from /home/airflow/.local/lib/python3.7/site-packages/airflow/example_dags/example_python_operator.py
[2023-02-28T15:49:32.001+0000] {logging_mixin.py:137} INFO - [2023-02-28T15:49:32.001+0000] {dag.py:2690} INFO - Sync 1 DAGs
[2023-02-28T15:49:32.018+0000] {logging_mixin.py:137} INFO - [2023-02-28T15:49:32.018+0000] {dag.py:3441} INFO - Setting next_dagrun for example_python_operator to None, run_after=None
[2023-02-28T15:49:32.033+0000] {processor.py:175} INFO - Processing /home/airflow/.local/lib/python3.7/site-packages/airflow/example_dags/example_python_operator.py took 0.104 seconds
[2023-02-28T15:50:02.732+0000] {processor.py:153} INFO - Started process (PID=472) to work on /home/airflow/.local/lib/python3.7/site-packages/airflow/example_dags/example_python_operator.py
[2023-02-28T15:50:02.735+0000] {processor.py:743} INFO - Processing file /home/airflow/.local/lib/python3.7/site-packages/airflow/example_dags/example_python_operator.py for tasks to queue
[2023-02-28T15:50:02.736+0000] {logging_mixin.py:137} INFO - [2023-02-28T15:50:02.736+0000] {dagbag.py:538} INFO - Filling up the DagBag from /home/airflow/.local/lib/python3.7/site-packages/airflow/example_dags/example_python_operator.py
[2023-02-28T15:50:02.753+0000] {logging_mixin.py:137} INFO - [2023-02-28T15:50:02.753+0000] {taskmixin.py:205} WARNING - Dependency <Task(_PythonDecoratedOperator): print_the_context>, log_sql_query already registered for DAG: example_python_operator
[2023-02-28T15:50:02.755+0000] {logging_mixin.py:137} INFO - [2023-02-28T15:50:02.755+0000] {taskmixin.py:205} WARNING - Dependency <Task(_PythonDecoratedOperator): log_sql_query>, print_the_context already registered for DAG: example_python_operator
[2023-02-28T15:50:02.756+0000] {logging_mixin.py:137} INFO - [2023-02-28T15:50:02.756+0000] {taskmixin.py:205} WARNING - Dependency <Task(_PythonDecoratedOperator): print_the_context>, log_sql_query already registered for DAG: example_python_operator
[2023-02-28T15:50:02.759+0000] {logging_mixin.py:137} INFO - [2023-02-28T15:50:02.759+0000] {taskmixin.py:205} WARNING - Dependency <Task(_PythonDecoratedOperator): log_sql_query>, print_the_context already registered for DAG: example_python_operator
[2023-02-28T15:50:02.761+0000] {logging_mixin.py:137} INFO - [2023-02-28T15:50:02.761+0000] {taskmixin.py:205} WARNING - Dependency <Task(_PythonDecoratedOperator): print_the_context>, log_sql_query already registered for DAG: example_python_operator
[2023-02-28T15:50:02.762+0000] {logging_mixin.py:137} INFO - [2023-02-28T15:50:02.762+0000] {taskmixin.py:205} WARNING - Dependency <Task(_PythonDecoratedOperator): log_sql_query>, print_the_context already registered for DAG: example_python_operator
[2023-02-28T15:50:02.763+0000] {logging_mixin.py:137} INFO - [2023-02-28T15:50:02.763+0000] {taskmixin.py:205} WARNING - Dependency <Task(_PythonDecoratedOperator): print_the_context>, log_sql_query already registered for DAG: example_python_operator
[2023-02-28T15:50:02.764+0000] {logging_mixin.py:137} INFO - [2023-02-28T15:50:02.764+0000] {taskmixin.py:205} WARNING - Dependency <Task(_PythonDecoratedOperator): log_sql_query>, print_the_context already registered for DAG: example_python_operator
[2023-02-28T15:50:02.770+0000] {processor.py:753} INFO - DAG(s) dict_keys(['example_python_operator']) retrieved from /home/airflow/.local/lib/python3.7/site-packages/airflow/example_dags/example_python_operator.py
[2023-02-28T15:50:02.795+0000] {logging_mixin.py:137} INFO - [2023-02-28T15:50:02.795+0000] {dag.py:2690} INFO - Sync 1 DAGs
[2023-02-28T15:50:02.813+0000] {logging_mixin.py:137} INFO - [2023-02-28T15:50:02.812+0000] {dag.py:3441} INFO - Setting next_dagrun for example_python_operator to None, run_after=None
[2023-02-28T15:50:02.832+0000] {processor.py:175} INFO - Processing /home/airflow/.local/lib/python3.7/site-packages/airflow/example_dags/example_python_operator.py took 0.103 seconds
[2023-02-28T15:50:33.789+0000] {processor.py:153} INFO - Started process (PID=548) to work on /home/airflow/.local/lib/python3.7/site-packages/airflow/example_dags/example_python_operator.py
[2023-02-28T15:50:33.791+0000] {processor.py:743} INFO - Processing file /home/airflow/.local/lib/python3.7/site-packages/airflow/example_dags/example_python_operator.py for tasks to queue
[2023-02-28T15:50:33.792+0000] {logging_mixin.py:137} INFO - [2023-02-28T15:50:33.792+0000] {dagbag.py:538} INFO - Filling up the DagBag from /home/airflow/.local/lib/python3.7/site-packages/airflow/example_dags/example_python_operator.py
[2023-02-28T15:50:33.807+0000] {logging_mixin.py:137} INFO - [2023-02-28T15:50:33.807+0000] {taskmixin.py:205} WARNING - Dependency <Task(_PythonDecoratedOperator): print_the_context>, log_sql_query already registered for DAG: example_python_operator
[2023-02-28T15:50:33.809+0000] {logging_mixin.py:137} INFO - [2023-02-28T15:50:33.808+0000] {taskmixin.py:205} WARNING - Dependency <Task(_PythonDecoratedOperator): log_sql_query>, print_the_context already registered for DAG: example_python_operator
[2023-02-28T15:50:33.810+0000] {logging_mixin.py:137} INFO - [2023-02-28T15:50:33.810+0000] {taskmixin.py:205} WARNING - Dependency <Task(_PythonDecoratedOperator): print_the_context>, log_sql_query already registered for DAG: example_python_operator
[2023-02-28T15:50:33.812+0000] {logging_mixin.py:137} INFO - [2023-02-28T15:50:33.812+0000] {taskmixin.py:205} WARNING - Dependency <Task(_PythonDecoratedOperator): log_sql_query>, print_the_context already registered for DAG: example_python_operator
[2023-02-28T15:50:33.814+0000] {logging_mixin.py:137} INFO - [2023-02-28T15:50:33.814+0000] {taskmixin.py:205} WARNING - Dependency <Task(_PythonDecoratedOperator): print_the_context>, log_sql_query already registered for DAG: example_python_operator
[2023-02-28T15:50:33.815+0000] {logging_mixin.py:137} INFO - [2023-02-28T15:50:33.815+0000] {taskmixin.py:205} WARNING - Dependency <Task(_PythonDecoratedOperator): log_sql_query>, print_the_context already registered for DAG: example_python_operator
[2023-02-28T15:50:33.816+0000] {logging_mixin.py:137} INFO - [2023-02-28T15:50:33.816+0000] {taskmixin.py:205} WARNING - Dependency <Task(_PythonDecoratedOperator): print_the_context>, log_sql_query already registered for DAG: example_python_operator
[2023-02-28T15:50:33.817+0000] {logging_mixin.py:137} INFO - [2023-02-28T15:50:33.817+0000] {taskmixin.py:205} WARNING - Dependency <Task(_PythonDecoratedOperator): log_sql_query>, print_the_context already registered for DAG: example_python_operator
[2023-02-28T15:50:33.824+0000] {processor.py:753} INFO - DAG(s) dict_keys(['example_python_operator']) retrieved from /home/airflow/.local/lib/python3.7/site-packages/airflow/example_dags/example_python_operator.py
[2023-02-28T15:50:33.850+0000] {logging_mixin.py:137} INFO - [2023-02-28T15:50:33.850+0000] {dag.py:2690} INFO - Sync 1 DAGs
[2023-02-28T15:50:33.868+0000] {logging_mixin.py:137} INFO - [2023-02-28T15:50:33.868+0000] {dag.py:3441} INFO - Setting next_dagrun for example_python_operator to None, run_after=None
[2023-02-28T15:50:33.881+0000] {processor.py:175} INFO - Processing /home/airflow/.local/lib/python3.7/site-packages/airflow/example_dags/example_python_operator.py took 0.096 seconds
[2023-02-28T15:51:04.806+0000] {processor.py:153} INFO - Started process (PID=623) to work on /home/airflow/.local/lib/python3.7/site-packages/airflow/example_dags/example_python_operator.py
[2023-02-28T15:51:04.808+0000] {processor.py:743} INFO - Processing file /home/airflow/.local/lib/python3.7/site-packages/airflow/example_dags/example_python_operator.py for tasks to queue
[2023-02-28T15:51:04.809+0000] {logging_mixin.py:137} INFO - [2023-02-28T15:51:04.809+0000] {dagbag.py:538} INFO - Filling up the DagBag from /home/airflow/.local/lib/python3.7/site-packages/airflow/example_dags/example_python_operator.py
[2023-02-28T15:51:04.823+0000] {logging_mixin.py:137} INFO - [2023-02-28T15:51:04.823+0000] {taskmixin.py:205} WARNING - Dependency <Task(_PythonDecoratedOperator): print_the_context>, log_sql_query already registered for DAG: example_python_operator
[2023-02-28T15:51:04.824+0000] {logging_mixin.py:137} INFO - [2023-02-28T15:51:04.824+0000] {taskmixin.py:205} WARNING - Dependency <Task(_PythonDecoratedOperator): log_sql_query>, print_the_context already registered for DAG: example_python_operator
[2023-02-28T15:51:04.826+0000] {logging_mixin.py:137} INFO - [2023-02-28T15:51:04.826+0000] {taskmixin.py:205} WARNING - Dependency <Task(_PythonDecoratedOperator): print_the_context>, log_sql_query already registered for DAG: example_python_operator
[2023-02-28T15:51:04.827+0000] {logging_mixin.py:137} INFO - [2023-02-28T15:51:04.827+0000] {taskmixin.py:205} WARNING - Dependency <Task(_PythonDecoratedOperator): log_sql_query>, print_the_context already registered for DAG: example_python_operator
[2023-02-28T15:51:04.828+0000] {logging_mixin.py:137} INFO - [2023-02-28T15:51:04.828+0000] {taskmixin.py:205} WARNING - Dependency <Task(_PythonDecoratedOperator): print_the_context>, log_sql_query already registered for DAG: example_python_operator
[2023-02-28T15:51:04.829+0000] {logging_mixin.py:137} INFO - [2023-02-28T15:51:04.829+0000] {taskmixin.py:205} WARNING - Dependency <Task(_PythonDecoratedOperator): log_sql_query>, print_the_context already registered for DAG: example_python_operator
[2023-02-28T15:51:04.832+0000] {logging_mixin.py:137} INFO - [2023-02-28T15:51:04.832+0000] {taskmixin.py:205} WARNING - Dependency <Task(_PythonDecoratedOperator): print_the_context>, log_sql_query already registered for DAG: example_python_operator
[2023-02-28T15:51:04.833+0000] {logging_mixin.py:137} INFO - [2023-02-28T15:51:04.832+0000] {taskmixin.py:205} WARNING - Dependency <Task(_PythonDecoratedOperator): log_sql_query>, print_the_context already registered for DAG: example_python_operator
[2023-02-28T15:51:04.838+0000] {processor.py:753} INFO - DAG(s) dict_keys(['example_python_operator']) retrieved from /home/airflow/.local/lib/python3.7/site-packages/airflow/example_dags/example_python_operator.py
[2023-02-28T15:51:04.862+0000] {logging_mixin.py:137} INFO - [2023-02-28T15:51:04.862+0000] {dag.py:2690} INFO - Sync 1 DAGs
[2023-02-28T15:51:04.880+0000] {logging_mixin.py:137} INFO - [2023-02-28T15:51:04.880+0000] {dag.py:3441} INFO - Setting next_dagrun for example_python_operator to None, run_after=None
[2023-02-28T15:51:04.895+0000] {processor.py:175} INFO - Processing /home/airflow/.local/lib/python3.7/site-packages/airflow/example_dags/example_python_operator.py took 0.092 seconds
[2023-02-28T15:51:35.543+0000] {processor.py:153} INFO - Started process (PID=686) to work on /home/airflow/.local/lib/python3.7/site-packages/airflow/example_dags/example_python_operator.py
[2023-02-28T15:51:35.545+0000] {processor.py:743} INFO - Processing file /home/airflow/.local/lib/python3.7/site-packages/airflow/example_dags/example_python_operator.py for tasks to queue
[2023-02-28T15:51:35.547+0000] {logging_mixin.py:137} INFO - [2023-02-28T15:51:35.547+0000] {dagbag.py:538} INFO - Filling up the DagBag from /home/airflow/.local/lib/python3.7/site-packages/airflow/example_dags/example_python_operator.py
[2023-02-28T15:51:35.559+0000] {logging_mixin.py:137} INFO - [2023-02-28T15:51:35.559+0000] {taskmixin.py:205} WARNING - Dependency <Task(_PythonDecoratedOperator): print_the_context>, log_sql_query already registered for DAG: example_python_operator
[2023-02-28T15:51:35.561+0000] {logging_mixin.py:137} INFO - [2023-02-28T15:51:35.561+0000] {taskmixin.py:205} WARNING - Dependency <Task(_PythonDecoratedOperator): log_sql_query>, print_the_context already registered for DAG: example_python_operator
[2023-02-28T15:51:35.563+0000] {logging_mixin.py:137} INFO - [2023-02-28T15:51:35.563+0000] {taskmixin.py:205} WARNING - Dependency <Task(_PythonDecoratedOperator): print_the_context>, log_sql_query already registered for DAG: example_python_operator
[2023-02-28T15:51:35.564+0000] {logging_mixin.py:137} INFO - [2023-02-28T15:51:35.563+0000] {taskmixin.py:205} WARNING - Dependency <Task(_PythonDecoratedOperator): log_sql_query>, print_the_context already registered for DAG: example_python_operator
[2023-02-28T15:51:35.566+0000] {logging_mixin.py:137} INFO - [2023-02-28T15:51:35.566+0000] {taskmixin.py:205} WARNING - Dependency <Task(_PythonDecoratedOperator): print_the_context>, log_sql_query already registered for DAG: example_python_operator
[2023-02-28T15:51:35.567+0000] {logging_mixin.py:137} INFO - [2023-02-28T15:51:35.567+0000] {taskmixin.py:205} WARNING - Dependency <Task(_PythonDecoratedOperator): log_sql_query>, print_the_context already registered for DAG: example_python_operator
[2023-02-28T15:51:35.568+0000] {logging_mixin.py:137} INFO - [2023-02-28T15:51:35.568+0000] {taskmixin.py:205} WARNING - Dependency <Task(_PythonDecoratedOperator): print_the_context>, log_sql_query already registered for DAG: example_python_operator
[2023-02-28T15:51:35.570+0000] {logging_mixin.py:137} INFO - [2023-02-28T15:51:35.569+0000] {taskmixin.py:205} WARNING - Dependency <Task(_PythonDecoratedOperator): log_sql_query>, print_the_context already registered for DAG: example_python_operator
[2023-02-28T15:51:35.576+0000] {processor.py:753} INFO - DAG(s) dict_keys(['example_python_operator']) retrieved from /home/airflow/.local/lib/python3.7/site-packages/airflow/example_dags/example_python_operator.py
[2023-02-28T15:51:35.609+0000] {logging_mixin.py:137} INFO - [2023-02-28T15:51:35.609+0000] {dag.py:2690} INFO - Sync 1 DAGs
[2023-02-28T15:51:35.634+0000] {logging_mixin.py:137} INFO - [2023-02-28T15:51:35.634+0000] {dag.py:3441} INFO - Setting next_dagrun for example_python_operator to None, run_after=None
[2023-02-28T15:51:35.652+0000] {processor.py:175} INFO - Processing /home/airflow/.local/lib/python3.7/site-packages/airflow/example_dags/example_python_operator.py took 0.113 seconds
[2023-02-28T15:52:06.547+0000] {processor.py:153} INFO - Started process (PID=761) to work on /home/airflow/.local/lib/python3.7/site-packages/airflow/example_dags/example_python_operator.py
[2023-02-28T15:52:06.549+0000] {processor.py:743} INFO - Processing file /home/airflow/.local/lib/python3.7/site-packages/airflow/example_dags/example_python_operator.py for tasks to queue
[2023-02-28T15:52:06.551+0000] {logging_mixin.py:137} INFO - [2023-02-28T15:52:06.551+0000] {dagbag.py:538} INFO - Filling up the DagBag from /home/airflow/.local/lib/python3.7/site-packages/airflow/example_dags/example_python_operator.py
[2023-02-28T15:52:06.565+0000] {logging_mixin.py:137} INFO - [2023-02-28T15:52:06.565+0000] {taskmixin.py:205} WARNING - Dependency <Task(_PythonDecoratedOperator): print_the_context>, log_sql_query already registered for DAG: example_python_operator
[2023-02-28T15:52:06.566+0000] {logging_mixin.py:137} INFO - [2023-02-28T15:52:06.566+0000] {taskmixin.py:205} WARNING - Dependency <Task(_PythonDecoratedOperator): log_sql_query>, print_the_context already registered for DAG: example_python_operator
[2023-02-28T15:52:06.569+0000] {logging_mixin.py:137} INFO - [2023-02-28T15:52:06.569+0000] {taskmixin.py:205} WARNING - Dependency <Task(_PythonDecoratedOperator): print_the_context>, log_sql_query already registered for DAG: example_python_operator
[2023-02-28T15:52:06.570+0000] {logging_mixin.py:137} INFO - [2023-02-28T15:52:06.570+0000] {taskmixin.py:205} WARNING - Dependency <Task(_PythonDecoratedOperator): log_sql_query>, print_the_context already registered for DAG: example_python_operator
[2023-02-28T15:52:06.572+0000] {logging_mixin.py:137} INFO - [2023-02-28T15:52:06.572+0000] {taskmixin.py:205} WARNING - Dependency <Task(_PythonDecoratedOperator): print_the_context>, log_sql_query already registered for DAG: example_python_operator
[2023-02-28T15:52:06.573+0000] {logging_mixin.py:137} INFO - [2023-02-28T15:52:06.573+0000] {taskmixin.py:205} WARNING - Dependency <Task(_PythonDecoratedOperator): log_sql_query>, print_the_context already registered for DAG: example_python_operator
[2023-02-28T15:52:06.574+0000] {logging_mixin.py:137} INFO - [2023-02-28T15:52:06.574+0000] {taskmixin.py:205} WARNING - Dependency <Task(_PythonDecoratedOperator): print_the_context>, log_sql_query already registered for DAG: example_python_operator
[2023-02-28T15:52:06.575+0000] {logging_mixin.py:137} INFO - [2023-02-28T15:52:06.575+0000] {taskmixin.py:205} WARNING - Dependency <Task(_PythonDecoratedOperator): log_sql_query>, print_the_context already registered for DAG: example_python_operator
[2023-02-28T15:52:06.582+0000] {processor.py:753} INFO - DAG(s) dict_keys(['example_python_operator']) retrieved from /home/airflow/.local/lib/python3.7/site-packages/airflow/example_dags/example_python_operator.py
[2023-02-28T15:52:06.608+0000] {logging_mixin.py:137} INFO - [2023-02-28T15:52:06.608+0000] {dag.py:2690} INFO - Sync 1 DAGs
[2023-02-28T15:52:06.627+0000] {logging_mixin.py:137} INFO - [2023-02-28T15:52:06.626+0000] {dag.py:3441} INFO - Setting next_dagrun for example_python_operator to None, run_after=None
[2023-02-28T15:52:06.642+0000] {processor.py:175} INFO - Processing /home/airflow/.local/lib/python3.7/site-packages/airflow/example_dags/example_python_operator.py took 0.099 seconds
[2023-02-28T15:52:37.371+0000] {processor.py:153} INFO - Started process (PID=836) to work on /home/airflow/.local/lib/python3.7/site-packages/airflow/example_dags/example_python_operator.py
[2023-02-28T15:52:37.374+0000] {processor.py:743} INFO - Processing file /home/airflow/.local/lib/python3.7/site-packages/airflow/example_dags/example_python_operator.py for tasks to queue
[2023-02-28T15:52:37.375+0000] {logging_mixin.py:137} INFO - [2023-02-28T15:52:37.375+0000] {dagbag.py:538} INFO - Filling up the DagBag from /home/airflow/.local/lib/python3.7/site-packages/airflow/example_dags/example_python_operator.py
[2023-02-28T15:52:37.390+0000] {logging_mixin.py:137} INFO - [2023-02-28T15:52:37.390+0000] {taskmixin.py:205} WARNING - Dependency <Task(_PythonDecoratedOperator): print_the_context>, log_sql_query already registered for DAG: example_python_operator
[2023-02-28T15:52:37.392+0000] {logging_mixin.py:137} INFO - [2023-02-28T15:52:37.392+0000] {taskmixin.py:205} WARNING - Dependency <Task(_PythonDecoratedOperator): log_sql_query>, print_the_context already registered for DAG: example_python_operator
[2023-02-28T15:52:37.396+0000] {logging_mixin.py:137} INFO - [2023-02-28T15:52:37.396+0000] {taskmixin.py:205} WARNING - Dependency <Task(_PythonDecoratedOperator): print_the_context>, log_sql_query already registered for DAG: example_python_operator
[2023-02-28T15:52:37.398+0000] {logging_mixin.py:137} INFO - [2023-02-28T15:52:37.398+0000] {taskmixin.py:205} WARNING - Dependency <Task(_PythonDecoratedOperator): log_sql_query>, print_the_context already registered for DAG: example_python_operator
[2023-02-28T15:52:37.399+0000] {logging_mixin.py:137} INFO - [2023-02-28T15:52:37.399+0000] {taskmixin.py:205} WARNING - Dependency <Task(_PythonDecoratedOperator): print_the_context>, log_sql_query already registered for DAG: example_python_operator
[2023-02-28T15:52:37.401+0000] {logging_mixin.py:137} INFO - [2023-02-28T15:52:37.400+0000] {taskmixin.py:205} WARNING - Dependency <Task(_PythonDecoratedOperator): log_sql_query>, print_the_context already registered for DAG: example_python_operator
[2023-02-28T15:52:37.403+0000] {logging_mixin.py:137} INFO - [2023-02-28T15:52:37.403+0000] {taskmixin.py:205} WARNING - Dependency <Task(_PythonDecoratedOperator): print_the_context>, log_sql_query already registered for DAG: example_python_operator
[2023-02-28T15:52:37.404+0000] {logging_mixin.py:137} INFO - [2023-02-28T15:52:37.404+0000] {taskmixin.py:205} WARNING - Dependency <Task(_PythonDecoratedOperator): log_sql_query>, print_the_context already registered for DAG: example_python_operator
[2023-02-28T15:52:37.410+0000] {processor.py:753} INFO - DAG(s) dict_keys(['example_python_operator']) retrieved from /home/airflow/.local/lib/python3.7/site-packages/airflow/example_dags/example_python_operator.py
[2023-02-28T15:52:37.434+0000] {logging_mixin.py:137} INFO - [2023-02-28T15:52:37.433+0000] {dag.py:2690} INFO - Sync 1 DAGs
[2023-02-28T15:52:37.456+0000] {logging_mixin.py:137} INFO - [2023-02-28T15:52:37.456+0000] {dag.py:3441} INFO - Setting next_dagrun for example_python_operator to None, run_after=None
[2023-02-28T15:52:37.472+0000] {processor.py:175} INFO - Processing /home/airflow/.local/lib/python3.7/site-packages/airflow/example_dags/example_python_operator.py took 0.109 seconds
[2023-02-28T15:53:08.326+0000] {processor.py:153} INFO - Started process (PID=911) to work on /home/airflow/.local/lib/python3.7/site-packages/airflow/example_dags/example_python_operator.py
[2023-02-28T15:53:08.328+0000] {processor.py:743} INFO - Processing file /home/airflow/.local/lib/python3.7/site-packages/airflow/example_dags/example_python_operator.py for tasks to queue
[2023-02-28T15:53:08.335+0000] {logging_mixin.py:137} INFO - [2023-02-28T15:53:08.335+0000] {dagbag.py:538} INFO - Filling up the DagBag from /home/airflow/.local/lib/python3.7/site-packages/airflow/example_dags/example_python_operator.py
[2023-02-28T15:53:08.353+0000] {logging_mixin.py:137} INFO - [2023-02-28T15:53:08.353+0000] {taskmixin.py:205} WARNING - Dependency <Task(_PythonDecoratedOperator): print_the_context>, log_sql_query already registered for DAG: example_python_operator
[2023-02-28T15:53:08.354+0000] {logging_mixin.py:137} INFO - [2023-02-28T15:53:08.354+0000] {taskmixin.py:205} WARNING - Dependency <Task(_PythonDecoratedOperator): log_sql_query>, print_the_context already registered for DAG: example_python_operator
[2023-02-28T15:53:08.357+0000] {logging_mixin.py:137} INFO - [2023-02-28T15:53:08.357+0000] {taskmixin.py:205} WARNING - Dependency <Task(_PythonDecoratedOperator): print_the_context>, log_sql_query already registered for DAG: example_python_operator
[2023-02-28T15:53:08.358+0000] {logging_mixin.py:137} INFO - [2023-02-28T15:53:08.358+0000] {taskmixin.py:205} WARNING - Dependency <Task(_PythonDecoratedOperator): log_sql_query>, print_the_context already registered for DAG: example_python_operator
[2023-02-28T15:53:08.359+0000] {logging_mixin.py:137} INFO - [2023-02-28T15:53:08.359+0000] {taskmixin.py:205} WARNING - Dependency <Task(_PythonDecoratedOperator): print_the_context>, log_sql_query already registered for DAG: example_python_operator
[2023-02-28T15:53:08.360+0000] {logging_mixin.py:137} INFO - [2023-02-28T15:53:08.360+0000] {taskmixin.py:205} WARNING - Dependency <Task(_PythonDecoratedOperator): log_sql_query>, print_the_context already registered for DAG: example_python_operator
[2023-02-28T15:53:08.362+0000] {logging_mixin.py:137} INFO - [2023-02-28T15:53:08.362+0000] {taskmixin.py:205} WARNING - Dependency <Task(_PythonDecoratedOperator): print_the_context>, log_sql_query already registered for DAG: example_python_operator
[2023-02-28T15:53:08.363+0000] {logging_mixin.py:137} INFO - [2023-02-28T15:53:08.363+0000] {taskmixin.py:205} WARNING - Dependency <Task(_PythonDecoratedOperator): log_sql_query>, print_the_context already registered for DAG: example_python_operator
[2023-02-28T15:53:08.370+0000] {processor.py:753} INFO - DAG(s) dict_keys(['example_python_operator']) retrieved from /home/airflow/.local/lib/python3.7/site-packages/airflow/example_dags/example_python_operator.py
[2023-02-28T15:53:08.409+0000] {logging_mixin.py:137} INFO - [2023-02-28T15:53:08.409+0000] {dag.py:2690} INFO - Sync 1 DAGs
[2023-02-28T15:53:08.432+0000] {logging_mixin.py:137} INFO - [2023-02-28T15:53:08.432+0000] {dag.py:3441} INFO - Setting next_dagrun for example_python_operator to None, run_after=None
[2023-02-28T15:53:08.463+0000] {processor.py:175} INFO - Processing /home/airflow/.local/lib/python3.7/site-packages/airflow/example_dags/example_python_operator.py took 0.141 seconds
[2023-02-28T15:53:39.257+0000] {processor.py:153} INFO - Started process (PID=974) to work on /home/airflow/.local/lib/python3.7/site-packages/airflow/example_dags/example_python_operator.py
[2023-02-28T15:53:39.259+0000] {processor.py:743} INFO - Processing file /home/airflow/.local/lib/python3.7/site-packages/airflow/example_dags/example_python_operator.py for tasks to queue
[2023-02-28T15:53:39.261+0000] {logging_mixin.py:137} INFO - [2023-02-28T15:53:39.260+0000] {dagbag.py:538} INFO - Filling up the DagBag from /home/airflow/.local/lib/python3.7/site-packages/airflow/example_dags/example_python_operator.py
[2023-02-28T15:53:39.275+0000] {logging_mixin.py:137} INFO - [2023-02-28T15:53:39.275+0000] {taskmixin.py:205} WARNING - Dependency <Task(_PythonDecoratedOperator): print_the_context>, log_sql_query already registered for DAG: example_python_operator
[2023-02-28T15:53:39.277+0000] {logging_mixin.py:137} INFO - [2023-02-28T15:53:39.276+0000] {taskmixin.py:205} WARNING - Dependency <Task(_PythonDecoratedOperator): log_sql_query>, print_the_context already registered for DAG: example_python_operator
[2023-02-28T15:53:39.279+0000] {logging_mixin.py:137} INFO - [2023-02-28T15:53:39.279+0000] {taskmixin.py:205} WARNING - Dependency <Task(_PythonDecoratedOperator): print_the_context>, log_sql_query already registered for DAG: example_python_operator
[2023-02-28T15:53:39.280+0000] {logging_mixin.py:137} INFO - [2023-02-28T15:53:39.280+0000] {taskmixin.py:205} WARNING - Dependency <Task(_PythonDecoratedOperator): log_sql_query>, print_the_context already registered for DAG: example_python_operator
[2023-02-28T15:53:39.282+0000] {logging_mixin.py:137} INFO - [2023-02-28T15:53:39.281+0000] {taskmixin.py:205} WARNING - Dependency <Task(_PythonDecoratedOperator): print_the_context>, log_sql_query already registered for DAG: example_python_operator
[2023-02-28T15:53:39.285+0000] {logging_mixin.py:137} INFO - [2023-02-28T15:53:39.285+0000] {taskmixin.py:205} WARNING - Dependency <Task(_PythonDecoratedOperator): log_sql_query>, print_the_context already registered for DAG: example_python_operator
[2023-02-28T15:53:39.286+0000] {logging_mixin.py:137} INFO - [2023-02-28T15:53:39.286+0000] {taskmixin.py:205} WARNING - Dependency <Task(_PythonDecoratedOperator): print_the_context>, log_sql_query already registered for DAG: example_python_operator
[2023-02-28T15:53:39.288+0000] {logging_mixin.py:137} INFO - [2023-02-28T15:53:39.288+0000] {taskmixin.py:205} WARNING - Dependency <Task(_PythonDecoratedOperator): log_sql_query>, print_the_context already registered for DAG: example_python_operator
[2023-02-28T15:53:39.294+0000] {processor.py:753} INFO - DAG(s) dict_keys(['example_python_operator']) retrieved from /home/airflow/.local/lib/python3.7/site-packages/airflow/example_dags/example_python_operator.py
[2023-02-28T15:53:39.320+0000] {logging_mixin.py:137} INFO - [2023-02-28T15:53:39.319+0000] {dag.py:2690} INFO - Sync 1 DAGs
[2023-02-28T15:53:39.340+0000] {logging_mixin.py:137} INFO - [2023-02-28T15:53:39.340+0000] {dag.py:3441} INFO - Setting next_dagrun for example_python_operator to None, run_after=None
[2023-02-28T15:53:39.358+0000] {processor.py:175} INFO - Processing /home/airflow/.local/lib/python3.7/site-packages/airflow/example_dags/example_python_operator.py took 0.104 seconds
[2023-02-28T15:54:10.167+0000] {processor.py:153} INFO - Started process (PID=1048) to work on /home/airflow/.local/lib/python3.7/site-packages/airflow/example_dags/example_python_operator.py
[2023-02-28T15:54:10.169+0000] {processor.py:743} INFO - Processing file /home/airflow/.local/lib/python3.7/site-packages/airflow/example_dags/example_python_operator.py for tasks to queue
[2023-02-28T15:54:10.171+0000] {logging_mixin.py:137} INFO - [2023-02-28T15:54:10.170+0000] {dagbag.py:538} INFO - Filling up the DagBag from /home/airflow/.local/lib/python3.7/site-packages/airflow/example_dags/example_python_operator.py
[2023-02-28T15:54:10.184+0000] {logging_mixin.py:137} INFO - [2023-02-28T15:54:10.184+0000] {taskmixin.py:205} WARNING - Dependency <Task(_PythonDecoratedOperator): print_the_context>, log_sql_query already registered for DAG: example_python_operator
[2023-02-28T15:54:10.185+0000] {logging_mixin.py:137} INFO - [2023-02-28T15:54:10.185+0000] {taskmixin.py:205} WARNING - Dependency <Task(_PythonDecoratedOperator): log_sql_query>, print_the_context already registered for DAG: example_python_operator
[2023-02-28T15:54:10.186+0000] {logging_mixin.py:137} INFO - [2023-02-28T15:54:10.186+0000] {taskmixin.py:205} WARNING - Dependency <Task(_PythonDecoratedOperator): print_the_context>, log_sql_query already registered for DAG: example_python_operator
[2023-02-28T15:54:10.188+0000] {logging_mixin.py:137} INFO - [2023-02-28T15:54:10.188+0000] {taskmixin.py:205} WARNING - Dependency <Task(_PythonDecoratedOperator): log_sql_query>, print_the_context already registered for DAG: example_python_operator
[2023-02-28T15:54:10.189+0000] {logging_mixin.py:137} INFO - [2023-02-28T15:54:10.189+0000] {taskmixin.py:205} WARNING - Dependency <Task(_PythonDecoratedOperator): print_the_context>, log_sql_query already registered for DAG: example_python_operator
[2023-02-28T15:54:10.191+0000] {logging_mixin.py:137} INFO - [2023-02-28T15:54:10.190+0000] {taskmixin.py:205} WARNING - Dependency <Task(_PythonDecoratedOperator): log_sql_query>, print_the_context already registered for DAG: example_python_operator
[2023-02-28T15:54:10.192+0000] {logging_mixin.py:137} INFO - [2023-02-28T15:54:10.192+0000] {taskmixin.py:205} WARNING - Dependency <Task(_PythonDecoratedOperator): print_the_context>, log_sql_query already registered for DAG: example_python_operator
[2023-02-28T15:54:10.194+0000] {logging_mixin.py:137} INFO - [2023-02-28T15:54:10.194+0000] {taskmixin.py:205} WARNING - Dependency <Task(_PythonDecoratedOperator): log_sql_query>, print_the_context already registered for DAG: example_python_operator
[2023-02-28T15:54:10.200+0000] {processor.py:753} INFO - DAG(s) dict_keys(['example_python_operator']) retrieved from /home/airflow/.local/lib/python3.7/site-packages/airflow/example_dags/example_python_operator.py
[2023-02-28T15:54:10.225+0000] {logging_mixin.py:137} INFO - [2023-02-28T15:54:10.225+0000] {dag.py:2690} INFO - Sync 1 DAGs
[2023-02-28T15:54:10.241+0000] {logging_mixin.py:137} INFO - [2023-02-28T15:54:10.241+0000] {dag.py:3441} INFO - Setting next_dagrun for example_python_operator to None, run_after=None
[2023-02-28T15:54:10.254+0000] {processor.py:175} INFO - Processing /home/airflow/.local/lib/python3.7/site-packages/airflow/example_dags/example_python_operator.py took 0.090 seconds
[2023-02-28T15:54:41.125+0000] {processor.py:153} INFO - Started process (PID=1122) to work on /home/airflow/.local/lib/python3.7/site-packages/airflow/example_dags/example_python_operator.py
[2023-02-28T15:54:41.126+0000] {processor.py:743} INFO - Processing file /home/airflow/.local/lib/python3.7/site-packages/airflow/example_dags/example_python_operator.py for tasks to queue
[2023-02-28T15:54:41.128+0000] {logging_mixin.py:137} INFO - [2023-02-28T15:54:41.127+0000] {dagbag.py:538} INFO - Filling up the DagBag from /home/airflow/.local/lib/python3.7/site-packages/airflow/example_dags/example_python_operator.py
[2023-02-28T15:54:41.141+0000] {logging_mixin.py:137} INFO - [2023-02-28T15:54:41.141+0000] {taskmixin.py:205} WARNING - Dependency <Task(_PythonDecoratedOperator): print_the_context>, log_sql_query already registered for DAG: example_python_operator
[2023-02-28T15:54:41.142+0000] {logging_mixin.py:137} INFO - [2023-02-28T15:54:41.142+0000] {taskmixin.py:205} WARNING - Dependency <Task(_PythonDecoratedOperator): log_sql_query>, print_the_context already registered for DAG: example_python_operator
[2023-02-28T15:54:41.145+0000] {logging_mixin.py:137} INFO - [2023-02-28T15:54:41.145+0000] {taskmixin.py:205} WARNING - Dependency <Task(_PythonDecoratedOperator): print_the_context>, log_sql_query already registered for DAG: example_python_operator
[2023-02-28T15:54:41.146+0000] {logging_mixin.py:137} INFO - [2023-02-28T15:54:41.146+0000] {taskmixin.py:205} WARNING - Dependency <Task(_PythonDecoratedOperator): log_sql_query>, print_the_context already registered for DAG: example_python_operator
[2023-02-28T15:54:41.148+0000] {logging_mixin.py:137} INFO - [2023-02-28T15:54:41.148+0000] {taskmixin.py:205} WARNING - Dependency <Task(_PythonDecoratedOperator): print_the_context>, log_sql_query already registered for DAG: example_python_operator
[2023-02-28T15:54:41.149+0000] {logging_mixin.py:137} INFO - [2023-02-28T15:54:41.149+0000] {taskmixin.py:205} WARNING - Dependency <Task(_PythonDecoratedOperator): log_sql_query>, print_the_context already registered for DAG: example_python_operator
[2023-02-28T15:54:41.151+0000] {logging_mixin.py:137} INFO - [2023-02-28T15:54:41.150+0000] {taskmixin.py:205} WARNING - Dependency <Task(_PythonDecoratedOperator): print_the_context>, log_sql_query already registered for DAG: example_python_operator
[2023-02-28T15:54:41.152+0000] {logging_mixin.py:137} INFO - [2023-02-28T15:54:41.151+0000] {taskmixin.py:205} WARNING - Dependency <Task(_PythonDecoratedOperator): log_sql_query>, print_the_context already registered for DAG: example_python_operator
[2023-02-28T15:54:41.157+0000] {processor.py:753} INFO - DAG(s) dict_keys(['example_python_operator']) retrieved from /home/airflow/.local/lib/python3.7/site-packages/airflow/example_dags/example_python_operator.py
[2023-02-28T15:54:41.181+0000] {logging_mixin.py:137} INFO - [2023-02-28T15:54:41.181+0000] {dag.py:2690} INFO - Sync 1 DAGs
[2023-02-28T15:54:41.201+0000] {logging_mixin.py:137} INFO - [2023-02-28T15:54:41.201+0000] {dag.py:3441} INFO - Setting next_dagrun for example_python_operator to None, run_after=None
[2023-02-28T15:54:41.217+0000] {processor.py:175} INFO - Processing /home/airflow/.local/lib/python3.7/site-packages/airflow/example_dags/example_python_operator.py took 0.095 seconds
[2023-02-28T15:55:11.854+0000] {processor.py:153} INFO - Started process (PID=1186) to work on /home/airflow/.local/lib/python3.7/site-packages/airflow/example_dags/example_python_operator.py
[2023-02-28T15:55:11.856+0000] {processor.py:743} INFO - Processing file /home/airflow/.local/lib/python3.7/site-packages/airflow/example_dags/example_python_operator.py for tasks to queue
[2023-02-28T15:55:11.858+0000] {logging_mixin.py:137} INFO - [2023-02-28T15:55:11.858+0000] {dagbag.py:538} INFO - Filling up the DagBag from /home/airflow/.local/lib/python3.7/site-packages/airflow/example_dags/example_python_operator.py
[2023-02-28T15:55:11.874+0000] {logging_mixin.py:137} INFO - [2023-02-28T15:55:11.874+0000] {taskmixin.py:205} WARNING - Dependency <Task(_PythonDecoratedOperator): print_the_context>, log_sql_query already registered for DAG: example_python_operator
[2023-02-28T15:55:11.876+0000] {logging_mixin.py:137} INFO - [2023-02-28T15:55:11.876+0000] {taskmixin.py:205} WARNING - Dependency <Task(_PythonDecoratedOperator): log_sql_query>, print_the_context already registered for DAG: example_python_operator
[2023-02-28T15:55:11.877+0000] {logging_mixin.py:137} INFO - [2023-02-28T15:55:11.877+0000] {taskmixin.py:205} WARNING - Dependency <Task(_PythonDecoratedOperator): print_the_context>, log_sql_query already registered for DAG: example_python_operator
[2023-02-28T15:55:11.878+0000] {logging_mixin.py:137} INFO - [2023-02-28T15:55:11.878+0000] {taskmixin.py:205} WARNING - Dependency <Task(_PythonDecoratedOperator): log_sql_query>, print_the_context already registered for DAG: example_python_operator
[2023-02-28T15:55:11.880+0000] {logging_mixin.py:137} INFO - [2023-02-28T15:55:11.880+0000] {taskmixin.py:205} WARNING - Dependency <Task(_PythonDecoratedOperator): print_the_context>, log_sql_query already registered for DAG: example_python_operator
[2023-02-28T15:55:11.881+0000] {logging_mixin.py:137} INFO - [2023-02-28T15:55:11.881+0000] {taskmixin.py:205} WARNING - Dependency <Task(_PythonDecoratedOperator): log_sql_query>, print_the_context already registered for DAG: example_python_operator
[2023-02-28T15:55:11.882+0000] {logging_mixin.py:137} INFO - [2023-02-28T15:55:11.882+0000] {taskmixin.py:205} WARNING - Dependency <Task(_PythonDecoratedOperator): print_the_context>, log_sql_query already registered for DAG: example_python_operator
[2023-02-28T15:55:11.883+0000] {logging_mixin.py:137} INFO - [2023-02-28T15:55:11.883+0000] {taskmixin.py:205} WARNING - Dependency <Task(_PythonDecoratedOperator): log_sql_query>, print_the_context already registered for DAG: example_python_operator
[2023-02-28T15:55:11.890+0000] {processor.py:753} INFO - DAG(s) dict_keys(['example_python_operator']) retrieved from /home/airflow/.local/lib/python3.7/site-packages/airflow/example_dags/example_python_operator.py
[2023-02-28T15:55:11.913+0000] {logging_mixin.py:137} INFO - [2023-02-28T15:55:11.913+0000] {dag.py:2690} INFO - Sync 1 DAGs
[2023-02-28T15:55:11.932+0000] {logging_mixin.py:137} INFO - [2023-02-28T15:55:11.932+0000] {dag.py:3441} INFO - Setting next_dagrun for example_python_operator to None, run_after=None
[2023-02-28T15:55:11.949+0000] {processor.py:175} INFO - Processing /home/airflow/.local/lib/python3.7/site-packages/airflow/example_dags/example_python_operator.py took 0.098 seconds
[2023-02-28T15:55:42.749+0000] {processor.py:153} INFO - Started process (PID=1261) to work on /home/airflow/.local/lib/python3.7/site-packages/airflow/example_dags/example_python_operator.py
[2023-02-28T15:55:42.752+0000] {processor.py:743} INFO - Processing file /home/airflow/.local/lib/python3.7/site-packages/airflow/example_dags/example_python_operator.py for tasks to queue
[2023-02-28T15:55:42.753+0000] {logging_mixin.py:137} INFO - [2023-02-28T15:55:42.753+0000] {dagbag.py:538} INFO - Filling up the DagBag from /home/airflow/.local/lib/python3.7/site-packages/airflow/example_dags/example_python_operator.py
[2023-02-28T15:55:42.767+0000] {logging_mixin.py:137} INFO - [2023-02-28T15:55:42.767+0000] {taskmixin.py:205} WARNING - Dependency <Task(_PythonDecoratedOperator): print_the_context>, log_sql_query already registered for DAG: example_python_operator
[2023-02-28T15:55:42.770+0000] {logging_mixin.py:137} INFO - [2023-02-28T15:55:42.770+0000] {taskmixin.py:205} WARNING - Dependency <Task(_PythonDecoratedOperator): log_sql_query>, print_the_context already registered for DAG: example_python_operator
[2023-02-28T15:55:42.772+0000] {logging_mixin.py:137} INFO - [2023-02-28T15:55:42.772+0000] {taskmixin.py:205} WARNING - Dependency <Task(_PythonDecoratedOperator): print_the_context>, log_sql_query already registered for DAG: example_python_operator
[2023-02-28T15:55:42.773+0000] {logging_mixin.py:137} INFO - [2023-02-28T15:55:42.773+0000] {taskmixin.py:205} WARNING - Dependency <Task(_PythonDecoratedOperator): log_sql_query>, print_the_context already registered for DAG: example_python_operator
[2023-02-28T15:55:42.774+0000] {logging_mixin.py:137} INFO - [2023-02-28T15:55:42.774+0000] {taskmixin.py:205} WARNING - Dependency <Task(_PythonDecoratedOperator): print_the_context>, log_sql_query already registered for DAG: example_python_operator
[2023-02-28T15:55:42.775+0000] {logging_mixin.py:137} INFO - [2023-02-28T15:55:42.775+0000] {taskmixin.py:205} WARNING - Dependency <Task(_PythonDecoratedOperator): log_sql_query>, print_the_context already registered for DAG: example_python_operator
[2023-02-28T15:55:42.776+0000] {logging_mixin.py:137} INFO - [2023-02-28T15:55:42.776+0000] {taskmixin.py:205} WARNING - Dependency <Task(_PythonDecoratedOperator): print_the_context>, log_sql_query already registered for DAG: example_python_operator
[2023-02-28T15:55:42.777+0000] {logging_mixin.py:137} INFO - [2023-02-28T15:55:42.777+0000] {taskmixin.py:205} WARNING - Dependency <Task(_PythonDecoratedOperator): log_sql_query>, print_the_context already registered for DAG: example_python_operator
[2023-02-28T15:55:42.783+0000] {processor.py:753} INFO - DAG(s) dict_keys(['example_python_operator']) retrieved from /home/airflow/.local/lib/python3.7/site-packages/airflow/example_dags/example_python_operator.py
[2023-02-28T15:55:42.809+0000] {logging_mixin.py:137} INFO - [2023-02-28T15:55:42.809+0000] {dag.py:2690} INFO - Sync 1 DAGs
[2023-02-28T15:55:42.832+0000] {logging_mixin.py:137} INFO - [2023-02-28T15:55:42.832+0000] {dag.py:3441} INFO - Setting next_dagrun for example_python_operator to None, run_after=None
[2023-02-28T15:55:42.849+0000] {processor.py:175} INFO - Processing /home/airflow/.local/lib/python3.7/site-packages/airflow/example_dags/example_python_operator.py took 0.106 seconds
[2023-02-28T15:56:13.885+0000] {processor.py:153} INFO - Started process (PID=1336) to work on /home/airflow/.local/lib/python3.7/site-packages/airflow/example_dags/example_python_operator.py
[2023-02-28T15:56:13.887+0000] {processor.py:743} INFO - Processing file /home/airflow/.local/lib/python3.7/site-packages/airflow/example_dags/example_python_operator.py for tasks to queue
[2023-02-28T15:56:13.890+0000] {logging_mixin.py:137} INFO - [2023-02-28T15:56:13.890+0000] {dagbag.py:538} INFO - Filling up the DagBag from /home/airflow/.local/lib/python3.7/site-packages/airflow/example_dags/example_python_operator.py
[2023-02-28T15:56:13.906+0000] {logging_mixin.py:137} INFO - [2023-02-28T15:56:13.906+0000] {taskmixin.py:205} WARNING - Dependency <Task(_PythonDecoratedOperator): print_the_context>, log_sql_query already registered for DAG: example_python_operator
[2023-02-28T15:56:13.907+0000] {logging_mixin.py:137} INFO - [2023-02-28T15:56:13.907+0000] {taskmixin.py:205} WARNING - Dependency <Task(_PythonDecoratedOperator): log_sql_query>, print_the_context already registered for DAG: example_python_operator
[2023-02-28T15:56:13.909+0000] {logging_mixin.py:137} INFO - [2023-02-28T15:56:13.909+0000] {taskmixin.py:205} WARNING - Dependency <Task(_PythonDecoratedOperator): print_the_context>, log_sql_query already registered for DAG: example_python_operator
[2023-02-28T15:56:13.910+0000] {logging_mixin.py:137} INFO - [2023-02-28T15:56:13.910+0000] {taskmixin.py:205} WARNING - Dependency <Task(_PythonDecoratedOperator): log_sql_query>, print_the_context already registered for DAG: example_python_operator
[2023-02-28T15:56:13.912+0000] {logging_mixin.py:137} INFO - [2023-02-28T15:56:13.912+0000] {taskmixin.py:205} WARNING - Dependency <Task(_PythonDecoratedOperator): print_the_context>, log_sql_query already registered for DAG: example_python_operator
[2023-02-28T15:56:13.913+0000] {logging_mixin.py:137} INFO - [2023-02-28T15:56:13.913+0000] {taskmixin.py:205} WARNING - Dependency <Task(_PythonDecoratedOperator): log_sql_query>, print_the_context already registered for DAG: example_python_operator
[2023-02-28T15:56:13.916+0000] {logging_mixin.py:137} INFO - [2023-02-28T15:56:13.916+0000] {taskmixin.py:205} WARNING - Dependency <Task(_PythonDecoratedOperator): print_the_context>, log_sql_query already registered for DAG: example_python_operator
[2023-02-28T15:56:13.917+0000] {logging_mixin.py:137} INFO - [2023-02-28T15:56:13.916+0000] {taskmixin.py:205} WARNING - Dependency <Task(_PythonDecoratedOperator): log_sql_query>, print_the_context already registered for DAG: example_python_operator
[2023-02-28T15:56:13.923+0000] {processor.py:753} INFO - DAG(s) dict_keys(['example_python_operator']) retrieved from /home/airflow/.local/lib/python3.7/site-packages/airflow/example_dags/example_python_operator.py
[2023-02-28T15:56:13.950+0000] {logging_mixin.py:137} INFO - [2023-02-28T15:56:13.950+0000] {dag.py:2690} INFO - Sync 1 DAGs
[2023-02-28T15:56:13.974+0000] {logging_mixin.py:137} INFO - [2023-02-28T15:56:13.974+0000] {dag.py:3441} INFO - Setting next_dagrun for example_python_operator to None, run_after=None
[2023-02-28T15:56:13.991+0000] {processor.py:175} INFO - Processing /home/airflow/.local/lib/python3.7/site-packages/airflow/example_dags/example_python_operator.py took 0.109 seconds
[2023-02-28T15:56:44.710+0000] {processor.py:153} INFO - Started process (PID=1398) to work on /home/airflow/.local/lib/python3.7/site-packages/airflow/example_dags/example_python_operator.py
[2023-02-28T15:56:44.712+0000] {processor.py:743} INFO - Processing file /home/airflow/.local/lib/python3.7/site-packages/airflow/example_dags/example_python_operator.py for tasks to queue
[2023-02-28T15:56:44.714+0000] {logging_mixin.py:137} INFO - [2023-02-28T15:56:44.714+0000] {dagbag.py:538} INFO - Filling up the DagBag from /home/airflow/.local/lib/python3.7/site-packages/airflow/example_dags/example_python_operator.py
[2023-02-28T15:56:44.730+0000] {logging_mixin.py:137} INFO - [2023-02-28T15:56:44.730+0000] {taskmixin.py:205} WARNING - Dependency <Task(_PythonDecoratedOperator): print_the_context>, log_sql_query already registered for DAG: example_python_operator
[2023-02-28T15:56:44.732+0000] {logging_mixin.py:137} INFO - [2023-02-28T15:56:44.732+0000] {taskmixin.py:205} WARNING - Dependency <Task(_PythonDecoratedOperator): log_sql_query>, print_the_context already registered for DAG: example_python_operator
[2023-02-28T15:56:44.733+0000] {logging_mixin.py:137} INFO - [2023-02-28T15:56:44.733+0000] {taskmixin.py:205} WARNING - Dependency <Task(_PythonDecoratedOperator): print_the_context>, log_sql_query already registered for DAG: example_python_operator
[2023-02-28T15:56:44.734+0000] {logging_mixin.py:137} INFO - [2023-02-28T15:56:44.734+0000] {taskmixin.py:205} WARNING - Dependency <Task(_PythonDecoratedOperator): log_sql_query>, print_the_context already registered for DAG: example_python_operator
[2023-02-28T15:56:44.736+0000] {logging_mixin.py:137} INFO - [2023-02-28T15:56:44.736+0000] {taskmixin.py:205} WARNING - Dependency <Task(_PythonDecoratedOperator): print_the_context>, log_sql_query already registered for DAG: example_python_operator
[2023-02-28T15:56:44.737+0000] {logging_mixin.py:137} INFO - [2023-02-28T15:56:44.737+0000] {taskmixin.py:205} WARNING - Dependency <Task(_PythonDecoratedOperator): log_sql_query>, print_the_context already registered for DAG: example_python_operator
[2023-02-28T15:56:44.739+0000] {logging_mixin.py:137} INFO - [2023-02-28T15:56:44.739+0000] {taskmixin.py:205} WARNING - Dependency <Task(_PythonDecoratedOperator): print_the_context>, log_sql_query already registered for DAG: example_python_operator
[2023-02-28T15:56:44.741+0000] {logging_mixin.py:137} INFO - [2023-02-28T15:56:44.741+0000] {taskmixin.py:205} WARNING - Dependency <Task(_PythonDecoratedOperator): log_sql_query>, print_the_context already registered for DAG: example_python_operator
[2023-02-28T15:56:44.747+0000] {processor.py:753} INFO - DAG(s) dict_keys(['example_python_operator']) retrieved from /home/airflow/.local/lib/python3.7/site-packages/airflow/example_dags/example_python_operator.py
[2023-02-28T15:56:44.773+0000] {logging_mixin.py:137} INFO - [2023-02-28T15:56:44.773+0000] {dag.py:2690} INFO - Sync 1 DAGs
[2023-02-28T15:56:44.791+0000] {logging_mixin.py:137} INFO - [2023-02-28T15:56:44.791+0000] {dag.py:3441} INFO - Setting next_dagrun for example_python_operator to None, run_after=None
[2023-02-28T15:56:44.807+0000] {processor.py:175} INFO - Processing /home/airflow/.local/lib/python3.7/site-packages/airflow/example_dags/example_python_operator.py took 0.103 seconds
[2023-02-28T15:57:15.596+0000] {processor.py:153} INFO - Started process (PID=1473) to work on /home/airflow/.local/lib/python3.7/site-packages/airflow/example_dags/example_python_operator.py
[2023-02-28T15:57:15.597+0000] {processor.py:743} INFO - Processing file /home/airflow/.local/lib/python3.7/site-packages/airflow/example_dags/example_python_operator.py for tasks to queue
[2023-02-28T15:57:15.599+0000] {logging_mixin.py:137} INFO - [2023-02-28T15:57:15.599+0000] {dagbag.py:538} INFO - Filling up the DagBag from /home/airflow/.local/lib/python3.7/site-packages/airflow/example_dags/example_python_operator.py
[2023-02-28T15:57:15.612+0000] {logging_mixin.py:137} INFO - [2023-02-28T15:57:15.611+0000] {taskmixin.py:205} WARNING - Dependency <Task(_PythonDecoratedOperator): print_the_context>, log_sql_query already registered for DAG: example_python_operator
[2023-02-28T15:57:15.613+0000] {logging_mixin.py:137} INFO - [2023-02-28T15:57:15.613+0000] {taskmixin.py:205} WARNING - Dependency <Task(_PythonDecoratedOperator): log_sql_query>, print_the_context already registered for DAG: example_python_operator
[2023-02-28T15:57:15.614+0000] {logging_mixin.py:137} INFO - [2023-02-28T15:57:15.614+0000] {taskmixin.py:205} WARNING - Dependency <Task(_PythonDecoratedOperator): print_the_context>, log_sql_query already registered for DAG: example_python_operator
[2023-02-28T15:57:15.616+0000] {logging_mixin.py:137} INFO - [2023-02-28T15:57:15.616+0000] {taskmixin.py:205} WARNING - Dependency <Task(_PythonDecoratedOperator): log_sql_query>, print_the_context already registered for DAG: example_python_operator
[2023-02-28T15:57:15.617+0000] {logging_mixin.py:137} INFO - [2023-02-28T15:57:15.617+0000] {taskmixin.py:205} WARNING - Dependency <Task(_PythonDecoratedOperator): print_the_context>, log_sql_query already registered for DAG: example_python_operator
[2023-02-28T15:57:15.618+0000] {logging_mixin.py:137} INFO - [2023-02-28T15:57:15.618+0000] {taskmixin.py:205} WARNING - Dependency <Task(_PythonDecoratedOperator): log_sql_query>, print_the_context already registered for DAG: example_python_operator
[2023-02-28T15:57:15.619+0000] {logging_mixin.py:137} INFO - [2023-02-28T15:57:15.619+0000] {taskmixin.py:205} WARNING - Dependency <Task(_PythonDecoratedOperator): print_the_context>, log_sql_query already registered for DAG: example_python_operator
[2023-02-28T15:57:15.621+0000] {logging_mixin.py:137} INFO - [2023-02-28T15:57:15.620+0000] {taskmixin.py:205} WARNING - Dependency <Task(_PythonDecoratedOperator): log_sql_query>, print_the_context already registered for DAG: example_python_operator
[2023-02-28T15:57:15.626+0000] {processor.py:753} INFO - DAG(s) dict_keys(['example_python_operator']) retrieved from /home/airflow/.local/lib/python3.7/site-packages/airflow/example_dags/example_python_operator.py
[2023-02-28T15:57:15.649+0000] {logging_mixin.py:137} INFO - [2023-02-28T15:57:15.649+0000] {dag.py:2690} INFO - Sync 1 DAGs
[2023-02-28T15:57:15.666+0000] {logging_mixin.py:137} INFO - [2023-02-28T15:57:15.666+0000] {dag.py:3441} INFO - Setting next_dagrun for example_python_operator to None, run_after=None
[2023-02-28T15:57:15.677+0000] {processor.py:175} INFO - Processing /home/airflow/.local/lib/python3.7/site-packages/airflow/example_dags/example_python_operator.py took 0.084 seconds
[2023-02-28T15:57:46.404+0000] {processor.py:153} INFO - Started process (PID=1548) to work on /home/airflow/.local/lib/python3.7/site-packages/airflow/example_dags/example_python_operator.py
[2023-02-28T15:57:46.405+0000] {processor.py:743} INFO - Processing file /home/airflow/.local/lib/python3.7/site-packages/airflow/example_dags/example_python_operator.py for tasks to queue
[2023-02-28T15:57:46.406+0000] {logging_mixin.py:137} INFO - [2023-02-28T15:57:46.406+0000] {dagbag.py:538} INFO - Filling up the DagBag from /home/airflow/.local/lib/python3.7/site-packages/airflow/example_dags/example_python_operator.py
[2023-02-28T15:57:46.419+0000] {logging_mixin.py:137} INFO - [2023-02-28T15:57:46.419+0000] {taskmixin.py:205} WARNING - Dependency <Task(_PythonDecoratedOperator): print_the_context>, log_sql_query already registered for DAG: example_python_operator
[2023-02-28T15:57:46.421+0000] {logging_mixin.py:137} INFO - [2023-02-28T15:57:46.421+0000] {taskmixin.py:205} WARNING - Dependency <Task(_PythonDecoratedOperator): log_sql_query>, print_the_context already registered for DAG: example_python_operator
[2023-02-28T15:57:46.422+0000] {logging_mixin.py:137} INFO - [2023-02-28T15:57:46.422+0000] {taskmixin.py:205} WARNING - Dependency <Task(_PythonDecoratedOperator): print_the_context>, log_sql_query already registered for DAG: example_python_operator
[2023-02-28T15:57:46.423+0000] {logging_mixin.py:137} INFO - [2023-02-28T15:57:46.423+0000] {taskmixin.py:205} WARNING - Dependency <Task(_PythonDecoratedOperator): log_sql_query>, print_the_context already registered for DAG: example_python_operator
[2023-02-28T15:57:46.425+0000] {logging_mixin.py:137} INFO - [2023-02-28T15:57:46.425+0000] {taskmixin.py:205} WARNING - Dependency <Task(_PythonDecoratedOperator): print_the_context>, log_sql_query already registered for DAG: example_python_operator
[2023-02-28T15:57:46.426+0000] {logging_mixin.py:137} INFO - [2023-02-28T15:57:46.426+0000] {taskmixin.py:205} WARNING - Dependency <Task(_PythonDecoratedOperator): log_sql_query>, print_the_context already registered for DAG: example_python_operator
[2023-02-28T15:57:46.427+0000] {logging_mixin.py:137} INFO - [2023-02-28T15:57:46.427+0000] {taskmixin.py:205} WARNING - Dependency <Task(_PythonDecoratedOperator): print_the_context>, log_sql_query already registered for DAG: example_python_operator
[2023-02-28T15:57:46.429+0000] {logging_mixin.py:137} INFO - [2023-02-28T15:57:46.429+0000] {taskmixin.py:205} WARNING - Dependency <Task(_PythonDecoratedOperator): log_sql_query>, print_the_context already registered for DAG: example_python_operator
[2023-02-28T15:57:46.435+0000] {processor.py:753} INFO - DAG(s) dict_keys(['example_python_operator']) retrieved from /home/airflow/.local/lib/python3.7/site-packages/airflow/example_dags/example_python_operator.py
[2023-02-28T15:57:46.458+0000] {logging_mixin.py:137} INFO - [2023-02-28T15:57:46.458+0000] {dag.py:2690} INFO - Sync 1 DAGs
[2023-02-28T15:57:46.475+0000] {logging_mixin.py:137} INFO - [2023-02-28T15:57:46.475+0000] {dag.py:3441} INFO - Setting next_dagrun for example_python_operator to None, run_after=None
[2023-02-28T15:57:46.487+0000] {processor.py:175} INFO - Processing /home/airflow/.local/lib/python3.7/site-packages/airflow/example_dags/example_python_operator.py took 0.086 seconds
[2023-02-28T15:58:17.125+0000] {processor.py:153} INFO - Started process (PID=1612) to work on /home/airflow/.local/lib/python3.7/site-packages/airflow/example_dags/example_python_operator.py
[2023-02-28T15:58:17.126+0000] {processor.py:743} INFO - Processing file /home/airflow/.local/lib/python3.7/site-packages/airflow/example_dags/example_python_operator.py for tasks to queue
[2023-02-28T15:58:17.129+0000] {logging_mixin.py:137} INFO - [2023-02-28T15:58:17.128+0000] {dagbag.py:538} INFO - Filling up the DagBag from /home/airflow/.local/lib/python3.7/site-packages/airflow/example_dags/example_python_operator.py
[2023-02-28T15:58:17.149+0000] {logging_mixin.py:137} INFO - [2023-02-28T15:58:17.148+0000] {taskmixin.py:205} WARNING - Dependency <Task(_PythonDecoratedOperator): print_the_context>, log_sql_query already registered for DAG: example_python_operator
[2023-02-28T15:58:17.150+0000] {logging_mixin.py:137} INFO - [2023-02-28T15:58:17.150+0000] {taskmixin.py:205} WARNING - Dependency <Task(_PythonDecoratedOperator): log_sql_query>, print_the_context already registered for DAG: example_python_operator
[2023-02-28T15:58:17.152+0000] {logging_mixin.py:137} INFO - [2023-02-28T15:58:17.152+0000] {taskmixin.py:205} WARNING - Dependency <Task(_PythonDecoratedOperator): print_the_context>, log_sql_query already registered for DAG: example_python_operator
[2023-02-28T15:58:17.153+0000] {logging_mixin.py:137} INFO - [2023-02-28T15:58:17.153+0000] {taskmixin.py:205} WARNING - Dependency <Task(_PythonDecoratedOperator): log_sql_query>, print_the_context already registered for DAG: example_python_operator
[2023-02-28T15:58:17.155+0000] {logging_mixin.py:137} INFO - [2023-02-28T15:58:17.155+0000] {taskmixin.py:205} WARNING - Dependency <Task(_PythonDecoratedOperator): print_the_context>, log_sql_query already registered for DAG: example_python_operator
[2023-02-28T15:58:17.156+0000] {logging_mixin.py:137} INFO - [2023-02-28T15:58:17.156+0000] {taskmixin.py:205} WARNING - Dependency <Task(_PythonDecoratedOperator): log_sql_query>, print_the_context already registered for DAG: example_python_operator
[2023-02-28T15:58:17.158+0000] {logging_mixin.py:137} INFO - [2023-02-28T15:58:17.158+0000] {taskmixin.py:205} WARNING - Dependency <Task(_PythonDecoratedOperator): print_the_context>, log_sql_query already registered for DAG: example_python_operator
[2023-02-28T15:58:17.159+0000] {logging_mixin.py:137} INFO - [2023-02-28T15:58:17.159+0000] {taskmixin.py:205} WARNING - Dependency <Task(_PythonDecoratedOperator): log_sql_query>, print_the_context already registered for DAG: example_python_operator
[2023-02-28T15:58:17.165+0000] {processor.py:753} INFO - DAG(s) dict_keys(['example_python_operator']) retrieved from /home/airflow/.local/lib/python3.7/site-packages/airflow/example_dags/example_python_operator.py
[2023-02-28T15:58:17.189+0000] {logging_mixin.py:137} INFO - [2023-02-28T15:58:17.188+0000] {dag.py:2690} INFO - Sync 1 DAGs
[2023-02-28T15:58:17.209+0000] {logging_mixin.py:137} INFO - [2023-02-28T15:58:17.209+0000] {dag.py:3441} INFO - Setting next_dagrun for example_python_operator to None, run_after=None
[2023-02-28T15:58:17.222+0000] {processor.py:175} INFO - Processing /home/airflow/.local/lib/python3.7/site-packages/airflow/example_dags/example_python_operator.py took 0.102 seconds
[2023-02-28T15:58:47.948+0000] {processor.py:153} INFO - Started process (PID=1686) to work on /home/airflow/.local/lib/python3.7/site-packages/airflow/example_dags/example_python_operator.py
[2023-02-28T15:58:47.950+0000] {processor.py:743} INFO - Processing file /home/airflow/.local/lib/python3.7/site-packages/airflow/example_dags/example_python_operator.py for tasks to queue
[2023-02-28T15:58:47.952+0000] {logging_mixin.py:137} INFO - [2023-02-28T15:58:47.951+0000] {dagbag.py:538} INFO - Filling up the DagBag from /home/airflow/.local/lib/python3.7/site-packages/airflow/example_dags/example_python_operator.py
[2023-02-28T15:58:47.966+0000] {logging_mixin.py:137} INFO - [2023-02-28T15:58:47.966+0000] {taskmixin.py:205} WARNING - Dependency <Task(_PythonDecoratedOperator): print_the_context>, log_sql_query already registered for DAG: example_python_operator
[2023-02-28T15:58:47.968+0000] {logging_mixin.py:137} INFO - [2023-02-28T15:58:47.968+0000] {taskmixin.py:205} WARNING - Dependency <Task(_PythonDecoratedOperator): log_sql_query>, print_the_context already registered for DAG: example_python_operator
[2023-02-28T15:58:47.971+0000] {logging_mixin.py:137} INFO - [2023-02-28T15:58:47.970+0000] {taskmixin.py:205} WARNING - Dependency <Task(_PythonDecoratedOperator): print_the_context>, log_sql_query already registered for DAG: example_python_operator
[2023-02-28T15:58:47.972+0000] {logging_mixin.py:137} INFO - [2023-02-28T15:58:47.972+0000] {taskmixin.py:205} WARNING - Dependency <Task(_PythonDecoratedOperator): log_sql_query>, print_the_context already registered for DAG: example_python_operator
[2023-02-28T15:58:47.973+0000] {logging_mixin.py:137} INFO - [2023-02-28T15:58:47.973+0000] {taskmixin.py:205} WARNING - Dependency <Task(_PythonDecoratedOperator): print_the_context>, log_sql_query already registered for DAG: example_python_operator
[2023-02-28T15:58:47.974+0000] {logging_mixin.py:137} INFO - [2023-02-28T15:58:47.974+0000] {taskmixin.py:205} WARNING - Dependency <Task(_PythonDecoratedOperator): log_sql_query>, print_the_context already registered for DAG: example_python_operator
[2023-02-28T15:58:47.976+0000] {logging_mixin.py:137} INFO - [2023-02-28T15:58:47.976+0000] {taskmixin.py:205} WARNING - Dependency <Task(_PythonDecoratedOperator): print_the_context>, log_sql_query already registered for DAG: example_python_operator
[2023-02-28T15:58:47.977+0000] {logging_mixin.py:137} INFO - [2023-02-28T15:58:47.977+0000] {taskmixin.py:205} WARNING - Dependency <Task(_PythonDecoratedOperator): log_sql_query>, print_the_context already registered for DAG: example_python_operator
[2023-02-28T15:58:47.983+0000] {processor.py:753} INFO - DAG(s) dict_keys(['example_python_operator']) retrieved from /home/airflow/.local/lib/python3.7/site-packages/airflow/example_dags/example_python_operator.py
[2023-02-28T15:58:48.009+0000] {logging_mixin.py:137} INFO - [2023-02-28T15:58:48.008+0000] {dag.py:2690} INFO - Sync 1 DAGs
[2023-02-28T15:58:48.027+0000] {logging_mixin.py:137} INFO - [2023-02-28T15:58:48.027+0000] {dag.py:3441} INFO - Setting next_dagrun for example_python_operator to None, run_after=None
[2023-02-28T15:58:48.041+0000] {processor.py:175} INFO - Processing /home/airflow/.local/lib/python3.7/site-packages/airflow/example_dags/example_python_operator.py took 0.096 seconds
