[2023-02-28T15:46:59.206+0000] {processor.py:153} INFO - Started process (PID=58) to work on /home/airflow/.local/lib/python3.7/site-packages/airflow/example_dags/example_branch_python_dop_operator_3.py
[2023-02-28T15:46:59.208+0000] {processor.py:743} INFO - Processing file /home/airflow/.local/lib/python3.7/site-packages/airflow/example_dags/example_branch_python_dop_operator_3.py for tasks to queue
[2023-02-28T15:46:59.211+0000] {logging_mixin.py:137} INFO - [2023-02-28T15:46:59.210+0000] {dagbag.py:538} INFO - Filling up the DagBag from /home/airflow/.local/lib/python3.7/site-packages/airflow/example_dags/example_branch_python_dop_operator_3.py
[2023-02-28T15:46:59.252+0000] {processor.py:753} INFO - DAG(s) dict_keys(['example_branch_dop_operator_v3']) retrieved from /home/airflow/.local/lib/python3.7/site-packages/airflow/example_dags/example_branch_python_dop_operator_3.py
[2023-02-28T15:46:59.326+0000] {logging_mixin.py:137} INFO - [2023-02-28T15:46:59.326+0000] {dag.py:2690} INFO - Sync 1 DAGs
[2023-02-28T15:46:59.392+0000] {logging_mixin.py:137} INFO - [2023-02-28T15:46:59.392+0000] {dag.py:3441} INFO - Setting next_dagrun for example_branch_dop_operator_v3 to 2023-02-28T15:45:00+00:00, run_after=2023-02-28T15:46:00+00:00
[2023-02-28T15:46:59.459+0000] {processor.py:175} INFO - Processing /home/airflow/.local/lib/python3.7/site-packages/airflow/example_dags/example_branch_python_dop_operator_3.py took 0.259 seconds
[2023-02-28T15:47:29.832+0000] {processor.py:153} INFO - Started process (PID=131) to work on /home/airflow/.local/lib/python3.7/site-packages/airflow/example_dags/example_branch_python_dop_operator_3.py
[2023-02-28T15:47:29.834+0000] {processor.py:743} INFO - Processing file /home/airflow/.local/lib/python3.7/site-packages/airflow/example_dags/example_branch_python_dop_operator_3.py for tasks to queue
[2023-02-28T15:47:29.836+0000] {logging_mixin.py:137} INFO - [2023-02-28T15:47:29.836+0000] {dagbag.py:538} INFO - Filling up the DagBag from /home/airflow/.local/lib/python3.7/site-packages/airflow/example_dags/example_branch_python_dop_operator_3.py
[2023-02-28T15:47:29.854+0000] {processor.py:753} INFO - DAG(s) dict_keys(['example_branch_dop_operator_v3']) retrieved from /home/airflow/.local/lib/python3.7/site-packages/airflow/example_dags/example_branch_python_dop_operator_3.py
[2023-02-28T15:47:29.878+0000] {logging_mixin.py:137} INFO - [2023-02-28T15:47:29.878+0000] {dag.py:2690} INFO - Sync 1 DAGs
[2023-02-28T15:47:29.900+0000] {logging_mixin.py:137} INFO - [2023-02-28T15:47:29.900+0000] {dag.py:3441} INFO - Setting next_dagrun for example_branch_dop_operator_v3 to 2023-02-28T15:46:00+00:00, run_after=2023-02-28T15:47:00+00:00
[2023-02-28T15:47:29.918+0000] {processor.py:175} INFO - Processing /home/airflow/.local/lib/python3.7/site-packages/airflow/example_dags/example_branch_python_dop_operator_3.py took 0.089 seconds
[2023-02-28T15:48:00.210+0000] {processor.py:153} INFO - Started process (PID=206) to work on /home/airflow/.local/lib/python3.7/site-packages/airflow/example_dags/example_branch_python_dop_operator_3.py
[2023-02-28T15:48:00.213+0000] {processor.py:743} INFO - Processing file /home/airflow/.local/lib/python3.7/site-packages/airflow/example_dags/example_branch_python_dop_operator_3.py for tasks to queue
[2023-02-28T15:48:00.216+0000] {logging_mixin.py:137} INFO - [2023-02-28T15:48:00.216+0000] {dagbag.py:538} INFO - Filling up the DagBag from /home/airflow/.local/lib/python3.7/site-packages/airflow/example_dags/example_branch_python_dop_operator_3.py
[2023-02-28T15:48:00.237+0000] {processor.py:753} INFO - DAG(s) dict_keys(['example_branch_dop_operator_v3']) retrieved from /home/airflow/.local/lib/python3.7/site-packages/airflow/example_dags/example_branch_python_dop_operator_3.py
[2023-02-28T15:48:00.266+0000] {logging_mixin.py:137} INFO - [2023-02-28T15:48:00.265+0000] {dag.py:2690} INFO - Sync 1 DAGs
[2023-02-28T15:48:00.287+0000] {logging_mixin.py:137} INFO - [2023-02-28T15:48:00.287+0000] {dag.py:3441} INFO - Setting next_dagrun for example_branch_dop_operator_v3 to 2023-02-28T15:47:00+00:00, run_after=2023-02-28T15:48:00+00:00
[2023-02-28T15:48:00.301+0000] {processor.py:175} INFO - Processing /home/airflow/.local/lib/python3.7/site-packages/airflow/example_dags/example_branch_python_dop_operator_3.py took 0.095 seconds
[2023-02-28T15:48:30.764+0000] {processor.py:153} INFO - Started process (PID=269) to work on /home/airflow/.local/lib/python3.7/site-packages/airflow/example_dags/example_branch_python_dop_operator_3.py
[2023-02-28T15:48:30.765+0000] {processor.py:743} INFO - Processing file /home/airflow/.local/lib/python3.7/site-packages/airflow/example_dags/example_branch_python_dop_operator_3.py for tasks to queue
[2023-02-28T15:48:30.767+0000] {logging_mixin.py:137} INFO - [2023-02-28T15:48:30.767+0000] {dagbag.py:538} INFO - Filling up the DagBag from /home/airflow/.local/lib/python3.7/site-packages/airflow/example_dags/example_branch_python_dop_operator_3.py
[2023-02-28T15:48:30.785+0000] {processor.py:753} INFO - DAG(s) dict_keys(['example_branch_dop_operator_v3']) retrieved from /home/airflow/.local/lib/python3.7/site-packages/airflow/example_dags/example_branch_python_dop_operator_3.py
[2023-02-28T15:48:30.807+0000] {logging_mixin.py:137} INFO - [2023-02-28T15:48:30.807+0000] {dag.py:2690} INFO - Sync 1 DAGs
[2023-02-28T15:48:30.827+0000] {logging_mixin.py:137} INFO - [2023-02-28T15:48:30.827+0000] {dag.py:3441} INFO - Setting next_dagrun for example_branch_dop_operator_v3 to 2023-02-28T15:47:00+00:00, run_after=2023-02-28T15:48:00+00:00
[2023-02-28T15:48:30.840+0000] {processor.py:175} INFO - Processing /home/airflow/.local/lib/python3.7/site-packages/airflow/example_dags/example_branch_python_dop_operator_3.py took 0.079 seconds
[2023-02-28T15:49:01.808+0000] {processor.py:153} INFO - Started process (PID=344) to work on /home/airflow/.local/lib/python3.7/site-packages/airflow/example_dags/example_branch_python_dop_operator_3.py
[2023-02-28T15:49:01.809+0000] {processor.py:743} INFO - Processing file /home/airflow/.local/lib/python3.7/site-packages/airflow/example_dags/example_branch_python_dop_operator_3.py for tasks to queue
[2023-02-28T15:49:01.811+0000] {logging_mixin.py:137} INFO - [2023-02-28T15:49:01.811+0000] {dagbag.py:538} INFO - Filling up the DagBag from /home/airflow/.local/lib/python3.7/site-packages/airflow/example_dags/example_branch_python_dop_operator_3.py
[2023-02-28T15:49:01.829+0000] {processor.py:753} INFO - DAG(s) dict_keys(['example_branch_dop_operator_v3']) retrieved from /home/airflow/.local/lib/python3.7/site-packages/airflow/example_dags/example_branch_python_dop_operator_3.py
[2023-02-28T15:49:01.853+0000] {logging_mixin.py:137} INFO - [2023-02-28T15:49:01.853+0000] {dag.py:2690} INFO - Sync 1 DAGs
[2023-02-28T15:49:01.875+0000] {logging_mixin.py:137} INFO - [2023-02-28T15:49:01.874+0000] {dag.py:3441} INFO - Setting next_dagrun for example_branch_dop_operator_v3 to 2023-02-28T15:48:00+00:00, run_after=2023-02-28T15:49:00+00:00
[2023-02-28T15:49:01.890+0000] {processor.py:175} INFO - Processing /home/airflow/.local/lib/python3.7/site-packages/airflow/example_dags/example_branch_python_dop_operator_3.py took 0.085 seconds
[2023-02-28T15:49:32.730+0000] {processor.py:153} INFO - Started process (PID=419) to work on /home/airflow/.local/lib/python3.7/site-packages/airflow/example_dags/example_branch_python_dop_operator_3.py
[2023-02-28T15:49:32.732+0000] {processor.py:743} INFO - Processing file /home/airflow/.local/lib/python3.7/site-packages/airflow/example_dags/example_branch_python_dop_operator_3.py for tasks to queue
[2023-02-28T15:49:32.734+0000] {logging_mixin.py:137} INFO - [2023-02-28T15:49:32.734+0000] {dagbag.py:538} INFO - Filling up the DagBag from /home/airflow/.local/lib/python3.7/site-packages/airflow/example_dags/example_branch_python_dop_operator_3.py
[2023-02-28T15:49:32.752+0000] {processor.py:753} INFO - DAG(s) dict_keys(['example_branch_dop_operator_v3']) retrieved from /home/airflow/.local/lib/python3.7/site-packages/airflow/example_dags/example_branch_python_dop_operator_3.py
[2023-02-28T15:49:32.775+0000] {logging_mixin.py:137} INFO - [2023-02-28T15:49:32.775+0000] {dag.py:2690} INFO - Sync 1 DAGs
[2023-02-28T15:49:32.796+0000] {logging_mixin.py:137} INFO - [2023-02-28T15:49:32.796+0000] {dag.py:3441} INFO - Setting next_dagrun for example_branch_dop_operator_v3 to 2023-02-28T15:48:00+00:00, run_after=2023-02-28T15:49:00+00:00
[2023-02-28T15:49:32.810+0000] {processor.py:175} INFO - Processing /home/airflow/.local/lib/python3.7/site-packages/airflow/example_dags/example_branch_python_dop_operator_3.py took 0.084 seconds
[2023-02-28T15:50:03.333+0000] {processor.py:153} INFO - Started process (PID=481) to work on /home/airflow/.local/lib/python3.7/site-packages/airflow/example_dags/example_branch_python_dop_operator_3.py
[2023-02-28T15:50:03.336+0000] {processor.py:743} INFO - Processing file /home/airflow/.local/lib/python3.7/site-packages/airflow/example_dags/example_branch_python_dop_operator_3.py for tasks to queue
[2023-02-28T15:50:03.337+0000] {logging_mixin.py:137} INFO - [2023-02-28T15:50:03.337+0000] {dagbag.py:538} INFO - Filling up the DagBag from /home/airflow/.local/lib/python3.7/site-packages/airflow/example_dags/example_branch_python_dop_operator_3.py
[2023-02-28T15:50:03.356+0000] {processor.py:753} INFO - DAG(s) dict_keys(['example_branch_dop_operator_v3']) retrieved from /home/airflow/.local/lib/python3.7/site-packages/airflow/example_dags/example_branch_python_dop_operator_3.py
[2023-02-28T15:50:03.380+0000] {logging_mixin.py:137} INFO - [2023-02-28T15:50:03.380+0000] {dag.py:2690} INFO - Sync 1 DAGs
[2023-02-28T15:50:03.400+0000] {logging_mixin.py:137} INFO - [2023-02-28T15:50:03.400+0000] {dag.py:3441} INFO - Setting next_dagrun for example_branch_dop_operator_v3 to 2023-02-28T15:49:00+00:00, run_after=2023-02-28T15:50:00+00:00
[2023-02-28T15:50:03.416+0000] {processor.py:175} INFO - Processing /home/airflow/.local/lib/python3.7/site-packages/airflow/example_dags/example_branch_python_dop_operator_3.py took 0.087 seconds
[2023-02-28T15:50:34.551+0000] {processor.py:153} INFO - Started process (PID=558) to work on /home/airflow/.local/lib/python3.7/site-packages/airflow/example_dags/example_branch_python_dop_operator_3.py
[2023-02-28T15:50:34.553+0000] {processor.py:743} INFO - Processing file /home/airflow/.local/lib/python3.7/site-packages/airflow/example_dags/example_branch_python_dop_operator_3.py for tasks to queue
[2023-02-28T15:50:34.554+0000] {logging_mixin.py:137} INFO - [2023-02-28T15:50:34.554+0000] {dagbag.py:538} INFO - Filling up the DagBag from /home/airflow/.local/lib/python3.7/site-packages/airflow/example_dags/example_branch_python_dop_operator_3.py
[2023-02-28T15:50:34.573+0000] {processor.py:753} INFO - DAG(s) dict_keys(['example_branch_dop_operator_v3']) retrieved from /home/airflow/.local/lib/python3.7/site-packages/airflow/example_dags/example_branch_python_dop_operator_3.py
[2023-02-28T15:50:34.599+0000] {logging_mixin.py:137} INFO - [2023-02-28T15:50:34.599+0000] {dag.py:2690} INFO - Sync 1 DAGs
[2023-02-28T15:50:34.619+0000] {logging_mixin.py:137} INFO - [2023-02-28T15:50:34.619+0000] {dag.py:3441} INFO - Setting next_dagrun for example_branch_dop_operator_v3 to 2023-02-28T15:49:00+00:00, run_after=2023-02-28T15:50:00+00:00
[2023-02-28T15:50:34.636+0000] {processor.py:175} INFO - Processing /home/airflow/.local/lib/python3.7/site-packages/airflow/example_dags/example_branch_python_dop_operator_3.py took 0.089 seconds
[2023-02-28T15:51:05.515+0000] {processor.py:153} INFO - Started process (PID=633) to work on /home/airflow/.local/lib/python3.7/site-packages/airflow/example_dags/example_branch_python_dop_operator_3.py
[2023-02-28T15:51:05.517+0000] {processor.py:743} INFO - Processing file /home/airflow/.local/lib/python3.7/site-packages/airflow/example_dags/example_branch_python_dop_operator_3.py for tasks to queue
[2023-02-28T15:51:05.518+0000] {logging_mixin.py:137} INFO - [2023-02-28T15:51:05.518+0000] {dagbag.py:538} INFO - Filling up the DagBag from /home/airflow/.local/lib/python3.7/site-packages/airflow/example_dags/example_branch_python_dop_operator_3.py
[2023-02-28T15:51:05.535+0000] {processor.py:753} INFO - DAG(s) dict_keys(['example_branch_dop_operator_v3']) retrieved from /home/airflow/.local/lib/python3.7/site-packages/airflow/example_dags/example_branch_python_dop_operator_3.py
[2023-02-28T15:51:05.560+0000] {logging_mixin.py:137} INFO - [2023-02-28T15:51:05.560+0000] {dag.py:2690} INFO - Sync 1 DAGs
[2023-02-28T15:51:05.580+0000] {logging_mixin.py:137} INFO - [2023-02-28T15:51:05.580+0000] {dag.py:3441} INFO - Setting next_dagrun for example_branch_dop_operator_v3 to 2023-02-28T15:50:00+00:00, run_after=2023-02-28T15:51:00+00:00
[2023-02-28T15:51:05.596+0000] {processor.py:175} INFO - Processing /home/airflow/.local/lib/python3.7/site-packages/airflow/example_dags/example_branch_python_dop_operator_3.py took 0.083 seconds
[2023-02-28T15:51:36.351+0000] {processor.py:153} INFO - Started process (PID=705) to work on /home/airflow/.local/lib/python3.7/site-packages/airflow/example_dags/example_branch_python_dop_operator_3.py
[2023-02-28T15:51:36.353+0000] {processor.py:743} INFO - Processing file /home/airflow/.local/lib/python3.7/site-packages/airflow/example_dags/example_branch_python_dop_operator_3.py for tasks to queue
[2023-02-28T15:51:36.355+0000] {logging_mixin.py:137} INFO - [2023-02-28T15:51:36.355+0000] {dagbag.py:538} INFO - Filling up the DagBag from /home/airflow/.local/lib/python3.7/site-packages/airflow/example_dags/example_branch_python_dop_operator_3.py
[2023-02-28T15:51:36.375+0000] {processor.py:753} INFO - DAG(s) dict_keys(['example_branch_dop_operator_v3']) retrieved from /home/airflow/.local/lib/python3.7/site-packages/airflow/example_dags/example_branch_python_dop_operator_3.py
[2023-02-28T15:51:36.398+0000] {logging_mixin.py:137} INFO - [2023-02-28T15:51:36.398+0000] {dag.py:2690} INFO - Sync 1 DAGs
[2023-02-28T15:51:36.424+0000] {logging_mixin.py:137} INFO - [2023-02-28T15:51:36.424+0000] {dag.py:3441} INFO - Setting next_dagrun for example_branch_dop_operator_v3 to 2023-02-28T15:50:00+00:00, run_after=2023-02-28T15:51:00+00:00
[2023-02-28T15:51:36.441+0000] {processor.py:175} INFO - Processing /home/airflow/.local/lib/python3.7/site-packages/airflow/example_dags/example_branch_python_dop_operator_3.py took 0.096 seconds
[2023-02-28T15:52:07.392+0000] {processor.py:153} INFO - Started process (PID=771) to work on /home/airflow/.local/lib/python3.7/site-packages/airflow/example_dags/example_branch_python_dop_operator_3.py
[2023-02-28T15:52:07.394+0000] {processor.py:743} INFO - Processing file /home/airflow/.local/lib/python3.7/site-packages/airflow/example_dags/example_branch_python_dop_operator_3.py for tasks to queue
[2023-02-28T15:52:07.396+0000] {logging_mixin.py:137} INFO - [2023-02-28T15:52:07.396+0000] {dagbag.py:538} INFO - Filling up the DagBag from /home/airflow/.local/lib/python3.7/site-packages/airflow/example_dags/example_branch_python_dop_operator_3.py
[2023-02-28T15:52:07.414+0000] {processor.py:753} INFO - DAG(s) dict_keys(['example_branch_dop_operator_v3']) retrieved from /home/airflow/.local/lib/python3.7/site-packages/airflow/example_dags/example_branch_python_dop_operator_3.py
[2023-02-28T15:52:07.439+0000] {logging_mixin.py:137} INFO - [2023-02-28T15:52:07.439+0000] {dag.py:2690} INFO - Sync 1 DAGs
[2023-02-28T15:52:07.459+0000] {logging_mixin.py:137} INFO - [2023-02-28T15:52:07.459+0000] {dag.py:3441} INFO - Setting next_dagrun for example_branch_dop_operator_v3 to 2023-02-28T15:51:00+00:00, run_after=2023-02-28T15:52:00+00:00
[2023-02-28T15:52:07.471+0000] {processor.py:175} INFO - Processing /home/airflow/.local/lib/python3.7/site-packages/airflow/example_dags/example_branch_python_dop_operator_3.py took 0.082 seconds
[2023-02-28T15:52:38.022+0000] {processor.py:153} INFO - Started process (PID=846) to work on /home/airflow/.local/lib/python3.7/site-packages/airflow/example_dags/example_branch_python_dop_operator_3.py
[2023-02-28T15:52:38.024+0000] {processor.py:743} INFO - Processing file /home/airflow/.local/lib/python3.7/site-packages/airflow/example_dags/example_branch_python_dop_operator_3.py for tasks to queue
[2023-02-28T15:52:38.025+0000] {logging_mixin.py:137} INFO - [2023-02-28T15:52:38.025+0000] {dagbag.py:538} INFO - Filling up the DagBag from /home/airflow/.local/lib/python3.7/site-packages/airflow/example_dags/example_branch_python_dop_operator_3.py
[2023-02-28T15:52:38.044+0000] {processor.py:753} INFO - DAG(s) dict_keys(['example_branch_dop_operator_v3']) retrieved from /home/airflow/.local/lib/python3.7/site-packages/airflow/example_dags/example_branch_python_dop_operator_3.py
[2023-02-28T15:52:38.065+0000] {logging_mixin.py:137} INFO - [2023-02-28T15:52:38.065+0000] {dag.py:2690} INFO - Sync 1 DAGs
[2023-02-28T15:52:38.084+0000] {logging_mixin.py:137} INFO - [2023-02-28T15:52:38.084+0000] {dag.py:3441} INFO - Setting next_dagrun for example_branch_dop_operator_v3 to 2023-02-28T15:51:00+00:00, run_after=2023-02-28T15:52:00+00:00
[2023-02-28T15:52:38.102+0000] {processor.py:175} INFO - Processing /home/airflow/.local/lib/python3.7/site-packages/airflow/example_dags/example_branch_python_dop_operator_3.py took 0.083 seconds
[2023-02-28T15:53:09.155+0000] {processor.py:153} INFO - Started process (PID=921) to work on /home/airflow/.local/lib/python3.7/site-packages/airflow/example_dags/example_branch_python_dop_operator_3.py
[2023-02-28T15:53:09.158+0000] {processor.py:743} INFO - Processing file /home/airflow/.local/lib/python3.7/site-packages/airflow/example_dags/example_branch_python_dop_operator_3.py for tasks to queue
[2023-02-28T15:53:09.159+0000] {logging_mixin.py:137} INFO - [2023-02-28T15:53:09.159+0000] {dagbag.py:538} INFO - Filling up the DagBag from /home/airflow/.local/lib/python3.7/site-packages/airflow/example_dags/example_branch_python_dop_operator_3.py
[2023-02-28T15:53:09.177+0000] {processor.py:753} INFO - DAG(s) dict_keys(['example_branch_dop_operator_v3']) retrieved from /home/airflow/.local/lib/python3.7/site-packages/airflow/example_dags/example_branch_python_dop_operator_3.py
[2023-02-28T15:53:09.201+0000] {logging_mixin.py:137} INFO - [2023-02-28T15:53:09.201+0000] {dag.py:2690} INFO - Sync 1 DAGs
[2023-02-28T15:53:09.223+0000] {logging_mixin.py:137} INFO - [2023-02-28T15:53:09.223+0000] {dag.py:3441} INFO - Setting next_dagrun for example_branch_dop_operator_v3 to 2023-02-28T15:52:00+00:00, run_after=2023-02-28T15:53:00+00:00
[2023-02-28T15:53:09.238+0000] {processor.py:175} INFO - Processing /home/airflow/.local/lib/python3.7/site-packages/airflow/example_dags/example_branch_python_dop_operator_3.py took 0.087 seconds
[2023-02-28T15:53:39.864+0000] {processor.py:153} INFO - Started process (PID=984) to work on /home/airflow/.local/lib/python3.7/site-packages/airflow/example_dags/example_branch_python_dop_operator_3.py
[2023-02-28T15:53:39.866+0000] {processor.py:743} INFO - Processing file /home/airflow/.local/lib/python3.7/site-packages/airflow/example_dags/example_branch_python_dop_operator_3.py for tasks to queue
[2023-02-28T15:53:39.868+0000] {logging_mixin.py:137} INFO - [2023-02-28T15:53:39.868+0000] {dagbag.py:538} INFO - Filling up the DagBag from /home/airflow/.local/lib/python3.7/site-packages/airflow/example_dags/example_branch_python_dop_operator_3.py
[2023-02-28T15:53:39.888+0000] {processor.py:753} INFO - DAG(s) dict_keys(['example_branch_dop_operator_v3']) retrieved from /home/airflow/.local/lib/python3.7/site-packages/airflow/example_dags/example_branch_python_dop_operator_3.py
[2023-02-28T15:53:39.912+0000] {logging_mixin.py:137} INFO - [2023-02-28T15:53:39.912+0000] {dag.py:2690} INFO - Sync 1 DAGs
[2023-02-28T15:53:39.932+0000] {logging_mixin.py:137} INFO - [2023-02-28T15:53:39.932+0000] {dag.py:3441} INFO - Setting next_dagrun for example_branch_dop_operator_v3 to 2023-02-28T15:52:00+00:00, run_after=2023-02-28T15:53:00+00:00
[2023-02-28T15:53:39.946+0000] {processor.py:175} INFO - Processing /home/airflow/.local/lib/python3.7/site-packages/airflow/example_dags/example_branch_python_dop_operator_3.py took 0.085 seconds
[2023-02-28T15:54:11.010+0000] {processor.py:153} INFO - Started process (PID=1058) to work on /home/airflow/.local/lib/python3.7/site-packages/airflow/example_dags/example_branch_python_dop_operator_3.py
[2023-02-28T15:54:11.013+0000] {processor.py:743} INFO - Processing file /home/airflow/.local/lib/python3.7/site-packages/airflow/example_dags/example_branch_python_dop_operator_3.py for tasks to queue
[2023-02-28T15:54:11.014+0000] {logging_mixin.py:137} INFO - [2023-02-28T15:54:11.014+0000] {dagbag.py:538} INFO - Filling up the DagBag from /home/airflow/.local/lib/python3.7/site-packages/airflow/example_dags/example_branch_python_dop_operator_3.py
[2023-02-28T15:54:11.035+0000] {processor.py:753} INFO - DAG(s) dict_keys(['example_branch_dop_operator_v3']) retrieved from /home/airflow/.local/lib/python3.7/site-packages/airflow/example_dags/example_branch_python_dop_operator_3.py
[2023-02-28T15:54:11.060+0000] {logging_mixin.py:137} INFO - [2023-02-28T15:54:11.060+0000] {dag.py:2690} INFO - Sync 1 DAGs
[2023-02-28T15:54:11.079+0000] {logging_mixin.py:137} INFO - [2023-02-28T15:54:11.079+0000] {dag.py:3441} INFO - Setting next_dagrun for example_branch_dop_operator_v3 to 2023-02-28T15:53:00+00:00, run_after=2023-02-28T15:54:00+00:00
[2023-02-28T15:54:11.093+0000] {processor.py:175} INFO - Processing /home/airflow/.local/lib/python3.7/site-packages/airflow/example_dags/example_branch_python_dop_operator_3.py took 0.086 seconds
[2023-02-28T15:54:41.826+0000] {processor.py:153} INFO - Started process (PID=1132) to work on /home/airflow/.local/lib/python3.7/site-packages/airflow/example_dags/example_branch_python_dop_operator_3.py
[2023-02-28T15:54:41.829+0000] {processor.py:743} INFO - Processing file /home/airflow/.local/lib/python3.7/site-packages/airflow/example_dags/example_branch_python_dop_operator_3.py for tasks to queue
[2023-02-28T15:54:41.830+0000] {logging_mixin.py:137} INFO - [2023-02-28T15:54:41.830+0000] {dagbag.py:538} INFO - Filling up the DagBag from /home/airflow/.local/lib/python3.7/site-packages/airflow/example_dags/example_branch_python_dop_operator_3.py
[2023-02-28T15:54:41.857+0000] {processor.py:753} INFO - DAG(s) dict_keys(['example_branch_dop_operator_v3']) retrieved from /home/airflow/.local/lib/python3.7/site-packages/airflow/example_dags/example_branch_python_dop_operator_3.py
[2023-02-28T15:54:41.886+0000] {logging_mixin.py:137} INFO - [2023-02-28T15:54:41.886+0000] {dag.py:2690} INFO - Sync 1 DAGs
[2023-02-28T15:54:41.913+0000] {logging_mixin.py:137} INFO - [2023-02-28T15:54:41.913+0000] {dag.py:3441} INFO - Setting next_dagrun for example_branch_dop_operator_v3 to 2023-02-28T15:53:00+00:00, run_after=2023-02-28T15:54:00+00:00
[2023-02-28T15:54:41.929+0000] {processor.py:175} INFO - Processing /home/airflow/.local/lib/python3.7/site-packages/airflow/example_dags/example_branch_python_dop_operator_3.py took 0.111 seconds
[2023-02-28T15:55:12.553+0000] {processor.py:153} INFO - Started process (PID=1196) to work on /home/airflow/.local/lib/python3.7/site-packages/airflow/example_dags/example_branch_python_dop_operator_3.py
[2023-02-28T15:55:12.555+0000] {processor.py:743} INFO - Processing file /home/airflow/.local/lib/python3.7/site-packages/airflow/example_dags/example_branch_python_dop_operator_3.py for tasks to queue
[2023-02-28T15:55:12.556+0000] {logging_mixin.py:137} INFO - [2023-02-28T15:55:12.556+0000] {dagbag.py:538} INFO - Filling up the DagBag from /home/airflow/.local/lib/python3.7/site-packages/airflow/example_dags/example_branch_python_dop_operator_3.py
[2023-02-28T15:55:12.573+0000] {processor.py:753} INFO - DAG(s) dict_keys(['example_branch_dop_operator_v3']) retrieved from /home/airflow/.local/lib/python3.7/site-packages/airflow/example_dags/example_branch_python_dop_operator_3.py
[2023-02-28T15:55:12.597+0000] {logging_mixin.py:137} INFO - [2023-02-28T15:55:12.597+0000] {dag.py:2690} INFO - Sync 1 DAGs
[2023-02-28T15:55:12.620+0000] {logging_mixin.py:137} INFO - [2023-02-28T15:55:12.620+0000] {dag.py:3441} INFO - Setting next_dagrun for example_branch_dop_operator_v3 to 2023-02-28T15:54:00+00:00, run_after=2023-02-28T15:55:00+00:00
[2023-02-28T15:55:12.639+0000] {processor.py:175} INFO - Processing /home/airflow/.local/lib/python3.7/site-packages/airflow/example_dags/example_branch_python_dop_operator_3.py took 0.089 seconds
[2023-02-28T15:55:43.377+0000] {processor.py:153} INFO - Started process (PID=1271) to work on /home/airflow/.local/lib/python3.7/site-packages/airflow/example_dags/example_branch_python_dop_operator_3.py
[2023-02-28T15:55:43.378+0000] {processor.py:743} INFO - Processing file /home/airflow/.local/lib/python3.7/site-packages/airflow/example_dags/example_branch_python_dop_operator_3.py for tasks to queue
[2023-02-28T15:55:43.380+0000] {logging_mixin.py:137} INFO - [2023-02-28T15:55:43.380+0000] {dagbag.py:538} INFO - Filling up the DagBag from /home/airflow/.local/lib/python3.7/site-packages/airflow/example_dags/example_branch_python_dop_operator_3.py
[2023-02-28T15:55:43.397+0000] {processor.py:753} INFO - DAG(s) dict_keys(['example_branch_dop_operator_v3']) retrieved from /home/airflow/.local/lib/python3.7/site-packages/airflow/example_dags/example_branch_python_dop_operator_3.py
[2023-02-28T15:55:43.421+0000] {logging_mixin.py:137} INFO - [2023-02-28T15:55:43.421+0000] {dag.py:2690} INFO - Sync 1 DAGs
[2023-02-28T15:55:43.442+0000] {logging_mixin.py:137} INFO - [2023-02-28T15:55:43.442+0000] {dag.py:3441} INFO - Setting next_dagrun for example_branch_dop_operator_v3 to 2023-02-28T15:54:00+00:00, run_after=2023-02-28T15:55:00+00:00
[2023-02-28T15:55:43.456+0000] {processor.py:175} INFO - Processing /home/airflow/.local/lib/python3.7/site-packages/airflow/example_dags/example_branch_python_dop_operator_3.py took 0.083 seconds
[2023-02-28T15:56:14.609+0000] {processor.py:153} INFO - Started process (PID=1346) to work on /home/airflow/.local/lib/python3.7/site-packages/airflow/example_dags/example_branch_python_dop_operator_3.py
[2023-02-28T15:56:14.611+0000] {processor.py:743} INFO - Processing file /home/airflow/.local/lib/python3.7/site-packages/airflow/example_dags/example_branch_python_dop_operator_3.py for tasks to queue
[2023-02-28T15:56:14.613+0000] {logging_mixin.py:137} INFO - [2023-02-28T15:56:14.613+0000] {dagbag.py:538} INFO - Filling up the DagBag from /home/airflow/.local/lib/python3.7/site-packages/airflow/example_dags/example_branch_python_dop_operator_3.py
[2023-02-28T15:56:14.631+0000] {processor.py:753} INFO - DAG(s) dict_keys(['example_branch_dop_operator_v3']) retrieved from /home/airflow/.local/lib/python3.7/site-packages/airflow/example_dags/example_branch_python_dop_operator_3.py
[2023-02-28T15:56:14.663+0000] {logging_mixin.py:137} INFO - [2023-02-28T15:56:14.663+0000] {dag.py:2690} INFO - Sync 1 DAGs
[2023-02-28T15:56:14.686+0000] {logging_mixin.py:137} INFO - [2023-02-28T15:56:14.686+0000] {dag.py:3441} INFO - Setting next_dagrun for example_branch_dop_operator_v3 to 2023-02-28T15:55:00+00:00, run_after=2023-02-28T15:56:00+00:00
[2023-02-28T15:56:14.704+0000] {processor.py:175} INFO - Processing /home/airflow/.local/lib/python3.7/site-packages/airflow/example_dags/example_branch_python_dop_operator_3.py took 0.098 seconds
[2023-02-28T15:56:45.314+0000] {processor.py:153} INFO - Started process (PID=1408) to work on /home/airflow/.local/lib/python3.7/site-packages/airflow/example_dags/example_branch_python_dop_operator_3.py
[2023-02-28T15:56:45.316+0000] {processor.py:743} INFO - Processing file /home/airflow/.local/lib/python3.7/site-packages/airflow/example_dags/example_branch_python_dop_operator_3.py for tasks to queue
[2023-02-28T15:56:45.317+0000] {logging_mixin.py:137} INFO - [2023-02-28T15:56:45.317+0000] {dagbag.py:538} INFO - Filling up the DagBag from /home/airflow/.local/lib/python3.7/site-packages/airflow/example_dags/example_branch_python_dop_operator_3.py
[2023-02-28T15:56:45.335+0000] {processor.py:753} INFO - DAG(s) dict_keys(['example_branch_dop_operator_v3']) retrieved from /home/airflow/.local/lib/python3.7/site-packages/airflow/example_dags/example_branch_python_dop_operator_3.py
[2023-02-28T15:56:45.358+0000] {logging_mixin.py:137} INFO - [2023-02-28T15:56:45.358+0000] {dag.py:2690} INFO - Sync 1 DAGs
[2023-02-28T15:56:45.378+0000] {logging_mixin.py:137} INFO - [2023-02-28T15:56:45.378+0000] {dag.py:3441} INFO - Setting next_dagrun for example_branch_dop_operator_v3 to 2023-02-28T15:55:00+00:00, run_after=2023-02-28T15:56:00+00:00
[2023-02-28T15:56:45.393+0000] {processor.py:175} INFO - Processing /home/airflow/.local/lib/python3.7/site-packages/airflow/example_dags/example_branch_python_dop_operator_3.py took 0.082 seconds
[2023-02-28T15:57:16.259+0000] {processor.py:153} INFO - Started process (PID=1483) to work on /home/airflow/.local/lib/python3.7/site-packages/airflow/example_dags/example_branch_python_dop_operator_3.py
[2023-02-28T15:57:16.261+0000] {processor.py:743} INFO - Processing file /home/airflow/.local/lib/python3.7/site-packages/airflow/example_dags/example_branch_python_dop_operator_3.py for tasks to queue
[2023-02-28T15:57:16.262+0000] {logging_mixin.py:137} INFO - [2023-02-28T15:57:16.262+0000] {dagbag.py:538} INFO - Filling up the DagBag from /home/airflow/.local/lib/python3.7/site-packages/airflow/example_dags/example_branch_python_dop_operator_3.py
[2023-02-28T15:57:16.281+0000] {processor.py:753} INFO - DAG(s) dict_keys(['example_branch_dop_operator_v3']) retrieved from /home/airflow/.local/lib/python3.7/site-packages/airflow/example_dags/example_branch_python_dop_operator_3.py
[2023-02-28T15:57:16.305+0000] {logging_mixin.py:137} INFO - [2023-02-28T15:57:16.304+0000] {dag.py:2690} INFO - Sync 1 DAGs
[2023-02-28T15:57:16.325+0000] {logging_mixin.py:137} INFO - [2023-02-28T15:57:16.325+0000] {dag.py:3441} INFO - Setting next_dagrun for example_branch_dop_operator_v3 to 2023-02-28T15:56:00+00:00, run_after=2023-02-28T15:57:00+00:00
[2023-02-28T15:57:16.341+0000] {processor.py:175} INFO - Processing /home/airflow/.local/lib/python3.7/site-packages/airflow/example_dags/example_branch_python_dop_operator_3.py took 0.085 seconds
[2023-02-28T15:57:47.078+0000] {processor.py:153} INFO - Started process (PID=1558) to work on /home/airflow/.local/lib/python3.7/site-packages/airflow/example_dags/example_branch_python_dop_operator_3.py
[2023-02-28T15:57:47.079+0000] {processor.py:743} INFO - Processing file /home/airflow/.local/lib/python3.7/site-packages/airflow/example_dags/example_branch_python_dop_operator_3.py for tasks to queue
[2023-02-28T15:57:47.081+0000] {logging_mixin.py:137} INFO - [2023-02-28T15:57:47.080+0000] {dagbag.py:538} INFO - Filling up the DagBag from /home/airflow/.local/lib/python3.7/site-packages/airflow/example_dags/example_branch_python_dop_operator_3.py
[2023-02-28T15:57:47.097+0000] {processor.py:753} INFO - DAG(s) dict_keys(['example_branch_dop_operator_v3']) retrieved from /home/airflow/.local/lib/python3.7/site-packages/airflow/example_dags/example_branch_python_dop_operator_3.py
[2023-02-28T15:57:47.122+0000] {logging_mixin.py:137} INFO - [2023-02-28T15:57:47.122+0000] {dag.py:2690} INFO - Sync 1 DAGs
[2023-02-28T15:57:47.142+0000] {logging_mixin.py:137} INFO - [2023-02-28T15:57:47.142+0000] {dag.py:3441} INFO - Setting next_dagrun for example_branch_dop_operator_v3 to 2023-02-28T15:56:00+00:00, run_after=2023-02-28T15:57:00+00:00
[2023-02-28T15:57:47.156+0000] {processor.py:175} INFO - Processing /home/airflow/.local/lib/python3.7/site-packages/airflow/example_dags/example_branch_python_dop_operator_3.py took 0.081 seconds
[2023-02-28T15:58:17.811+0000] {processor.py:153} INFO - Started process (PID=1622) to work on /home/airflow/.local/lib/python3.7/site-packages/airflow/example_dags/example_branch_python_dop_operator_3.py
[2023-02-28T15:58:17.813+0000] {processor.py:743} INFO - Processing file /home/airflow/.local/lib/python3.7/site-packages/airflow/example_dags/example_branch_python_dop_operator_3.py for tasks to queue
[2023-02-28T15:58:17.814+0000] {logging_mixin.py:137} INFO - [2023-02-28T15:58:17.814+0000] {dagbag.py:538} INFO - Filling up the DagBag from /home/airflow/.local/lib/python3.7/site-packages/airflow/example_dags/example_branch_python_dop_operator_3.py
[2023-02-28T15:58:17.833+0000] {processor.py:753} INFO - DAG(s) dict_keys(['example_branch_dop_operator_v3']) retrieved from /home/airflow/.local/lib/python3.7/site-packages/airflow/example_dags/example_branch_python_dop_operator_3.py
[2023-02-28T15:58:17.857+0000] {logging_mixin.py:137} INFO - [2023-02-28T15:58:17.857+0000] {dag.py:2690} INFO - Sync 1 DAGs
[2023-02-28T15:58:17.878+0000] {logging_mixin.py:137} INFO - [2023-02-28T15:58:17.878+0000] {dag.py:3441} INFO - Setting next_dagrun for example_branch_dop_operator_v3 to 2023-02-28T15:57:00+00:00, run_after=2023-02-28T15:58:00+00:00
[2023-02-28T15:58:17.892+0000] {processor.py:175} INFO - Processing /home/airflow/.local/lib/python3.7/site-packages/airflow/example_dags/example_branch_python_dop_operator_3.py took 0.084 seconds
[2023-02-28T15:58:48.676+0000] {processor.py:153} INFO - Started process (PID=1696) to work on /home/airflow/.local/lib/python3.7/site-packages/airflow/example_dags/example_branch_python_dop_operator_3.py
[2023-02-28T15:58:48.678+0000] {processor.py:743} INFO - Processing file /home/airflow/.local/lib/python3.7/site-packages/airflow/example_dags/example_branch_python_dop_operator_3.py for tasks to queue
[2023-02-28T15:58:48.679+0000] {logging_mixin.py:137} INFO - [2023-02-28T15:58:48.679+0000] {dagbag.py:538} INFO - Filling up the DagBag from /home/airflow/.local/lib/python3.7/site-packages/airflow/example_dags/example_branch_python_dop_operator_3.py
[2023-02-28T15:58:48.698+0000] {processor.py:753} INFO - DAG(s) dict_keys(['example_branch_dop_operator_v3']) retrieved from /home/airflow/.local/lib/python3.7/site-packages/airflow/example_dags/example_branch_python_dop_operator_3.py
[2023-02-28T15:58:48.722+0000] {logging_mixin.py:137} INFO - [2023-02-28T15:58:48.722+0000] {dag.py:2690} INFO - Sync 1 DAGs
[2023-02-28T15:58:48.743+0000] {logging_mixin.py:137} INFO - [2023-02-28T15:58:48.743+0000] {dag.py:3441} INFO - Setting next_dagrun for example_branch_dop_operator_v3 to 2023-02-28T15:57:00+00:00, run_after=2023-02-28T15:58:00+00:00
[2023-02-28T15:58:48.757+0000] {processor.py:175} INFO - Processing /home/airflow/.local/lib/python3.7/site-packages/airflow/example_dags/example_branch_python_dop_operator_3.py took 0.084 seconds
