[2023-02-28T15:47:00.008+0000] {processor.py:153} INFO - Started process (PID=70) to work on /home/airflow/.local/lib/python3.7/site-packages/airflow/example_dags/example_trigger_target_dag.py
[2023-02-28T15:47:00.012+0000] {processor.py:743} INFO - Processing file /home/airflow/.local/lib/python3.7/site-packages/airflow/example_dags/example_trigger_target_dag.py for tasks to queue
[2023-02-28T15:47:00.014+0000] {logging_mixin.py:137} INFO - [2023-02-28T15:47:00.014+0000] {dagbag.py:538} INFO - Filling up the DagBag from /home/airflow/.local/lib/python3.7/site-packages/airflow/example_dags/example_trigger_target_dag.py
[2023-02-28T15:47:00.107+0000] {processor.py:753} INFO - DAG(s) dict_keys(['example_trigger_target_dag']) retrieved from /home/airflow/.local/lib/python3.7/site-packages/airflow/example_dags/example_trigger_target_dag.py
[2023-02-28T15:47:00.137+0000] {logging_mixin.py:137} INFO - [2023-02-28T15:47:00.137+0000] {dag.py:2690} INFO - Sync 1 DAGs
[2023-02-28T15:47:00.203+0000] {logging_mixin.py:137} INFO - [2023-02-28T15:47:00.203+0000] {dag.py:3441} INFO - Setting next_dagrun for example_trigger_target_dag to None, run_after=None
[2023-02-28T15:47:00.225+0000] {processor.py:175} INFO - Processing /home/airflow/.local/lib/python3.7/site-packages/airflow/example_dags/example_trigger_target_dag.py took 0.227 seconds
[2023-02-28T15:47:31.154+0000] {processor.py:153} INFO - Started process (PID=135) to work on /home/airflow/.local/lib/python3.7/site-packages/airflow/example_dags/example_trigger_target_dag.py
[2023-02-28T15:47:31.157+0000] {processor.py:743} INFO - Processing file /home/airflow/.local/lib/python3.7/site-packages/airflow/example_dags/example_trigger_target_dag.py for tasks to queue
[2023-02-28T15:47:31.159+0000] {logging_mixin.py:137} INFO - [2023-02-28T15:47:31.159+0000] {dagbag.py:538} INFO - Filling up the DagBag from /home/airflow/.local/lib/python3.7/site-packages/airflow/example_dags/example_trigger_target_dag.py
[2023-02-28T15:47:31.179+0000] {processor.py:753} INFO - DAG(s) dict_keys(['example_trigger_target_dag']) retrieved from /home/airflow/.local/lib/python3.7/site-packages/airflow/example_dags/example_trigger_target_dag.py
[2023-02-28T15:47:31.217+0000] {logging_mixin.py:137} INFO - [2023-02-28T15:47:31.217+0000] {dag.py:2690} INFO - Sync 1 DAGs
[2023-02-28T15:47:31.239+0000] {logging_mixin.py:137} INFO - [2023-02-28T15:47:31.239+0000] {dag.py:3441} INFO - Setting next_dagrun for example_trigger_target_dag to None, run_after=None
[2023-02-28T15:47:31.261+0000] {processor.py:175} INFO - Processing /home/airflow/.local/lib/python3.7/site-packages/airflow/example_dags/example_trigger_target_dag.py took 0.110 seconds
[2023-02-28T15:48:01.475+0000] {processor.py:153} INFO - Started process (PID=210) to work on /home/airflow/.local/lib/python3.7/site-packages/airflow/example_dags/example_trigger_target_dag.py
[2023-02-28T15:48:01.477+0000] {processor.py:743} INFO - Processing file /home/airflow/.local/lib/python3.7/site-packages/airflow/example_dags/example_trigger_target_dag.py for tasks to queue
[2023-02-28T15:48:01.479+0000] {logging_mixin.py:137} INFO - [2023-02-28T15:48:01.479+0000] {dagbag.py:538} INFO - Filling up the DagBag from /home/airflow/.local/lib/python3.7/site-packages/airflow/example_dags/example_trigger_target_dag.py
[2023-02-28T15:48:01.496+0000] {processor.py:753} INFO - DAG(s) dict_keys(['example_trigger_target_dag']) retrieved from /home/airflow/.local/lib/python3.7/site-packages/airflow/example_dags/example_trigger_target_dag.py
[2023-02-28T15:48:01.520+0000] {logging_mixin.py:137} INFO - [2023-02-28T15:48:01.520+0000] {dag.py:2690} INFO - Sync 1 DAGs
[2023-02-28T15:48:01.538+0000] {logging_mixin.py:137} INFO - [2023-02-28T15:48:01.538+0000] {dag.py:3441} INFO - Setting next_dagrun for example_trigger_target_dag to None, run_after=None
[2023-02-28T15:48:01.550+0000] {processor.py:175} INFO - Processing /home/airflow/.local/lib/python3.7/site-packages/airflow/example_dags/example_trigger_target_dag.py took 0.079 seconds
[2023-02-28T15:48:32.085+0000] {processor.py:153} INFO - Started process (PID=273) to work on /home/airflow/.local/lib/python3.7/site-packages/airflow/example_dags/example_trigger_target_dag.py
[2023-02-28T15:48:32.088+0000] {processor.py:743} INFO - Processing file /home/airflow/.local/lib/python3.7/site-packages/airflow/example_dags/example_trigger_target_dag.py for tasks to queue
[2023-02-28T15:48:32.090+0000] {logging_mixin.py:137} INFO - [2023-02-28T15:48:32.090+0000] {dagbag.py:538} INFO - Filling up the DagBag from /home/airflow/.local/lib/python3.7/site-packages/airflow/example_dags/example_trigger_target_dag.py
[2023-02-28T15:48:32.108+0000] {processor.py:753} INFO - DAG(s) dict_keys(['example_trigger_target_dag']) retrieved from /home/airflow/.local/lib/python3.7/site-packages/airflow/example_dags/example_trigger_target_dag.py
[2023-02-28T15:48:32.131+0000] {logging_mixin.py:137} INFO - [2023-02-28T15:48:32.130+0000] {dag.py:2690} INFO - Sync 1 DAGs
[2023-02-28T15:48:32.148+0000] {logging_mixin.py:137} INFO - [2023-02-28T15:48:32.148+0000] {dag.py:3441} INFO - Setting next_dagrun for example_trigger_target_dag to None, run_after=None
[2023-02-28T15:48:32.163+0000] {processor.py:175} INFO - Processing /home/airflow/.local/lib/python3.7/site-packages/airflow/example_dags/example_trigger_target_dag.py took 0.081 seconds
[2023-02-28T15:49:03.137+0000] {processor.py:153} INFO - Started process (PID=348) to work on /home/airflow/.local/lib/python3.7/site-packages/airflow/example_dags/example_trigger_target_dag.py
[2023-02-28T15:49:03.140+0000] {processor.py:743} INFO - Processing file /home/airflow/.local/lib/python3.7/site-packages/airflow/example_dags/example_trigger_target_dag.py for tasks to queue
[2023-02-28T15:49:03.141+0000] {logging_mixin.py:137} INFO - [2023-02-28T15:49:03.141+0000] {dagbag.py:538} INFO - Filling up the DagBag from /home/airflow/.local/lib/python3.7/site-packages/airflow/example_dags/example_trigger_target_dag.py
[2023-02-28T15:49:03.161+0000] {processor.py:753} INFO - DAG(s) dict_keys(['example_trigger_target_dag']) retrieved from /home/airflow/.local/lib/python3.7/site-packages/airflow/example_dags/example_trigger_target_dag.py
[2023-02-28T15:49:03.184+0000] {logging_mixin.py:137} INFO - [2023-02-28T15:49:03.184+0000] {dag.py:2690} INFO - Sync 1 DAGs
[2023-02-28T15:49:03.202+0000] {logging_mixin.py:137} INFO - [2023-02-28T15:49:03.201+0000] {dag.py:3441} INFO - Setting next_dagrun for example_trigger_target_dag to None, run_after=None
[2023-02-28T15:49:03.216+0000] {processor.py:175} INFO - Processing /home/airflow/.local/lib/python3.7/site-packages/airflow/example_dags/example_trigger_target_dag.py took 0.084 seconds
[2023-02-28T15:49:34.026+0000] {processor.py:153} INFO - Started process (PID=423) to work on /home/airflow/.local/lib/python3.7/site-packages/airflow/example_dags/example_trigger_target_dag.py
[2023-02-28T15:49:34.028+0000] {processor.py:743} INFO - Processing file /home/airflow/.local/lib/python3.7/site-packages/airflow/example_dags/example_trigger_target_dag.py for tasks to queue
[2023-02-28T15:49:34.030+0000] {logging_mixin.py:137} INFO - [2023-02-28T15:49:34.030+0000] {dagbag.py:538} INFO - Filling up the DagBag from /home/airflow/.local/lib/python3.7/site-packages/airflow/example_dags/example_trigger_target_dag.py
[2023-02-28T15:49:34.051+0000] {processor.py:753} INFO - DAG(s) dict_keys(['example_trigger_target_dag']) retrieved from /home/airflow/.local/lib/python3.7/site-packages/airflow/example_dags/example_trigger_target_dag.py
[2023-02-28T15:49:34.072+0000] {logging_mixin.py:137} INFO - [2023-02-28T15:49:34.072+0000] {dag.py:2690} INFO - Sync 1 DAGs
[2023-02-28T15:49:34.089+0000] {logging_mixin.py:137} INFO - [2023-02-28T15:49:34.089+0000] {dag.py:3441} INFO - Setting next_dagrun for example_trigger_target_dag to None, run_after=None
[2023-02-28T15:49:34.103+0000] {processor.py:175} INFO - Processing /home/airflow/.local/lib/python3.7/site-packages/airflow/example_dags/example_trigger_target_dag.py took 0.081 seconds
[2023-02-28T15:50:04.695+0000] {processor.py:153} INFO - Started process (PID=496) to work on /home/airflow/.local/lib/python3.7/site-packages/airflow/example_dags/example_trigger_target_dag.py
[2023-02-28T15:50:04.700+0000] {processor.py:743} INFO - Processing file /home/airflow/.local/lib/python3.7/site-packages/airflow/example_dags/example_trigger_target_dag.py for tasks to queue
[2023-02-28T15:50:04.702+0000] {logging_mixin.py:137} INFO - [2023-02-28T15:50:04.702+0000] {dagbag.py:538} INFO - Filling up the DagBag from /home/airflow/.local/lib/python3.7/site-packages/airflow/example_dags/example_trigger_target_dag.py
[2023-02-28T15:50:04.761+0000] {processor.py:753} INFO - DAG(s) dict_keys(['example_trigger_target_dag']) retrieved from /home/airflow/.local/lib/python3.7/site-packages/airflow/example_dags/example_trigger_target_dag.py
[2023-02-28T15:50:04.808+0000] {logging_mixin.py:137} INFO - [2023-02-28T15:50:04.808+0000] {dag.py:2690} INFO - Sync 1 DAGs
[2023-02-28T15:50:04.840+0000] {logging_mixin.py:137} INFO - [2023-02-28T15:50:04.840+0000] {dag.py:3441} INFO - Setting next_dagrun for example_trigger_target_dag to None, run_after=None
[2023-02-28T15:50:04.872+0000] {processor.py:175} INFO - Processing /home/airflow/.local/lib/python3.7/site-packages/airflow/example_dags/example_trigger_target_dag.py took 0.184 seconds
[2023-02-28T15:50:34.914+0000] {processor.py:153} INFO - Started process (PID=562) to work on /home/airflow/.local/lib/python3.7/site-packages/airflow/example_dags/example_trigger_target_dag.py
[2023-02-28T15:50:34.916+0000] {processor.py:743} INFO - Processing file /home/airflow/.local/lib/python3.7/site-packages/airflow/example_dags/example_trigger_target_dag.py for tasks to queue
[2023-02-28T15:50:34.918+0000] {logging_mixin.py:137} INFO - [2023-02-28T15:50:34.918+0000] {dagbag.py:538} INFO - Filling up the DagBag from /home/airflow/.local/lib/python3.7/site-packages/airflow/example_dags/example_trigger_target_dag.py
[2023-02-28T15:50:34.935+0000] {processor.py:753} INFO - DAG(s) dict_keys(['example_trigger_target_dag']) retrieved from /home/airflow/.local/lib/python3.7/site-packages/airflow/example_dags/example_trigger_target_dag.py
[2023-02-28T15:50:34.960+0000] {logging_mixin.py:137} INFO - [2023-02-28T15:50:34.960+0000] {dag.py:2690} INFO - Sync 1 DAGs
[2023-02-28T15:50:34.978+0000] {logging_mixin.py:137} INFO - [2023-02-28T15:50:34.978+0000] {dag.py:3441} INFO - Setting next_dagrun for example_trigger_target_dag to None, run_after=None
[2023-02-28T15:50:34.994+0000] {processor.py:175} INFO - Processing /home/airflow/.local/lib/python3.7/site-packages/airflow/example_dags/example_trigger_target_dag.py took 0.085 seconds
[2023-02-28T15:51:05.770+0000] {processor.py:153} INFO - Started process (PID=637) to work on /home/airflow/.local/lib/python3.7/site-packages/airflow/example_dags/example_trigger_target_dag.py
[2023-02-28T15:51:05.772+0000] {processor.py:743} INFO - Processing file /home/airflow/.local/lib/python3.7/site-packages/airflow/example_dags/example_trigger_target_dag.py for tasks to queue
[2023-02-28T15:51:05.773+0000] {logging_mixin.py:137} INFO - [2023-02-28T15:51:05.773+0000] {dagbag.py:538} INFO - Filling up the DagBag from /home/airflow/.local/lib/python3.7/site-packages/airflow/example_dags/example_trigger_target_dag.py
[2023-02-28T15:51:05.790+0000] {processor.py:753} INFO - DAG(s) dict_keys(['example_trigger_target_dag']) retrieved from /home/airflow/.local/lib/python3.7/site-packages/airflow/example_dags/example_trigger_target_dag.py
[2023-02-28T15:51:05.813+0000] {logging_mixin.py:137} INFO - [2023-02-28T15:51:05.813+0000] {dag.py:2690} INFO - Sync 1 DAGs
[2023-02-28T15:51:05.832+0000] {logging_mixin.py:137} INFO - [2023-02-28T15:51:05.832+0000] {dag.py:3441} INFO - Setting next_dagrun for example_trigger_target_dag to None, run_after=None
[2023-02-28T15:51:05.849+0000] {processor.py:175} INFO - Processing /home/airflow/.local/lib/python3.7/site-packages/airflow/example_dags/example_trigger_target_dag.py took 0.082 seconds
[2023-02-28T15:51:36.624+0000] {processor.py:153} INFO - Started process (PID=712) to work on /home/airflow/.local/lib/python3.7/site-packages/airflow/example_dags/example_trigger_target_dag.py
[2023-02-28T15:51:36.628+0000] {processor.py:743} INFO - Processing file /home/airflow/.local/lib/python3.7/site-packages/airflow/example_dags/example_trigger_target_dag.py for tasks to queue
[2023-02-28T15:51:36.631+0000] {logging_mixin.py:137} INFO - [2023-02-28T15:51:36.630+0000] {dagbag.py:538} INFO - Filling up the DagBag from /home/airflow/.local/lib/python3.7/site-packages/airflow/example_dags/example_trigger_target_dag.py
[2023-02-28T15:51:36.658+0000] {processor.py:753} INFO - DAG(s) dict_keys(['example_trigger_target_dag']) retrieved from /home/airflow/.local/lib/python3.7/site-packages/airflow/example_dags/example_trigger_target_dag.py
[2023-02-28T15:51:36.688+0000] {logging_mixin.py:137} INFO - [2023-02-28T15:51:36.688+0000] {dag.py:2690} INFO - Sync 1 DAGs
[2023-02-28T15:51:36.720+0000] {logging_mixin.py:137} INFO - [2023-02-28T15:51:36.720+0000] {dag.py:3441} INFO - Setting next_dagrun for example_trigger_target_dag to None, run_after=None
[2023-02-28T15:51:36.734+0000] {processor.py:175} INFO - Processing /home/airflow/.local/lib/python3.7/site-packages/airflow/example_dags/example_trigger_target_dag.py took 0.114 seconds
[2023-02-28T15:52:07.611+0000] {processor.py:153} INFO - Started process (PID=775) to work on /home/airflow/.local/lib/python3.7/site-packages/airflow/example_dags/example_trigger_target_dag.py
[2023-02-28T15:52:07.614+0000] {processor.py:743} INFO - Processing file /home/airflow/.local/lib/python3.7/site-packages/airflow/example_dags/example_trigger_target_dag.py for tasks to queue
[2023-02-28T15:52:07.615+0000] {logging_mixin.py:137} INFO - [2023-02-28T15:52:07.615+0000] {dagbag.py:538} INFO - Filling up the DagBag from /home/airflow/.local/lib/python3.7/site-packages/airflow/example_dags/example_trigger_target_dag.py
[2023-02-28T15:52:07.634+0000] {processor.py:753} INFO - DAG(s) dict_keys(['example_trigger_target_dag']) retrieved from /home/airflow/.local/lib/python3.7/site-packages/airflow/example_dags/example_trigger_target_dag.py
[2023-02-28T15:52:07.683+0000] {logging_mixin.py:137} INFO - [2023-02-28T15:52:07.683+0000] {dag.py:2690} INFO - Sync 1 DAGs
[2023-02-28T15:52:07.700+0000] {logging_mixin.py:137} INFO - [2023-02-28T15:52:07.699+0000] {dag.py:3441} INFO - Setting next_dagrun for example_trigger_target_dag to None, run_after=None
[2023-02-28T15:52:07.713+0000] {processor.py:175} INFO - Processing /home/airflow/.local/lib/python3.7/site-packages/airflow/example_dags/example_trigger_target_dag.py took 0.104 seconds
[2023-02-28T15:52:38.274+0000] {processor.py:153} INFO - Started process (PID=850) to work on /home/airflow/.local/lib/python3.7/site-packages/airflow/example_dags/example_trigger_target_dag.py
[2023-02-28T15:52:38.278+0000] {processor.py:743} INFO - Processing file /home/airflow/.local/lib/python3.7/site-packages/airflow/example_dags/example_trigger_target_dag.py for tasks to queue
[2023-02-28T15:52:38.279+0000] {logging_mixin.py:137} INFO - [2023-02-28T15:52:38.279+0000] {dagbag.py:538} INFO - Filling up the DagBag from /home/airflow/.local/lib/python3.7/site-packages/airflow/example_dags/example_trigger_target_dag.py
[2023-02-28T15:52:38.299+0000] {processor.py:753} INFO - DAG(s) dict_keys(['example_trigger_target_dag']) retrieved from /home/airflow/.local/lib/python3.7/site-packages/airflow/example_dags/example_trigger_target_dag.py
[2023-02-28T15:52:38.325+0000] {logging_mixin.py:137} INFO - [2023-02-28T15:52:38.325+0000] {dag.py:2690} INFO - Sync 1 DAGs
[2023-02-28T15:52:38.346+0000] {logging_mixin.py:137} INFO - [2023-02-28T15:52:38.345+0000] {dag.py:3441} INFO - Setting next_dagrun for example_trigger_target_dag to None, run_after=None
[2023-02-28T15:52:38.364+0000] {processor.py:175} INFO - Processing /home/airflow/.local/lib/python3.7/site-packages/airflow/example_dags/example_trigger_target_dag.py took 0.092 seconds
[2023-02-28T15:53:09.384+0000] {processor.py:153} INFO - Started process (PID=925) to work on /home/airflow/.local/lib/python3.7/site-packages/airflow/example_dags/example_trigger_target_dag.py
[2023-02-28T15:53:09.386+0000] {processor.py:743} INFO - Processing file /home/airflow/.local/lib/python3.7/site-packages/airflow/example_dags/example_trigger_target_dag.py for tasks to queue
[2023-02-28T15:53:09.388+0000] {logging_mixin.py:137} INFO - [2023-02-28T15:53:09.388+0000] {dagbag.py:538} INFO - Filling up the DagBag from /home/airflow/.local/lib/python3.7/site-packages/airflow/example_dags/example_trigger_target_dag.py
[2023-02-28T15:53:09.404+0000] {processor.py:753} INFO - DAG(s) dict_keys(['example_trigger_target_dag']) retrieved from /home/airflow/.local/lib/python3.7/site-packages/airflow/example_dags/example_trigger_target_dag.py
[2023-02-28T15:53:09.428+0000] {logging_mixin.py:137} INFO - [2023-02-28T15:53:09.428+0000] {dag.py:2690} INFO - Sync 1 DAGs
[2023-02-28T15:53:09.447+0000] {logging_mixin.py:137} INFO - [2023-02-28T15:53:09.447+0000] {dag.py:3441} INFO - Setting next_dagrun for example_trigger_target_dag to None, run_after=None
[2023-02-28T15:53:09.464+0000] {processor.py:175} INFO - Processing /home/airflow/.local/lib/python3.7/site-packages/airflow/example_dags/example_trigger_target_dag.py took 0.084 seconds
[2023-02-28T15:53:40.195+0000] {processor.py:153} INFO - Started process (PID=988) to work on /home/airflow/.local/lib/python3.7/site-packages/airflow/example_dags/example_trigger_target_dag.py
[2023-02-28T15:53:40.197+0000] {processor.py:743} INFO - Processing file /home/airflow/.local/lib/python3.7/site-packages/airflow/example_dags/example_trigger_target_dag.py for tasks to queue
[2023-02-28T15:53:40.198+0000] {logging_mixin.py:137} INFO - [2023-02-28T15:53:40.198+0000] {dagbag.py:538} INFO - Filling up the DagBag from /home/airflow/.local/lib/python3.7/site-packages/airflow/example_dags/example_trigger_target_dag.py
[2023-02-28T15:53:40.215+0000] {processor.py:753} INFO - DAG(s) dict_keys(['example_trigger_target_dag']) retrieved from /home/airflow/.local/lib/python3.7/site-packages/airflow/example_dags/example_trigger_target_dag.py
[2023-02-28T15:53:40.240+0000] {logging_mixin.py:137} INFO - [2023-02-28T15:53:40.240+0000] {dag.py:2690} INFO - Sync 1 DAGs
[2023-02-28T15:53:40.258+0000] {logging_mixin.py:137} INFO - [2023-02-28T15:53:40.258+0000] {dag.py:3441} INFO - Setting next_dagrun for example_trigger_target_dag to None, run_after=None
[2023-02-28T15:53:40.271+0000] {processor.py:175} INFO - Processing /home/airflow/.local/lib/python3.7/site-packages/airflow/example_dags/example_trigger_target_dag.py took 0.078 seconds
[2023-02-28T15:54:11.223+0000] {processor.py:153} INFO - Started process (PID=1062) to work on /home/airflow/.local/lib/python3.7/site-packages/airflow/example_dags/example_trigger_target_dag.py
[2023-02-28T15:54:11.226+0000] {processor.py:743} INFO - Processing file /home/airflow/.local/lib/python3.7/site-packages/airflow/example_dags/example_trigger_target_dag.py for tasks to queue
[2023-02-28T15:54:11.227+0000] {logging_mixin.py:137} INFO - [2023-02-28T15:54:11.227+0000] {dagbag.py:538} INFO - Filling up the DagBag from /home/airflow/.local/lib/python3.7/site-packages/airflow/example_dags/example_trigger_target_dag.py
[2023-02-28T15:54:11.246+0000] {processor.py:753} INFO - DAG(s) dict_keys(['example_trigger_target_dag']) retrieved from /home/airflow/.local/lib/python3.7/site-packages/airflow/example_dags/example_trigger_target_dag.py
[2023-02-28T15:54:11.269+0000] {logging_mixin.py:137} INFO - [2023-02-28T15:54:11.268+0000] {dag.py:2690} INFO - Sync 1 DAGs
[2023-02-28T15:54:11.286+0000] {logging_mixin.py:137} INFO - [2023-02-28T15:54:11.286+0000] {dag.py:3441} INFO - Setting next_dagrun for example_trigger_target_dag to None, run_after=None
[2023-02-28T15:54:11.300+0000] {processor.py:175} INFO - Processing /home/airflow/.local/lib/python3.7/site-packages/airflow/example_dags/example_trigger_target_dag.py took 0.079 seconds
[2023-02-28T15:54:42.074+0000] {processor.py:153} INFO - Started process (PID=1136) to work on /home/airflow/.local/lib/python3.7/site-packages/airflow/example_dags/example_trigger_target_dag.py
[2023-02-28T15:54:42.076+0000] {processor.py:743} INFO - Processing file /home/airflow/.local/lib/python3.7/site-packages/airflow/example_dags/example_trigger_target_dag.py for tasks to queue
[2023-02-28T15:54:42.078+0000] {logging_mixin.py:137} INFO - [2023-02-28T15:54:42.078+0000] {dagbag.py:538} INFO - Filling up the DagBag from /home/airflow/.local/lib/python3.7/site-packages/airflow/example_dags/example_trigger_target_dag.py
[2023-02-28T15:54:42.095+0000] {processor.py:753} INFO - DAG(s) dict_keys(['example_trigger_target_dag']) retrieved from /home/airflow/.local/lib/python3.7/site-packages/airflow/example_dags/example_trigger_target_dag.py
[2023-02-28T15:54:42.121+0000] {logging_mixin.py:137} INFO - [2023-02-28T15:54:42.121+0000] {dag.py:2690} INFO - Sync 1 DAGs
[2023-02-28T15:54:42.140+0000] {logging_mixin.py:137} INFO - [2023-02-28T15:54:42.140+0000] {dag.py:3441} INFO - Setting next_dagrun for example_trigger_target_dag to None, run_after=None
[2023-02-28T15:54:42.157+0000] {processor.py:175} INFO - Processing /home/airflow/.local/lib/python3.7/site-packages/airflow/example_dags/example_trigger_target_dag.py took 0.087 seconds
[2023-02-28T15:55:12.826+0000] {processor.py:153} INFO - Started process (PID=1200) to work on /home/airflow/.local/lib/python3.7/site-packages/airflow/example_dags/example_trigger_target_dag.py
[2023-02-28T15:55:12.828+0000] {processor.py:743} INFO - Processing file /home/airflow/.local/lib/python3.7/site-packages/airflow/example_dags/example_trigger_target_dag.py for tasks to queue
[2023-02-28T15:55:12.829+0000] {logging_mixin.py:137} INFO - [2023-02-28T15:55:12.829+0000] {dagbag.py:538} INFO - Filling up the DagBag from /home/airflow/.local/lib/python3.7/site-packages/airflow/example_dags/example_trigger_target_dag.py
[2023-02-28T15:55:12.846+0000] {processor.py:753} INFO - DAG(s) dict_keys(['example_trigger_target_dag']) retrieved from /home/airflow/.local/lib/python3.7/site-packages/airflow/example_dags/example_trigger_target_dag.py
[2023-02-28T15:55:12.871+0000] {logging_mixin.py:137} INFO - [2023-02-28T15:55:12.871+0000] {dag.py:2690} INFO - Sync 1 DAGs
[2023-02-28T15:55:12.890+0000] {logging_mixin.py:137} INFO - [2023-02-28T15:55:12.890+0000] {dag.py:3441} INFO - Setting next_dagrun for example_trigger_target_dag to None, run_after=None
[2023-02-28T15:55:12.906+0000] {processor.py:175} INFO - Processing /home/airflow/.local/lib/python3.7/site-packages/airflow/example_dags/example_trigger_target_dag.py took 0.084 seconds
[2023-02-28T15:55:43.612+0000] {processor.py:153} INFO - Started process (PID=1275) to work on /home/airflow/.local/lib/python3.7/site-packages/airflow/example_dags/example_trigger_target_dag.py
[2023-02-28T15:55:43.614+0000] {processor.py:743} INFO - Processing file /home/airflow/.local/lib/python3.7/site-packages/airflow/example_dags/example_trigger_target_dag.py for tasks to queue
[2023-02-28T15:55:43.616+0000] {logging_mixin.py:137} INFO - [2023-02-28T15:55:43.616+0000] {dagbag.py:538} INFO - Filling up the DagBag from /home/airflow/.local/lib/python3.7/site-packages/airflow/example_dags/example_trigger_target_dag.py
[2023-02-28T15:55:43.632+0000] {processor.py:753} INFO - DAG(s) dict_keys(['example_trigger_target_dag']) retrieved from /home/airflow/.local/lib/python3.7/site-packages/airflow/example_dags/example_trigger_target_dag.py
[2023-02-28T15:55:43.658+0000] {logging_mixin.py:137} INFO - [2023-02-28T15:55:43.657+0000] {dag.py:2690} INFO - Sync 1 DAGs
[2023-02-28T15:55:43.677+0000] {logging_mixin.py:137} INFO - [2023-02-28T15:55:43.677+0000] {dag.py:3441} INFO - Setting next_dagrun for example_trigger_target_dag to None, run_after=None
[2023-02-28T15:55:43.691+0000] {processor.py:175} INFO - Processing /home/airflow/.local/lib/python3.7/site-packages/airflow/example_dags/example_trigger_target_dag.py took 0.084 seconds
[2023-02-28T15:56:14.889+0000] {processor.py:153} INFO - Started process (PID=1350) to work on /home/airflow/.local/lib/python3.7/site-packages/airflow/example_dags/example_trigger_target_dag.py
[2023-02-28T15:56:14.892+0000] {processor.py:743} INFO - Processing file /home/airflow/.local/lib/python3.7/site-packages/airflow/example_dags/example_trigger_target_dag.py for tasks to queue
[2023-02-28T15:56:14.894+0000] {logging_mixin.py:137} INFO - [2023-02-28T15:56:14.894+0000] {dagbag.py:538} INFO - Filling up the DagBag from /home/airflow/.local/lib/python3.7/site-packages/airflow/example_dags/example_trigger_target_dag.py
[2023-02-28T15:56:14.911+0000] {processor.py:753} INFO - DAG(s) dict_keys(['example_trigger_target_dag']) retrieved from /home/airflow/.local/lib/python3.7/site-packages/airflow/example_dags/example_trigger_target_dag.py
[2023-02-28T15:56:14.937+0000] {logging_mixin.py:137} INFO - [2023-02-28T15:56:14.937+0000] {dag.py:2690} INFO - Sync 1 DAGs
[2023-02-28T15:56:14.955+0000] {logging_mixin.py:137} INFO - [2023-02-28T15:56:14.955+0000] {dag.py:3441} INFO - Setting next_dagrun for example_trigger_target_dag to None, run_after=None
[2023-02-28T15:56:14.970+0000] {processor.py:175} INFO - Processing /home/airflow/.local/lib/python3.7/site-packages/airflow/example_dags/example_trigger_target_dag.py took 0.084 seconds
[2023-02-28T15:56:45.630+0000] {processor.py:153} INFO - Started process (PID=1412) to work on /home/airflow/.local/lib/python3.7/site-packages/airflow/example_dags/example_trigger_target_dag.py
[2023-02-28T15:56:45.632+0000] {processor.py:743} INFO - Processing file /home/airflow/.local/lib/python3.7/site-packages/airflow/example_dags/example_trigger_target_dag.py for tasks to queue
[2023-02-28T15:56:45.633+0000] {logging_mixin.py:137} INFO - [2023-02-28T15:56:45.633+0000] {dagbag.py:538} INFO - Filling up the DagBag from /home/airflow/.local/lib/python3.7/site-packages/airflow/example_dags/example_trigger_target_dag.py
[2023-02-28T15:56:45.648+0000] {processor.py:753} INFO - DAG(s) dict_keys(['example_trigger_target_dag']) retrieved from /home/airflow/.local/lib/python3.7/site-packages/airflow/example_dags/example_trigger_target_dag.py
[2023-02-28T15:56:45.670+0000] {logging_mixin.py:137} INFO - [2023-02-28T15:56:45.670+0000] {dag.py:2690} INFO - Sync 1 DAGs
[2023-02-28T15:56:45.686+0000] {logging_mixin.py:137} INFO - [2023-02-28T15:56:45.686+0000] {dag.py:3441} INFO - Setting next_dagrun for example_trigger_target_dag to None, run_after=None
[2023-02-28T15:56:45.700+0000] {processor.py:175} INFO - Processing /home/airflow/.local/lib/python3.7/site-packages/airflow/example_dags/example_trigger_target_dag.py took 0.073 seconds
[2023-02-28T15:57:16.505+0000] {processor.py:153} INFO - Started process (PID=1487) to work on /home/airflow/.local/lib/python3.7/site-packages/airflow/example_dags/example_trigger_target_dag.py
[2023-02-28T15:57:16.508+0000] {processor.py:743} INFO - Processing file /home/airflow/.local/lib/python3.7/site-packages/airflow/example_dags/example_trigger_target_dag.py for tasks to queue
[2023-02-28T15:57:16.509+0000] {logging_mixin.py:137} INFO - [2023-02-28T15:57:16.509+0000] {dagbag.py:538} INFO - Filling up the DagBag from /home/airflow/.local/lib/python3.7/site-packages/airflow/example_dags/example_trigger_target_dag.py
[2023-02-28T15:57:16.526+0000] {processor.py:753} INFO - DAG(s) dict_keys(['example_trigger_target_dag']) retrieved from /home/airflow/.local/lib/python3.7/site-packages/airflow/example_dags/example_trigger_target_dag.py
[2023-02-28T15:57:16.549+0000] {logging_mixin.py:137} INFO - [2023-02-28T15:57:16.549+0000] {dag.py:2690} INFO - Sync 1 DAGs
[2023-02-28T15:57:16.569+0000] {logging_mixin.py:137} INFO - [2023-02-28T15:57:16.569+0000] {dag.py:3441} INFO - Setting next_dagrun for example_trigger_target_dag to None, run_after=None
[2023-02-28T15:57:16.584+0000] {processor.py:175} INFO - Processing /home/airflow/.local/lib/python3.7/site-packages/airflow/example_dags/example_trigger_target_dag.py took 0.082 seconds
[2023-02-28T15:57:47.329+0000] {processor.py:153} INFO - Started process (PID=1562) to work on /home/airflow/.local/lib/python3.7/site-packages/airflow/example_dags/example_trigger_target_dag.py
[2023-02-28T15:57:47.331+0000] {processor.py:743} INFO - Processing file /home/airflow/.local/lib/python3.7/site-packages/airflow/example_dags/example_trigger_target_dag.py for tasks to queue
[2023-02-28T15:57:47.334+0000] {logging_mixin.py:137} INFO - [2023-02-28T15:57:47.334+0000] {dagbag.py:538} INFO - Filling up the DagBag from /home/airflow/.local/lib/python3.7/site-packages/airflow/example_dags/example_trigger_target_dag.py
[2023-02-28T15:57:47.351+0000] {processor.py:753} INFO - DAG(s) dict_keys(['example_trigger_target_dag']) retrieved from /home/airflow/.local/lib/python3.7/site-packages/airflow/example_dags/example_trigger_target_dag.py
[2023-02-28T15:57:47.377+0000] {logging_mixin.py:137} INFO - [2023-02-28T15:57:47.376+0000] {dag.py:2690} INFO - Sync 1 DAGs
[2023-02-28T15:57:47.395+0000] {logging_mixin.py:137} INFO - [2023-02-28T15:57:47.395+0000] {dag.py:3441} INFO - Setting next_dagrun for example_trigger_target_dag to None, run_after=None
[2023-02-28T15:57:47.410+0000] {processor.py:175} INFO - Processing /home/airflow/.local/lib/python3.7/site-packages/airflow/example_dags/example_trigger_target_dag.py took 0.084 seconds
[2023-02-28T15:58:18.065+0000] {processor.py:153} INFO - Started process (PID=1626) to work on /home/airflow/.local/lib/python3.7/site-packages/airflow/example_dags/example_trigger_target_dag.py
[2023-02-28T15:58:18.066+0000] {processor.py:743} INFO - Processing file /home/airflow/.local/lib/python3.7/site-packages/airflow/example_dags/example_trigger_target_dag.py for tasks to queue
[2023-02-28T15:58:18.068+0000] {logging_mixin.py:137} INFO - [2023-02-28T15:58:18.068+0000] {dagbag.py:538} INFO - Filling up the DagBag from /home/airflow/.local/lib/python3.7/site-packages/airflow/example_dags/example_trigger_target_dag.py
[2023-02-28T15:58:18.085+0000] {processor.py:753} INFO - DAG(s) dict_keys(['example_trigger_target_dag']) retrieved from /home/airflow/.local/lib/python3.7/site-packages/airflow/example_dags/example_trigger_target_dag.py
[2023-02-28T15:58:18.109+0000] {logging_mixin.py:137} INFO - [2023-02-28T15:58:18.108+0000] {dag.py:2690} INFO - Sync 1 DAGs
[2023-02-28T15:58:18.125+0000] {logging_mixin.py:137} INFO - [2023-02-28T15:58:18.125+0000] {dag.py:3441} INFO - Setting next_dagrun for example_trigger_target_dag to None, run_after=None
[2023-02-28T15:58:18.140+0000] {processor.py:175} INFO - Processing /home/airflow/.local/lib/python3.7/site-packages/airflow/example_dags/example_trigger_target_dag.py took 0.079 seconds
[2023-02-28T15:58:48.910+0000] {processor.py:153} INFO - Started process (PID=1700) to work on /home/airflow/.local/lib/python3.7/site-packages/airflow/example_dags/example_trigger_target_dag.py
[2023-02-28T15:58:48.911+0000] {processor.py:743} INFO - Processing file /home/airflow/.local/lib/python3.7/site-packages/airflow/example_dags/example_trigger_target_dag.py for tasks to queue
[2023-02-28T15:58:48.913+0000] {logging_mixin.py:137} INFO - [2023-02-28T15:58:48.912+0000] {dagbag.py:538} INFO - Filling up the DagBag from /home/airflow/.local/lib/python3.7/site-packages/airflow/example_dags/example_trigger_target_dag.py
[2023-02-28T15:58:48.930+0000] {processor.py:753} INFO - DAG(s) dict_keys(['example_trigger_target_dag']) retrieved from /home/airflow/.local/lib/python3.7/site-packages/airflow/example_dags/example_trigger_target_dag.py
[2023-02-28T15:58:48.956+0000] {logging_mixin.py:137} INFO - [2023-02-28T15:58:48.956+0000] {dag.py:2690} INFO - Sync 1 DAGs
[2023-02-28T15:58:48.977+0000] {logging_mixin.py:137} INFO - [2023-02-28T15:58:48.977+0000] {dag.py:3441} INFO - Setting next_dagrun for example_trigger_target_dag to None, run_after=None
[2023-02-28T15:58:48.993+0000] {processor.py:175} INFO - Processing /home/airflow/.local/lib/python3.7/site-packages/airflow/example_dags/example_trigger_target_dag.py took 0.086 seconds
