[2023-02-28T15:46:57.003+0000] {processor.py:153} INFO - Started process (PID=38) to work on /home/airflow/.local/lib/python3.7/site-packages/airflow/example_dags/example_branch_day_of_week_operator.py
[2023-02-28T15:46:57.006+0000] {processor.py:743} INFO - Processing file /home/airflow/.local/lib/python3.7/site-packages/airflow/example_dags/example_branch_day_of_week_operator.py for tasks to queue
[2023-02-28T15:46:57.008+0000] {logging_mixin.py:137} INFO - [2023-02-28T15:46:57.008+0000] {dagbag.py:538} INFO - Filling up the DagBag from /home/airflow/.local/lib/python3.7/site-packages/airflow/example_dags/example_branch_day_of_week_operator.py
[2023-02-28T15:46:57.039+0000] {processor.py:753} INFO - DAG(s) dict_keys(['example_weekday_branch_operator']) retrieved from /home/airflow/.local/lib/python3.7/site-packages/airflow/example_dags/example_branch_day_of_week_operator.py
[2023-02-28T15:46:57.070+0000] {logging_mixin.py:137} INFO - [2023-02-28T15:46:57.070+0000] {dag.py:2690} INFO - Sync 1 DAGs
[2023-02-28T15:46:57.108+0000] {logging_mixin.py:137} INFO - [2023-02-28T15:46:57.108+0000] {dag.py:3441} INFO - Setting next_dagrun for example_weekday_branch_operator to 2023-02-27T00:00:00+00:00, run_after=2023-02-28T00:00:00+00:00
[2023-02-28T15:46:57.192+0000] {processor.py:175} INFO - Processing /home/airflow/.local/lib/python3.7/site-packages/airflow/example_dags/example_branch_day_of_week_operator.py took 0.193 seconds
[2023-02-28T15:47:27.661+0000] {processor.py:153} INFO - Started process (PID=111) to work on /home/airflow/.local/lib/python3.7/site-packages/airflow/example_dags/example_branch_day_of_week_operator.py
[2023-02-28T15:47:27.664+0000] {processor.py:743} INFO - Processing file /home/airflow/.local/lib/python3.7/site-packages/airflow/example_dags/example_branch_day_of_week_operator.py for tasks to queue
[2023-02-28T15:47:27.665+0000] {logging_mixin.py:137} INFO - [2023-02-28T15:47:27.665+0000] {dagbag.py:538} INFO - Filling up the DagBag from /home/airflow/.local/lib/python3.7/site-packages/airflow/example_dags/example_branch_day_of_week_operator.py
[2023-02-28T15:47:27.678+0000] {processor.py:753} INFO - DAG(s) dict_keys(['example_weekday_branch_operator']) retrieved from /home/airflow/.local/lib/python3.7/site-packages/airflow/example_dags/example_branch_day_of_week_operator.py
[2023-02-28T15:47:27.702+0000] {logging_mixin.py:137} INFO - [2023-02-28T15:47:27.702+0000] {dag.py:2690} INFO - Sync 1 DAGs
[2023-02-28T15:47:27.721+0000] {logging_mixin.py:137} INFO - [2023-02-28T15:47:27.721+0000] {dag.py:3441} INFO - Setting next_dagrun for example_weekday_branch_operator to 2023-02-27T00:00:00+00:00, run_after=2023-02-28T00:00:00+00:00
[2023-02-28T15:47:27.737+0000] {processor.py:175} INFO - Processing /home/airflow/.local/lib/python3.7/site-packages/airflow/example_dags/example_branch_day_of_week_operator.py took 0.079 seconds
[2023-02-28T15:47:58.333+0000] {processor.py:153} INFO - Started process (PID=174) to work on /home/airflow/.local/lib/python3.7/site-packages/airflow/example_dags/example_branch_day_of_week_operator.py
[2023-02-28T15:47:58.336+0000] {processor.py:743} INFO - Processing file /home/airflow/.local/lib/python3.7/site-packages/airflow/example_dags/example_branch_day_of_week_operator.py for tasks to queue
[2023-02-28T15:47:58.340+0000] {logging_mixin.py:137} INFO - [2023-02-28T15:47:58.340+0000] {dagbag.py:538} INFO - Filling up the DagBag from /home/airflow/.local/lib/python3.7/site-packages/airflow/example_dags/example_branch_day_of_week_operator.py
[2023-02-28T15:47:58.360+0000] {processor.py:753} INFO - DAG(s) dict_keys(['example_weekday_branch_operator']) retrieved from /home/airflow/.local/lib/python3.7/site-packages/airflow/example_dags/example_branch_day_of_week_operator.py
[2023-02-28T15:47:58.399+0000] {logging_mixin.py:137} INFO - [2023-02-28T15:47:58.399+0000] {dag.py:2690} INFO - Sync 1 DAGs
[2023-02-28T15:47:58.437+0000] {logging_mixin.py:137} INFO - [2023-02-28T15:47:58.437+0000] {dag.py:3441} INFO - Setting next_dagrun for example_weekday_branch_operator to 2023-02-27T00:00:00+00:00, run_after=2023-02-28T00:00:00+00:00
[2023-02-28T15:47:58.470+0000] {processor.py:175} INFO - Processing /home/airflow/.local/lib/python3.7/site-packages/airflow/example_dags/example_branch_day_of_week_operator.py took 0.145 seconds
[2023-02-28T15:48:28.534+0000] {processor.py:153} INFO - Started process (PID=249) to work on /home/airflow/.local/lib/python3.7/site-packages/airflow/example_dags/example_branch_day_of_week_operator.py
[2023-02-28T15:48:28.536+0000] {processor.py:743} INFO - Processing file /home/airflow/.local/lib/python3.7/site-packages/airflow/example_dags/example_branch_day_of_week_operator.py for tasks to queue
[2023-02-28T15:48:28.537+0000] {logging_mixin.py:137} INFO - [2023-02-28T15:48:28.537+0000] {dagbag.py:538} INFO - Filling up the DagBag from /home/airflow/.local/lib/python3.7/site-packages/airflow/example_dags/example_branch_day_of_week_operator.py
[2023-02-28T15:48:28.550+0000] {processor.py:753} INFO - DAG(s) dict_keys(['example_weekday_branch_operator']) retrieved from /home/airflow/.local/lib/python3.7/site-packages/airflow/example_dags/example_branch_day_of_week_operator.py
[2023-02-28T15:48:28.574+0000] {logging_mixin.py:137} INFO - [2023-02-28T15:48:28.573+0000] {dag.py:2690} INFO - Sync 1 DAGs
[2023-02-28T15:48:28.592+0000] {logging_mixin.py:137} INFO - [2023-02-28T15:48:28.592+0000] {dag.py:3441} INFO - Setting next_dagrun for example_weekday_branch_operator to 2023-02-27T00:00:00+00:00, run_after=2023-02-28T00:00:00+00:00
[2023-02-28T15:48:28.604+0000] {processor.py:175} INFO - Processing /home/airflow/.local/lib/python3.7/site-packages/airflow/example_dags/example_branch_day_of_week_operator.py took 0.073 seconds
[2023-02-28T15:48:59.193+0000] {processor.py:153} INFO - Started process (PID=324) to work on /home/airflow/.local/lib/python3.7/site-packages/airflow/example_dags/example_branch_day_of_week_operator.py
[2023-02-28T15:48:59.197+0000] {processor.py:743} INFO - Processing file /home/airflow/.local/lib/python3.7/site-packages/airflow/example_dags/example_branch_day_of_week_operator.py for tasks to queue
[2023-02-28T15:48:59.198+0000] {logging_mixin.py:137} INFO - [2023-02-28T15:48:59.198+0000] {dagbag.py:538} INFO - Filling up the DagBag from /home/airflow/.local/lib/python3.7/site-packages/airflow/example_dags/example_branch_day_of_week_operator.py
[2023-02-28T15:48:59.210+0000] {processor.py:753} INFO - DAG(s) dict_keys(['example_weekday_branch_operator']) retrieved from /home/airflow/.local/lib/python3.7/site-packages/airflow/example_dags/example_branch_day_of_week_operator.py
[2023-02-28T15:48:59.235+0000] {logging_mixin.py:137} INFO - [2023-02-28T15:48:59.235+0000] {dag.py:2690} INFO - Sync 1 DAGs
[2023-02-28T15:48:59.255+0000] {logging_mixin.py:137} INFO - [2023-02-28T15:48:59.255+0000] {dag.py:3441} INFO - Setting next_dagrun for example_weekday_branch_operator to 2023-02-27T00:00:00+00:00, run_after=2023-02-28T00:00:00+00:00
[2023-02-28T15:48:59.268+0000] {processor.py:175} INFO - Processing /home/airflow/.local/lib/python3.7/site-packages/airflow/example_dags/example_branch_day_of_week_operator.py took 0.077 seconds
[2023-02-28T15:49:30.261+0000] {processor.py:153} INFO - Started process (PID=394) to work on /home/airflow/.local/lib/python3.7/site-packages/airflow/example_dags/example_branch_day_of_week_operator.py
[2023-02-28T15:49:30.263+0000] {processor.py:743} INFO - Processing file /home/airflow/.local/lib/python3.7/site-packages/airflow/example_dags/example_branch_day_of_week_operator.py for tasks to queue
[2023-02-28T15:49:30.265+0000] {logging_mixin.py:137} INFO - [2023-02-28T15:49:30.265+0000] {dagbag.py:538} INFO - Filling up the DagBag from /home/airflow/.local/lib/python3.7/site-packages/airflow/example_dags/example_branch_day_of_week_operator.py
[2023-02-28T15:49:30.280+0000] {processor.py:753} INFO - DAG(s) dict_keys(['example_weekday_branch_operator']) retrieved from /home/airflow/.local/lib/python3.7/site-packages/airflow/example_dags/example_branch_day_of_week_operator.py
[2023-02-28T15:49:30.305+0000] {logging_mixin.py:137} INFO - [2023-02-28T15:49:30.305+0000] {dag.py:2690} INFO - Sync 1 DAGs
[2023-02-28T15:49:30.336+0000] {logging_mixin.py:137} INFO - [2023-02-28T15:49:30.336+0000] {dag.py:3441} INFO - Setting next_dagrun for example_weekday_branch_operator to 2023-02-27T00:00:00+00:00, run_after=2023-02-28T00:00:00+00:00
[2023-02-28T15:49:30.351+0000] {processor.py:175} INFO - Processing /home/airflow/.local/lib/python3.7/site-packages/airflow/example_dags/example_branch_day_of_week_operator.py took 0.094 seconds
[2023-02-28T15:50:01.052+0000] {processor.py:153} INFO - Started process (PID=462) to work on /home/airflow/.local/lib/python3.7/site-packages/airflow/example_dags/example_branch_day_of_week_operator.py
[2023-02-28T15:50:01.054+0000] {processor.py:743} INFO - Processing file /home/airflow/.local/lib/python3.7/site-packages/airflow/example_dags/example_branch_day_of_week_operator.py for tasks to queue
[2023-02-28T15:50:01.056+0000] {logging_mixin.py:137} INFO - [2023-02-28T15:50:01.056+0000] {dagbag.py:538} INFO - Filling up the DagBag from /home/airflow/.local/lib/python3.7/site-packages/airflow/example_dags/example_branch_day_of_week_operator.py
[2023-02-28T15:50:01.069+0000] {processor.py:753} INFO - DAG(s) dict_keys(['example_weekday_branch_operator']) retrieved from /home/airflow/.local/lib/python3.7/site-packages/airflow/example_dags/example_branch_day_of_week_operator.py
[2023-02-28T15:50:01.092+0000] {logging_mixin.py:137} INFO - [2023-02-28T15:50:01.092+0000] {dag.py:2690} INFO - Sync 1 DAGs
[2023-02-28T15:50:01.112+0000] {logging_mixin.py:137} INFO - [2023-02-28T15:50:01.112+0000] {dag.py:3441} INFO - Setting next_dagrun for example_weekday_branch_operator to 2023-02-27T00:00:00+00:00, run_after=2023-02-28T00:00:00+00:00
[2023-02-28T15:50:01.128+0000] {processor.py:175} INFO - Processing /home/airflow/.local/lib/python3.7/site-packages/airflow/example_dags/example_branch_day_of_week_operator.py took 0.079 seconds
[2023-02-28T15:50:32.023+0000] {processor.py:153} INFO - Started process (PID=538) to work on /home/airflow/.local/lib/python3.7/site-packages/airflow/example_dags/example_branch_day_of_week_operator.py
[2023-02-28T15:50:32.025+0000] {processor.py:743} INFO - Processing file /home/airflow/.local/lib/python3.7/site-packages/airflow/example_dags/example_branch_day_of_week_operator.py for tasks to queue
[2023-02-28T15:50:32.027+0000] {logging_mixin.py:137} INFO - [2023-02-28T15:50:32.027+0000] {dagbag.py:538} INFO - Filling up the DagBag from /home/airflow/.local/lib/python3.7/site-packages/airflow/example_dags/example_branch_day_of_week_operator.py
[2023-02-28T15:50:32.042+0000] {processor.py:753} INFO - DAG(s) dict_keys(['example_weekday_branch_operator']) retrieved from /home/airflow/.local/lib/python3.7/site-packages/airflow/example_dags/example_branch_day_of_week_operator.py
[2023-02-28T15:50:32.065+0000] {logging_mixin.py:137} INFO - [2023-02-28T15:50:32.065+0000] {dag.py:2690} INFO - Sync 1 DAGs
[2023-02-28T15:50:32.085+0000] {logging_mixin.py:137} INFO - [2023-02-28T15:50:32.085+0000] {dag.py:3441} INFO - Setting next_dagrun for example_weekday_branch_operator to 2023-02-27T00:00:00+00:00, run_after=2023-02-28T00:00:00+00:00
[2023-02-28T15:50:32.099+0000] {processor.py:175} INFO - Processing /home/airflow/.local/lib/python3.7/site-packages/airflow/example_dags/example_branch_day_of_week_operator.py took 0.080 seconds
[2023-02-28T15:51:02.998+0000] {processor.py:153} INFO - Started process (PID=613) to work on /home/airflow/.local/lib/python3.7/site-packages/airflow/example_dags/example_branch_day_of_week_operator.py
[2023-02-28T15:51:03.001+0000] {processor.py:743} INFO - Processing file /home/airflow/.local/lib/python3.7/site-packages/airflow/example_dags/example_branch_day_of_week_operator.py for tasks to queue
[2023-02-28T15:51:03.002+0000] {logging_mixin.py:137} INFO - [2023-02-28T15:51:03.002+0000] {dagbag.py:538} INFO - Filling up the DagBag from /home/airflow/.local/lib/python3.7/site-packages/airflow/example_dags/example_branch_day_of_week_operator.py
[2023-02-28T15:51:03.018+0000] {processor.py:753} INFO - DAG(s) dict_keys(['example_weekday_branch_operator']) retrieved from /home/airflow/.local/lib/python3.7/site-packages/airflow/example_dags/example_branch_day_of_week_operator.py
[2023-02-28T15:51:03.043+0000] {logging_mixin.py:137} INFO - [2023-02-28T15:51:03.043+0000] {dag.py:2690} INFO - Sync 1 DAGs
[2023-02-28T15:51:03.064+0000] {logging_mixin.py:137} INFO - [2023-02-28T15:51:03.064+0000] {dag.py:3441} INFO - Setting next_dagrun for example_weekday_branch_operator to 2023-02-27T00:00:00+00:00, run_after=2023-02-28T00:00:00+00:00
[2023-02-28T15:51:03.082+0000] {processor.py:175} INFO - Processing /home/airflow/.local/lib/python3.7/site-packages/airflow/example_dags/example_branch_day_of_week_operator.py took 0.087 seconds
[2023-02-28T15:51:33.870+0000] {processor.py:153} INFO - Started process (PID=676) to work on /home/airflow/.local/lib/python3.7/site-packages/airflow/example_dags/example_branch_day_of_week_operator.py
[2023-02-28T15:51:33.872+0000] {processor.py:743} INFO - Processing file /home/airflow/.local/lib/python3.7/site-packages/airflow/example_dags/example_branch_day_of_week_operator.py for tasks to queue
[2023-02-28T15:51:33.873+0000] {logging_mixin.py:137} INFO - [2023-02-28T15:51:33.873+0000] {dagbag.py:538} INFO - Filling up the DagBag from /home/airflow/.local/lib/python3.7/site-packages/airflow/example_dags/example_branch_day_of_week_operator.py
[2023-02-28T15:51:33.886+0000] {processor.py:753} INFO - DAG(s) dict_keys(['example_weekday_branch_operator']) retrieved from /home/airflow/.local/lib/python3.7/site-packages/airflow/example_dags/example_branch_day_of_week_operator.py
[2023-02-28T15:51:33.908+0000] {logging_mixin.py:137} INFO - [2023-02-28T15:51:33.908+0000] {dag.py:2690} INFO - Sync 1 DAGs
[2023-02-28T15:51:33.927+0000] {logging_mixin.py:137} INFO - [2023-02-28T15:51:33.927+0000] {dag.py:3441} INFO - Setting next_dagrun for example_weekday_branch_operator to 2023-02-27T00:00:00+00:00, run_after=2023-02-28T00:00:00+00:00
[2023-02-28T15:51:33.941+0000] {processor.py:175} INFO - Processing /home/airflow/.local/lib/python3.7/site-packages/airflow/example_dags/example_branch_day_of_week_operator.py took 0.075 seconds
[2023-02-28T15:52:04.896+0000] {processor.py:153} INFO - Started process (PID=751) to work on /home/airflow/.local/lib/python3.7/site-packages/airflow/example_dags/example_branch_day_of_week_operator.py
[2023-02-28T15:52:04.898+0000] {processor.py:743} INFO - Processing file /home/airflow/.local/lib/python3.7/site-packages/airflow/example_dags/example_branch_day_of_week_operator.py for tasks to queue
[2023-02-28T15:52:04.901+0000] {logging_mixin.py:137} INFO - [2023-02-28T15:52:04.901+0000] {dagbag.py:538} INFO - Filling up the DagBag from /home/airflow/.local/lib/python3.7/site-packages/airflow/example_dags/example_branch_day_of_week_operator.py
[2023-02-28T15:52:04.916+0000] {processor.py:753} INFO - DAG(s) dict_keys(['example_weekday_branch_operator']) retrieved from /home/airflow/.local/lib/python3.7/site-packages/airflow/example_dags/example_branch_day_of_week_operator.py
[2023-02-28T15:52:04.942+0000] {logging_mixin.py:137} INFO - [2023-02-28T15:52:04.942+0000] {dag.py:2690} INFO - Sync 1 DAGs
[2023-02-28T15:52:04.961+0000] {logging_mixin.py:137} INFO - [2023-02-28T15:52:04.961+0000] {dag.py:3441} INFO - Setting next_dagrun for example_weekday_branch_operator to 2023-02-27T00:00:00+00:00, run_after=2023-02-28T00:00:00+00:00
[2023-02-28T15:52:04.977+0000] {processor.py:175} INFO - Processing /home/airflow/.local/lib/python3.7/site-packages/airflow/example_dags/example_branch_day_of_week_operator.py took 0.085 seconds
[2023-02-28T15:52:35.686+0000] {processor.py:153} INFO - Started process (PID=826) to work on /home/airflow/.local/lib/python3.7/site-packages/airflow/example_dags/example_branch_day_of_week_operator.py
[2023-02-28T15:52:35.688+0000] {processor.py:743} INFO - Processing file /home/airflow/.local/lib/python3.7/site-packages/airflow/example_dags/example_branch_day_of_week_operator.py for tasks to queue
[2023-02-28T15:52:35.690+0000] {logging_mixin.py:137} INFO - [2023-02-28T15:52:35.690+0000] {dagbag.py:538} INFO - Filling up the DagBag from /home/airflow/.local/lib/python3.7/site-packages/airflow/example_dags/example_branch_day_of_week_operator.py
[2023-02-28T15:52:35.704+0000] {processor.py:753} INFO - DAG(s) dict_keys(['example_weekday_branch_operator']) retrieved from /home/airflow/.local/lib/python3.7/site-packages/airflow/example_dags/example_branch_day_of_week_operator.py
[2023-02-28T15:52:35.728+0000] {logging_mixin.py:137} INFO - [2023-02-28T15:52:35.728+0000] {dag.py:2690} INFO - Sync 1 DAGs
[2023-02-28T15:52:35.747+0000] {logging_mixin.py:137} INFO - [2023-02-28T15:52:35.747+0000] {dag.py:3441} INFO - Setting next_dagrun for example_weekday_branch_operator to 2023-02-27T00:00:00+00:00, run_after=2023-02-28T00:00:00+00:00
[2023-02-28T15:52:35.760+0000] {processor.py:175} INFO - Processing /home/airflow/.local/lib/python3.7/site-packages/airflow/example_dags/example_branch_day_of_week_operator.py took 0.077 seconds
[2023-02-28T15:53:06.556+0000] {processor.py:153} INFO - Started process (PID=889) to work on /home/airflow/.local/lib/python3.7/site-packages/airflow/example_dags/example_branch_day_of_week_operator.py
[2023-02-28T15:53:06.558+0000] {processor.py:743} INFO - Processing file /home/airflow/.local/lib/python3.7/site-packages/airflow/example_dags/example_branch_day_of_week_operator.py for tasks to queue
[2023-02-28T15:53:06.560+0000] {logging_mixin.py:137} INFO - [2023-02-28T15:53:06.560+0000] {dagbag.py:538} INFO - Filling up the DagBag from /home/airflow/.local/lib/python3.7/site-packages/airflow/example_dags/example_branch_day_of_week_operator.py
[2023-02-28T15:53:06.572+0000] {processor.py:753} INFO - DAG(s) dict_keys(['example_weekday_branch_operator']) retrieved from /home/airflow/.local/lib/python3.7/site-packages/airflow/example_dags/example_branch_day_of_week_operator.py
[2023-02-28T15:53:06.596+0000] {logging_mixin.py:137} INFO - [2023-02-28T15:53:06.596+0000] {dag.py:2690} INFO - Sync 1 DAGs
[2023-02-28T15:53:06.617+0000] {logging_mixin.py:137} INFO - [2023-02-28T15:53:06.617+0000] {dag.py:3441} INFO - Setting next_dagrun for example_weekday_branch_operator to 2023-02-27T00:00:00+00:00, run_after=2023-02-28T00:00:00+00:00
[2023-02-28T15:53:06.631+0000] {processor.py:175} INFO - Processing /home/airflow/.local/lib/python3.7/site-packages/airflow/example_dags/example_branch_day_of_week_operator.py took 0.078 seconds
[2023-02-28T15:53:37.603+0000] {processor.py:153} INFO - Started process (PID=964) to work on /home/airflow/.local/lib/python3.7/site-packages/airflow/example_dags/example_branch_day_of_week_operator.py
[2023-02-28T15:53:37.605+0000] {processor.py:743} INFO - Processing file /home/airflow/.local/lib/python3.7/site-packages/airflow/example_dags/example_branch_day_of_week_operator.py for tasks to queue
[2023-02-28T15:53:37.607+0000] {logging_mixin.py:137} INFO - [2023-02-28T15:53:37.607+0000] {dagbag.py:538} INFO - Filling up the DagBag from /home/airflow/.local/lib/python3.7/site-packages/airflow/example_dags/example_branch_day_of_week_operator.py
[2023-02-28T15:53:37.622+0000] {processor.py:753} INFO - DAG(s) dict_keys(['example_weekday_branch_operator']) retrieved from /home/airflow/.local/lib/python3.7/site-packages/airflow/example_dags/example_branch_day_of_week_operator.py
[2023-02-28T15:53:37.651+0000] {logging_mixin.py:137} INFO - [2023-02-28T15:53:37.650+0000] {dag.py:2690} INFO - Sync 1 DAGs
[2023-02-28T15:53:37.682+0000] {logging_mixin.py:137} INFO - [2023-02-28T15:53:37.681+0000] {dag.py:3441} INFO - Setting next_dagrun for example_weekday_branch_operator to 2023-02-27T00:00:00+00:00, run_after=2023-02-28T00:00:00+00:00
[2023-02-28T15:53:37.697+0000] {processor.py:175} INFO - Processing /home/airflow/.local/lib/python3.7/site-packages/airflow/example_dags/example_branch_day_of_week_operator.py took 0.098 seconds
[2023-02-28T15:54:08.369+0000] {processor.py:153} INFO - Started process (PID=1038) to work on /home/airflow/.local/lib/python3.7/site-packages/airflow/example_dags/example_branch_day_of_week_operator.py
[2023-02-28T15:54:08.371+0000] {processor.py:743} INFO - Processing file /home/airflow/.local/lib/python3.7/site-packages/airflow/example_dags/example_branch_day_of_week_operator.py for tasks to queue
[2023-02-28T15:54:08.373+0000] {logging_mixin.py:137} INFO - [2023-02-28T15:54:08.373+0000] {dagbag.py:538} INFO - Filling up the DagBag from /home/airflow/.local/lib/python3.7/site-packages/airflow/example_dags/example_branch_day_of_week_operator.py
[2023-02-28T15:54:08.388+0000] {processor.py:753} INFO - DAG(s) dict_keys(['example_weekday_branch_operator']) retrieved from /home/airflow/.local/lib/python3.7/site-packages/airflow/example_dags/example_branch_day_of_week_operator.py
[2023-02-28T15:54:08.415+0000] {logging_mixin.py:137} INFO - [2023-02-28T15:54:08.415+0000] {dag.py:2690} INFO - Sync 1 DAGs
[2023-02-28T15:54:08.436+0000] {logging_mixin.py:137} INFO - [2023-02-28T15:54:08.436+0000] {dag.py:3441} INFO - Setting next_dagrun for example_weekday_branch_operator to 2023-02-27T00:00:00+00:00, run_after=2023-02-28T00:00:00+00:00
[2023-02-28T15:54:08.452+0000] {processor.py:175} INFO - Processing /home/airflow/.local/lib/python3.7/site-packages/airflow/example_dags/example_branch_day_of_week_operator.py took 0.086 seconds
[2023-02-28T15:54:39.346+0000] {processor.py:153} INFO - Started process (PID=1107) to work on /home/airflow/.local/lib/python3.7/site-packages/airflow/example_dags/example_branch_day_of_week_operator.py
[2023-02-28T15:54:39.348+0000] {processor.py:743} INFO - Processing file /home/airflow/.local/lib/python3.7/site-packages/airflow/example_dags/example_branch_day_of_week_operator.py for tasks to queue
[2023-02-28T15:54:39.350+0000] {logging_mixin.py:137} INFO - [2023-02-28T15:54:39.350+0000] {dagbag.py:538} INFO - Filling up the DagBag from /home/airflow/.local/lib/python3.7/site-packages/airflow/example_dags/example_branch_day_of_week_operator.py
[2023-02-28T15:54:39.363+0000] {processor.py:753} INFO - DAG(s) dict_keys(['example_weekday_branch_operator']) retrieved from /home/airflow/.local/lib/python3.7/site-packages/airflow/example_dags/example_branch_day_of_week_operator.py
[2023-02-28T15:54:39.389+0000] {logging_mixin.py:137} INFO - [2023-02-28T15:54:39.388+0000] {dag.py:2690} INFO - Sync 1 DAGs
[2023-02-28T15:54:39.415+0000] {logging_mixin.py:137} INFO - [2023-02-28T15:54:39.415+0000] {dag.py:3441} INFO - Setting next_dagrun for example_weekday_branch_operator to 2023-02-27T00:00:00+00:00, run_after=2023-02-28T00:00:00+00:00
[2023-02-28T15:54:39.430+0000] {processor.py:175} INFO - Processing /home/airflow/.local/lib/python3.7/site-packages/airflow/example_dags/example_branch_day_of_week_operator.py took 0.088 seconds
[2023-02-28T15:55:10.192+0000] {processor.py:153} INFO - Started process (PID=1176) to work on /home/airflow/.local/lib/python3.7/site-packages/airflow/example_dags/example_branch_day_of_week_operator.py
[2023-02-28T15:55:10.194+0000] {processor.py:743} INFO - Processing file /home/airflow/.local/lib/python3.7/site-packages/airflow/example_dags/example_branch_day_of_week_operator.py for tasks to queue
[2023-02-28T15:55:10.195+0000] {logging_mixin.py:137} INFO - [2023-02-28T15:55:10.195+0000] {dagbag.py:538} INFO - Filling up the DagBag from /home/airflow/.local/lib/python3.7/site-packages/airflow/example_dags/example_branch_day_of_week_operator.py
[2023-02-28T15:55:10.208+0000] {processor.py:753} INFO - DAG(s) dict_keys(['example_weekday_branch_operator']) retrieved from /home/airflow/.local/lib/python3.7/site-packages/airflow/example_dags/example_branch_day_of_week_operator.py
[2023-02-28T15:55:10.232+0000] {logging_mixin.py:137} INFO - [2023-02-28T15:55:10.232+0000] {dag.py:2690} INFO - Sync 1 DAGs
[2023-02-28T15:55:10.252+0000] {logging_mixin.py:137} INFO - [2023-02-28T15:55:10.252+0000] {dag.py:3441} INFO - Setting next_dagrun for example_weekday_branch_operator to 2023-02-27T00:00:00+00:00, run_after=2023-02-28T00:00:00+00:00
[2023-02-28T15:55:10.266+0000] {processor.py:175} INFO - Processing /home/airflow/.local/lib/python3.7/site-packages/airflow/example_dags/example_branch_day_of_week_operator.py took 0.079 seconds
[2023-02-28T15:55:41.012+0000] {processor.py:153} INFO - Started process (PID=1251) to work on /home/airflow/.local/lib/python3.7/site-packages/airflow/example_dags/example_branch_day_of_week_operator.py
[2023-02-28T15:55:41.014+0000] {processor.py:743} INFO - Processing file /home/airflow/.local/lib/python3.7/site-packages/airflow/example_dags/example_branch_day_of_week_operator.py for tasks to queue
[2023-02-28T15:55:41.015+0000] {logging_mixin.py:137} INFO - [2023-02-28T15:55:41.015+0000] {dagbag.py:538} INFO - Filling up the DagBag from /home/airflow/.local/lib/python3.7/site-packages/airflow/example_dags/example_branch_day_of_week_operator.py
[2023-02-28T15:55:41.028+0000] {processor.py:753} INFO - DAG(s) dict_keys(['example_weekday_branch_operator']) retrieved from /home/airflow/.local/lib/python3.7/site-packages/airflow/example_dags/example_branch_day_of_week_operator.py
[2023-02-28T15:55:41.055+0000] {logging_mixin.py:137} INFO - [2023-02-28T15:55:41.055+0000] {dag.py:2690} INFO - Sync 1 DAGs
[2023-02-28T15:55:41.077+0000] {logging_mixin.py:137} INFO - [2023-02-28T15:55:41.076+0000] {dag.py:3441} INFO - Setting next_dagrun for example_weekday_branch_operator to 2023-02-27T00:00:00+00:00, run_after=2023-02-28T00:00:00+00:00
[2023-02-28T15:55:41.091+0000] {processor.py:175} INFO - Processing /home/airflow/.local/lib/python3.7/site-packages/airflow/example_dags/example_branch_day_of_week_operator.py took 0.083 seconds
[2023-02-28T15:56:11.965+0000] {processor.py:153} INFO - Started process (PID=1314) to work on /home/airflow/.local/lib/python3.7/site-packages/airflow/example_dags/example_branch_day_of_week_operator.py
[2023-02-28T15:56:11.968+0000] {processor.py:743} INFO - Processing file /home/airflow/.local/lib/python3.7/site-packages/airflow/example_dags/example_branch_day_of_week_operator.py for tasks to queue
[2023-02-28T15:56:11.969+0000] {logging_mixin.py:137} INFO - [2023-02-28T15:56:11.969+0000] {dagbag.py:538} INFO - Filling up the DagBag from /home/airflow/.local/lib/python3.7/site-packages/airflow/example_dags/example_branch_day_of_week_operator.py
[2023-02-28T15:56:11.981+0000] {processor.py:753} INFO - DAG(s) dict_keys(['example_weekday_branch_operator']) retrieved from /home/airflow/.local/lib/python3.7/site-packages/airflow/example_dags/example_branch_day_of_week_operator.py
[2023-02-28T15:56:12.007+0000] {logging_mixin.py:137} INFO - [2023-02-28T15:56:12.007+0000] {dag.py:2690} INFO - Sync 1 DAGs
[2023-02-28T15:56:12.026+0000] {logging_mixin.py:137} INFO - [2023-02-28T15:56:12.026+0000] {dag.py:3441} INFO - Setting next_dagrun for example_weekday_branch_operator to 2023-02-27T00:00:00+00:00, run_after=2023-02-28T00:00:00+00:00
[2023-02-28T15:56:12.039+0000] {processor.py:175} INFO - Processing /home/airflow/.local/lib/python3.7/site-packages/airflow/example_dags/example_branch_day_of_week_operator.py took 0.077 seconds
[2023-02-28T15:56:43.002+0000] {processor.py:153} INFO - Started process (PID=1388) to work on /home/airflow/.local/lib/python3.7/site-packages/airflow/example_dags/example_branch_day_of_week_operator.py
[2023-02-28T15:56:43.005+0000] {processor.py:743} INFO - Processing file /home/airflow/.local/lib/python3.7/site-packages/airflow/example_dags/example_branch_day_of_week_operator.py for tasks to queue
[2023-02-28T15:56:43.007+0000] {logging_mixin.py:137} INFO - [2023-02-28T15:56:43.007+0000] {dagbag.py:538} INFO - Filling up the DagBag from /home/airflow/.local/lib/python3.7/site-packages/airflow/example_dags/example_branch_day_of_week_operator.py
[2023-02-28T15:56:43.019+0000] {processor.py:753} INFO - DAG(s) dict_keys(['example_weekday_branch_operator']) retrieved from /home/airflow/.local/lib/python3.7/site-packages/airflow/example_dags/example_branch_day_of_week_operator.py
[2023-02-28T15:56:43.044+0000] {logging_mixin.py:137} INFO - [2023-02-28T15:56:43.043+0000] {dag.py:2690} INFO - Sync 1 DAGs
[2023-02-28T15:56:43.062+0000] {logging_mixin.py:137} INFO - [2023-02-28T15:56:43.062+0000] {dag.py:3441} INFO - Setting next_dagrun for example_weekday_branch_operator to 2023-02-27T00:00:00+00:00, run_after=2023-02-28T00:00:00+00:00
[2023-02-28T15:56:43.076+0000] {processor.py:175} INFO - Processing /home/airflow/.local/lib/python3.7/site-packages/airflow/example_dags/example_branch_day_of_week_operator.py took 0.076 seconds
[2023-02-28T15:57:13.857+0000] {processor.py:153} INFO - Started process (PID=1463) to work on /home/airflow/.local/lib/python3.7/site-packages/airflow/example_dags/example_branch_day_of_week_operator.py
[2023-02-28T15:57:13.858+0000] {processor.py:743} INFO - Processing file /home/airflow/.local/lib/python3.7/site-packages/airflow/example_dags/example_branch_day_of_week_operator.py for tasks to queue
[2023-02-28T15:57:13.860+0000] {logging_mixin.py:137} INFO - [2023-02-28T15:57:13.860+0000] {dagbag.py:538} INFO - Filling up the DagBag from /home/airflow/.local/lib/python3.7/site-packages/airflow/example_dags/example_branch_day_of_week_operator.py
[2023-02-28T15:57:13.874+0000] {processor.py:753} INFO - DAG(s) dict_keys(['example_weekday_branch_operator']) retrieved from /home/airflow/.local/lib/python3.7/site-packages/airflow/example_dags/example_branch_day_of_week_operator.py
[2023-02-28T15:57:13.902+0000] {logging_mixin.py:137} INFO - [2023-02-28T15:57:13.901+0000] {dag.py:2690} INFO - Sync 1 DAGs
[2023-02-28T15:57:13.922+0000] {logging_mixin.py:137} INFO - [2023-02-28T15:57:13.922+0000] {dag.py:3441} INFO - Setting next_dagrun for example_weekday_branch_operator to 2023-02-27T00:00:00+00:00, run_after=2023-02-28T00:00:00+00:00
[2023-02-28T15:57:13.935+0000] {processor.py:175} INFO - Processing /home/airflow/.local/lib/python3.7/site-packages/airflow/example_dags/example_branch_day_of_week_operator.py took 0.082 seconds
[2023-02-28T15:57:44.609+0000] {processor.py:153} INFO - Started process (PID=1535) to work on /home/airflow/.local/lib/python3.7/site-packages/airflow/example_dags/example_branch_day_of_week_operator.py
[2023-02-28T15:57:44.615+0000] {processor.py:743} INFO - Processing file /home/airflow/.local/lib/python3.7/site-packages/airflow/example_dags/example_branch_day_of_week_operator.py for tasks to queue
[2023-02-28T15:57:44.617+0000] {logging_mixin.py:137} INFO - [2023-02-28T15:57:44.617+0000] {dagbag.py:538} INFO - Filling up the DagBag from /home/airflow/.local/lib/python3.7/site-packages/airflow/example_dags/example_branch_day_of_week_operator.py
[2023-02-28T15:57:44.631+0000] {processor.py:753} INFO - DAG(s) dict_keys(['example_weekday_branch_operator']) retrieved from /home/airflow/.local/lib/python3.7/site-packages/airflow/example_dags/example_branch_day_of_week_operator.py
[2023-02-28T15:57:44.700+0000] {logging_mixin.py:137} INFO - [2023-02-28T15:57:44.700+0000] {dag.py:2690} INFO - Sync 1 DAGs
[2023-02-28T15:57:44.731+0000] {logging_mixin.py:137} INFO - [2023-02-28T15:57:44.731+0000] {dag.py:3441} INFO - Setting next_dagrun for example_weekday_branch_operator to 2023-02-27T00:00:00+00:00, run_after=2023-02-28T00:00:00+00:00
[2023-02-28T15:57:44.758+0000] {processor.py:175} INFO - Processing /home/airflow/.local/lib/python3.7/site-packages/airflow/example_dags/example_branch_day_of_week_operator.py took 0.152 seconds
[2023-02-28T15:58:15.374+0000] {processor.py:153} INFO - Started process (PID=1602) to work on /home/airflow/.local/lib/python3.7/site-packages/airflow/example_dags/example_branch_day_of_week_operator.py
[2023-02-28T15:58:15.376+0000] {processor.py:743} INFO - Processing file /home/airflow/.local/lib/python3.7/site-packages/airflow/example_dags/example_branch_day_of_week_operator.py for tasks to queue
[2023-02-28T15:58:15.377+0000] {logging_mixin.py:137} INFO - [2023-02-28T15:58:15.377+0000] {dagbag.py:538} INFO - Filling up the DagBag from /home/airflow/.local/lib/python3.7/site-packages/airflow/example_dags/example_branch_day_of_week_operator.py
[2023-02-28T15:58:15.390+0000] {processor.py:753} INFO - DAG(s) dict_keys(['example_weekday_branch_operator']) retrieved from /home/airflow/.local/lib/python3.7/site-packages/airflow/example_dags/example_branch_day_of_week_operator.py
[2023-02-28T15:58:15.418+0000] {logging_mixin.py:137} INFO - [2023-02-28T15:58:15.417+0000] {dag.py:2690} INFO - Sync 1 DAGs
[2023-02-28T15:58:15.438+0000] {logging_mixin.py:137} INFO - [2023-02-28T15:58:15.438+0000] {dag.py:3441} INFO - Setting next_dagrun for example_weekday_branch_operator to 2023-02-27T00:00:00+00:00, run_after=2023-02-28T00:00:00+00:00
[2023-02-28T15:58:15.451+0000] {processor.py:175} INFO - Processing /home/airflow/.local/lib/python3.7/site-packages/airflow/example_dags/example_branch_day_of_week_operator.py took 0.081 seconds
[2023-02-28T15:58:46.260+0000] {processor.py:153} INFO - Started process (PID=1676) to work on /home/airflow/.local/lib/python3.7/site-packages/airflow/example_dags/example_branch_day_of_week_operator.py
[2023-02-28T15:58:46.262+0000] {processor.py:743} INFO - Processing file /home/airflow/.local/lib/python3.7/site-packages/airflow/example_dags/example_branch_day_of_week_operator.py for tasks to queue
[2023-02-28T15:58:46.263+0000] {logging_mixin.py:137} INFO - [2023-02-28T15:58:46.263+0000] {dagbag.py:538} INFO - Filling up the DagBag from /home/airflow/.local/lib/python3.7/site-packages/airflow/example_dags/example_branch_day_of_week_operator.py
[2023-02-28T15:58:46.281+0000] {processor.py:753} INFO - DAG(s) dict_keys(['example_weekday_branch_operator']) retrieved from /home/airflow/.local/lib/python3.7/site-packages/airflow/example_dags/example_branch_day_of_week_operator.py
[2023-02-28T15:58:46.310+0000] {logging_mixin.py:137} INFO - [2023-02-28T15:58:46.310+0000] {dag.py:2690} INFO - Sync 1 DAGs
[2023-02-28T15:58:46.331+0000] {logging_mixin.py:137} INFO - [2023-02-28T15:58:46.331+0000] {dag.py:3441} INFO - Setting next_dagrun for example_weekday_branch_operator to 2023-02-27T00:00:00+00:00, run_after=2023-02-28T00:00:00+00:00
[2023-02-28T15:58:46.344+0000] {processor.py:175} INFO - Processing /home/airflow/.local/lib/python3.7/site-packages/airflow/example_dags/example_branch_day_of_week_operator.py took 0.087 seconds
