[2023-02-28T15:47:00.385+0000] {processor.py:153} INFO - Started process (PID=73) to work on /home/airflow/.local/lib/python3.7/site-packages/airflow/example_dags/example_external_task_marker_dag.py
[2023-02-28T15:47:00.387+0000] {processor.py:743} INFO - Processing file /home/airflow/.local/lib/python3.7/site-packages/airflow/example_dags/example_external_task_marker_dag.py for tasks to queue
[2023-02-28T15:47:00.388+0000] {logging_mixin.py:137} INFO - [2023-02-28T15:47:00.388+0000] {dagbag.py:538} INFO - Filling up the DagBag from /home/airflow/.local/lib/python3.7/site-packages/airflow/example_dags/example_external_task_marker_dag.py
[2023-02-28T15:47:00.407+0000] {processor.py:753} INFO - DAG(s) dict_keys(['example_external_task_marker_parent', 'example_external_task_marker_child']) retrieved from /home/airflow/.local/lib/python3.7/site-packages/airflow/example_dags/example_external_task_marker_dag.py
[2023-02-28T15:47:00.443+0000] {logging_mixin.py:137} INFO - [2023-02-28T15:47:00.443+0000] {dag.py:2690} INFO - Sync 2 DAGs
[2023-02-28T15:47:00.513+0000] {logging_mixin.py:137} INFO - [2023-02-28T15:47:00.513+0000] {dag.py:3441} INFO - Setting next_dagrun for example_external_task_marker_child to None, run_after=None
[2023-02-28T15:47:00.519+0000] {logging_mixin.py:137} INFO - [2023-02-28T15:47:00.519+0000] {dag.py:3441} INFO - Setting next_dagrun for example_external_task_marker_parent to None, run_after=None
[2023-02-28T15:47:00.547+0000] {processor.py:175} INFO - Processing /home/airflow/.local/lib/python3.7/site-packages/airflow/example_dags/example_external_task_marker_dag.py took 0.165 seconds
[2023-02-28T15:47:31.411+0000] {processor.py:153} INFO - Started process (PID=138) to work on /home/airflow/.local/lib/python3.7/site-packages/airflow/example_dags/example_external_task_marker_dag.py
[2023-02-28T15:47:31.413+0000] {processor.py:743} INFO - Processing file /home/airflow/.local/lib/python3.7/site-packages/airflow/example_dags/example_external_task_marker_dag.py for tasks to queue
[2023-02-28T15:47:31.414+0000] {logging_mixin.py:137} INFO - [2023-02-28T15:47:31.414+0000] {dagbag.py:538} INFO - Filling up the DagBag from /home/airflow/.local/lib/python3.7/site-packages/airflow/example_dags/example_external_task_marker_dag.py
[2023-02-28T15:47:31.426+0000] {processor.py:753} INFO - DAG(s) dict_keys(['example_external_task_marker_child', 'example_external_task_marker_parent']) retrieved from /home/airflow/.local/lib/python3.7/site-packages/airflow/example_dags/example_external_task_marker_dag.py
[2023-02-28T15:47:31.452+0000] {logging_mixin.py:137} INFO - [2023-02-28T15:47:31.452+0000] {dag.py:2690} INFO - Sync 2 DAGs
[2023-02-28T15:47:31.469+0000] {logging_mixin.py:137} INFO - [2023-02-28T15:47:31.469+0000] {dag.py:3441} INFO - Setting next_dagrun for example_external_task_marker_child to None, run_after=None
[2023-02-28T15:47:31.473+0000] {logging_mixin.py:137} INFO - [2023-02-28T15:47:31.473+0000] {dag.py:3441} INFO - Setting next_dagrun for example_external_task_marker_parent to None, run_after=None
[2023-02-28T15:47:31.484+0000] {processor.py:175} INFO - Processing /home/airflow/.local/lib/python3.7/site-packages/airflow/example_dags/example_external_task_marker_dag.py took 0.076 seconds
[2023-02-28T15:48:01.709+0000] {processor.py:153} INFO - Started process (PID=213) to work on /home/airflow/.local/lib/python3.7/site-packages/airflow/example_dags/example_external_task_marker_dag.py
[2023-02-28T15:48:01.711+0000] {processor.py:743} INFO - Processing file /home/airflow/.local/lib/python3.7/site-packages/airflow/example_dags/example_external_task_marker_dag.py for tasks to queue
[2023-02-28T15:48:01.713+0000] {logging_mixin.py:137} INFO - [2023-02-28T15:48:01.712+0000] {dagbag.py:538} INFO - Filling up the DagBag from /home/airflow/.local/lib/python3.7/site-packages/airflow/example_dags/example_external_task_marker_dag.py
[2023-02-28T15:48:01.724+0000] {processor.py:753} INFO - DAG(s) dict_keys(['example_external_task_marker_child', 'example_external_task_marker_parent']) retrieved from /home/airflow/.local/lib/python3.7/site-packages/airflow/example_dags/example_external_task_marker_dag.py
[2023-02-28T15:48:01.751+0000] {logging_mixin.py:137} INFO - [2023-02-28T15:48:01.751+0000] {dag.py:2690} INFO - Sync 2 DAGs
[2023-02-28T15:48:01.770+0000] {logging_mixin.py:137} INFO - [2023-02-28T15:48:01.770+0000] {dag.py:3441} INFO - Setting next_dagrun for example_external_task_marker_child to None, run_after=None
[2023-02-28T15:48:01.773+0000] {logging_mixin.py:137} INFO - [2023-02-28T15:48:01.773+0000] {dag.py:3441} INFO - Setting next_dagrun for example_external_task_marker_parent to None, run_after=None
[2023-02-28T15:48:01.784+0000] {processor.py:175} INFO - Processing /home/airflow/.local/lib/python3.7/site-packages/airflow/example_dags/example_external_task_marker_dag.py took 0.079 seconds
[2023-02-28T15:48:32.319+0000] {processor.py:153} INFO - Started process (PID=276) to work on /home/airflow/.local/lib/python3.7/site-packages/airflow/example_dags/example_external_task_marker_dag.py
[2023-02-28T15:48:32.322+0000] {processor.py:743} INFO - Processing file /home/airflow/.local/lib/python3.7/site-packages/airflow/example_dags/example_external_task_marker_dag.py for tasks to queue
[2023-02-28T15:48:32.323+0000] {logging_mixin.py:137} INFO - [2023-02-28T15:48:32.323+0000] {dagbag.py:538} INFO - Filling up the DagBag from /home/airflow/.local/lib/python3.7/site-packages/airflow/example_dags/example_external_task_marker_dag.py
[2023-02-28T15:48:32.335+0000] {processor.py:753} INFO - DAG(s) dict_keys(['example_external_task_marker_parent', 'example_external_task_marker_child']) retrieved from /home/airflow/.local/lib/python3.7/site-packages/airflow/example_dags/example_external_task_marker_dag.py
[2023-02-28T15:48:32.364+0000] {logging_mixin.py:137} INFO - [2023-02-28T15:48:32.364+0000] {dag.py:2690} INFO - Sync 2 DAGs
[2023-02-28T15:48:32.383+0000] {logging_mixin.py:137} INFO - [2023-02-28T15:48:32.383+0000] {dag.py:3441} INFO - Setting next_dagrun for example_external_task_marker_child to None, run_after=None
[2023-02-28T15:48:32.387+0000] {logging_mixin.py:137} INFO - [2023-02-28T15:48:32.386+0000] {dag.py:3441} INFO - Setting next_dagrun for example_external_task_marker_parent to None, run_after=None
[2023-02-28T15:48:32.400+0000] {processor.py:175} INFO - Processing /home/airflow/.local/lib/python3.7/site-packages/airflow/example_dags/example_external_task_marker_dag.py took 0.085 seconds
[2023-02-28T15:49:03.364+0000] {processor.py:153} INFO - Started process (PID=351) to work on /home/airflow/.local/lib/python3.7/site-packages/airflow/example_dags/example_external_task_marker_dag.py
[2023-02-28T15:49:03.366+0000] {processor.py:743} INFO - Processing file /home/airflow/.local/lib/python3.7/site-packages/airflow/example_dags/example_external_task_marker_dag.py for tasks to queue
[2023-02-28T15:49:03.367+0000] {logging_mixin.py:137} INFO - [2023-02-28T15:49:03.367+0000] {dagbag.py:538} INFO - Filling up the DagBag from /home/airflow/.local/lib/python3.7/site-packages/airflow/example_dags/example_external_task_marker_dag.py
[2023-02-28T15:49:03.379+0000] {processor.py:753} INFO - DAG(s) dict_keys(['example_external_task_marker_parent', 'example_external_task_marker_child']) retrieved from /home/airflow/.local/lib/python3.7/site-packages/airflow/example_dags/example_external_task_marker_dag.py
[2023-02-28T15:49:03.403+0000] {logging_mixin.py:137} INFO - [2023-02-28T15:49:03.403+0000] {dag.py:2690} INFO - Sync 2 DAGs
[2023-02-28T15:49:03.421+0000] {logging_mixin.py:137} INFO - [2023-02-28T15:49:03.421+0000] {dag.py:3441} INFO - Setting next_dagrun for example_external_task_marker_child to None, run_after=None
[2023-02-28T15:49:03.424+0000] {logging_mixin.py:137} INFO - [2023-02-28T15:49:03.424+0000] {dag.py:3441} INFO - Setting next_dagrun for example_external_task_marker_parent to None, run_after=None
[2023-02-28T15:49:03.436+0000] {processor.py:175} INFO - Processing /home/airflow/.local/lib/python3.7/site-packages/airflow/example_dags/example_external_task_marker_dag.py took 0.076 seconds
[2023-02-28T15:49:34.248+0000] {processor.py:153} INFO - Started process (PID=426) to work on /home/airflow/.local/lib/python3.7/site-packages/airflow/example_dags/example_external_task_marker_dag.py
[2023-02-28T15:49:34.252+0000] {processor.py:743} INFO - Processing file /home/airflow/.local/lib/python3.7/site-packages/airflow/example_dags/example_external_task_marker_dag.py for tasks to queue
[2023-02-28T15:49:34.253+0000] {logging_mixin.py:137} INFO - [2023-02-28T15:49:34.253+0000] {dagbag.py:538} INFO - Filling up the DagBag from /home/airflow/.local/lib/python3.7/site-packages/airflow/example_dags/example_external_task_marker_dag.py
[2023-02-28T15:49:34.265+0000] {processor.py:753} INFO - DAG(s) dict_keys(['example_external_task_marker_child', 'example_external_task_marker_parent']) retrieved from /home/airflow/.local/lib/python3.7/site-packages/airflow/example_dags/example_external_task_marker_dag.py
[2023-02-28T15:49:34.297+0000] {logging_mixin.py:137} INFO - [2023-02-28T15:49:34.297+0000] {dag.py:2690} INFO - Sync 2 DAGs
[2023-02-28T15:49:34.315+0000] {logging_mixin.py:137} INFO - [2023-02-28T15:49:34.315+0000] {dag.py:3441} INFO - Setting next_dagrun for example_external_task_marker_child to None, run_after=None
[2023-02-28T15:49:34.318+0000] {logging_mixin.py:137} INFO - [2023-02-28T15:49:34.318+0000] {dag.py:3441} INFO - Setting next_dagrun for example_external_task_marker_parent to None, run_after=None
[2023-02-28T15:49:34.331+0000] {processor.py:175} INFO - Processing /home/airflow/.local/lib/python3.7/site-packages/airflow/example_dags/example_external_task_marker_dag.py took 0.086 seconds
[2023-02-28T15:50:04.936+0000] {processor.py:153} INFO - Started process (PID=499) to work on /home/airflow/.local/lib/python3.7/site-packages/airflow/example_dags/example_external_task_marker_dag.py
[2023-02-28T15:50:04.938+0000] {processor.py:743} INFO - Processing file /home/airflow/.local/lib/python3.7/site-packages/airflow/example_dags/example_external_task_marker_dag.py for tasks to queue
[2023-02-28T15:50:04.940+0000] {logging_mixin.py:137} INFO - [2023-02-28T15:50:04.940+0000] {dagbag.py:538} INFO - Filling up the DagBag from /home/airflow/.local/lib/python3.7/site-packages/airflow/example_dags/example_external_task_marker_dag.py
[2023-02-28T15:50:04.957+0000] {processor.py:753} INFO - DAG(s) dict_keys(['example_external_task_marker_parent', 'example_external_task_marker_child']) retrieved from /home/airflow/.local/lib/python3.7/site-packages/airflow/example_dags/example_external_task_marker_dag.py
[2023-02-28T15:50:04.995+0000] {logging_mixin.py:137} INFO - [2023-02-28T15:50:04.995+0000] {dag.py:2690} INFO - Sync 2 DAGs
[2023-02-28T15:50:05.022+0000] {logging_mixin.py:137} INFO - [2023-02-28T15:50:05.022+0000] {dag.py:3441} INFO - Setting next_dagrun for example_external_task_marker_child to None, run_after=None
[2023-02-28T15:50:05.026+0000] {logging_mixin.py:137} INFO - [2023-02-28T15:50:05.026+0000] {dag.py:3441} INFO - Setting next_dagrun for example_external_task_marker_parent to None, run_after=None
[2023-02-28T15:50:05.050+0000] {processor.py:175} INFO - Processing /home/airflow/.local/lib/python3.7/site-packages/airflow/example_dags/example_external_task_marker_dag.py took 0.121 seconds
[2023-02-28T15:50:35.935+0000] {processor.py:153} INFO - Started process (PID=565) to work on /home/airflow/.local/lib/python3.7/site-packages/airflow/example_dags/example_external_task_marker_dag.py
[2023-02-28T15:50:35.937+0000] {processor.py:743} INFO - Processing file /home/airflow/.local/lib/python3.7/site-packages/airflow/example_dags/example_external_task_marker_dag.py for tasks to queue
[2023-02-28T15:50:35.938+0000] {logging_mixin.py:137} INFO - [2023-02-28T15:50:35.938+0000] {dagbag.py:538} INFO - Filling up the DagBag from /home/airflow/.local/lib/python3.7/site-packages/airflow/example_dags/example_external_task_marker_dag.py
[2023-02-28T15:50:35.951+0000] {processor.py:753} INFO - DAG(s) dict_keys(['example_external_task_marker_child', 'example_external_task_marker_parent']) retrieved from /home/airflow/.local/lib/python3.7/site-packages/airflow/example_dags/example_external_task_marker_dag.py
[2023-02-28T15:50:35.981+0000] {logging_mixin.py:137} INFO - [2023-02-28T15:50:35.981+0000] {dag.py:2690} INFO - Sync 2 DAGs
[2023-02-28T15:50:36.000+0000] {logging_mixin.py:137} INFO - [2023-02-28T15:50:36.000+0000] {dag.py:3441} INFO - Setting next_dagrun for example_external_task_marker_child to None, run_after=None
[2023-02-28T15:50:36.005+0000] {logging_mixin.py:137} INFO - [2023-02-28T15:50:36.005+0000] {dag.py:3441} INFO - Setting next_dagrun for example_external_task_marker_parent to None, run_after=None
[2023-02-28T15:50:36.021+0000] {processor.py:175} INFO - Processing /home/airflow/.local/lib/python3.7/site-packages/airflow/example_dags/example_external_task_marker_dag.py took 0.090 seconds
[2023-02-28T15:51:06.934+0000] {processor.py:153} INFO - Started process (PID=640) to work on /home/airflow/.local/lib/python3.7/site-packages/airflow/example_dags/example_external_task_marker_dag.py
[2023-02-28T15:51:06.936+0000] {processor.py:743} INFO - Processing file /home/airflow/.local/lib/python3.7/site-packages/airflow/example_dags/example_external_task_marker_dag.py for tasks to queue
[2023-02-28T15:51:06.938+0000] {logging_mixin.py:137} INFO - [2023-02-28T15:51:06.938+0000] {dagbag.py:538} INFO - Filling up the DagBag from /home/airflow/.local/lib/python3.7/site-packages/airflow/example_dags/example_external_task_marker_dag.py
[2023-02-28T15:51:06.951+0000] {processor.py:753} INFO - DAG(s) dict_keys(['example_external_task_marker_parent', 'example_external_task_marker_child']) retrieved from /home/airflow/.local/lib/python3.7/site-packages/airflow/example_dags/example_external_task_marker_dag.py
[2023-02-28T15:51:06.977+0000] {logging_mixin.py:137} INFO - [2023-02-28T15:51:06.977+0000] {dag.py:2690} INFO - Sync 2 DAGs
[2023-02-28T15:51:06.995+0000] {logging_mixin.py:137} INFO - [2023-02-28T15:51:06.995+0000] {dag.py:3441} INFO - Setting next_dagrun for example_external_task_marker_child to None, run_after=None
[2023-02-28T15:51:06.999+0000] {logging_mixin.py:137} INFO - [2023-02-28T15:51:06.999+0000] {dag.py:3441} INFO - Setting next_dagrun for example_external_task_marker_parent to None, run_after=None
[2023-02-28T15:51:07.015+0000] {processor.py:175} INFO - Processing /home/airflow/.local/lib/python3.7/site-packages/airflow/example_dags/example_external_task_marker_dag.py took 0.085 seconds
[2023-02-28T15:51:37.783+0000] {processor.py:153} INFO - Started process (PID=715) to work on /home/airflow/.local/lib/python3.7/site-packages/airflow/example_dags/example_external_task_marker_dag.py
[2023-02-28T15:51:37.784+0000] {processor.py:743} INFO - Processing file /home/airflow/.local/lib/python3.7/site-packages/airflow/example_dags/example_external_task_marker_dag.py for tasks to queue
[2023-02-28T15:51:37.786+0000] {logging_mixin.py:137} INFO - [2023-02-28T15:51:37.786+0000] {dagbag.py:538} INFO - Filling up the DagBag from /home/airflow/.local/lib/python3.7/site-packages/airflow/example_dags/example_external_task_marker_dag.py
[2023-02-28T15:51:37.799+0000] {processor.py:753} INFO - DAG(s) dict_keys(['example_external_task_marker_parent', 'example_external_task_marker_child']) retrieved from /home/airflow/.local/lib/python3.7/site-packages/airflow/example_dags/example_external_task_marker_dag.py
[2023-02-28T15:51:37.826+0000] {logging_mixin.py:137} INFO - [2023-02-28T15:51:37.826+0000] {dag.py:2690} INFO - Sync 2 DAGs
[2023-02-28T15:51:37.846+0000] {logging_mixin.py:137} INFO - [2023-02-28T15:51:37.846+0000] {dag.py:3441} INFO - Setting next_dagrun for example_external_task_marker_child to None, run_after=None
[2023-02-28T15:51:37.850+0000] {logging_mixin.py:137} INFO - [2023-02-28T15:51:37.850+0000] {dag.py:3441} INFO - Setting next_dagrun for example_external_task_marker_parent to None, run_after=None
[2023-02-28T15:51:37.864+0000] {processor.py:175} INFO - Processing /home/airflow/.local/lib/python3.7/site-packages/airflow/example_dags/example_external_task_marker_dag.py took 0.085 seconds
[2023-02-28T15:52:08.788+0000] {processor.py:153} INFO - Started process (PID=778) to work on /home/airflow/.local/lib/python3.7/site-packages/airflow/example_dags/example_external_task_marker_dag.py
[2023-02-28T15:52:08.793+0000] {processor.py:743} INFO - Processing file /home/airflow/.local/lib/python3.7/site-packages/airflow/example_dags/example_external_task_marker_dag.py for tasks to queue
[2023-02-28T15:52:08.795+0000] {logging_mixin.py:137} INFO - [2023-02-28T15:52:08.795+0000] {dagbag.py:538} INFO - Filling up the DagBag from /home/airflow/.local/lib/python3.7/site-packages/airflow/example_dags/example_external_task_marker_dag.py
[2023-02-28T15:52:08.809+0000] {processor.py:753} INFO - DAG(s) dict_keys(['example_external_task_marker_parent', 'example_external_task_marker_child']) retrieved from /home/airflow/.local/lib/python3.7/site-packages/airflow/example_dags/example_external_task_marker_dag.py
[2023-02-28T15:52:08.835+0000] {logging_mixin.py:137} INFO - [2023-02-28T15:52:08.835+0000] {dag.py:2690} INFO - Sync 2 DAGs
[2023-02-28T15:52:08.854+0000] {logging_mixin.py:137} INFO - [2023-02-28T15:52:08.854+0000] {dag.py:3441} INFO - Setting next_dagrun for example_external_task_marker_child to None, run_after=None
[2023-02-28T15:52:08.857+0000] {logging_mixin.py:137} INFO - [2023-02-28T15:52:08.857+0000] {dag.py:3441} INFO - Setting next_dagrun for example_external_task_marker_parent to None, run_after=None
[2023-02-28T15:52:08.869+0000] {processor.py:175} INFO - Processing /home/airflow/.local/lib/python3.7/site-packages/airflow/example_dags/example_external_task_marker_dag.py took 0.085 seconds
[2023-02-28T15:52:39.451+0000] {processor.py:153} INFO - Started process (PID=853) to work on /home/airflow/.local/lib/python3.7/site-packages/airflow/example_dags/example_external_task_marker_dag.py
[2023-02-28T15:52:39.453+0000] {processor.py:743} INFO - Processing file /home/airflow/.local/lib/python3.7/site-packages/airflow/example_dags/example_external_task_marker_dag.py for tasks to queue
[2023-02-28T15:52:39.455+0000] {logging_mixin.py:137} INFO - [2023-02-28T15:52:39.455+0000] {dagbag.py:538} INFO - Filling up the DagBag from /home/airflow/.local/lib/python3.7/site-packages/airflow/example_dags/example_external_task_marker_dag.py
[2023-02-28T15:52:39.466+0000] {processor.py:753} INFO - DAG(s) dict_keys(['example_external_task_marker_parent', 'example_external_task_marker_child']) retrieved from /home/airflow/.local/lib/python3.7/site-packages/airflow/example_dags/example_external_task_marker_dag.py
[2023-02-28T15:52:39.490+0000] {logging_mixin.py:137} INFO - [2023-02-28T15:52:39.490+0000] {dag.py:2690} INFO - Sync 2 DAGs
[2023-02-28T15:52:39.509+0000] {logging_mixin.py:137} INFO - [2023-02-28T15:52:39.509+0000] {dag.py:3441} INFO - Setting next_dagrun for example_external_task_marker_child to None, run_after=None
[2023-02-28T15:52:39.513+0000] {logging_mixin.py:137} INFO - [2023-02-28T15:52:39.513+0000] {dag.py:3441} INFO - Setting next_dagrun for example_external_task_marker_parent to None, run_after=None
[2023-02-28T15:52:39.527+0000] {processor.py:175} INFO - Processing /home/airflow/.local/lib/python3.7/site-packages/airflow/example_dags/example_external_task_marker_dag.py took 0.081 seconds
[2023-02-28T15:53:09.582+0000] {processor.py:153} INFO - Started process (PID=928) to work on /home/airflow/.local/lib/python3.7/site-packages/airflow/example_dags/example_external_task_marker_dag.py
[2023-02-28T15:53:09.584+0000] {processor.py:743} INFO - Processing file /home/airflow/.local/lib/python3.7/site-packages/airflow/example_dags/example_external_task_marker_dag.py for tasks to queue
[2023-02-28T15:53:09.586+0000] {logging_mixin.py:137} INFO - [2023-02-28T15:53:09.586+0000] {dagbag.py:538} INFO - Filling up the DagBag from /home/airflow/.local/lib/python3.7/site-packages/airflow/example_dags/example_external_task_marker_dag.py
[2023-02-28T15:53:09.598+0000] {processor.py:753} INFO - DAG(s) dict_keys(['example_external_task_marker_parent', 'example_external_task_marker_child']) retrieved from /home/airflow/.local/lib/python3.7/site-packages/airflow/example_dags/example_external_task_marker_dag.py
[2023-02-28T15:53:09.626+0000] {logging_mixin.py:137} INFO - [2023-02-28T15:53:09.626+0000] {dag.py:2690} INFO - Sync 2 DAGs
[2023-02-28T15:53:09.645+0000] {logging_mixin.py:137} INFO - [2023-02-28T15:53:09.645+0000] {dag.py:3441} INFO - Setting next_dagrun for example_external_task_marker_child to None, run_after=None
[2023-02-28T15:53:09.649+0000] {logging_mixin.py:137} INFO - [2023-02-28T15:53:09.649+0000] {dag.py:3441} INFO - Setting next_dagrun for example_external_task_marker_parent to None, run_after=None
[2023-02-28T15:53:09.668+0000] {processor.py:175} INFO - Processing /home/airflow/.local/lib/python3.7/site-packages/airflow/example_dags/example_external_task_marker_dag.py took 0.089 seconds
[2023-02-28T15:53:40.317+0000] {processor.py:153} INFO - Started process (PID=991) to work on /home/airflow/.local/lib/python3.7/site-packages/airflow/example_dags/example_external_task_marker_dag.py
[2023-02-28T15:53:40.319+0000] {processor.py:743} INFO - Processing file /home/airflow/.local/lib/python3.7/site-packages/airflow/example_dags/example_external_task_marker_dag.py for tasks to queue
[2023-02-28T15:53:40.321+0000] {logging_mixin.py:137} INFO - [2023-02-28T15:53:40.321+0000] {dagbag.py:538} INFO - Filling up the DagBag from /home/airflow/.local/lib/python3.7/site-packages/airflow/example_dags/example_external_task_marker_dag.py
[2023-02-28T15:53:40.333+0000] {processor.py:753} INFO - DAG(s) dict_keys(['example_external_task_marker_child', 'example_external_task_marker_parent']) retrieved from /home/airflow/.local/lib/python3.7/site-packages/airflow/example_dags/example_external_task_marker_dag.py
[2023-02-28T15:53:40.358+0000] {logging_mixin.py:137} INFO - [2023-02-28T15:53:40.358+0000] {dag.py:2690} INFO - Sync 2 DAGs
[2023-02-28T15:53:40.375+0000] {logging_mixin.py:137} INFO - [2023-02-28T15:53:40.375+0000] {dag.py:3441} INFO - Setting next_dagrun for example_external_task_marker_child to None, run_after=None
[2023-02-28T15:53:40.379+0000] {logging_mixin.py:137} INFO - [2023-02-28T15:53:40.379+0000] {dag.py:3441} INFO - Setting next_dagrun for example_external_task_marker_parent to None, run_after=None
[2023-02-28T15:53:40.394+0000] {processor.py:175} INFO - Processing /home/airflow/.local/lib/python3.7/site-packages/airflow/example_dags/example_external_task_marker_dag.py took 0.080 seconds
[2023-02-28T15:54:11.368+0000] {processor.py:153} INFO - Started process (PID=1065) to work on /home/airflow/.local/lib/python3.7/site-packages/airflow/example_dags/example_external_task_marker_dag.py
[2023-02-28T15:54:11.370+0000] {processor.py:743} INFO - Processing file /home/airflow/.local/lib/python3.7/site-packages/airflow/example_dags/example_external_task_marker_dag.py for tasks to queue
[2023-02-28T15:54:11.371+0000] {logging_mixin.py:137} INFO - [2023-02-28T15:54:11.371+0000] {dagbag.py:538} INFO - Filling up the DagBag from /home/airflow/.local/lib/python3.7/site-packages/airflow/example_dags/example_external_task_marker_dag.py
[2023-02-28T15:54:11.383+0000] {processor.py:753} INFO - DAG(s) dict_keys(['example_external_task_marker_child', 'example_external_task_marker_parent']) retrieved from /home/airflow/.local/lib/python3.7/site-packages/airflow/example_dags/example_external_task_marker_dag.py
[2023-02-28T15:54:11.409+0000] {logging_mixin.py:137} INFO - [2023-02-28T15:54:11.409+0000] {dag.py:2690} INFO - Sync 2 DAGs
[2023-02-28T15:54:11.427+0000] {logging_mixin.py:137} INFO - [2023-02-28T15:54:11.427+0000] {dag.py:3441} INFO - Setting next_dagrun for example_external_task_marker_child to None, run_after=None
[2023-02-28T15:54:11.430+0000] {logging_mixin.py:137} INFO - [2023-02-28T15:54:11.430+0000] {dag.py:3441} INFO - Setting next_dagrun for example_external_task_marker_parent to None, run_after=None
[2023-02-28T15:54:11.442+0000] {processor.py:175} INFO - Processing /home/airflow/.local/lib/python3.7/site-packages/airflow/example_dags/example_external_task_marker_dag.py took 0.078 seconds
[2023-02-28T15:54:42.264+0000] {processor.py:153} INFO - Started process (PID=1139) to work on /home/airflow/.local/lib/python3.7/site-packages/airflow/example_dags/example_external_task_marker_dag.py
[2023-02-28T15:54:42.269+0000] {processor.py:743} INFO - Processing file /home/airflow/.local/lib/python3.7/site-packages/airflow/example_dags/example_external_task_marker_dag.py for tasks to queue
[2023-02-28T15:54:42.271+0000] {logging_mixin.py:137} INFO - [2023-02-28T15:54:42.271+0000] {dagbag.py:538} INFO - Filling up the DagBag from /home/airflow/.local/lib/python3.7/site-packages/airflow/example_dags/example_external_task_marker_dag.py
[2023-02-28T15:54:42.286+0000] {processor.py:753} INFO - DAG(s) dict_keys(['example_external_task_marker_parent', 'example_external_task_marker_child']) retrieved from /home/airflow/.local/lib/python3.7/site-packages/airflow/example_dags/example_external_task_marker_dag.py
[2023-02-28T15:54:42.313+0000] {logging_mixin.py:137} INFO - [2023-02-28T15:54:42.312+0000] {dag.py:2690} INFO - Sync 2 DAGs
[2023-02-28T15:54:42.338+0000] {logging_mixin.py:137} INFO - [2023-02-28T15:54:42.338+0000] {dag.py:3441} INFO - Setting next_dagrun for example_external_task_marker_child to None, run_after=None
[2023-02-28T15:54:42.342+0000] {logging_mixin.py:137} INFO - [2023-02-28T15:54:42.342+0000] {dag.py:3441} INFO - Setting next_dagrun for example_external_task_marker_parent to None, run_after=None
[2023-02-28T15:54:42.354+0000] {processor.py:175} INFO - Processing /home/airflow/.local/lib/python3.7/site-packages/airflow/example_dags/example_external_task_marker_dag.py took 0.093 seconds
[2023-02-28T15:55:13.031+0000] {processor.py:153} INFO - Started process (PID=1203) to work on /home/airflow/.local/lib/python3.7/site-packages/airflow/example_dags/example_external_task_marker_dag.py
[2023-02-28T15:55:13.032+0000] {processor.py:743} INFO - Processing file /home/airflow/.local/lib/python3.7/site-packages/airflow/example_dags/example_external_task_marker_dag.py for tasks to queue
[2023-02-28T15:55:13.035+0000] {logging_mixin.py:137} INFO - [2023-02-28T15:55:13.035+0000] {dagbag.py:538} INFO - Filling up the DagBag from /home/airflow/.local/lib/python3.7/site-packages/airflow/example_dags/example_external_task_marker_dag.py
[2023-02-28T15:55:13.046+0000] {processor.py:753} INFO - DAG(s) dict_keys(['example_external_task_marker_parent', 'example_external_task_marker_child']) retrieved from /home/airflow/.local/lib/python3.7/site-packages/airflow/example_dags/example_external_task_marker_dag.py
[2023-02-28T15:55:13.074+0000] {logging_mixin.py:137} INFO - [2023-02-28T15:55:13.074+0000] {dag.py:2690} INFO - Sync 2 DAGs
[2023-02-28T15:55:13.092+0000] {logging_mixin.py:137} INFO - [2023-02-28T15:55:13.092+0000] {dag.py:3441} INFO - Setting next_dagrun for example_external_task_marker_child to None, run_after=None
[2023-02-28T15:55:13.096+0000] {logging_mixin.py:137} INFO - [2023-02-28T15:55:13.096+0000] {dag.py:3441} INFO - Setting next_dagrun for example_external_task_marker_parent to None, run_after=None
[2023-02-28T15:55:13.109+0000] {processor.py:175} INFO - Processing /home/airflow/.local/lib/python3.7/site-packages/airflow/example_dags/example_external_task_marker_dag.py took 0.082 seconds
[2023-02-28T15:55:43.849+0000] {processor.py:153} INFO - Started process (PID=1278) to work on /home/airflow/.local/lib/python3.7/site-packages/airflow/example_dags/example_external_task_marker_dag.py
[2023-02-28T15:55:43.851+0000] {processor.py:743} INFO - Processing file /home/airflow/.local/lib/python3.7/site-packages/airflow/example_dags/example_external_task_marker_dag.py for tasks to queue
[2023-02-28T15:55:43.852+0000] {logging_mixin.py:137} INFO - [2023-02-28T15:55:43.852+0000] {dagbag.py:538} INFO - Filling up the DagBag from /home/airflow/.local/lib/python3.7/site-packages/airflow/example_dags/example_external_task_marker_dag.py
[2023-02-28T15:55:43.863+0000] {processor.py:753} INFO - DAG(s) dict_keys(['example_external_task_marker_child', 'example_external_task_marker_parent']) retrieved from /home/airflow/.local/lib/python3.7/site-packages/airflow/example_dags/example_external_task_marker_dag.py
[2023-02-28T15:55:43.890+0000] {logging_mixin.py:137} INFO - [2023-02-28T15:55:43.890+0000] {dag.py:2690} INFO - Sync 2 DAGs
[2023-02-28T15:55:43.910+0000] {logging_mixin.py:137} INFO - [2023-02-28T15:55:43.910+0000] {dag.py:3441} INFO - Setting next_dagrun for example_external_task_marker_child to None, run_after=None
[2023-02-28T15:55:43.913+0000] {logging_mixin.py:137} INFO - [2023-02-28T15:55:43.913+0000] {dag.py:3441} INFO - Setting next_dagrun for example_external_task_marker_parent to None, run_after=None
[2023-02-28T15:55:43.927+0000] {processor.py:175} INFO - Processing /home/airflow/.local/lib/python3.7/site-packages/airflow/example_dags/example_external_task_marker_dag.py took 0.080 seconds
[2023-02-28T15:56:15.103+0000] {processor.py:153} INFO - Started process (PID=1353) to work on /home/airflow/.local/lib/python3.7/site-packages/airflow/example_dags/example_external_task_marker_dag.py
[2023-02-28T15:56:15.107+0000] {processor.py:743} INFO - Processing file /home/airflow/.local/lib/python3.7/site-packages/airflow/example_dags/example_external_task_marker_dag.py for tasks to queue
[2023-02-28T15:56:15.108+0000] {logging_mixin.py:137} INFO - [2023-02-28T15:56:15.108+0000] {dagbag.py:538} INFO - Filling up the DagBag from /home/airflow/.local/lib/python3.7/site-packages/airflow/example_dags/example_external_task_marker_dag.py
[2023-02-28T15:56:15.127+0000] {processor.py:753} INFO - DAG(s) dict_keys(['example_external_task_marker_parent', 'example_external_task_marker_child']) retrieved from /home/airflow/.local/lib/python3.7/site-packages/airflow/example_dags/example_external_task_marker_dag.py
[2023-02-28T15:56:15.182+0000] {logging_mixin.py:137} INFO - [2023-02-28T15:56:15.182+0000] {dag.py:2690} INFO - Sync 2 DAGs
[2023-02-28T15:56:15.213+0000] {logging_mixin.py:137} INFO - [2023-02-28T15:56:15.212+0000] {dag.py:3441} INFO - Setting next_dagrun for example_external_task_marker_child to None, run_after=None
[2023-02-28T15:56:15.219+0000] {logging_mixin.py:137} INFO - [2023-02-28T15:56:15.219+0000] {dag.py:3441} INFO - Setting next_dagrun for example_external_task_marker_parent to None, run_after=None
[2023-02-28T15:56:15.239+0000] {processor.py:175} INFO - Processing /home/airflow/.local/lib/python3.7/site-packages/airflow/example_dags/example_external_task_marker_dag.py took 0.140 seconds
[2023-02-28T15:56:45.847+0000] {processor.py:153} INFO - Started process (PID=1415) to work on /home/airflow/.local/lib/python3.7/site-packages/airflow/example_dags/example_external_task_marker_dag.py
[2023-02-28T15:56:45.849+0000] {processor.py:743} INFO - Processing file /home/airflow/.local/lib/python3.7/site-packages/airflow/example_dags/example_external_task_marker_dag.py for tasks to queue
[2023-02-28T15:56:45.851+0000] {logging_mixin.py:137} INFO - [2023-02-28T15:56:45.851+0000] {dagbag.py:538} INFO - Filling up the DagBag from /home/airflow/.local/lib/python3.7/site-packages/airflow/example_dags/example_external_task_marker_dag.py
[2023-02-28T15:56:45.863+0000] {processor.py:753} INFO - DAG(s) dict_keys(['example_external_task_marker_child', 'example_external_task_marker_parent']) retrieved from /home/airflow/.local/lib/python3.7/site-packages/airflow/example_dags/example_external_task_marker_dag.py
[2023-02-28T15:56:45.887+0000] {logging_mixin.py:137} INFO - [2023-02-28T15:56:45.887+0000] {dag.py:2690} INFO - Sync 2 DAGs
[2023-02-28T15:56:45.904+0000] {logging_mixin.py:137} INFO - [2023-02-28T15:56:45.904+0000] {dag.py:3441} INFO - Setting next_dagrun for example_external_task_marker_child to None, run_after=None
[2023-02-28T15:56:45.908+0000] {logging_mixin.py:137} INFO - [2023-02-28T15:56:45.908+0000] {dag.py:3441} INFO - Setting next_dagrun for example_external_task_marker_parent to None, run_after=None
[2023-02-28T15:56:45.920+0000] {processor.py:175} INFO - Processing /home/airflow/.local/lib/python3.7/site-packages/airflow/example_dags/example_external_task_marker_dag.py took 0.076 seconds
[2023-02-28T15:57:16.713+0000] {processor.py:153} INFO - Started process (PID=1490) to work on /home/airflow/.local/lib/python3.7/site-packages/airflow/example_dags/example_external_task_marker_dag.py
[2023-02-28T15:57:16.716+0000] {processor.py:743} INFO - Processing file /home/airflow/.local/lib/python3.7/site-packages/airflow/example_dags/example_external_task_marker_dag.py for tasks to queue
[2023-02-28T15:57:16.717+0000] {logging_mixin.py:137} INFO - [2023-02-28T15:57:16.717+0000] {dagbag.py:538} INFO - Filling up the DagBag from /home/airflow/.local/lib/python3.7/site-packages/airflow/example_dags/example_external_task_marker_dag.py
[2023-02-28T15:57:16.730+0000] {processor.py:753} INFO - DAG(s) dict_keys(['example_external_task_marker_parent', 'example_external_task_marker_child']) retrieved from /home/airflow/.local/lib/python3.7/site-packages/airflow/example_dags/example_external_task_marker_dag.py
[2023-02-28T15:57:16.758+0000] {logging_mixin.py:137} INFO - [2023-02-28T15:57:16.758+0000] {dag.py:2690} INFO - Sync 2 DAGs
[2023-02-28T15:57:16.777+0000] {logging_mixin.py:137} INFO - [2023-02-28T15:57:16.777+0000] {dag.py:3441} INFO - Setting next_dagrun for example_external_task_marker_child to None, run_after=None
[2023-02-28T15:57:16.780+0000] {logging_mixin.py:137} INFO - [2023-02-28T15:57:16.780+0000] {dag.py:3441} INFO - Setting next_dagrun for example_external_task_marker_parent to None, run_after=None
[2023-02-28T15:57:16.793+0000] {processor.py:175} INFO - Processing /home/airflow/.local/lib/python3.7/site-packages/airflow/example_dags/example_external_task_marker_dag.py took 0.083 seconds
[2023-02-28T15:57:47.533+0000] {processor.py:153} INFO - Started process (PID=1565) to work on /home/airflow/.local/lib/python3.7/site-packages/airflow/example_dags/example_external_task_marker_dag.py
[2023-02-28T15:57:47.534+0000] {processor.py:743} INFO - Processing file /home/airflow/.local/lib/python3.7/site-packages/airflow/example_dags/example_external_task_marker_dag.py for tasks to queue
[2023-02-28T15:57:47.536+0000] {logging_mixin.py:137} INFO - [2023-02-28T15:57:47.536+0000] {dagbag.py:538} INFO - Filling up the DagBag from /home/airflow/.local/lib/python3.7/site-packages/airflow/example_dags/example_external_task_marker_dag.py
[2023-02-28T15:57:47.548+0000] {processor.py:753} INFO - DAG(s) dict_keys(['example_external_task_marker_child', 'example_external_task_marker_parent']) retrieved from /home/airflow/.local/lib/python3.7/site-packages/airflow/example_dags/example_external_task_marker_dag.py
[2023-02-28T15:57:47.575+0000] {logging_mixin.py:137} INFO - [2023-02-28T15:57:47.575+0000] {dag.py:2690} INFO - Sync 2 DAGs
[2023-02-28T15:57:47.592+0000] {logging_mixin.py:137} INFO - [2023-02-28T15:57:47.592+0000] {dag.py:3441} INFO - Setting next_dagrun for example_external_task_marker_child to None, run_after=None
[2023-02-28T15:57:47.595+0000] {logging_mixin.py:137} INFO - [2023-02-28T15:57:47.595+0000] {dag.py:3441} INFO - Setting next_dagrun for example_external_task_marker_parent to None, run_after=None
[2023-02-28T15:57:47.607+0000] {processor.py:175} INFO - Processing /home/airflow/.local/lib/python3.7/site-packages/airflow/example_dags/example_external_task_marker_dag.py took 0.078 seconds
[2023-02-28T15:58:18.260+0000] {processor.py:153} INFO - Started process (PID=1629) to work on /home/airflow/.local/lib/python3.7/site-packages/airflow/example_dags/example_external_task_marker_dag.py
[2023-02-28T15:58:18.262+0000] {processor.py:743} INFO - Processing file /home/airflow/.local/lib/python3.7/site-packages/airflow/example_dags/example_external_task_marker_dag.py for tasks to queue
[2023-02-28T15:58:18.264+0000] {logging_mixin.py:137} INFO - [2023-02-28T15:58:18.264+0000] {dagbag.py:538} INFO - Filling up the DagBag from /home/airflow/.local/lib/python3.7/site-packages/airflow/example_dags/example_external_task_marker_dag.py
[2023-02-28T15:58:18.276+0000] {processor.py:753} INFO - DAG(s) dict_keys(['example_external_task_marker_child', 'example_external_task_marker_parent']) retrieved from /home/airflow/.local/lib/python3.7/site-packages/airflow/example_dags/example_external_task_marker_dag.py
[2023-02-28T15:58:18.303+0000] {logging_mixin.py:137} INFO - [2023-02-28T15:58:18.303+0000] {dag.py:2690} INFO - Sync 2 DAGs
[2023-02-28T15:58:18.325+0000] {logging_mixin.py:137} INFO - [2023-02-28T15:58:18.325+0000] {dag.py:3441} INFO - Setting next_dagrun for example_external_task_marker_child to None, run_after=None
[2023-02-28T15:58:18.330+0000] {logging_mixin.py:137} INFO - [2023-02-28T15:58:18.330+0000] {dag.py:3441} INFO - Setting next_dagrun for example_external_task_marker_parent to None, run_after=None
[2023-02-28T15:58:18.348+0000] {processor.py:175} INFO - Processing /home/airflow/.local/lib/python3.7/site-packages/airflow/example_dags/example_external_task_marker_dag.py took 0.090 seconds
[2023-02-28T15:58:49.083+0000] {processor.py:153} INFO - Started process (PID=1703) to work on /home/airflow/.local/lib/python3.7/site-packages/airflow/example_dags/example_external_task_marker_dag.py
[2023-02-28T15:58:49.084+0000] {processor.py:743} INFO - Processing file /home/airflow/.local/lib/python3.7/site-packages/airflow/example_dags/example_external_task_marker_dag.py for tasks to queue
[2023-02-28T15:58:49.085+0000] {logging_mixin.py:137} INFO - [2023-02-28T15:58:49.085+0000] {dagbag.py:538} INFO - Filling up the DagBag from /home/airflow/.local/lib/python3.7/site-packages/airflow/example_dags/example_external_task_marker_dag.py
[2023-02-28T15:58:49.097+0000] {processor.py:753} INFO - DAG(s) dict_keys(['example_external_task_marker_child', 'example_external_task_marker_parent']) retrieved from /home/airflow/.local/lib/python3.7/site-packages/airflow/example_dags/example_external_task_marker_dag.py
[2023-02-28T15:58:49.130+0000] {logging_mixin.py:137} INFO - [2023-02-28T15:58:49.129+0000] {dag.py:2690} INFO - Sync 2 DAGs
[2023-02-28T15:58:49.148+0000] {logging_mixin.py:137} INFO - [2023-02-28T15:58:49.148+0000] {dag.py:3441} INFO - Setting next_dagrun for example_external_task_marker_child to None, run_after=None
[2023-02-28T15:58:49.153+0000] {logging_mixin.py:137} INFO - [2023-02-28T15:58:49.153+0000] {dag.py:3441} INFO - Setting next_dagrun for example_external_task_marker_parent to None, run_after=None
[2023-02-28T15:58:49.169+0000] {processor.py:175} INFO - Processing /home/airflow/.local/lib/python3.7/site-packages/airflow/example_dags/example_external_task_marker_dag.py took 0.090 seconds
