[2023-02-28T15:46:56.361+0000] {processor.py:153} INFO - Started process (PID=34) to work on /home/airflow/.local/lib/python3.7/site-packages/airflow/example_dags/example_latest_only.py
[2023-02-28T15:46:56.363+0000] {processor.py:743} INFO - Processing file /home/airflow/.local/lib/python3.7/site-packages/airflow/example_dags/example_latest_only.py for tasks to queue
[2023-02-28T15:46:56.364+0000] {logging_mixin.py:137} INFO - [2023-02-28T15:46:56.364+0000] {dagbag.py:538} INFO - Filling up the DagBag from /home/airflow/.local/lib/python3.7/site-packages/airflow/example_dags/example_latest_only.py
[2023-02-28T15:46:56.389+0000] {processor.py:753} INFO - DAG(s) dict_keys(['latest_only']) retrieved from /home/airflow/.local/lib/python3.7/site-packages/airflow/example_dags/example_latest_only.py
[2023-02-28T15:46:56.437+0000] {logging_mixin.py:137} INFO - [2023-02-28T15:46:56.437+0000] {dag.py:2690} INFO - Sync 1 DAGs
[2023-02-28T15:46:56.462+0000] {logging_mixin.py:137} INFO - [2023-02-28T15:46:56.462+0000] {dag.py:3441} INFO - Setting next_dagrun for latest_only to 2023-02-28T11:46:56.462153+00:00, run_after=2023-02-28T15:46:56.462153+00:00
[2023-02-28T15:46:56.498+0000] {processor.py:175} INFO - Processing /home/airflow/.local/lib/python3.7/site-packages/airflow/example_dags/example_latest_only.py took 0.141 seconds
[2023-02-28T15:47:27.328+0000] {processor.py:153} INFO - Started process (PID=107) to work on /home/airflow/.local/lib/python3.7/site-packages/airflow/example_dags/example_latest_only.py
[2023-02-28T15:47:27.330+0000] {processor.py:743} INFO - Processing file /home/airflow/.local/lib/python3.7/site-packages/airflow/example_dags/example_latest_only.py for tasks to queue
[2023-02-28T15:47:27.332+0000] {logging_mixin.py:137} INFO - [2023-02-28T15:47:27.332+0000] {dagbag.py:538} INFO - Filling up the DagBag from /home/airflow/.local/lib/python3.7/site-packages/airflow/example_dags/example_latest_only.py
[2023-02-28T15:47:27.347+0000] {processor.py:753} INFO - DAG(s) dict_keys(['latest_only']) retrieved from /home/airflow/.local/lib/python3.7/site-packages/airflow/example_dags/example_latest_only.py
[2023-02-28T15:47:27.374+0000] {logging_mixin.py:137} INFO - [2023-02-28T15:47:27.374+0000] {dag.py:2690} INFO - Sync 1 DAGs
[2023-02-28T15:47:27.395+0000] {logging_mixin.py:137} INFO - [2023-02-28T15:47:27.394+0000] {dag.py:3441} INFO - Setting next_dagrun for latest_only to 2023-02-28T11:47:27.394630+00:00, run_after=2023-02-28T15:47:27.394630+00:00
[2023-02-28T15:47:27.408+0000] {processor.py:175} INFO - Processing /home/airflow/.local/lib/python3.7/site-packages/airflow/example_dags/example_latest_only.py took 0.087 seconds
[2023-02-28T15:47:58.018+0000] {processor.py:153} INFO - Started process (PID=170) to work on /home/airflow/.local/lib/python3.7/site-packages/airflow/example_dags/example_latest_only.py
[2023-02-28T15:47:58.020+0000] {processor.py:743} INFO - Processing file /home/airflow/.local/lib/python3.7/site-packages/airflow/example_dags/example_latest_only.py for tasks to queue
[2023-02-28T15:47:58.021+0000] {logging_mixin.py:137} INFO - [2023-02-28T15:47:58.021+0000] {dagbag.py:538} INFO - Filling up the DagBag from /home/airflow/.local/lib/python3.7/site-packages/airflow/example_dags/example_latest_only.py
[2023-02-28T15:47:58.034+0000] {processor.py:753} INFO - DAG(s) dict_keys(['latest_only']) retrieved from /home/airflow/.local/lib/python3.7/site-packages/airflow/example_dags/example_latest_only.py
[2023-02-28T15:47:58.059+0000] {logging_mixin.py:137} INFO - [2023-02-28T15:47:58.059+0000] {dag.py:2690} INFO - Sync 1 DAGs
[2023-02-28T15:47:58.081+0000] {logging_mixin.py:137} INFO - [2023-02-28T15:47:58.081+0000] {dag.py:3441} INFO - Setting next_dagrun for latest_only to 2023-02-28T11:47:58.080959+00:00, run_after=2023-02-28T15:47:58.080959+00:00
[2023-02-28T15:47:58.098+0000] {processor.py:175} INFO - Processing /home/airflow/.local/lib/python3.7/site-packages/airflow/example_dags/example_latest_only.py took 0.083 seconds
[2023-02-28T15:48:28.273+0000] {processor.py:153} INFO - Started process (PID=245) to work on /home/airflow/.local/lib/python3.7/site-packages/airflow/example_dags/example_latest_only.py
[2023-02-28T15:48:28.276+0000] {processor.py:743} INFO - Processing file /home/airflow/.local/lib/python3.7/site-packages/airflow/example_dags/example_latest_only.py for tasks to queue
[2023-02-28T15:48:28.277+0000] {logging_mixin.py:137} INFO - [2023-02-28T15:48:28.277+0000] {dagbag.py:538} INFO - Filling up the DagBag from /home/airflow/.local/lib/python3.7/site-packages/airflow/example_dags/example_latest_only.py
[2023-02-28T15:48:28.290+0000] {processor.py:753} INFO - DAG(s) dict_keys(['latest_only']) retrieved from /home/airflow/.local/lib/python3.7/site-packages/airflow/example_dags/example_latest_only.py
[2023-02-28T15:48:28.310+0000] {logging_mixin.py:137} INFO - [2023-02-28T15:48:28.310+0000] {dag.py:2690} INFO - Sync 1 DAGs
[2023-02-28T15:48:28.330+0000] {logging_mixin.py:137} INFO - [2023-02-28T15:48:28.329+0000] {dag.py:3441} INFO - Setting next_dagrun for latest_only to 2023-02-28T11:48:28.329670+00:00, run_after=2023-02-28T15:48:28.329670+00:00
[2023-02-28T15:48:28.346+0000] {processor.py:175} INFO - Processing /home/airflow/.local/lib/python3.7/site-packages/airflow/example_dags/example_latest_only.py took 0.075 seconds
[2023-02-28T15:48:58.945+0000] {processor.py:153} INFO - Started process (PID=320) to work on /home/airflow/.local/lib/python3.7/site-packages/airflow/example_dags/example_latest_only.py
[2023-02-28T15:48:58.947+0000] {processor.py:743} INFO - Processing file /home/airflow/.local/lib/python3.7/site-packages/airflow/example_dags/example_latest_only.py for tasks to queue
[2023-02-28T15:48:58.951+0000] {logging_mixin.py:137} INFO - [2023-02-28T15:48:58.951+0000] {dagbag.py:538} INFO - Filling up the DagBag from /home/airflow/.local/lib/python3.7/site-packages/airflow/example_dags/example_latest_only.py
[2023-02-28T15:48:58.963+0000] {processor.py:753} INFO - DAG(s) dict_keys(['latest_only']) retrieved from /home/airflow/.local/lib/python3.7/site-packages/airflow/example_dags/example_latest_only.py
[2023-02-28T15:48:58.985+0000] {logging_mixin.py:137} INFO - [2023-02-28T15:48:58.985+0000] {dag.py:2690} INFO - Sync 1 DAGs
[2023-02-28T15:48:59.005+0000] {logging_mixin.py:137} INFO - [2023-02-28T15:48:59.005+0000] {dag.py:3441} INFO - Setting next_dagrun for latest_only to 2023-02-28T11:48:59.004880+00:00, run_after=2023-02-28T15:48:59.004880+00:00
[2023-02-28T15:48:59.018+0000] {processor.py:175} INFO - Processing /home/airflow/.local/lib/python3.7/site-packages/airflow/example_dags/example_latest_only.py took 0.077 seconds
[2023-02-28T15:49:29.968+0000] {processor.py:153} INFO - Started process (PID=383) to work on /home/airflow/.local/lib/python3.7/site-packages/airflow/example_dags/example_latest_only.py
[2023-02-28T15:49:29.975+0000] {processor.py:743} INFO - Processing file /home/airflow/.local/lib/python3.7/site-packages/airflow/example_dags/example_latest_only.py for tasks to queue
[2023-02-28T15:49:29.977+0000] {logging_mixin.py:137} INFO - [2023-02-28T15:49:29.977+0000] {dagbag.py:538} INFO - Filling up the DagBag from /home/airflow/.local/lib/python3.7/site-packages/airflow/example_dags/example_latest_only.py
[2023-02-28T15:49:29.989+0000] {processor.py:753} INFO - DAG(s) dict_keys(['latest_only']) retrieved from /home/airflow/.local/lib/python3.7/site-packages/airflow/example_dags/example_latest_only.py
[2023-02-28T15:49:30.012+0000] {logging_mixin.py:137} INFO - [2023-02-28T15:49:30.012+0000] {dag.py:2690} INFO - Sync 1 DAGs
[2023-02-28T15:49:30.031+0000] {logging_mixin.py:137} INFO - [2023-02-28T15:49:30.031+0000] {dag.py:3441} INFO - Setting next_dagrun for latest_only to 2023-02-28T11:49:30.031081+00:00, run_after=2023-02-28T15:49:30.031081+00:00
[2023-02-28T15:49:30.048+0000] {processor.py:175} INFO - Processing /home/airflow/.local/lib/python3.7/site-packages/airflow/example_dags/example_latest_only.py took 0.083 seconds
[2023-02-28T15:50:00.791+0000] {processor.py:153} INFO - Started process (PID=458) to work on /home/airflow/.local/lib/python3.7/site-packages/airflow/example_dags/example_latest_only.py
[2023-02-28T15:50:00.793+0000] {processor.py:743} INFO - Processing file /home/airflow/.local/lib/python3.7/site-packages/airflow/example_dags/example_latest_only.py for tasks to queue
[2023-02-28T15:50:00.795+0000] {logging_mixin.py:137} INFO - [2023-02-28T15:50:00.795+0000] {dagbag.py:538} INFO - Filling up the DagBag from /home/airflow/.local/lib/python3.7/site-packages/airflow/example_dags/example_latest_only.py
[2023-02-28T15:50:00.809+0000] {processor.py:753} INFO - DAG(s) dict_keys(['latest_only']) retrieved from /home/airflow/.local/lib/python3.7/site-packages/airflow/example_dags/example_latest_only.py
[2023-02-28T15:50:00.833+0000] {logging_mixin.py:137} INFO - [2023-02-28T15:50:00.833+0000] {dag.py:2690} INFO - Sync 1 DAGs
[2023-02-28T15:50:00.854+0000] {logging_mixin.py:137} INFO - [2023-02-28T15:50:00.854+0000] {dag.py:3441} INFO - Setting next_dagrun for latest_only to 2023-02-28T11:50:00.854375+00:00, run_after=2023-02-28T15:50:00.854375+00:00
[2023-02-28T15:50:00.871+0000] {processor.py:175} INFO - Processing /home/airflow/.local/lib/python3.7/site-packages/airflow/example_dags/example_latest_only.py took 0.083 seconds
[2023-02-28T15:50:31.760+0000] {processor.py:153} INFO - Started process (PID=534) to work on /home/airflow/.local/lib/python3.7/site-packages/airflow/example_dags/example_latest_only.py
[2023-02-28T15:50:31.763+0000] {processor.py:743} INFO - Processing file /home/airflow/.local/lib/python3.7/site-packages/airflow/example_dags/example_latest_only.py for tasks to queue
[2023-02-28T15:50:31.765+0000] {logging_mixin.py:137} INFO - [2023-02-28T15:50:31.765+0000] {dagbag.py:538} INFO - Filling up the DagBag from /home/airflow/.local/lib/python3.7/site-packages/airflow/example_dags/example_latest_only.py
[2023-02-28T15:50:31.778+0000] {processor.py:753} INFO - DAG(s) dict_keys(['latest_only']) retrieved from /home/airflow/.local/lib/python3.7/site-packages/airflow/example_dags/example_latest_only.py
[2023-02-28T15:50:31.801+0000] {logging_mixin.py:137} INFO - [2023-02-28T15:50:31.801+0000] {dag.py:2690} INFO - Sync 1 DAGs
[2023-02-28T15:50:31.820+0000] {logging_mixin.py:137} INFO - [2023-02-28T15:50:31.820+0000] {dag.py:3441} INFO - Setting next_dagrun for latest_only to 2023-02-28T11:50:31.820489+00:00, run_after=2023-02-28T15:50:31.820489+00:00
[2023-02-28T15:50:31.837+0000] {processor.py:175} INFO - Processing /home/airflow/.local/lib/python3.7/site-packages/airflow/example_dags/example_latest_only.py took 0.081 seconds
[2023-02-28T15:51:02.729+0000] {processor.py:153} INFO - Started process (PID=609) to work on /home/airflow/.local/lib/python3.7/site-packages/airflow/example_dags/example_latest_only.py
[2023-02-28T15:51:02.731+0000] {processor.py:743} INFO - Processing file /home/airflow/.local/lib/python3.7/site-packages/airflow/example_dags/example_latest_only.py for tasks to queue
[2023-02-28T15:51:02.733+0000] {logging_mixin.py:137} INFO - [2023-02-28T15:51:02.733+0000] {dagbag.py:538} INFO - Filling up the DagBag from /home/airflow/.local/lib/python3.7/site-packages/airflow/example_dags/example_latest_only.py
[2023-02-28T15:51:02.751+0000] {processor.py:753} INFO - DAG(s) dict_keys(['latest_only']) retrieved from /home/airflow/.local/lib/python3.7/site-packages/airflow/example_dags/example_latest_only.py
[2023-02-28T15:51:02.777+0000] {logging_mixin.py:137} INFO - [2023-02-28T15:51:02.777+0000] {dag.py:2690} INFO - Sync 1 DAGs
[2023-02-28T15:51:02.794+0000] {logging_mixin.py:137} INFO - [2023-02-28T15:51:02.794+0000] {dag.py:3441} INFO - Setting next_dagrun for latest_only to 2023-02-28T11:51:02.794341+00:00, run_after=2023-02-28T15:51:02.794341+00:00
[2023-02-28T15:51:02.811+0000] {processor.py:175} INFO - Processing /home/airflow/.local/lib/python3.7/site-packages/airflow/example_dags/example_latest_only.py took 0.085 seconds
[2023-02-28T15:51:33.616+0000] {processor.py:153} INFO - Started process (PID=672) to work on /home/airflow/.local/lib/python3.7/site-packages/airflow/example_dags/example_latest_only.py
[2023-02-28T15:51:33.617+0000] {processor.py:743} INFO - Processing file /home/airflow/.local/lib/python3.7/site-packages/airflow/example_dags/example_latest_only.py for tasks to queue
[2023-02-28T15:51:33.619+0000] {logging_mixin.py:137} INFO - [2023-02-28T15:51:33.619+0000] {dagbag.py:538} INFO - Filling up the DagBag from /home/airflow/.local/lib/python3.7/site-packages/airflow/example_dags/example_latest_only.py
[2023-02-28T15:51:33.633+0000] {processor.py:753} INFO - DAG(s) dict_keys(['latest_only']) retrieved from /home/airflow/.local/lib/python3.7/site-packages/airflow/example_dags/example_latest_only.py
[2023-02-28T15:51:33.658+0000] {logging_mixin.py:137} INFO - [2023-02-28T15:51:33.658+0000] {dag.py:2690} INFO - Sync 1 DAGs
[2023-02-28T15:51:33.677+0000] {logging_mixin.py:137} INFO - [2023-02-28T15:51:33.677+0000] {dag.py:3441} INFO - Setting next_dagrun for latest_only to 2023-02-28T11:51:33.677416+00:00, run_after=2023-02-28T15:51:33.677416+00:00
[2023-02-28T15:51:33.694+0000] {processor.py:175} INFO - Processing /home/airflow/.local/lib/python3.7/site-packages/airflow/example_dags/example_latest_only.py took 0.082 seconds
[2023-02-28T15:52:04.578+0000] {processor.py:153} INFO - Started process (PID=747) to work on /home/airflow/.local/lib/python3.7/site-packages/airflow/example_dags/example_latest_only.py
[2023-02-28T15:52:04.582+0000] {processor.py:743} INFO - Processing file /home/airflow/.local/lib/python3.7/site-packages/airflow/example_dags/example_latest_only.py for tasks to queue
[2023-02-28T15:52:04.585+0000] {logging_mixin.py:137} INFO - [2023-02-28T15:52:04.585+0000] {dagbag.py:538} INFO - Filling up the DagBag from /home/airflow/.local/lib/python3.7/site-packages/airflow/example_dags/example_latest_only.py
[2023-02-28T15:52:04.599+0000] {processor.py:753} INFO - DAG(s) dict_keys(['latest_only']) retrieved from /home/airflow/.local/lib/python3.7/site-packages/airflow/example_dags/example_latest_only.py
[2023-02-28T15:52:04.622+0000] {logging_mixin.py:137} INFO - [2023-02-28T15:52:04.622+0000] {dag.py:2690} INFO - Sync 1 DAGs
[2023-02-28T15:52:04.641+0000] {logging_mixin.py:137} INFO - [2023-02-28T15:52:04.641+0000] {dag.py:3441} INFO - Setting next_dagrun for latest_only to 2023-02-28T11:52:04.641027+00:00, run_after=2023-02-28T15:52:04.641027+00:00
[2023-02-28T15:52:04.657+0000] {processor.py:175} INFO - Processing /home/airflow/.local/lib/python3.7/site-packages/airflow/example_dags/example_latest_only.py took 0.082 seconds
[2023-02-28T15:52:35.440+0000] {processor.py:153} INFO - Started process (PID=822) to work on /home/airflow/.local/lib/python3.7/site-packages/airflow/example_dags/example_latest_only.py
[2023-02-28T15:52:35.442+0000] {processor.py:743} INFO - Processing file /home/airflow/.local/lib/python3.7/site-packages/airflow/example_dags/example_latest_only.py for tasks to queue
[2023-02-28T15:52:35.444+0000] {logging_mixin.py:137} INFO - [2023-02-28T15:52:35.444+0000] {dagbag.py:538} INFO - Filling up the DagBag from /home/airflow/.local/lib/python3.7/site-packages/airflow/example_dags/example_latest_only.py
[2023-02-28T15:52:35.458+0000] {processor.py:753} INFO - DAG(s) dict_keys(['latest_only']) retrieved from /home/airflow/.local/lib/python3.7/site-packages/airflow/example_dags/example_latest_only.py
[2023-02-28T15:52:35.482+0000] {logging_mixin.py:137} INFO - [2023-02-28T15:52:35.482+0000] {dag.py:2690} INFO - Sync 1 DAGs
[2023-02-28T15:52:35.500+0000] {logging_mixin.py:137} INFO - [2023-02-28T15:52:35.500+0000] {dag.py:3441} INFO - Setting next_dagrun for latest_only to 2023-02-28T11:52:35.500523+00:00, run_after=2023-02-28T15:52:35.500523+00:00
[2023-02-28T15:52:35.517+0000] {processor.py:175} INFO - Processing /home/airflow/.local/lib/python3.7/site-packages/airflow/example_dags/example_latest_only.py took 0.081 seconds
[2023-02-28T15:53:06.286+0000] {processor.py:153} INFO - Started process (PID=885) to work on /home/airflow/.local/lib/python3.7/site-packages/airflow/example_dags/example_latest_only.py
[2023-02-28T15:53:06.289+0000] {processor.py:743} INFO - Processing file /home/airflow/.local/lib/python3.7/site-packages/airflow/example_dags/example_latest_only.py for tasks to queue
[2023-02-28T15:53:06.292+0000] {logging_mixin.py:137} INFO - [2023-02-28T15:53:06.292+0000] {dagbag.py:538} INFO - Filling up the DagBag from /home/airflow/.local/lib/python3.7/site-packages/airflow/example_dags/example_latest_only.py
[2023-02-28T15:53:06.308+0000] {processor.py:753} INFO - DAG(s) dict_keys(['latest_only']) retrieved from /home/airflow/.local/lib/python3.7/site-packages/airflow/example_dags/example_latest_only.py
[2023-02-28T15:53:06.331+0000] {logging_mixin.py:137} INFO - [2023-02-28T15:53:06.331+0000] {dag.py:2690} INFO - Sync 1 DAGs
[2023-02-28T15:53:06.350+0000] {logging_mixin.py:137} INFO - [2023-02-28T15:53:06.350+0000] {dag.py:3441} INFO - Setting next_dagrun for latest_only to 2023-02-28T11:53:06.349991+00:00, run_after=2023-02-28T15:53:06.349991+00:00
[2023-02-28T15:53:06.367+0000] {processor.py:175} INFO - Processing /home/airflow/.local/lib/python3.7/site-packages/airflow/example_dags/example_latest_only.py took 0.087 seconds
[2023-02-28T15:53:37.337+0000] {processor.py:153} INFO - Started process (PID=960) to work on /home/airflow/.local/lib/python3.7/site-packages/airflow/example_dags/example_latest_only.py
[2023-02-28T15:53:37.339+0000] {processor.py:743} INFO - Processing file /home/airflow/.local/lib/python3.7/site-packages/airflow/example_dags/example_latest_only.py for tasks to queue
[2023-02-28T15:53:37.341+0000] {logging_mixin.py:137} INFO - [2023-02-28T15:53:37.341+0000] {dagbag.py:538} INFO - Filling up the DagBag from /home/airflow/.local/lib/python3.7/site-packages/airflow/example_dags/example_latest_only.py
[2023-02-28T15:53:37.354+0000] {processor.py:753} INFO - DAG(s) dict_keys(['latest_only']) retrieved from /home/airflow/.local/lib/python3.7/site-packages/airflow/example_dags/example_latest_only.py
[2023-02-28T15:53:37.379+0000] {logging_mixin.py:137} INFO - [2023-02-28T15:53:37.379+0000] {dag.py:2690} INFO - Sync 1 DAGs
[2023-02-28T15:53:37.400+0000] {logging_mixin.py:137} INFO - [2023-02-28T15:53:37.400+0000] {dag.py:3441} INFO - Setting next_dagrun for latest_only to 2023-02-28T11:53:37.400273+00:00, run_after=2023-02-28T15:53:37.400273+00:00
[2023-02-28T15:53:37.417+0000] {processor.py:175} INFO - Processing /home/airflow/.local/lib/python3.7/site-packages/airflow/example_dags/example_latest_only.py took 0.082 seconds
[2023-02-28T15:54:08.072+0000] {processor.py:153} INFO - Started process (PID=1034) to work on /home/airflow/.local/lib/python3.7/site-packages/airflow/example_dags/example_latest_only.py
[2023-02-28T15:54:08.075+0000] {processor.py:743} INFO - Processing file /home/airflow/.local/lib/python3.7/site-packages/airflow/example_dags/example_latest_only.py for tasks to queue
[2023-02-28T15:54:08.077+0000] {logging_mixin.py:137} INFO - [2023-02-28T15:54:08.077+0000] {dagbag.py:538} INFO - Filling up the DagBag from /home/airflow/.local/lib/python3.7/site-packages/airflow/example_dags/example_latest_only.py
[2023-02-28T15:54:08.094+0000] {processor.py:753} INFO - DAG(s) dict_keys(['latest_only']) retrieved from /home/airflow/.local/lib/python3.7/site-packages/airflow/example_dags/example_latest_only.py
[2023-02-28T15:54:08.128+0000] {logging_mixin.py:137} INFO - [2023-02-28T15:54:08.128+0000] {dag.py:2690} INFO - Sync 1 DAGs
[2023-02-28T15:54:08.150+0000] {logging_mixin.py:137} INFO - [2023-02-28T15:54:08.150+0000] {dag.py:3441} INFO - Setting next_dagrun for latest_only to 2023-02-28T11:54:08.150196+00:00, run_after=2023-02-28T15:54:08.150196+00:00
[2023-02-28T15:54:08.165+0000] {processor.py:175} INFO - Processing /home/airflow/.local/lib/python3.7/site-packages/airflow/example_dags/example_latest_only.py took 0.096 seconds
[2023-02-28T15:54:39.068+0000] {processor.py:153} INFO - Started process (PID=1096) to work on /home/airflow/.local/lib/python3.7/site-packages/airflow/example_dags/example_latest_only.py
[2023-02-28T15:54:39.069+0000] {processor.py:743} INFO - Processing file /home/airflow/.local/lib/python3.7/site-packages/airflow/example_dags/example_latest_only.py for tasks to queue
[2023-02-28T15:54:39.070+0000] {logging_mixin.py:137} INFO - [2023-02-28T15:54:39.070+0000] {dagbag.py:538} INFO - Filling up the DagBag from /home/airflow/.local/lib/python3.7/site-packages/airflow/example_dags/example_latest_only.py
[2023-02-28T15:54:39.082+0000] {processor.py:753} INFO - DAG(s) dict_keys(['latest_only']) retrieved from /home/airflow/.local/lib/python3.7/site-packages/airflow/example_dags/example_latest_only.py
[2023-02-28T15:54:39.106+0000] {logging_mixin.py:137} INFO - [2023-02-28T15:54:39.106+0000] {dag.py:2690} INFO - Sync 1 DAGs
[2023-02-28T15:54:39.124+0000] {logging_mixin.py:137} INFO - [2023-02-28T15:54:39.124+0000] {dag.py:3441} INFO - Setting next_dagrun for latest_only to 2023-02-28T11:54:39.123823+00:00, run_after=2023-02-28T15:54:39.123823+00:00
[2023-02-28T15:54:39.142+0000] {processor.py:175} INFO - Processing /home/airflow/.local/lib/python3.7/site-packages/airflow/example_dags/example_latest_only.py took 0.077 seconds
[2023-02-28T15:55:09.911+0000] {processor.py:153} INFO - Started process (PID=1172) to work on /home/airflow/.local/lib/python3.7/site-packages/airflow/example_dags/example_latest_only.py
[2023-02-28T15:55:09.914+0000] {processor.py:743} INFO - Processing file /home/airflow/.local/lib/python3.7/site-packages/airflow/example_dags/example_latest_only.py for tasks to queue
[2023-02-28T15:55:09.916+0000] {logging_mixin.py:137} INFO - [2023-02-28T15:55:09.916+0000] {dagbag.py:538} INFO - Filling up the DagBag from /home/airflow/.local/lib/python3.7/site-packages/airflow/example_dags/example_latest_only.py
[2023-02-28T15:55:09.937+0000] {processor.py:753} INFO - DAG(s) dict_keys(['latest_only']) retrieved from /home/airflow/.local/lib/python3.7/site-packages/airflow/example_dags/example_latest_only.py
[2023-02-28T15:55:09.965+0000] {logging_mixin.py:137} INFO - [2023-02-28T15:55:09.965+0000] {dag.py:2690} INFO - Sync 1 DAGs
[2023-02-28T15:55:09.987+0000] {logging_mixin.py:137} INFO - [2023-02-28T15:55:09.987+0000] {dag.py:3441} INFO - Setting next_dagrun for latest_only to 2023-02-28T11:55:09.986873+00:00, run_after=2023-02-28T15:55:09.986873+00:00
[2023-02-28T15:55:10.005+0000] {processor.py:175} INFO - Processing /home/airflow/.local/lib/python3.7/site-packages/airflow/example_dags/example_latest_only.py took 0.099 seconds
[2023-02-28T15:55:40.742+0000] {processor.py:153} INFO - Started process (PID=1247) to work on /home/airflow/.local/lib/python3.7/site-packages/airflow/example_dags/example_latest_only.py
[2023-02-28T15:55:40.745+0000] {processor.py:743} INFO - Processing file /home/airflow/.local/lib/python3.7/site-packages/airflow/example_dags/example_latest_only.py for tasks to queue
[2023-02-28T15:55:40.747+0000] {logging_mixin.py:137} INFO - [2023-02-28T15:55:40.746+0000] {dagbag.py:538} INFO - Filling up the DagBag from /home/airflow/.local/lib/python3.7/site-packages/airflow/example_dags/example_latest_only.py
[2023-02-28T15:55:40.761+0000] {processor.py:753} INFO - DAG(s) dict_keys(['latest_only']) retrieved from /home/airflow/.local/lib/python3.7/site-packages/airflow/example_dags/example_latest_only.py
[2023-02-28T15:55:40.786+0000] {logging_mixin.py:137} INFO - [2023-02-28T15:55:40.786+0000] {dag.py:2690} INFO - Sync 1 DAGs
[2023-02-28T15:55:40.806+0000] {logging_mixin.py:137} INFO - [2023-02-28T15:55:40.806+0000] {dag.py:3441} INFO - Setting next_dagrun for latest_only to 2023-02-28T11:55:40.806187+00:00, run_after=2023-02-28T15:55:40.806187+00:00
[2023-02-28T15:55:40.821+0000] {processor.py:175} INFO - Processing /home/airflow/.local/lib/python3.7/site-packages/airflow/example_dags/example_latest_only.py took 0.084 seconds
[2023-02-28T15:56:11.678+0000] {processor.py:153} INFO - Started process (PID=1310) to work on /home/airflow/.local/lib/python3.7/site-packages/airflow/example_dags/example_latest_only.py
[2023-02-28T15:56:11.680+0000] {processor.py:743} INFO - Processing file /home/airflow/.local/lib/python3.7/site-packages/airflow/example_dags/example_latest_only.py for tasks to queue
[2023-02-28T15:56:11.681+0000] {logging_mixin.py:137} INFO - [2023-02-28T15:56:11.681+0000] {dagbag.py:538} INFO - Filling up the DagBag from /home/airflow/.local/lib/python3.7/site-packages/airflow/example_dags/example_latest_only.py
[2023-02-28T15:56:11.694+0000] {processor.py:753} INFO - DAG(s) dict_keys(['latest_only']) retrieved from /home/airflow/.local/lib/python3.7/site-packages/airflow/example_dags/example_latest_only.py
[2023-02-28T15:56:11.716+0000] {logging_mixin.py:137} INFO - [2023-02-28T15:56:11.716+0000] {dag.py:2690} INFO - Sync 1 DAGs
[2023-02-28T15:56:11.735+0000] {logging_mixin.py:137} INFO - [2023-02-28T15:56:11.735+0000] {dag.py:3441} INFO - Setting next_dagrun for latest_only to 2023-02-28T11:56:11.734865+00:00, run_after=2023-02-28T15:56:11.734865+00:00
[2023-02-28T15:56:11.751+0000] {processor.py:175} INFO - Processing /home/airflow/.local/lib/python3.7/site-packages/airflow/example_dags/example_latest_only.py took 0.076 seconds
[2023-02-28T15:56:42.752+0000] {processor.py:153} INFO - Started process (PID=1384) to work on /home/airflow/.local/lib/python3.7/site-packages/airflow/example_dags/example_latest_only.py
[2023-02-28T15:56:42.754+0000] {processor.py:743} INFO - Processing file /home/airflow/.local/lib/python3.7/site-packages/airflow/example_dags/example_latest_only.py for tasks to queue
[2023-02-28T15:56:42.755+0000] {logging_mixin.py:137} INFO - [2023-02-28T15:56:42.755+0000] {dagbag.py:538} INFO - Filling up the DagBag from /home/airflow/.local/lib/python3.7/site-packages/airflow/example_dags/example_latest_only.py
[2023-02-28T15:56:42.767+0000] {processor.py:753} INFO - DAG(s) dict_keys(['latest_only']) retrieved from /home/airflow/.local/lib/python3.7/site-packages/airflow/example_dags/example_latest_only.py
[2023-02-28T15:56:42.790+0000] {logging_mixin.py:137} INFO - [2023-02-28T15:56:42.790+0000] {dag.py:2690} INFO - Sync 1 DAGs
[2023-02-28T15:56:42.808+0000] {logging_mixin.py:137} INFO - [2023-02-28T15:56:42.808+0000] {dag.py:3441} INFO - Setting next_dagrun for latest_only to 2023-02-28T11:56:42.807862+00:00, run_after=2023-02-28T15:56:42.807862+00:00
[2023-02-28T15:56:42.822+0000] {processor.py:175} INFO - Processing /home/airflow/.local/lib/python3.7/site-packages/airflow/example_dags/example_latest_only.py took 0.073 seconds
[2023-02-28T15:57:13.574+0000] {processor.py:153} INFO - Started process (PID=1459) to work on /home/airflow/.local/lib/python3.7/site-packages/airflow/example_dags/example_latest_only.py
[2023-02-28T15:57:13.575+0000] {processor.py:743} INFO - Processing file /home/airflow/.local/lib/python3.7/site-packages/airflow/example_dags/example_latest_only.py for tasks to queue
[2023-02-28T15:57:13.577+0000] {logging_mixin.py:137} INFO - [2023-02-28T15:57:13.577+0000] {dagbag.py:538} INFO - Filling up the DagBag from /home/airflow/.local/lib/python3.7/site-packages/airflow/example_dags/example_latest_only.py
[2023-02-28T15:57:13.591+0000] {processor.py:753} INFO - DAG(s) dict_keys(['latest_only']) retrieved from /home/airflow/.local/lib/python3.7/site-packages/airflow/example_dags/example_latest_only.py
[2023-02-28T15:57:13.620+0000] {logging_mixin.py:137} INFO - [2023-02-28T15:57:13.620+0000] {dag.py:2690} INFO - Sync 1 DAGs
[2023-02-28T15:57:13.641+0000] {logging_mixin.py:137} INFO - [2023-02-28T15:57:13.641+0000] {dag.py:3441} INFO - Setting next_dagrun for latest_only to 2023-02-28T11:57:13.641171+00:00, run_after=2023-02-28T15:57:13.641171+00:00
[2023-02-28T15:57:13.656+0000] {processor.py:175} INFO - Processing /home/airflow/.local/lib/python3.7/site-packages/airflow/example_dags/example_latest_only.py took 0.086 seconds
[2023-02-28T15:57:44.308+0000] {processor.py:153} INFO - Started process (PID=1531) to work on /home/airflow/.local/lib/python3.7/site-packages/airflow/example_dags/example_latest_only.py
[2023-02-28T15:57:44.310+0000] {processor.py:743} INFO - Processing file /home/airflow/.local/lib/python3.7/site-packages/airflow/example_dags/example_latest_only.py for tasks to queue
[2023-02-28T15:57:44.312+0000] {logging_mixin.py:137} INFO - [2023-02-28T15:57:44.312+0000] {dagbag.py:538} INFO - Filling up the DagBag from /home/airflow/.local/lib/python3.7/site-packages/airflow/example_dags/example_latest_only.py
[2023-02-28T15:57:44.324+0000] {processor.py:753} INFO - DAG(s) dict_keys(['latest_only']) retrieved from /home/airflow/.local/lib/python3.7/site-packages/airflow/example_dags/example_latest_only.py
[2023-02-28T15:57:44.356+0000] {logging_mixin.py:137} INFO - [2023-02-28T15:57:44.356+0000] {dag.py:2690} INFO - Sync 1 DAGs
[2023-02-28T15:57:44.379+0000] {logging_mixin.py:137} INFO - [2023-02-28T15:57:44.379+0000] {dag.py:3441} INFO - Setting next_dagrun for latest_only to 2023-02-28T11:57:44.378848+00:00, run_after=2023-02-28T15:57:44.378848+00:00
[2023-02-28T15:57:44.401+0000] {processor.py:175} INFO - Processing /home/airflow/.local/lib/python3.7/site-packages/airflow/example_dags/example_latest_only.py took 0.096 seconds
[2023-02-28T15:58:15.114+0000] {processor.py:153} INFO - Started process (PID=1598) to work on /home/airflow/.local/lib/python3.7/site-packages/airflow/example_dags/example_latest_only.py
[2023-02-28T15:58:15.116+0000] {processor.py:743} INFO - Processing file /home/airflow/.local/lib/python3.7/site-packages/airflow/example_dags/example_latest_only.py for tasks to queue
[2023-02-28T15:58:15.117+0000] {logging_mixin.py:137} INFO - [2023-02-28T15:58:15.117+0000] {dagbag.py:538} INFO - Filling up the DagBag from /home/airflow/.local/lib/python3.7/site-packages/airflow/example_dags/example_latest_only.py
[2023-02-28T15:58:15.130+0000] {processor.py:753} INFO - DAG(s) dict_keys(['latest_only']) retrieved from /home/airflow/.local/lib/python3.7/site-packages/airflow/example_dags/example_latest_only.py
[2023-02-28T15:58:15.154+0000] {logging_mixin.py:137} INFO - [2023-02-28T15:58:15.154+0000] {dag.py:2690} INFO - Sync 1 DAGs
[2023-02-28T15:58:15.173+0000] {logging_mixin.py:137} INFO - [2023-02-28T15:58:15.173+0000] {dag.py:3441} INFO - Setting next_dagrun for latest_only to 2023-02-28T11:58:15.172845+00:00, run_after=2023-02-28T15:58:15.172845+00:00
[2023-02-28T15:58:15.187+0000] {processor.py:175} INFO - Processing /home/airflow/.local/lib/python3.7/site-packages/airflow/example_dags/example_latest_only.py took 0.076 seconds
[2023-02-28T15:58:46.015+0000] {processor.py:153} INFO - Started process (PID=1672) to work on /home/airflow/.local/lib/python3.7/site-packages/airflow/example_dags/example_latest_only.py
[2023-02-28T15:58:46.017+0000] {processor.py:743} INFO - Processing file /home/airflow/.local/lib/python3.7/site-packages/airflow/example_dags/example_latest_only.py for tasks to queue
[2023-02-28T15:58:46.018+0000] {logging_mixin.py:137} INFO - [2023-02-28T15:58:46.018+0000] {dagbag.py:538} INFO - Filling up the DagBag from /home/airflow/.local/lib/python3.7/site-packages/airflow/example_dags/example_latest_only.py
[2023-02-28T15:58:46.030+0000] {processor.py:753} INFO - DAG(s) dict_keys(['latest_only']) retrieved from /home/airflow/.local/lib/python3.7/site-packages/airflow/example_dags/example_latest_only.py
[2023-02-28T15:58:46.051+0000] {logging_mixin.py:137} INFO - [2023-02-28T15:58:46.051+0000] {dag.py:2690} INFO - Sync 1 DAGs
[2023-02-28T15:58:46.069+0000] {logging_mixin.py:137} INFO - [2023-02-28T15:58:46.069+0000] {dag.py:3441} INFO - Setting next_dagrun for latest_only to 2023-02-28T11:58:46.069246+00:00, run_after=2023-02-28T15:58:46.069246+00:00
[2023-02-28T15:58:46.085+0000] {processor.py:175} INFO - Processing /home/airflow/.local/lib/python3.7/site-packages/airflow/example_dags/example_latest_only.py took 0.074 seconds
