[2023-02-28T15:46:57.141+0000] {processor.py:153} INFO - Started process (PID=39) to work on /home/airflow/.local/lib/python3.7/site-packages/airflow/example_dags/example_xcomargs.py
[2023-02-28T15:46:57.152+0000] {processor.py:743} INFO - Processing file /home/airflow/.local/lib/python3.7/site-packages/airflow/example_dags/example_xcomargs.py for tasks to queue
[2023-02-28T15:46:57.154+0000] {logging_mixin.py:137} INFO - [2023-02-28T15:46:57.154+0000] {dagbag.py:538} INFO - Filling up the DagBag from /home/airflow/.local/lib/python3.7/site-packages/airflow/example_dags/example_xcomargs.py
[2023-02-28T15:46:57.243+0000] {processor.py:753} INFO - DAG(s) dict_keys(['example_xcom_args_with_operators', 'example_xcom_args']) retrieved from /home/airflow/.local/lib/python3.7/site-packages/airflow/example_dags/example_xcomargs.py
[2023-02-28T15:46:57.258+0000] {logging_mixin.py:137} INFO - [2023-02-28T15:46:57.258+0000] {dag.py:2690} INFO - Sync 2 DAGs
[2023-02-28T15:46:57.287+0000] {logging_mixin.py:137} INFO - [2023-02-28T15:46:57.287+0000] {dag.py:3441} INFO - Setting next_dagrun for example_xcom_args to None, run_after=None
[2023-02-28T15:46:57.291+0000] {logging_mixin.py:137} INFO - [2023-02-28T15:46:57.291+0000] {dag.py:3441} INFO - Setting next_dagrun for example_xcom_args_with_operators to None, run_after=None
[2023-02-28T15:46:57.308+0000] {processor.py:175} INFO - Processing /home/airflow/.local/lib/python3.7/site-packages/airflow/example_dags/example_xcomargs.py took 0.171 seconds
[2023-02-28T15:47:27.701+0000] {processor.py:153} INFO - Started process (PID=112) to work on /home/airflow/.local/lib/python3.7/site-packages/airflow/example_dags/example_xcomargs.py
[2023-02-28T15:47:27.704+0000] {processor.py:743} INFO - Processing file /home/airflow/.local/lib/python3.7/site-packages/airflow/example_dags/example_xcomargs.py for tasks to queue
[2023-02-28T15:47:27.706+0000] {logging_mixin.py:137} INFO - [2023-02-28T15:47:27.706+0000] {dagbag.py:538} INFO - Filling up the DagBag from /home/airflow/.local/lib/python3.7/site-packages/airflow/example_dags/example_xcomargs.py
[2023-02-28T15:47:27.724+0000] {processor.py:753} INFO - DAG(s) dict_keys(['example_xcom_args_with_operators', 'example_xcom_args']) retrieved from /home/airflow/.local/lib/python3.7/site-packages/airflow/example_dags/example_xcomargs.py
[2023-02-28T15:47:27.750+0000] {logging_mixin.py:137} INFO - [2023-02-28T15:47:27.750+0000] {dag.py:2690} INFO - Sync 2 DAGs
[2023-02-28T15:47:27.777+0000] {logging_mixin.py:137} INFO - [2023-02-28T15:47:27.777+0000] {dag.py:3441} INFO - Setting next_dagrun for example_xcom_args to None, run_after=None
[2023-02-28T15:47:27.780+0000] {logging_mixin.py:137} INFO - [2023-02-28T15:47:27.780+0000] {dag.py:3441} INFO - Setting next_dagrun for example_xcom_args_with_operators to None, run_after=None
[2023-02-28T15:47:27.791+0000] {processor.py:175} INFO - Processing /home/airflow/.local/lib/python3.7/site-packages/airflow/example_dags/example_xcomargs.py took 0.093 seconds
[2023-02-28T15:47:58.495+0000] {processor.py:153} INFO - Started process (PID=182) to work on /home/airflow/.local/lib/python3.7/site-packages/airflow/example_dags/example_xcomargs.py
[2023-02-28T15:47:58.499+0000] {processor.py:743} INFO - Processing file /home/airflow/.local/lib/python3.7/site-packages/airflow/example_dags/example_xcomargs.py for tasks to queue
[2023-02-28T15:47:58.501+0000] {logging_mixin.py:137} INFO - [2023-02-28T15:47:58.501+0000] {dagbag.py:538} INFO - Filling up the DagBag from /home/airflow/.local/lib/python3.7/site-packages/airflow/example_dags/example_xcomargs.py
[2023-02-28T15:47:58.525+0000] {processor.py:753} INFO - DAG(s) dict_keys(['example_xcom_args', 'example_xcom_args_with_operators']) retrieved from /home/airflow/.local/lib/python3.7/site-packages/airflow/example_dags/example_xcomargs.py
[2023-02-28T15:47:58.578+0000] {logging_mixin.py:137} INFO - [2023-02-28T15:47:58.577+0000] {dag.py:2690} INFO - Sync 2 DAGs
[2023-02-28T15:47:58.607+0000] {logging_mixin.py:137} INFO - [2023-02-28T15:47:58.607+0000] {dag.py:3441} INFO - Setting next_dagrun for example_xcom_args to None, run_after=None
[2023-02-28T15:47:58.620+0000] {logging_mixin.py:137} INFO - [2023-02-28T15:47:58.620+0000] {dag.py:3441} INFO - Setting next_dagrun for example_xcom_args_with_operators to None, run_after=None
[2023-02-28T15:47:58.636+0000] {processor.py:175} INFO - Processing /home/airflow/.local/lib/python3.7/site-packages/airflow/example_dags/example_xcomargs.py took 0.144 seconds
[2023-02-28T15:48:29.640+0000] {processor.py:153} INFO - Started process (PID=250) to work on /home/airflow/.local/lib/python3.7/site-packages/airflow/example_dags/example_xcomargs.py
[2023-02-28T15:48:29.643+0000] {processor.py:743} INFO - Processing file /home/airflow/.local/lib/python3.7/site-packages/airflow/example_dags/example_xcomargs.py for tasks to queue
[2023-02-28T15:48:29.644+0000] {logging_mixin.py:137} INFO - [2023-02-28T15:48:29.644+0000] {dagbag.py:538} INFO - Filling up the DagBag from /home/airflow/.local/lib/python3.7/site-packages/airflow/example_dags/example_xcomargs.py
[2023-02-28T15:48:29.664+0000] {processor.py:753} INFO - DAG(s) dict_keys(['example_xcom_args', 'example_xcom_args_with_operators']) retrieved from /home/airflow/.local/lib/python3.7/site-packages/airflow/example_dags/example_xcomargs.py
[2023-02-28T15:48:29.690+0000] {logging_mixin.py:137} INFO - [2023-02-28T15:48:29.690+0000] {dag.py:2690} INFO - Sync 2 DAGs
[2023-02-28T15:48:29.707+0000] {logging_mixin.py:137} INFO - [2023-02-28T15:48:29.707+0000] {dag.py:3441} INFO - Setting next_dagrun for example_xcom_args to None, run_after=None
[2023-02-28T15:48:29.710+0000] {logging_mixin.py:137} INFO - [2023-02-28T15:48:29.710+0000] {dag.py:3441} INFO - Setting next_dagrun for example_xcom_args_with_operators to None, run_after=None
[2023-02-28T15:48:29.721+0000] {processor.py:175} INFO - Processing /home/airflow/.local/lib/python3.7/site-packages/airflow/example_dags/example_xcomargs.py took 0.086 seconds
[2023-02-28T15:49:00.275+0000] {processor.py:153} INFO - Started process (PID=325) to work on /home/airflow/.local/lib/python3.7/site-packages/airflow/example_dags/example_xcomargs.py
[2023-02-28T15:49:00.278+0000] {processor.py:743} INFO - Processing file /home/airflow/.local/lib/python3.7/site-packages/airflow/example_dags/example_xcomargs.py for tasks to queue
[2023-02-28T15:49:00.280+0000] {logging_mixin.py:137} INFO - [2023-02-28T15:49:00.279+0000] {dagbag.py:538} INFO - Filling up the DagBag from /home/airflow/.local/lib/python3.7/site-packages/airflow/example_dags/example_xcomargs.py
[2023-02-28T15:49:00.306+0000] {processor.py:753} INFO - DAG(s) dict_keys(['example_xcom_args', 'example_xcom_args_with_operators']) retrieved from /home/airflow/.local/lib/python3.7/site-packages/airflow/example_dags/example_xcomargs.py
[2023-02-28T15:49:00.348+0000] {logging_mixin.py:137} INFO - [2023-02-28T15:49:00.347+0000] {dag.py:2690} INFO - Sync 2 DAGs
[2023-02-28T15:49:00.368+0000] {logging_mixin.py:137} INFO - [2023-02-28T15:49:00.368+0000] {dag.py:3441} INFO - Setting next_dagrun for example_xcom_args to None, run_after=None
[2023-02-28T15:49:00.372+0000] {logging_mixin.py:137} INFO - [2023-02-28T15:49:00.371+0000] {dag.py:3441} INFO - Setting next_dagrun for example_xcom_args_with_operators to None, run_after=None
[2023-02-28T15:49:00.385+0000] {processor.py:175} INFO - Processing /home/airflow/.local/lib/python3.7/site-packages/airflow/example_dags/example_xcomargs.py took 0.114 seconds
[2023-02-28T15:49:31.349+0000] {processor.py:153} INFO - Started process (PID=400) to work on /home/airflow/.local/lib/python3.7/site-packages/airflow/example_dags/example_xcomargs.py
[2023-02-28T15:49:31.351+0000] {processor.py:743} INFO - Processing file /home/airflow/.local/lib/python3.7/site-packages/airflow/example_dags/example_xcomargs.py for tasks to queue
[2023-02-28T15:49:31.353+0000] {logging_mixin.py:137} INFO - [2023-02-28T15:49:31.353+0000] {dagbag.py:538} INFO - Filling up the DagBag from /home/airflow/.local/lib/python3.7/site-packages/airflow/example_dags/example_xcomargs.py
[2023-02-28T15:49:31.374+0000] {processor.py:753} INFO - DAG(s) dict_keys(['example_xcom_args', 'example_xcom_args_with_operators']) retrieved from /home/airflow/.local/lib/python3.7/site-packages/airflow/example_dags/example_xcomargs.py
[2023-02-28T15:49:31.405+0000] {logging_mixin.py:137} INFO - [2023-02-28T15:49:31.404+0000] {dag.py:2690} INFO - Sync 2 DAGs
[2023-02-28T15:49:31.425+0000] {logging_mixin.py:137} INFO - [2023-02-28T15:49:31.425+0000] {dag.py:3441} INFO - Setting next_dagrun for example_xcom_args to None, run_after=None
[2023-02-28T15:49:31.429+0000] {logging_mixin.py:137} INFO - [2023-02-28T15:49:31.429+0000] {dag.py:3441} INFO - Setting next_dagrun for example_xcom_args_with_operators to None, run_after=None
[2023-02-28T15:49:31.442+0000] {processor.py:175} INFO - Processing /home/airflow/.local/lib/python3.7/site-packages/airflow/example_dags/example_xcomargs.py took 0.097 seconds
[2023-02-28T15:50:02.144+0000] {processor.py:153} INFO - Started process (PID=463) to work on /home/airflow/.local/lib/python3.7/site-packages/airflow/example_dags/example_xcomargs.py
[2023-02-28T15:50:02.146+0000] {processor.py:743} INFO - Processing file /home/airflow/.local/lib/python3.7/site-packages/airflow/example_dags/example_xcomargs.py for tasks to queue
[2023-02-28T15:50:02.148+0000] {logging_mixin.py:137} INFO - [2023-02-28T15:50:02.148+0000] {dagbag.py:538} INFO - Filling up the DagBag from /home/airflow/.local/lib/python3.7/site-packages/airflow/example_dags/example_xcomargs.py
[2023-02-28T15:50:02.168+0000] {processor.py:753} INFO - DAG(s) dict_keys(['example_xcom_args_with_operators', 'example_xcom_args']) retrieved from /home/airflow/.local/lib/python3.7/site-packages/airflow/example_dags/example_xcomargs.py
[2023-02-28T15:50:02.194+0000] {logging_mixin.py:137} INFO - [2023-02-28T15:50:02.194+0000] {dag.py:2690} INFO - Sync 2 DAGs
[2023-02-28T15:50:02.212+0000] {logging_mixin.py:137} INFO - [2023-02-28T15:50:02.211+0000] {dag.py:3441} INFO - Setting next_dagrun for example_xcom_args to None, run_after=None
[2023-02-28T15:50:02.215+0000] {logging_mixin.py:137} INFO - [2023-02-28T15:50:02.214+0000] {dag.py:3441} INFO - Setting next_dagrun for example_xcom_args_with_operators to None, run_after=None
[2023-02-28T15:50:02.230+0000] {processor.py:175} INFO - Processing /home/airflow/.local/lib/python3.7/site-packages/airflow/example_dags/example_xcomargs.py took 0.090 seconds
[2023-02-28T15:50:33.110+0000] {processor.py:153} INFO - Started process (PID=539) to work on /home/airflow/.local/lib/python3.7/site-packages/airflow/example_dags/example_xcomargs.py
[2023-02-28T15:50:33.113+0000] {processor.py:743} INFO - Processing file /home/airflow/.local/lib/python3.7/site-packages/airflow/example_dags/example_xcomargs.py for tasks to queue
[2023-02-28T15:50:33.115+0000] {logging_mixin.py:137} INFO - [2023-02-28T15:50:33.115+0000] {dagbag.py:538} INFO - Filling up the DagBag from /home/airflow/.local/lib/python3.7/site-packages/airflow/example_dags/example_xcomargs.py
[2023-02-28T15:50:33.136+0000] {processor.py:753} INFO - DAG(s) dict_keys(['example_xcom_args_with_operators', 'example_xcom_args']) retrieved from /home/airflow/.local/lib/python3.7/site-packages/airflow/example_dags/example_xcomargs.py
[2023-02-28T15:50:33.162+0000] {logging_mixin.py:137} INFO - [2023-02-28T15:50:33.162+0000] {dag.py:2690} INFO - Sync 2 DAGs
[2023-02-28T15:50:33.181+0000] {logging_mixin.py:137} INFO - [2023-02-28T15:50:33.181+0000] {dag.py:3441} INFO - Setting next_dagrun for example_xcom_args to None, run_after=None
[2023-02-28T15:50:33.184+0000] {logging_mixin.py:137} INFO - [2023-02-28T15:50:33.184+0000] {dag.py:3441} INFO - Setting next_dagrun for example_xcom_args_with_operators to None, run_after=None
[2023-02-28T15:50:33.198+0000] {processor.py:175} INFO - Processing /home/airflow/.local/lib/python3.7/site-packages/airflow/example_dags/example_xcomargs.py took 0.092 seconds
[2023-02-28T15:51:04.102+0000] {processor.py:153} INFO - Started process (PID=614) to work on /home/airflow/.local/lib/python3.7/site-packages/airflow/example_dags/example_xcomargs.py
[2023-02-28T15:51:04.105+0000] {processor.py:743} INFO - Processing file /home/airflow/.local/lib/python3.7/site-packages/airflow/example_dags/example_xcomargs.py for tasks to queue
[2023-02-28T15:51:04.108+0000] {logging_mixin.py:137} INFO - [2023-02-28T15:51:04.107+0000] {dagbag.py:538} INFO - Filling up the DagBag from /home/airflow/.local/lib/python3.7/site-packages/airflow/example_dags/example_xcomargs.py
[2023-02-28T15:51:04.126+0000] {processor.py:753} INFO - DAG(s) dict_keys(['example_xcom_args', 'example_xcom_args_with_operators']) retrieved from /home/airflow/.local/lib/python3.7/site-packages/airflow/example_dags/example_xcomargs.py
[2023-02-28T15:51:04.157+0000] {logging_mixin.py:137} INFO - [2023-02-28T15:51:04.157+0000] {dag.py:2690} INFO - Sync 2 DAGs
[2023-02-28T15:51:04.176+0000] {logging_mixin.py:137} INFO - [2023-02-28T15:51:04.176+0000] {dag.py:3441} INFO - Setting next_dagrun for example_xcom_args to None, run_after=None
[2023-02-28T15:51:04.180+0000] {logging_mixin.py:137} INFO - [2023-02-28T15:51:04.180+0000] {dag.py:3441} INFO - Setting next_dagrun for example_xcom_args_with_operators to None, run_after=None
[2023-02-28T15:51:04.194+0000] {processor.py:175} INFO - Processing /home/airflow/.local/lib/python3.7/site-packages/airflow/example_dags/example_xcomargs.py took 0.098 seconds
[2023-02-28T15:51:34.987+0000] {processor.py:153} INFO - Started process (PID=677) to work on /home/airflow/.local/lib/python3.7/site-packages/airflow/example_dags/example_xcomargs.py
[2023-02-28T15:51:34.990+0000] {processor.py:743} INFO - Processing file /home/airflow/.local/lib/python3.7/site-packages/airflow/example_dags/example_xcomargs.py for tasks to queue
[2023-02-28T15:51:34.991+0000] {logging_mixin.py:137} INFO - [2023-02-28T15:51:34.991+0000] {dagbag.py:538} INFO - Filling up the DagBag from /home/airflow/.local/lib/python3.7/site-packages/airflow/example_dags/example_xcomargs.py
[2023-02-28T15:51:35.013+0000] {processor.py:753} INFO - DAG(s) dict_keys(['example_xcom_args', 'example_xcom_args_with_operators']) retrieved from /home/airflow/.local/lib/python3.7/site-packages/airflow/example_dags/example_xcomargs.py
[2023-02-28T15:51:35.037+0000] {logging_mixin.py:137} INFO - [2023-02-28T15:51:35.037+0000] {dag.py:2690} INFO - Sync 2 DAGs
[2023-02-28T15:51:35.054+0000] {logging_mixin.py:137} INFO - [2023-02-28T15:51:35.054+0000] {dag.py:3441} INFO - Setting next_dagrun for example_xcom_args to None, run_after=None
[2023-02-28T15:51:35.057+0000] {logging_mixin.py:137} INFO - [2023-02-28T15:51:35.057+0000] {dag.py:3441} INFO - Setting next_dagrun for example_xcom_args_with_operators to None, run_after=None
[2023-02-28T15:51:35.067+0000] {processor.py:175} INFO - Processing /home/airflow/.local/lib/python3.7/site-packages/airflow/example_dags/example_xcomargs.py took 0.087 seconds
[2023-02-28T15:52:05.963+0000] {processor.py:153} INFO - Started process (PID=752) to work on /home/airflow/.local/lib/python3.7/site-packages/airflow/example_dags/example_xcomargs.py
[2023-02-28T15:52:05.966+0000] {processor.py:743} INFO - Processing file /home/airflow/.local/lib/python3.7/site-packages/airflow/example_dags/example_xcomargs.py for tasks to queue
[2023-02-28T15:52:05.968+0000] {logging_mixin.py:137} INFO - [2023-02-28T15:52:05.968+0000] {dagbag.py:538} INFO - Filling up the DagBag from /home/airflow/.local/lib/python3.7/site-packages/airflow/example_dags/example_xcomargs.py
[2023-02-28T15:52:05.988+0000] {processor.py:753} INFO - DAG(s) dict_keys(['example_xcom_args_with_operators', 'example_xcom_args']) retrieved from /home/airflow/.local/lib/python3.7/site-packages/airflow/example_dags/example_xcomargs.py
[2023-02-28T15:52:06.020+0000] {logging_mixin.py:137} INFO - [2023-02-28T15:52:06.019+0000] {dag.py:2690} INFO - Sync 2 DAGs
[2023-02-28T15:52:06.040+0000] {logging_mixin.py:137} INFO - [2023-02-28T15:52:06.040+0000] {dag.py:3441} INFO - Setting next_dagrun for example_xcom_args to None, run_after=None
[2023-02-28T15:52:06.048+0000] {logging_mixin.py:137} INFO - [2023-02-28T15:52:06.048+0000] {dag.py:3441} INFO - Setting next_dagrun for example_xcom_args_with_operators to None, run_after=None
[2023-02-28T15:52:06.063+0000] {processor.py:175} INFO - Processing /home/airflow/.local/lib/python3.7/site-packages/airflow/example_dags/example_xcomargs.py took 0.109 seconds
[2023-02-28T15:52:36.789+0000] {processor.py:153} INFO - Started process (PID=827) to work on /home/airflow/.local/lib/python3.7/site-packages/airflow/example_dags/example_xcomargs.py
[2023-02-28T15:52:36.793+0000] {processor.py:743} INFO - Processing file /home/airflow/.local/lib/python3.7/site-packages/airflow/example_dags/example_xcomargs.py for tasks to queue
[2023-02-28T15:52:36.796+0000] {logging_mixin.py:137} INFO - [2023-02-28T15:52:36.795+0000] {dagbag.py:538} INFO - Filling up the DagBag from /home/airflow/.local/lib/python3.7/site-packages/airflow/example_dags/example_xcomargs.py
[2023-02-28T15:52:36.815+0000] {processor.py:753} INFO - DAG(s) dict_keys(['example_xcom_args_with_operators', 'example_xcom_args']) retrieved from /home/airflow/.local/lib/python3.7/site-packages/airflow/example_dags/example_xcomargs.py
[2023-02-28T15:52:36.841+0000] {logging_mixin.py:137} INFO - [2023-02-28T15:52:36.841+0000] {dag.py:2690} INFO - Sync 2 DAGs
[2023-02-28T15:52:36.858+0000] {logging_mixin.py:137} INFO - [2023-02-28T15:52:36.858+0000] {dag.py:3441} INFO - Setting next_dagrun for example_xcom_args to None, run_after=None
[2023-02-28T15:52:36.861+0000] {logging_mixin.py:137} INFO - [2023-02-28T15:52:36.861+0000] {dag.py:3441} INFO - Setting next_dagrun for example_xcom_args_with_operators to None, run_after=None
[2023-02-28T15:52:36.873+0000] {processor.py:175} INFO - Processing /home/airflow/.local/lib/python3.7/site-packages/airflow/example_dags/example_xcomargs.py took 0.089 seconds
[2023-02-28T15:53:07.640+0000] {processor.py:153} INFO - Started process (PID=899) to work on /home/airflow/.local/lib/python3.7/site-packages/airflow/example_dags/example_xcomargs.py
[2023-02-28T15:53:07.649+0000] {processor.py:743} INFO - Processing file /home/airflow/.local/lib/python3.7/site-packages/airflow/example_dags/example_xcomargs.py for tasks to queue
[2023-02-28T15:53:07.658+0000] {logging_mixin.py:137} INFO - [2023-02-28T15:53:07.657+0000] {dagbag.py:538} INFO - Filling up the DagBag from /home/airflow/.local/lib/python3.7/site-packages/airflow/example_dags/example_xcomargs.py
[2023-02-28T15:53:07.686+0000] {processor.py:753} INFO - DAG(s) dict_keys(['example_xcom_args_with_operators', 'example_xcom_args']) retrieved from /home/airflow/.local/lib/python3.7/site-packages/airflow/example_dags/example_xcomargs.py
[2023-02-28T15:53:07.723+0000] {logging_mixin.py:137} INFO - [2023-02-28T15:53:07.723+0000] {dag.py:2690} INFO - Sync 2 DAGs
[2023-02-28T15:53:07.745+0000] {logging_mixin.py:137} INFO - [2023-02-28T15:53:07.745+0000] {dag.py:3441} INFO - Setting next_dagrun for example_xcom_args to None, run_after=None
[2023-02-28T15:53:07.749+0000] {logging_mixin.py:137} INFO - [2023-02-28T15:53:07.749+0000] {dag.py:3441} INFO - Setting next_dagrun for example_xcom_args_with_operators to None, run_after=None
[2023-02-28T15:53:07.764+0000] {processor.py:175} INFO - Processing /home/airflow/.local/lib/python3.7/site-packages/airflow/example_dags/example_xcomargs.py took 0.128 seconds
[2023-02-28T15:53:38.761+0000] {processor.py:153} INFO - Started process (PID=965) to work on /home/airflow/.local/lib/python3.7/site-packages/airflow/example_dags/example_xcomargs.py
[2023-02-28T15:53:38.764+0000] {processor.py:743} INFO - Processing file /home/airflow/.local/lib/python3.7/site-packages/airflow/example_dags/example_xcomargs.py for tasks to queue
[2023-02-28T15:53:38.768+0000] {logging_mixin.py:137} INFO - [2023-02-28T15:53:38.767+0000] {dagbag.py:538} INFO - Filling up the DagBag from /home/airflow/.local/lib/python3.7/site-packages/airflow/example_dags/example_xcomargs.py
[2023-02-28T15:53:38.791+0000] {processor.py:753} INFO - DAG(s) dict_keys(['example_xcom_args', 'example_xcom_args_with_operators']) retrieved from /home/airflow/.local/lib/python3.7/site-packages/airflow/example_dags/example_xcomargs.py
[2023-02-28T15:53:38.820+0000] {logging_mixin.py:137} INFO - [2023-02-28T15:53:38.820+0000] {dag.py:2690} INFO - Sync 2 DAGs
[2023-02-28T15:53:38.840+0000] {logging_mixin.py:137} INFO - [2023-02-28T15:53:38.840+0000] {dag.py:3441} INFO - Setting next_dagrun for example_xcom_args to None, run_after=None
[2023-02-28T15:53:38.844+0000] {logging_mixin.py:137} INFO - [2023-02-28T15:53:38.844+0000] {dag.py:3441} INFO - Setting next_dagrun for example_xcom_args_with_operators to None, run_after=None
[2023-02-28T15:53:38.856+0000] {processor.py:175} INFO - Processing /home/airflow/.local/lib/python3.7/site-packages/airflow/example_dags/example_xcomargs.py took 0.101 seconds
[2023-02-28T15:54:09.477+0000] {processor.py:153} INFO - Started process (PID=1039) to work on /home/airflow/.local/lib/python3.7/site-packages/airflow/example_dags/example_xcomargs.py
[2023-02-28T15:54:09.480+0000] {processor.py:743} INFO - Processing file /home/airflow/.local/lib/python3.7/site-packages/airflow/example_dags/example_xcomargs.py for tasks to queue
[2023-02-28T15:54:09.482+0000] {logging_mixin.py:137} INFO - [2023-02-28T15:54:09.482+0000] {dagbag.py:538} INFO - Filling up the DagBag from /home/airflow/.local/lib/python3.7/site-packages/airflow/example_dags/example_xcomargs.py
[2023-02-28T15:54:09.504+0000] {processor.py:753} INFO - DAG(s) dict_keys(['example_xcom_args', 'example_xcom_args_with_operators']) retrieved from /home/airflow/.local/lib/python3.7/site-packages/airflow/example_dags/example_xcomargs.py
[2023-02-28T15:54:09.531+0000] {logging_mixin.py:137} INFO - [2023-02-28T15:54:09.531+0000] {dag.py:2690} INFO - Sync 2 DAGs
[2023-02-28T15:54:09.548+0000] {logging_mixin.py:137} INFO - [2023-02-28T15:54:09.548+0000] {dag.py:3441} INFO - Setting next_dagrun for example_xcom_args to None, run_after=None
[2023-02-28T15:54:09.551+0000] {logging_mixin.py:137} INFO - [2023-02-28T15:54:09.551+0000] {dag.py:3441} INFO - Setting next_dagrun for example_xcom_args_with_operators to None, run_after=None
[2023-02-28T15:54:09.564+0000] {processor.py:175} INFO - Processing /home/airflow/.local/lib/python3.7/site-packages/airflow/example_dags/example_xcomargs.py took 0.092 seconds
[2023-02-28T15:54:40.431+0000] {processor.py:153} INFO - Started process (PID=1113) to work on /home/airflow/.local/lib/python3.7/site-packages/airflow/example_dags/example_xcomargs.py
[2023-02-28T15:54:40.433+0000] {processor.py:743} INFO - Processing file /home/airflow/.local/lib/python3.7/site-packages/airflow/example_dags/example_xcomargs.py for tasks to queue
[2023-02-28T15:54:40.435+0000] {logging_mixin.py:137} INFO - [2023-02-28T15:54:40.434+0000] {dagbag.py:538} INFO - Filling up the DagBag from /home/airflow/.local/lib/python3.7/site-packages/airflow/example_dags/example_xcomargs.py
[2023-02-28T15:54:40.459+0000] {processor.py:753} INFO - DAG(s) dict_keys(['example_xcom_args_with_operators', 'example_xcom_args']) retrieved from /home/airflow/.local/lib/python3.7/site-packages/airflow/example_dags/example_xcomargs.py
[2023-02-28T15:54:40.491+0000] {logging_mixin.py:137} INFO - [2023-02-28T15:54:40.490+0000] {dag.py:2690} INFO - Sync 2 DAGs
[2023-02-28T15:54:40.521+0000] {logging_mixin.py:137} INFO - [2023-02-28T15:54:40.521+0000] {dag.py:3441} INFO - Setting next_dagrun for example_xcom_args to None, run_after=None
[2023-02-28T15:54:40.526+0000] {logging_mixin.py:137} INFO - [2023-02-28T15:54:40.526+0000] {dag.py:3441} INFO - Setting next_dagrun for example_xcom_args_with_operators to None, run_after=None
[2023-02-28T15:54:40.553+0000] {processor.py:175} INFO - Processing /home/airflow/.local/lib/python3.7/site-packages/airflow/example_dags/example_xcomargs.py took 0.125 seconds
[2023-02-28T15:55:11.279+0000] {processor.py:153} INFO - Started process (PID=1177) to work on /home/airflow/.local/lib/python3.7/site-packages/airflow/example_dags/example_xcomargs.py
[2023-02-28T15:55:11.282+0000] {processor.py:743} INFO - Processing file /home/airflow/.local/lib/python3.7/site-packages/airflow/example_dags/example_xcomargs.py for tasks to queue
[2023-02-28T15:55:11.284+0000] {logging_mixin.py:137} INFO - [2023-02-28T15:55:11.284+0000] {dagbag.py:538} INFO - Filling up the DagBag from /home/airflow/.local/lib/python3.7/site-packages/airflow/example_dags/example_xcomargs.py
[2023-02-28T15:55:11.303+0000] {processor.py:753} INFO - DAG(s) dict_keys(['example_xcom_args_with_operators', 'example_xcom_args']) retrieved from /home/airflow/.local/lib/python3.7/site-packages/airflow/example_dags/example_xcomargs.py
[2023-02-28T15:55:11.329+0000] {logging_mixin.py:137} INFO - [2023-02-28T15:55:11.329+0000] {dag.py:2690} INFO - Sync 2 DAGs
[2023-02-28T15:55:11.347+0000] {logging_mixin.py:137} INFO - [2023-02-28T15:55:11.347+0000] {dag.py:3441} INFO - Setting next_dagrun for example_xcom_args to None, run_after=None
[2023-02-28T15:55:11.351+0000] {logging_mixin.py:137} INFO - [2023-02-28T15:55:11.350+0000] {dag.py:3441} INFO - Setting next_dagrun for example_xcom_args_with_operators to None, run_after=None
[2023-02-28T15:55:11.361+0000] {processor.py:175} INFO - Processing /home/airflow/.local/lib/python3.7/site-packages/airflow/example_dags/example_xcomargs.py took 0.088 seconds
[2023-02-28T15:55:42.129+0000] {processor.py:153} INFO - Started process (PID=1252) to work on /home/airflow/.local/lib/python3.7/site-packages/airflow/example_dags/example_xcomargs.py
[2023-02-28T15:55:42.132+0000] {processor.py:743} INFO - Processing file /home/airflow/.local/lib/python3.7/site-packages/airflow/example_dags/example_xcomargs.py for tasks to queue
[2023-02-28T15:55:42.134+0000] {logging_mixin.py:137} INFO - [2023-02-28T15:55:42.134+0000] {dagbag.py:538} INFO - Filling up the DagBag from /home/airflow/.local/lib/python3.7/site-packages/airflow/example_dags/example_xcomargs.py
[2023-02-28T15:55:42.157+0000] {processor.py:753} INFO - DAG(s) dict_keys(['example_xcom_args', 'example_xcom_args_with_operators']) retrieved from /home/airflow/.local/lib/python3.7/site-packages/airflow/example_dags/example_xcomargs.py
[2023-02-28T15:55:42.187+0000] {logging_mixin.py:137} INFO - [2023-02-28T15:55:42.187+0000] {dag.py:2690} INFO - Sync 2 DAGs
[2023-02-28T15:55:42.207+0000] {logging_mixin.py:137} INFO - [2023-02-28T15:55:42.207+0000] {dag.py:3441} INFO - Setting next_dagrun for example_xcom_args to None, run_after=None
[2023-02-28T15:55:42.211+0000] {logging_mixin.py:137} INFO - [2023-02-28T15:55:42.211+0000] {dag.py:3441} INFO - Setting next_dagrun for example_xcom_args_with_operators to None, run_after=None
[2023-02-28T15:55:42.224+0000] {processor.py:175} INFO - Processing /home/airflow/.local/lib/python3.7/site-packages/airflow/example_dags/example_xcomargs.py took 0.100 seconds
[2023-02-28T15:56:13.048+0000] {processor.py:153} INFO - Started process (PID=1327) to work on /home/airflow/.local/lib/python3.7/site-packages/airflow/example_dags/example_xcomargs.py
[2023-02-28T15:56:13.050+0000] {processor.py:743} INFO - Processing file /home/airflow/.local/lib/python3.7/site-packages/airflow/example_dags/example_xcomargs.py for tasks to queue
[2023-02-28T15:56:13.052+0000] {logging_mixin.py:137} INFO - [2023-02-28T15:56:13.052+0000] {dagbag.py:538} INFO - Filling up the DagBag from /home/airflow/.local/lib/python3.7/site-packages/airflow/example_dags/example_xcomargs.py
[2023-02-28T15:56:13.087+0000] {processor.py:753} INFO - DAG(s) dict_keys(['example_xcom_args_with_operators', 'example_xcom_args']) retrieved from /home/airflow/.local/lib/python3.7/site-packages/airflow/example_dags/example_xcomargs.py
[2023-02-28T15:56:13.123+0000] {logging_mixin.py:137} INFO - [2023-02-28T15:56:13.122+0000] {dag.py:2690} INFO - Sync 2 DAGs
[2023-02-28T15:56:13.191+0000] {logging_mixin.py:137} INFO - [2023-02-28T15:56:13.191+0000] {dag.py:3441} INFO - Setting next_dagrun for example_xcom_args to None, run_after=None
[2023-02-28T15:56:13.200+0000] {logging_mixin.py:137} INFO - [2023-02-28T15:56:13.200+0000] {dag.py:3441} INFO - Setting next_dagrun for example_xcom_args_with_operators to None, run_after=None
[2023-02-28T15:56:13.226+0000] {processor.py:175} INFO - Processing /home/airflow/.local/lib/python3.7/site-packages/airflow/example_dags/example_xcomargs.py took 0.181 seconds
[2023-02-28T15:56:44.127+0000] {processor.py:153} INFO - Started process (PID=1389) to work on /home/airflow/.local/lib/python3.7/site-packages/airflow/example_dags/example_xcomargs.py
[2023-02-28T15:56:44.130+0000] {processor.py:743} INFO - Processing file /home/airflow/.local/lib/python3.7/site-packages/airflow/example_dags/example_xcomargs.py for tasks to queue
[2023-02-28T15:56:44.132+0000] {logging_mixin.py:137} INFO - [2023-02-28T15:56:44.132+0000] {dagbag.py:538} INFO - Filling up the DagBag from /home/airflow/.local/lib/python3.7/site-packages/airflow/example_dags/example_xcomargs.py
[2023-02-28T15:56:44.151+0000] {processor.py:753} INFO - DAG(s) dict_keys(['example_xcom_args_with_operators', 'example_xcom_args']) retrieved from /home/airflow/.local/lib/python3.7/site-packages/airflow/example_dags/example_xcomargs.py
[2023-02-28T15:56:44.178+0000] {logging_mixin.py:137} INFO - [2023-02-28T15:56:44.178+0000] {dag.py:2690} INFO - Sync 2 DAGs
[2023-02-28T15:56:44.200+0000] {logging_mixin.py:137} INFO - [2023-02-28T15:56:44.200+0000] {dag.py:3441} INFO - Setting next_dagrun for example_xcom_args to None, run_after=None
[2023-02-28T15:56:44.203+0000] {logging_mixin.py:137} INFO - [2023-02-28T15:56:44.203+0000] {dag.py:3441} INFO - Setting next_dagrun for example_xcom_args_with_operators to None, run_after=None
[2023-02-28T15:56:44.218+0000] {processor.py:175} INFO - Processing /home/airflow/.local/lib/python3.7/site-packages/airflow/example_dags/example_xcomargs.py took 0.098 seconds
[2023-02-28T15:57:14.939+0000] {processor.py:153} INFO - Started process (PID=1464) to work on /home/airflow/.local/lib/python3.7/site-packages/airflow/example_dags/example_xcomargs.py
[2023-02-28T15:57:14.941+0000] {processor.py:743} INFO - Processing file /home/airflow/.local/lib/python3.7/site-packages/airflow/example_dags/example_xcomargs.py for tasks to queue
[2023-02-28T15:57:14.943+0000] {logging_mixin.py:137} INFO - [2023-02-28T15:57:14.943+0000] {dagbag.py:538} INFO - Filling up the DagBag from /home/airflow/.local/lib/python3.7/site-packages/airflow/example_dags/example_xcomargs.py
[2023-02-28T15:57:14.962+0000] {processor.py:753} INFO - DAG(s) dict_keys(['example_xcom_args', 'example_xcom_args_with_operators']) retrieved from /home/airflow/.local/lib/python3.7/site-packages/airflow/example_dags/example_xcomargs.py
[2023-02-28T15:57:14.991+0000] {logging_mixin.py:137} INFO - [2023-02-28T15:57:14.991+0000] {dag.py:2690} INFO - Sync 2 DAGs
[2023-02-28T15:57:15.018+0000] {logging_mixin.py:137} INFO - [2023-02-28T15:57:15.018+0000] {dag.py:3441} INFO - Setting next_dagrun for example_xcom_args to None, run_after=None
[2023-02-28T15:57:15.022+0000] {logging_mixin.py:137} INFO - [2023-02-28T15:57:15.022+0000] {dag.py:3441} INFO - Setting next_dagrun for example_xcom_args_with_operators to None, run_after=None
[2023-02-28T15:57:15.034+0000] {processor.py:175} INFO - Processing /home/airflow/.local/lib/python3.7/site-packages/airflow/example_dags/example_xcomargs.py took 0.100 seconds
[2023-02-28T15:57:45.742+0000] {processor.py:153} INFO - Started process (PID=1539) to work on /home/airflow/.local/lib/python3.7/site-packages/airflow/example_dags/example_xcomargs.py
[2023-02-28T15:57:45.745+0000] {processor.py:743} INFO - Processing file /home/airflow/.local/lib/python3.7/site-packages/airflow/example_dags/example_xcomargs.py for tasks to queue
[2023-02-28T15:57:45.748+0000] {logging_mixin.py:137} INFO - [2023-02-28T15:57:45.748+0000] {dagbag.py:538} INFO - Filling up the DagBag from /home/airflow/.local/lib/python3.7/site-packages/airflow/example_dags/example_xcomargs.py
[2023-02-28T15:57:45.773+0000] {processor.py:753} INFO - DAG(s) dict_keys(['example_xcom_args_with_operators', 'example_xcom_args']) retrieved from /home/airflow/.local/lib/python3.7/site-packages/airflow/example_dags/example_xcomargs.py
[2023-02-28T15:57:45.801+0000] {logging_mixin.py:137} INFO - [2023-02-28T15:57:45.800+0000] {dag.py:2690} INFO - Sync 2 DAGs
[2023-02-28T15:57:45.817+0000] {logging_mixin.py:137} INFO - [2023-02-28T15:57:45.817+0000] {dag.py:3441} INFO - Setting next_dagrun for example_xcom_args to None, run_after=None
[2023-02-28T15:57:45.822+0000] {logging_mixin.py:137} INFO - [2023-02-28T15:57:45.822+0000] {dag.py:3441} INFO - Setting next_dagrun for example_xcom_args_with_operators to None, run_after=None
[2023-02-28T15:57:45.837+0000] {processor.py:175} INFO - Processing /home/airflow/.local/lib/python3.7/site-packages/airflow/example_dags/example_xcomargs.py took 0.100 seconds
[2023-02-28T15:58:16.459+0000] {processor.py:153} INFO - Started process (PID=1603) to work on /home/airflow/.local/lib/python3.7/site-packages/airflow/example_dags/example_xcomargs.py
[2023-02-28T15:58:16.461+0000] {processor.py:743} INFO - Processing file /home/airflow/.local/lib/python3.7/site-packages/airflow/example_dags/example_xcomargs.py for tasks to queue
[2023-02-28T15:58:16.463+0000] {logging_mixin.py:137} INFO - [2023-02-28T15:58:16.462+0000] {dagbag.py:538} INFO - Filling up the DagBag from /home/airflow/.local/lib/python3.7/site-packages/airflow/example_dags/example_xcomargs.py
[2023-02-28T15:58:16.483+0000] {processor.py:753} INFO - DAG(s) dict_keys(['example_xcom_args', 'example_xcom_args_with_operators']) retrieved from /home/airflow/.local/lib/python3.7/site-packages/airflow/example_dags/example_xcomargs.py
[2023-02-28T15:58:16.516+0000] {logging_mixin.py:137} INFO - [2023-02-28T15:58:16.516+0000] {dag.py:2690} INFO - Sync 2 DAGs
[2023-02-28T15:58:16.533+0000] {logging_mixin.py:137} INFO - [2023-02-28T15:58:16.533+0000] {dag.py:3441} INFO - Setting next_dagrun for example_xcom_args to None, run_after=None
[2023-02-28T15:58:16.536+0000] {logging_mixin.py:137} INFO - [2023-02-28T15:58:16.536+0000] {dag.py:3441} INFO - Setting next_dagrun for example_xcom_args_with_operators to None, run_after=None
[2023-02-28T15:58:16.549+0000] {processor.py:175} INFO - Processing /home/airflow/.local/lib/python3.7/site-packages/airflow/example_dags/example_xcomargs.py took 0.094 seconds
[2023-02-28T15:58:47.376+0000] {processor.py:153} INFO - Started process (PID=1677) to work on /home/airflow/.local/lib/python3.7/site-packages/airflow/example_dags/example_xcomargs.py
[2023-02-28T15:58:47.379+0000] {processor.py:743} INFO - Processing file /home/airflow/.local/lib/python3.7/site-packages/airflow/example_dags/example_xcomargs.py for tasks to queue
[2023-02-28T15:58:47.381+0000] {logging_mixin.py:137} INFO - [2023-02-28T15:58:47.381+0000] {dagbag.py:538} INFO - Filling up the DagBag from /home/airflow/.local/lib/python3.7/site-packages/airflow/example_dags/example_xcomargs.py
[2023-02-28T15:58:47.401+0000] {processor.py:753} INFO - DAG(s) dict_keys(['example_xcom_args_with_operators', 'example_xcom_args']) retrieved from /home/airflow/.local/lib/python3.7/site-packages/airflow/example_dags/example_xcomargs.py
[2023-02-28T15:58:47.428+0000] {logging_mixin.py:137} INFO - [2023-02-28T15:58:47.428+0000] {dag.py:2690} INFO - Sync 2 DAGs
[2023-02-28T15:58:47.448+0000] {logging_mixin.py:137} INFO - [2023-02-28T15:58:47.448+0000] {dag.py:3441} INFO - Setting next_dagrun for example_xcom_args to None, run_after=None
[2023-02-28T15:58:47.452+0000] {logging_mixin.py:137} INFO - [2023-02-28T15:58:47.452+0000] {dag.py:3441} INFO - Setting next_dagrun for example_xcom_args_with_operators to None, run_after=None
[2023-02-28T15:58:47.464+0000] {processor.py:175} INFO - Processing /home/airflow/.local/lib/python3.7/site-packages/airflow/example_dags/example_xcomargs.py took 0.092 seconds
