[2023-02-28T15:46:58.285+0000] {processor.py:153} INFO - Started process (PID=50) to work on /home/airflow/.local/lib/python3.7/site-packages/airflow/example_dags/example_short_circuit_operator.py
[2023-02-28T15:46:58.286+0000] {processor.py:743} INFO - Processing file /home/airflow/.local/lib/python3.7/site-packages/airflow/example_dags/example_short_circuit_operator.py for tasks to queue
[2023-02-28T15:46:58.288+0000] {logging_mixin.py:137} INFO - [2023-02-28T15:46:58.288+0000] {dagbag.py:538} INFO - Filling up the DagBag from /home/airflow/.local/lib/python3.7/site-packages/airflow/example_dags/example_short_circuit_operator.py
[2023-02-28T15:46:58.307+0000] {processor.py:753} INFO - DAG(s) dict_keys(['example_short_circuit_operator']) retrieved from /home/airflow/.local/lib/python3.7/site-packages/airflow/example_dags/example_short_circuit_operator.py
[2023-02-28T15:46:58.330+0000] {logging_mixin.py:137} INFO - [2023-02-28T15:46:58.330+0000] {dag.py:2690} INFO - Sync 1 DAGs
[2023-02-28T15:46:58.353+0000] {logging_mixin.py:137} INFO - [2023-02-28T15:46:58.353+0000] {dag.py:3441} INFO - Setting next_dagrun for example_short_circuit_operator to 2023-02-27T15:46:58.353385+00:00, run_after=2023-02-28T15:46:58.353385+00:00
[2023-02-28T15:46:58.392+0000] {processor.py:175} INFO - Processing /home/airflow/.local/lib/python3.7/site-packages/airflow/example_dags/example_short_circuit_operator.py took 0.111 seconds
[2023-02-28T15:47:29.356+0000] {processor.py:153} INFO - Started process (PID=123) to work on /home/airflow/.local/lib/python3.7/site-packages/airflow/example_dags/example_short_circuit_operator.py
[2023-02-28T15:47:29.359+0000] {processor.py:743} INFO - Processing file /home/airflow/.local/lib/python3.7/site-packages/airflow/example_dags/example_short_circuit_operator.py for tasks to queue
[2023-02-28T15:47:29.360+0000] {logging_mixin.py:137} INFO - [2023-02-28T15:47:29.360+0000] {dagbag.py:538} INFO - Filling up the DagBag from /home/airflow/.local/lib/python3.7/site-packages/airflow/example_dags/example_short_circuit_operator.py
[2023-02-28T15:47:29.378+0000] {processor.py:753} INFO - DAG(s) dict_keys(['example_short_circuit_operator']) retrieved from /home/airflow/.local/lib/python3.7/site-packages/airflow/example_dags/example_short_circuit_operator.py
[2023-02-28T15:47:29.405+0000] {logging_mixin.py:137} INFO - [2023-02-28T15:47:29.405+0000] {dag.py:2690} INFO - Sync 1 DAGs
[2023-02-28T15:47:29.423+0000] {logging_mixin.py:137} INFO - [2023-02-28T15:47:29.423+0000] {dag.py:3441} INFO - Setting next_dagrun for example_short_circuit_operator to 2023-02-27T15:47:29.423449+00:00, run_after=2023-02-28T15:47:29.423449+00:00
[2023-02-28T15:47:29.437+0000] {processor.py:175} INFO - Processing /home/airflow/.local/lib/python3.7/site-packages/airflow/example_dags/example_short_circuit_operator.py took 0.084 seconds
[2023-02-28T15:47:59.524+0000] {processor.py:153} INFO - Started process (PID=198) to work on /home/airflow/.local/lib/python3.7/site-packages/airflow/example_dags/example_short_circuit_operator.py
[2023-02-28T15:47:59.526+0000] {processor.py:743} INFO - Processing file /home/airflow/.local/lib/python3.7/site-packages/airflow/example_dags/example_short_circuit_operator.py for tasks to queue
[2023-02-28T15:47:59.528+0000] {logging_mixin.py:137} INFO - [2023-02-28T15:47:59.528+0000] {dagbag.py:538} INFO - Filling up the DagBag from /home/airflow/.local/lib/python3.7/site-packages/airflow/example_dags/example_short_circuit_operator.py
[2023-02-28T15:47:59.545+0000] {processor.py:753} INFO - DAG(s) dict_keys(['example_short_circuit_operator']) retrieved from /home/airflow/.local/lib/python3.7/site-packages/airflow/example_dags/example_short_circuit_operator.py
[2023-02-28T15:47:59.571+0000] {logging_mixin.py:137} INFO - [2023-02-28T15:47:59.571+0000] {dag.py:2690} INFO - Sync 1 DAGs
[2023-02-28T15:47:59.594+0000] {logging_mixin.py:137} INFO - [2023-02-28T15:47:59.594+0000] {dag.py:3441} INFO - Setting next_dagrun for example_short_circuit_operator to 2023-02-27T15:47:59.594138+00:00, run_after=2023-02-28T15:47:59.594138+00:00
[2023-02-28T15:47:59.620+0000] {processor.py:175} INFO - Processing /home/airflow/.local/lib/python3.7/site-packages/airflow/example_dags/example_short_circuit_operator.py took 0.099 seconds
[2023-02-28T15:48:30.297+0000] {processor.py:153} INFO - Started process (PID=261) to work on /home/airflow/.local/lib/python3.7/site-packages/airflow/example_dags/example_short_circuit_operator.py
[2023-02-28T15:48:30.299+0000] {processor.py:743} INFO - Processing file /home/airflow/.local/lib/python3.7/site-packages/airflow/example_dags/example_short_circuit_operator.py for tasks to queue
[2023-02-28T15:48:30.301+0000] {logging_mixin.py:137} INFO - [2023-02-28T15:48:30.301+0000] {dagbag.py:538} INFO - Filling up the DagBag from /home/airflow/.local/lib/python3.7/site-packages/airflow/example_dags/example_short_circuit_operator.py
[2023-02-28T15:48:30.318+0000] {processor.py:753} INFO - DAG(s) dict_keys(['example_short_circuit_operator']) retrieved from /home/airflow/.local/lib/python3.7/site-packages/airflow/example_dags/example_short_circuit_operator.py
[2023-02-28T15:48:30.341+0000] {logging_mixin.py:137} INFO - [2023-02-28T15:48:30.341+0000] {dag.py:2690} INFO - Sync 1 DAGs
[2023-02-28T15:48:30.358+0000] {logging_mixin.py:137} INFO - [2023-02-28T15:48:30.358+0000] {dag.py:3441} INFO - Setting next_dagrun for example_short_circuit_operator to 2023-02-27T15:48:30.358401+00:00, run_after=2023-02-28T15:48:30.358401+00:00
[2023-02-28T15:48:30.371+0000] {processor.py:175} INFO - Processing /home/airflow/.local/lib/python3.7/site-packages/airflow/example_dags/example_short_circuit_operator.py took 0.077 seconds
[2023-02-28T15:49:01.225+0000] {processor.py:153} INFO - Started process (PID=336) to work on /home/airflow/.local/lib/python3.7/site-packages/airflow/example_dags/example_short_circuit_operator.py
[2023-02-28T15:49:01.228+0000] {processor.py:743} INFO - Processing file /home/airflow/.local/lib/python3.7/site-packages/airflow/example_dags/example_short_circuit_operator.py for tasks to queue
[2023-02-28T15:49:01.230+0000] {logging_mixin.py:137} INFO - [2023-02-28T15:49:01.230+0000] {dagbag.py:538} INFO - Filling up the DagBag from /home/airflow/.local/lib/python3.7/site-packages/airflow/example_dags/example_short_circuit_operator.py
[2023-02-28T15:49:01.245+0000] {processor.py:753} INFO - DAG(s) dict_keys(['example_short_circuit_operator']) retrieved from /home/airflow/.local/lib/python3.7/site-packages/airflow/example_dags/example_short_circuit_operator.py
[2023-02-28T15:49:01.270+0000] {logging_mixin.py:137} INFO - [2023-02-28T15:49:01.270+0000] {dag.py:2690} INFO - Sync 1 DAGs
[2023-02-28T15:49:01.288+0000] {logging_mixin.py:137} INFO - [2023-02-28T15:49:01.288+0000] {dag.py:3441} INFO - Setting next_dagrun for example_short_circuit_operator to 2023-02-27T15:49:01.287921+00:00, run_after=2023-02-28T15:49:01.287921+00:00
[2023-02-28T15:49:01.304+0000] {processor.py:175} INFO - Processing /home/airflow/.local/lib/python3.7/site-packages/airflow/example_dags/example_short_circuit_operator.py took 0.082 seconds
[2023-02-28T15:49:32.174+0000] {processor.py:153} INFO - Started process (PID=411) to work on /home/airflow/.local/lib/python3.7/site-packages/airflow/example_dags/example_short_circuit_operator.py
[2023-02-28T15:49:32.176+0000] {processor.py:743} INFO - Processing file /home/airflow/.local/lib/python3.7/site-packages/airflow/example_dags/example_short_circuit_operator.py for tasks to queue
[2023-02-28T15:49:32.177+0000] {logging_mixin.py:137} INFO - [2023-02-28T15:49:32.177+0000] {dagbag.py:538} INFO - Filling up the DagBag from /home/airflow/.local/lib/python3.7/site-packages/airflow/example_dags/example_short_circuit_operator.py
[2023-02-28T15:49:32.190+0000] {processor.py:753} INFO - DAG(s) dict_keys(['example_short_circuit_operator']) retrieved from /home/airflow/.local/lib/python3.7/site-packages/airflow/example_dags/example_short_circuit_operator.py
[2023-02-28T15:49:32.212+0000] {logging_mixin.py:137} INFO - [2023-02-28T15:49:32.212+0000] {dag.py:2690} INFO - Sync 1 DAGs
[2023-02-28T15:49:32.228+0000] {logging_mixin.py:137} INFO - [2023-02-28T15:49:32.228+0000] {dag.py:3441} INFO - Setting next_dagrun for example_short_circuit_operator to 2023-02-27T15:49:32.228234+00:00, run_after=2023-02-28T15:49:32.228234+00:00
[2023-02-28T15:49:32.242+0000] {processor.py:175} INFO - Processing /home/airflow/.local/lib/python3.7/site-packages/airflow/example_dags/example_short_circuit_operator.py took 0.071 seconds
[2023-02-28T15:50:02.867+0000] {processor.py:153} INFO - Started process (PID=474) to work on /home/airflow/.local/lib/python3.7/site-packages/airflow/example_dags/example_short_circuit_operator.py
[2023-02-28T15:50:02.869+0000] {processor.py:743} INFO - Processing file /home/airflow/.local/lib/python3.7/site-packages/airflow/example_dags/example_short_circuit_operator.py for tasks to queue
[2023-02-28T15:50:02.871+0000] {logging_mixin.py:137} INFO - [2023-02-28T15:50:02.871+0000] {dagbag.py:538} INFO - Filling up the DagBag from /home/airflow/.local/lib/python3.7/site-packages/airflow/example_dags/example_short_circuit_operator.py
[2023-02-28T15:50:02.885+0000] {processor.py:753} INFO - DAG(s) dict_keys(['example_short_circuit_operator']) retrieved from /home/airflow/.local/lib/python3.7/site-packages/airflow/example_dags/example_short_circuit_operator.py
[2023-02-28T15:50:02.908+0000] {logging_mixin.py:137} INFO - [2023-02-28T15:50:02.908+0000] {dag.py:2690} INFO - Sync 1 DAGs
[2023-02-28T15:50:02.928+0000] {logging_mixin.py:137} INFO - [2023-02-28T15:50:02.928+0000] {dag.py:3441} INFO - Setting next_dagrun for example_short_circuit_operator to 2023-02-27T15:50:02.928049+00:00, run_after=2023-02-28T15:50:02.928049+00:00
[2023-02-28T15:50:02.942+0000] {processor.py:175} INFO - Processing /home/airflow/.local/lib/python3.7/site-packages/airflow/example_dags/example_short_circuit_operator.py took 0.078 seconds
[2023-02-28T15:50:33.918+0000] {processor.py:153} INFO - Started process (PID=550) to work on /home/airflow/.local/lib/python3.7/site-packages/airflow/example_dags/example_short_circuit_operator.py
[2023-02-28T15:50:33.920+0000] {processor.py:743} INFO - Processing file /home/airflow/.local/lib/python3.7/site-packages/airflow/example_dags/example_short_circuit_operator.py for tasks to queue
[2023-02-28T15:50:33.921+0000] {logging_mixin.py:137} INFO - [2023-02-28T15:50:33.921+0000] {dagbag.py:538} INFO - Filling up the DagBag from /home/airflow/.local/lib/python3.7/site-packages/airflow/example_dags/example_short_circuit_operator.py
[2023-02-28T15:50:33.935+0000] {processor.py:753} INFO - DAG(s) dict_keys(['example_short_circuit_operator']) retrieved from /home/airflow/.local/lib/python3.7/site-packages/airflow/example_dags/example_short_circuit_operator.py
[2023-02-28T15:50:33.960+0000] {logging_mixin.py:137} INFO - [2023-02-28T15:50:33.959+0000] {dag.py:2690} INFO - Sync 1 DAGs
[2023-02-28T15:50:33.977+0000] {logging_mixin.py:137} INFO - [2023-02-28T15:50:33.977+0000] {dag.py:3441} INFO - Setting next_dagrun for example_short_circuit_operator to 2023-02-27T15:50:33.976943+00:00, run_after=2023-02-28T15:50:33.976943+00:00
[2023-02-28T15:50:33.993+0000] {processor.py:175} INFO - Processing /home/airflow/.local/lib/python3.7/site-packages/airflow/example_dags/example_short_circuit_operator.py took 0.078 seconds
[2023-02-28T15:51:04.930+0000] {processor.py:153} INFO - Started process (PID=625) to work on /home/airflow/.local/lib/python3.7/site-packages/airflow/example_dags/example_short_circuit_operator.py
[2023-02-28T15:51:04.932+0000] {processor.py:743} INFO - Processing file /home/airflow/.local/lib/python3.7/site-packages/airflow/example_dags/example_short_circuit_operator.py for tasks to queue
[2023-02-28T15:51:04.933+0000] {logging_mixin.py:137} INFO - [2023-02-28T15:51:04.933+0000] {dagbag.py:538} INFO - Filling up the DagBag from /home/airflow/.local/lib/python3.7/site-packages/airflow/example_dags/example_short_circuit_operator.py
[2023-02-28T15:51:04.947+0000] {processor.py:753} INFO - DAG(s) dict_keys(['example_short_circuit_operator']) retrieved from /home/airflow/.local/lib/python3.7/site-packages/airflow/example_dags/example_short_circuit_operator.py
[2023-02-28T15:51:04.972+0000] {logging_mixin.py:137} INFO - [2023-02-28T15:51:04.972+0000] {dag.py:2690} INFO - Sync 1 DAGs
[2023-02-28T15:51:04.989+0000] {logging_mixin.py:137} INFO - [2023-02-28T15:51:04.989+0000] {dag.py:3441} INFO - Setting next_dagrun for example_short_circuit_operator to 2023-02-27T15:51:04.989309+00:00, run_after=2023-02-28T15:51:04.989309+00:00
[2023-02-28T15:51:05.003+0000] {processor.py:175} INFO - Processing /home/airflow/.local/lib/python3.7/site-packages/airflow/example_dags/example_short_circuit_operator.py took 0.077 seconds
[2023-02-28T15:51:35.690+0000] {processor.py:153} INFO - Started process (PID=688) to work on /home/airflow/.local/lib/python3.7/site-packages/airflow/example_dags/example_short_circuit_operator.py
[2023-02-28T15:51:35.692+0000] {processor.py:743} INFO - Processing file /home/airflow/.local/lib/python3.7/site-packages/airflow/example_dags/example_short_circuit_operator.py for tasks to queue
[2023-02-28T15:51:35.694+0000] {logging_mixin.py:137} INFO - [2023-02-28T15:51:35.694+0000] {dagbag.py:538} INFO - Filling up the DagBag from /home/airflow/.local/lib/python3.7/site-packages/airflow/example_dags/example_short_circuit_operator.py
[2023-02-28T15:51:35.707+0000] {processor.py:753} INFO - DAG(s) dict_keys(['example_short_circuit_operator']) retrieved from /home/airflow/.local/lib/python3.7/site-packages/airflow/example_dags/example_short_circuit_operator.py
[2023-02-28T15:51:35.731+0000] {logging_mixin.py:137} INFO - [2023-02-28T15:51:35.731+0000] {dag.py:2690} INFO - Sync 1 DAGs
[2023-02-28T15:51:35.752+0000] {logging_mixin.py:137} INFO - [2023-02-28T15:51:35.752+0000] {dag.py:3441} INFO - Setting next_dagrun for example_short_circuit_operator to 2023-02-27T15:51:35.752146+00:00, run_after=2023-02-28T15:51:35.752146+00:00
[2023-02-28T15:51:35.767+0000] {processor.py:175} INFO - Processing /home/airflow/.local/lib/python3.7/site-packages/airflow/example_dags/example_short_circuit_operator.py took 0.081 seconds
[2023-02-28T15:52:06.680+0000] {processor.py:153} INFO - Started process (PID=763) to work on /home/airflow/.local/lib/python3.7/site-packages/airflow/example_dags/example_short_circuit_operator.py
[2023-02-28T15:52:06.682+0000] {processor.py:743} INFO - Processing file /home/airflow/.local/lib/python3.7/site-packages/airflow/example_dags/example_short_circuit_operator.py for tasks to queue
[2023-02-28T15:52:06.684+0000] {logging_mixin.py:137} INFO - [2023-02-28T15:52:06.684+0000] {dagbag.py:538} INFO - Filling up the DagBag from /home/airflow/.local/lib/python3.7/site-packages/airflow/example_dags/example_short_circuit_operator.py
[2023-02-28T15:52:06.696+0000] {processor.py:753} INFO - DAG(s) dict_keys(['example_short_circuit_operator']) retrieved from /home/airflow/.local/lib/python3.7/site-packages/airflow/example_dags/example_short_circuit_operator.py
[2023-02-28T15:52:06.722+0000] {logging_mixin.py:137} INFO - [2023-02-28T15:52:06.721+0000] {dag.py:2690} INFO - Sync 1 DAGs
[2023-02-28T15:52:06.740+0000] {logging_mixin.py:137} INFO - [2023-02-28T15:52:06.740+0000] {dag.py:3441} INFO - Setting next_dagrun for example_short_circuit_operator to 2023-02-27T15:52:06.740033+00:00, run_after=2023-02-28T15:52:06.740033+00:00
[2023-02-28T15:52:06.755+0000] {processor.py:175} INFO - Processing /home/airflow/.local/lib/python3.7/site-packages/airflow/example_dags/example_short_circuit_operator.py took 0.078 seconds
[2023-02-28T15:52:37.509+0000] {processor.py:153} INFO - Started process (PID=838) to work on /home/airflow/.local/lib/python3.7/site-packages/airflow/example_dags/example_short_circuit_operator.py
[2023-02-28T15:52:37.511+0000] {processor.py:743} INFO - Processing file /home/airflow/.local/lib/python3.7/site-packages/airflow/example_dags/example_short_circuit_operator.py for tasks to queue
[2023-02-28T15:52:37.513+0000] {logging_mixin.py:137} INFO - [2023-02-28T15:52:37.513+0000] {dagbag.py:538} INFO - Filling up the DagBag from /home/airflow/.local/lib/python3.7/site-packages/airflow/example_dags/example_short_circuit_operator.py
[2023-02-28T15:52:37.528+0000] {processor.py:753} INFO - DAG(s) dict_keys(['example_short_circuit_operator']) retrieved from /home/airflow/.local/lib/python3.7/site-packages/airflow/example_dags/example_short_circuit_operator.py
[2023-02-28T15:52:37.552+0000] {logging_mixin.py:137} INFO - [2023-02-28T15:52:37.552+0000] {dag.py:2690} INFO - Sync 1 DAGs
[2023-02-28T15:52:37.576+0000] {logging_mixin.py:137} INFO - [2023-02-28T15:52:37.576+0000] {dag.py:3441} INFO - Setting next_dagrun for example_short_circuit_operator to 2023-02-27T15:52:37.576444+00:00, run_after=2023-02-28T15:52:37.576444+00:00
[2023-02-28T15:52:37.592+0000] {processor.py:175} INFO - Processing /home/airflow/.local/lib/python3.7/site-packages/airflow/example_dags/example_short_circuit_operator.py took 0.086 seconds
[2023-02-28T15:53:08.516+0000] {processor.py:153} INFO - Started process (PID=913) to work on /home/airflow/.local/lib/python3.7/site-packages/airflow/example_dags/example_short_circuit_operator.py
[2023-02-28T15:53:08.525+0000] {processor.py:743} INFO - Processing file /home/airflow/.local/lib/python3.7/site-packages/airflow/example_dags/example_short_circuit_operator.py for tasks to queue
[2023-02-28T15:53:08.531+0000] {logging_mixin.py:137} INFO - [2023-02-28T15:53:08.530+0000] {dagbag.py:538} INFO - Filling up the DagBag from /home/airflow/.local/lib/python3.7/site-packages/airflow/example_dags/example_short_circuit_operator.py
[2023-02-28T15:53:08.568+0000] {processor.py:753} INFO - DAG(s) dict_keys(['example_short_circuit_operator']) retrieved from /home/airflow/.local/lib/python3.7/site-packages/airflow/example_dags/example_short_circuit_operator.py
[2023-02-28T15:53:08.603+0000] {logging_mixin.py:137} INFO - [2023-02-28T15:53:08.603+0000] {dag.py:2690} INFO - Sync 1 DAGs
[2023-02-28T15:53:08.628+0000] {logging_mixin.py:137} INFO - [2023-02-28T15:53:08.628+0000] {dag.py:3441} INFO - Setting next_dagrun for example_short_circuit_operator to 2023-02-27T15:53:08.628058+00:00, run_after=2023-02-28T15:53:08.628058+00:00
[2023-02-28T15:53:08.648+0000] {processor.py:175} INFO - Processing /home/airflow/.local/lib/python3.7/site-packages/airflow/example_dags/example_short_circuit_operator.py took 0.136 seconds
[2023-02-28T15:53:39.394+0000] {processor.py:153} INFO - Started process (PID=976) to work on /home/airflow/.local/lib/python3.7/site-packages/airflow/example_dags/example_short_circuit_operator.py
[2023-02-28T15:53:39.395+0000] {processor.py:743} INFO - Processing file /home/airflow/.local/lib/python3.7/site-packages/airflow/example_dags/example_short_circuit_operator.py for tasks to queue
[2023-02-28T15:53:39.397+0000] {logging_mixin.py:137} INFO - [2023-02-28T15:53:39.397+0000] {dagbag.py:538} INFO - Filling up the DagBag from /home/airflow/.local/lib/python3.7/site-packages/airflow/example_dags/example_short_circuit_operator.py
[2023-02-28T15:53:39.411+0000] {processor.py:753} INFO - DAG(s) dict_keys(['example_short_circuit_operator']) retrieved from /home/airflow/.local/lib/python3.7/site-packages/airflow/example_dags/example_short_circuit_operator.py
[2023-02-28T15:53:39.434+0000] {logging_mixin.py:137} INFO - [2023-02-28T15:53:39.434+0000] {dag.py:2690} INFO - Sync 1 DAGs
[2023-02-28T15:53:39.452+0000] {logging_mixin.py:137} INFO - [2023-02-28T15:53:39.452+0000] {dag.py:3441} INFO - Setting next_dagrun for example_short_circuit_operator to 2023-02-27T15:53:39.452211+00:00, run_after=2023-02-28T15:53:39.452211+00:00
[2023-02-28T15:53:39.469+0000] {processor.py:175} INFO - Processing /home/airflow/.local/lib/python3.7/site-packages/airflow/example_dags/example_short_circuit_operator.py took 0.078 seconds
[2023-02-28T15:54:10.293+0000] {processor.py:153} INFO - Started process (PID=1050) to work on /home/airflow/.local/lib/python3.7/site-packages/airflow/example_dags/example_short_circuit_operator.py
[2023-02-28T15:54:10.295+0000] {processor.py:743} INFO - Processing file /home/airflow/.local/lib/python3.7/site-packages/airflow/example_dags/example_short_circuit_operator.py for tasks to queue
[2023-02-28T15:54:10.296+0000] {logging_mixin.py:137} INFO - [2023-02-28T15:54:10.296+0000] {dagbag.py:538} INFO - Filling up the DagBag from /home/airflow/.local/lib/python3.7/site-packages/airflow/example_dags/example_short_circuit_operator.py
[2023-02-28T15:54:10.311+0000] {processor.py:753} INFO - DAG(s) dict_keys(['example_short_circuit_operator']) retrieved from /home/airflow/.local/lib/python3.7/site-packages/airflow/example_dags/example_short_circuit_operator.py
[2023-02-28T15:54:10.335+0000] {logging_mixin.py:137} INFO - [2023-02-28T15:54:10.335+0000] {dag.py:2690} INFO - Sync 1 DAGs
[2023-02-28T15:54:10.353+0000] {logging_mixin.py:137} INFO - [2023-02-28T15:54:10.353+0000] {dag.py:3441} INFO - Setting next_dagrun for example_short_circuit_operator to 2023-02-27T15:54:10.352967+00:00, run_after=2023-02-28T15:54:10.352967+00:00
[2023-02-28T15:54:10.367+0000] {processor.py:175} INFO - Processing /home/airflow/.local/lib/python3.7/site-packages/airflow/example_dags/example_short_circuit_operator.py took 0.079 seconds
[2023-02-28T15:54:41.255+0000] {processor.py:153} INFO - Started process (PID=1124) to work on /home/airflow/.local/lib/python3.7/site-packages/airflow/example_dags/example_short_circuit_operator.py
[2023-02-28T15:54:41.257+0000] {processor.py:743} INFO - Processing file /home/airflow/.local/lib/python3.7/site-packages/airflow/example_dags/example_short_circuit_operator.py for tasks to queue
[2023-02-28T15:54:41.258+0000] {logging_mixin.py:137} INFO - [2023-02-28T15:54:41.258+0000] {dagbag.py:538} INFO - Filling up the DagBag from /home/airflow/.local/lib/python3.7/site-packages/airflow/example_dags/example_short_circuit_operator.py
[2023-02-28T15:54:41.271+0000] {processor.py:753} INFO - DAG(s) dict_keys(['example_short_circuit_operator']) retrieved from /home/airflow/.local/lib/python3.7/site-packages/airflow/example_dags/example_short_circuit_operator.py
[2023-02-28T15:54:41.294+0000] {logging_mixin.py:137} INFO - [2023-02-28T15:54:41.294+0000] {dag.py:2690} INFO - Sync 1 DAGs
[2023-02-28T15:54:41.312+0000] {logging_mixin.py:137} INFO - [2023-02-28T15:54:41.312+0000] {dag.py:3441} INFO - Setting next_dagrun for example_short_circuit_operator to 2023-02-27T15:54:41.312573+00:00, run_after=2023-02-28T15:54:41.312573+00:00
[2023-02-28T15:54:41.327+0000] {processor.py:175} INFO - Processing /home/airflow/.local/lib/python3.7/site-packages/airflow/example_dags/example_short_circuit_operator.py took 0.075 seconds
[2023-02-28T15:55:11.984+0000] {processor.py:153} INFO - Started process (PID=1188) to work on /home/airflow/.local/lib/python3.7/site-packages/airflow/example_dags/example_short_circuit_operator.py
[2023-02-28T15:55:11.986+0000] {processor.py:743} INFO - Processing file /home/airflow/.local/lib/python3.7/site-packages/airflow/example_dags/example_short_circuit_operator.py for tasks to queue
[2023-02-28T15:55:11.988+0000] {logging_mixin.py:137} INFO - [2023-02-28T15:55:11.987+0000] {dagbag.py:538} INFO - Filling up the DagBag from /home/airflow/.local/lib/python3.7/site-packages/airflow/example_dags/example_short_circuit_operator.py
[2023-02-28T15:55:12.002+0000] {processor.py:753} INFO - DAG(s) dict_keys(['example_short_circuit_operator']) retrieved from /home/airflow/.local/lib/python3.7/site-packages/airflow/example_dags/example_short_circuit_operator.py
[2023-02-28T15:55:12.028+0000] {logging_mixin.py:137} INFO - [2023-02-28T15:55:12.027+0000] {dag.py:2690} INFO - Sync 1 DAGs
[2023-02-28T15:55:12.047+0000] {logging_mixin.py:137} INFO - [2023-02-28T15:55:12.047+0000] {dag.py:3441} INFO - Setting next_dagrun for example_short_circuit_operator to 2023-02-27T15:55:12.046998+00:00, run_after=2023-02-28T15:55:12.046998+00:00
[2023-02-28T15:55:12.060+0000] {processor.py:175} INFO - Processing /home/airflow/.local/lib/python3.7/site-packages/airflow/example_dags/example_short_circuit_operator.py took 0.079 seconds
[2023-02-28T15:55:42.885+0000] {processor.py:153} INFO - Started process (PID=1263) to work on /home/airflow/.local/lib/python3.7/site-packages/airflow/example_dags/example_short_circuit_operator.py
[2023-02-28T15:55:42.887+0000] {processor.py:743} INFO - Processing file /home/airflow/.local/lib/python3.7/site-packages/airflow/example_dags/example_short_circuit_operator.py for tasks to queue
[2023-02-28T15:55:42.889+0000] {logging_mixin.py:137} INFO - [2023-02-28T15:55:42.889+0000] {dagbag.py:538} INFO - Filling up the DagBag from /home/airflow/.local/lib/python3.7/site-packages/airflow/example_dags/example_short_circuit_operator.py
[2023-02-28T15:55:42.903+0000] {processor.py:753} INFO - DAG(s) dict_keys(['example_short_circuit_operator']) retrieved from /home/airflow/.local/lib/python3.7/site-packages/airflow/example_dags/example_short_circuit_operator.py
[2023-02-28T15:55:42.929+0000] {logging_mixin.py:137} INFO - [2023-02-28T15:55:42.929+0000] {dag.py:2690} INFO - Sync 1 DAGs
[2023-02-28T15:55:42.949+0000] {logging_mixin.py:137} INFO - [2023-02-28T15:55:42.949+0000] {dag.py:3441} INFO - Setting next_dagrun for example_short_circuit_operator to 2023-02-27T15:55:42.949405+00:00, run_after=2023-02-28T15:55:42.949405+00:00
[2023-02-28T15:55:42.967+0000] {processor.py:175} INFO - Processing /home/airflow/.local/lib/python3.7/site-packages/airflow/example_dags/example_short_circuit_operator.py took 0.085 seconds
[2023-02-28T15:56:14.038+0000] {processor.py:153} INFO - Started process (PID=1338) to work on /home/airflow/.local/lib/python3.7/site-packages/airflow/example_dags/example_short_circuit_operator.py
[2023-02-28T15:56:14.040+0000] {processor.py:743} INFO - Processing file /home/airflow/.local/lib/python3.7/site-packages/airflow/example_dags/example_short_circuit_operator.py for tasks to queue
[2023-02-28T15:56:14.042+0000] {logging_mixin.py:137} INFO - [2023-02-28T15:56:14.042+0000] {dagbag.py:538} INFO - Filling up the DagBag from /home/airflow/.local/lib/python3.7/site-packages/airflow/example_dags/example_short_circuit_operator.py
[2023-02-28T15:56:14.056+0000] {processor.py:753} INFO - DAG(s) dict_keys(['example_short_circuit_operator']) retrieved from /home/airflow/.local/lib/python3.7/site-packages/airflow/example_dags/example_short_circuit_operator.py
[2023-02-28T15:56:14.080+0000] {logging_mixin.py:137} INFO - [2023-02-28T15:56:14.080+0000] {dag.py:2690} INFO - Sync 1 DAGs
[2023-02-28T15:56:14.096+0000] {logging_mixin.py:137} INFO - [2023-02-28T15:56:14.096+0000] {dag.py:3441} INFO - Setting next_dagrun for example_short_circuit_operator to 2023-02-27T15:56:14.096186+00:00, run_after=2023-02-28T15:56:14.096186+00:00
[2023-02-28T15:56:14.108+0000] {processor.py:175} INFO - Processing /home/airflow/.local/lib/python3.7/site-packages/airflow/example_dags/example_short_circuit_operator.py took 0.073 seconds
[2023-02-28T15:56:44.844+0000] {processor.py:153} INFO - Started process (PID=1400) to work on /home/airflow/.local/lib/python3.7/site-packages/airflow/example_dags/example_short_circuit_operator.py
[2023-02-28T15:56:44.846+0000] {processor.py:743} INFO - Processing file /home/airflow/.local/lib/python3.7/site-packages/airflow/example_dags/example_short_circuit_operator.py for tasks to queue
[2023-02-28T15:56:44.847+0000] {logging_mixin.py:137} INFO - [2023-02-28T15:56:44.847+0000] {dagbag.py:538} INFO - Filling up the DagBag from /home/airflow/.local/lib/python3.7/site-packages/airflow/example_dags/example_short_circuit_operator.py
[2023-02-28T15:56:44.861+0000] {processor.py:753} INFO - DAG(s) dict_keys(['example_short_circuit_operator']) retrieved from /home/airflow/.local/lib/python3.7/site-packages/airflow/example_dags/example_short_circuit_operator.py
[2023-02-28T15:56:44.885+0000] {logging_mixin.py:137} INFO - [2023-02-28T15:56:44.885+0000] {dag.py:2690} INFO - Sync 1 DAGs
[2023-02-28T15:56:44.904+0000] {logging_mixin.py:137} INFO - [2023-02-28T15:56:44.904+0000] {dag.py:3441} INFO - Setting next_dagrun for example_short_circuit_operator to 2023-02-27T15:56:44.904319+00:00, run_after=2023-02-28T15:56:44.904319+00:00
[2023-02-28T15:56:44.920+0000] {processor.py:175} INFO - Processing /home/airflow/.local/lib/python3.7/site-packages/airflow/example_dags/example_short_circuit_operator.py took 0.078 seconds
[2023-02-28T15:57:15.714+0000] {processor.py:153} INFO - Started process (PID=1475) to work on /home/airflow/.local/lib/python3.7/site-packages/airflow/example_dags/example_short_circuit_operator.py
[2023-02-28T15:57:15.717+0000] {processor.py:743} INFO - Processing file /home/airflow/.local/lib/python3.7/site-packages/airflow/example_dags/example_short_circuit_operator.py for tasks to queue
[2023-02-28T15:57:15.718+0000] {logging_mixin.py:137} INFO - [2023-02-28T15:57:15.718+0000] {dagbag.py:538} INFO - Filling up the DagBag from /home/airflow/.local/lib/python3.7/site-packages/airflow/example_dags/example_short_circuit_operator.py
[2023-02-28T15:57:15.730+0000] {processor.py:753} INFO - DAG(s) dict_keys(['example_short_circuit_operator']) retrieved from /home/airflow/.local/lib/python3.7/site-packages/airflow/example_dags/example_short_circuit_operator.py
[2023-02-28T15:57:15.755+0000] {logging_mixin.py:137} INFO - [2023-02-28T15:57:15.755+0000] {dag.py:2690} INFO - Sync 1 DAGs
[2023-02-28T15:57:15.773+0000] {logging_mixin.py:137} INFO - [2023-02-28T15:57:15.773+0000] {dag.py:3441} INFO - Setting next_dagrun for example_short_circuit_operator to 2023-02-27T15:57:15.773529+00:00, run_after=2023-02-28T15:57:15.773529+00:00
[2023-02-28T15:57:15.788+0000] {processor.py:175} INFO - Processing /home/airflow/.local/lib/python3.7/site-packages/airflow/example_dags/example_short_circuit_operator.py took 0.076 seconds
[2023-02-28T15:57:46.523+0000] {processor.py:153} INFO - Started process (PID=1550) to work on /home/airflow/.local/lib/python3.7/site-packages/airflow/example_dags/example_short_circuit_operator.py
[2023-02-28T15:57:46.525+0000] {processor.py:743} INFO - Processing file /home/airflow/.local/lib/python3.7/site-packages/airflow/example_dags/example_short_circuit_operator.py for tasks to queue
[2023-02-28T15:57:46.526+0000] {logging_mixin.py:137} INFO - [2023-02-28T15:57:46.526+0000] {dagbag.py:538} INFO - Filling up the DagBag from /home/airflow/.local/lib/python3.7/site-packages/airflow/example_dags/example_short_circuit_operator.py
[2023-02-28T15:57:46.538+0000] {processor.py:753} INFO - DAG(s) dict_keys(['example_short_circuit_operator']) retrieved from /home/airflow/.local/lib/python3.7/site-packages/airflow/example_dags/example_short_circuit_operator.py
[2023-02-28T15:57:46.564+0000] {logging_mixin.py:137} INFO - [2023-02-28T15:57:46.564+0000] {dag.py:2690} INFO - Sync 1 DAGs
[2023-02-28T15:57:46.584+0000] {logging_mixin.py:137} INFO - [2023-02-28T15:57:46.584+0000] {dag.py:3441} INFO - Setting next_dagrun for example_short_circuit_operator to 2023-02-27T15:57:46.584348+00:00, run_after=2023-02-28T15:57:46.584348+00:00
[2023-02-28T15:57:46.600+0000] {processor.py:175} INFO - Processing /home/airflow/.local/lib/python3.7/site-packages/airflow/example_dags/example_short_circuit_operator.py took 0.080 seconds
[2023-02-28T15:58:17.251+0000] {processor.py:153} INFO - Started process (PID=1614) to work on /home/airflow/.local/lib/python3.7/site-packages/airflow/example_dags/example_short_circuit_operator.py
[2023-02-28T15:58:17.253+0000] {processor.py:743} INFO - Processing file /home/airflow/.local/lib/python3.7/site-packages/airflow/example_dags/example_short_circuit_operator.py for tasks to queue
[2023-02-28T15:58:17.254+0000] {logging_mixin.py:137} INFO - [2023-02-28T15:58:17.254+0000] {dagbag.py:538} INFO - Filling up the DagBag from /home/airflow/.local/lib/python3.7/site-packages/airflow/example_dags/example_short_circuit_operator.py
[2023-02-28T15:58:17.268+0000] {processor.py:753} INFO - DAG(s) dict_keys(['example_short_circuit_operator']) retrieved from /home/airflow/.local/lib/python3.7/site-packages/airflow/example_dags/example_short_circuit_operator.py
[2023-02-28T15:58:17.290+0000] {logging_mixin.py:137} INFO - [2023-02-28T15:58:17.290+0000] {dag.py:2690} INFO - Sync 1 DAGs
[2023-02-28T15:58:17.306+0000] {logging_mixin.py:137} INFO - [2023-02-28T15:58:17.306+0000] {dag.py:3441} INFO - Setting next_dagrun for example_short_circuit_operator to 2023-02-27T15:58:17.306329+00:00, run_after=2023-02-28T15:58:17.306329+00:00
[2023-02-28T15:58:17.320+0000] {processor.py:175} INFO - Processing /home/airflow/.local/lib/python3.7/site-packages/airflow/example_dags/example_short_circuit_operator.py took 0.072 seconds
[2023-02-28T15:58:48.078+0000] {processor.py:153} INFO - Started process (PID=1688) to work on /home/airflow/.local/lib/python3.7/site-packages/airflow/example_dags/example_short_circuit_operator.py
[2023-02-28T15:58:48.079+0000] {processor.py:743} INFO - Processing file /home/airflow/.local/lib/python3.7/site-packages/airflow/example_dags/example_short_circuit_operator.py for tasks to queue
[2023-02-28T15:58:48.081+0000] {logging_mixin.py:137} INFO - [2023-02-28T15:58:48.081+0000] {dagbag.py:538} INFO - Filling up the DagBag from /home/airflow/.local/lib/python3.7/site-packages/airflow/example_dags/example_short_circuit_operator.py
[2023-02-28T15:58:48.093+0000] {processor.py:753} INFO - DAG(s) dict_keys(['example_short_circuit_operator']) retrieved from /home/airflow/.local/lib/python3.7/site-packages/airflow/example_dags/example_short_circuit_operator.py
[2023-02-28T15:58:48.115+0000] {logging_mixin.py:137} INFO - [2023-02-28T15:58:48.115+0000] {dag.py:2690} INFO - Sync 1 DAGs
[2023-02-28T15:58:48.133+0000] {logging_mixin.py:137} INFO - [2023-02-28T15:58:48.133+0000] {dag.py:3441} INFO - Setting next_dagrun for example_short_circuit_operator to 2023-02-27T15:58:48.132810+00:00, run_after=2023-02-28T15:58:48.132810+00:00
[2023-02-28T15:58:48.148+0000] {processor.py:175} INFO - Processing /home/airflow/.local/lib/python3.7/site-packages/airflow/example_dags/example_short_circuit_operator.py took 0.073 seconds
