[2023-02-28T15:46:57.927+0000] {processor.py:153} INFO - Started process (PID=47) to work on /home/airflow/.local/lib/python3.7/site-packages/airflow/example_dags/example_complex.py
[2023-02-28T15:46:57.929+0000] {processor.py:743} INFO - Processing file /home/airflow/.local/lib/python3.7/site-packages/airflow/example_dags/example_complex.py for tasks to queue
[2023-02-28T15:46:57.932+0000] {logging_mixin.py:137} INFO - [2023-02-28T15:46:57.931+0000] {dagbag.py:538} INFO - Filling up the DagBag from /home/airflow/.local/lib/python3.7/site-packages/airflow/example_dags/example_complex.py
[2023-02-28T15:46:57.954+0000] {logging_mixin.py:137} INFO - [2023-02-28T15:46:57.954+0000] {taskmixin.py:205} WARNING - Dependency <Task(BashOperator): create_entry_group>, delete_entry_group already registered for DAG: example_complex
[2023-02-28T15:46:57.958+0000] {logging_mixin.py:137} INFO - [2023-02-28T15:46:57.958+0000] {taskmixin.py:205} WARNING - Dependency <Task(BashOperator): delete_entry_group>, create_entry_group already registered for DAG: example_complex
[2023-02-28T15:46:57.959+0000] {logging_mixin.py:137} INFO - [2023-02-28T15:46:57.959+0000] {taskmixin.py:205} WARNING - Dependency <Task(BashOperator): create_entry_gcs>, delete_entry already registered for DAG: example_complex
[2023-02-28T15:46:57.964+0000] {logging_mixin.py:137} INFO - [2023-02-28T15:46:57.964+0000] {taskmixin.py:205} WARNING - Dependency <Task(BashOperator): delete_entry>, create_entry_gcs already registered for DAG: example_complex
[2023-02-28T15:46:57.966+0000] {logging_mixin.py:137} INFO - [2023-02-28T15:46:57.966+0000] {taskmixin.py:205} WARNING - Dependency <Task(BashOperator): create_tag>, delete_tag already registered for DAG: example_complex
[2023-02-28T15:46:57.967+0000] {logging_mixin.py:137} INFO - [2023-02-28T15:46:57.967+0000] {taskmixin.py:205} WARNING - Dependency <Task(BashOperator): delete_tag>, create_tag already registered for DAG: example_complex
[2023-02-28T15:46:57.991+0000] {processor.py:753} INFO - DAG(s) dict_keys(['example_complex']) retrieved from /home/airflow/.local/lib/python3.7/site-packages/airflow/example_dags/example_complex.py
[2023-02-28T15:46:58.013+0000] {logging_mixin.py:137} INFO - [2023-02-28T15:46:58.013+0000] {dag.py:2690} INFO - Sync 1 DAGs
[2023-02-28T15:46:58.044+0000] {logging_mixin.py:137} INFO - [2023-02-28T15:46:58.044+0000] {dag.py:3441} INFO - Setting next_dagrun for example_complex to None, run_after=None
[2023-02-28T15:46:58.076+0000] {processor.py:175} INFO - Processing /home/airflow/.local/lib/python3.7/site-packages/airflow/example_dags/example_complex.py took 0.153 seconds
[2023-02-28T15:47:28.163+0000] {processor.py:153} INFO - Started process (PID=120) to work on /home/airflow/.local/lib/python3.7/site-packages/airflow/example_dags/example_complex.py
[2023-02-28T15:47:28.164+0000] {processor.py:743} INFO - Processing file /home/airflow/.local/lib/python3.7/site-packages/airflow/example_dags/example_complex.py for tasks to queue
[2023-02-28T15:47:28.165+0000] {logging_mixin.py:137} INFO - [2023-02-28T15:47:28.165+0000] {dagbag.py:538} INFO - Filling up the DagBag from /home/airflow/.local/lib/python3.7/site-packages/airflow/example_dags/example_complex.py
[2023-02-28T15:47:28.174+0000] {logging_mixin.py:137} INFO - [2023-02-28T15:47:28.174+0000] {taskmixin.py:205} WARNING - Dependency <Task(BashOperator): create_entry_group>, delete_entry_group already registered for DAG: example_complex
[2023-02-28T15:47:28.175+0000] {logging_mixin.py:137} INFO - [2023-02-28T15:47:28.175+0000] {taskmixin.py:205} WARNING - Dependency <Task(BashOperator): delete_entry_group>, create_entry_group already registered for DAG: example_complex
[2023-02-28T15:47:28.177+0000] {logging_mixin.py:137} INFO - [2023-02-28T15:47:28.177+0000] {taskmixin.py:205} WARNING - Dependency <Task(BashOperator): create_entry_gcs>, delete_entry already registered for DAG: example_complex
[2023-02-28T15:47:28.178+0000] {logging_mixin.py:137} INFO - [2023-02-28T15:47:28.178+0000] {taskmixin.py:205} WARNING - Dependency <Task(BashOperator): delete_entry>, create_entry_gcs already registered for DAG: example_complex
[2023-02-28T15:47:28.180+0000] {logging_mixin.py:137} INFO - [2023-02-28T15:47:28.180+0000] {taskmixin.py:205} WARNING - Dependency <Task(BashOperator): create_tag>, delete_tag already registered for DAG: example_complex
[2023-02-28T15:47:28.181+0000] {logging_mixin.py:137} INFO - [2023-02-28T15:47:28.181+0000] {taskmixin.py:205} WARNING - Dependency <Task(BashOperator): delete_tag>, create_tag already registered for DAG: example_complex
[2023-02-28T15:47:28.187+0000] {processor.py:753} INFO - DAG(s) dict_keys(['example_complex']) retrieved from /home/airflow/.local/lib/python3.7/site-packages/airflow/example_dags/example_complex.py
[2023-02-28T15:47:28.214+0000] {logging_mixin.py:137} INFO - [2023-02-28T15:47:28.214+0000] {dag.py:2690} INFO - Sync 1 DAGs
[2023-02-28T15:47:28.231+0000] {logging_mixin.py:137} INFO - [2023-02-28T15:47:28.231+0000] {dag.py:3441} INFO - Setting next_dagrun for example_complex to None, run_after=None
[2023-02-28T15:47:28.242+0000] {processor.py:175} INFO - Processing /home/airflow/.local/lib/python3.7/site-packages/airflow/example_dags/example_complex.py took 0.082 seconds
[2023-02-28T15:47:59.240+0000] {processor.py:153} INFO - Started process (PID=195) to work on /home/airflow/.local/lib/python3.7/site-packages/airflow/example_dags/example_complex.py
[2023-02-28T15:47:59.253+0000] {processor.py:743} INFO - Processing file /home/airflow/.local/lib/python3.7/site-packages/airflow/example_dags/example_complex.py for tasks to queue
[2023-02-28T15:47:59.255+0000] {logging_mixin.py:137} INFO - [2023-02-28T15:47:59.255+0000] {dagbag.py:538} INFO - Filling up the DagBag from /home/airflow/.local/lib/python3.7/site-packages/airflow/example_dags/example_complex.py
[2023-02-28T15:47:59.275+0000] {logging_mixin.py:137} INFO - [2023-02-28T15:47:59.275+0000] {taskmixin.py:205} WARNING - Dependency <Task(BashOperator): create_entry_group>, delete_entry_group already registered for DAG: example_complex
[2023-02-28T15:47:59.277+0000] {logging_mixin.py:137} INFO - [2023-02-28T15:47:59.277+0000] {taskmixin.py:205} WARNING - Dependency <Task(BashOperator): delete_entry_group>, create_entry_group already registered for DAG: example_complex
[2023-02-28T15:47:59.278+0000] {logging_mixin.py:137} INFO - [2023-02-28T15:47:59.278+0000] {taskmixin.py:205} WARNING - Dependency <Task(BashOperator): create_entry_gcs>, delete_entry already registered for DAG: example_complex
[2023-02-28T15:47:59.279+0000] {logging_mixin.py:137} INFO - [2023-02-28T15:47:59.279+0000] {taskmixin.py:205} WARNING - Dependency <Task(BashOperator): delete_entry>, create_entry_gcs already registered for DAG: example_complex
[2023-02-28T15:47:59.281+0000] {logging_mixin.py:137} INFO - [2023-02-28T15:47:59.281+0000] {taskmixin.py:205} WARNING - Dependency <Task(BashOperator): create_tag>, delete_tag already registered for DAG: example_complex
[2023-02-28T15:47:59.282+0000] {logging_mixin.py:137} INFO - [2023-02-28T15:47:59.282+0000] {taskmixin.py:205} WARNING - Dependency <Task(BashOperator): delete_tag>, create_tag already registered for DAG: example_complex
[2023-02-28T15:47:59.289+0000] {processor.py:753} INFO - DAG(s) dict_keys(['example_complex']) retrieved from /home/airflow/.local/lib/python3.7/site-packages/airflow/example_dags/example_complex.py
[2023-02-28T15:47:59.317+0000] {logging_mixin.py:137} INFO - [2023-02-28T15:47:59.317+0000] {dag.py:2690} INFO - Sync 1 DAGs
[2023-02-28T15:47:59.336+0000] {logging_mixin.py:137} INFO - [2023-02-28T15:47:59.336+0000] {dag.py:3441} INFO - Setting next_dagrun for example_complex to None, run_after=None
[2023-02-28T15:47:59.353+0000] {processor.py:175} INFO - Processing /home/airflow/.local/lib/python3.7/site-packages/airflow/example_dags/example_complex.py took 0.125 seconds
[2023-02-28T15:48:30.165+0000] {processor.py:153} INFO - Started process (PID=258) to work on /home/airflow/.local/lib/python3.7/site-packages/airflow/example_dags/example_complex.py
[2023-02-28T15:48:30.168+0000] {processor.py:743} INFO - Processing file /home/airflow/.local/lib/python3.7/site-packages/airflow/example_dags/example_complex.py for tasks to queue
[2023-02-28T15:48:30.171+0000] {logging_mixin.py:137} INFO - [2023-02-28T15:48:30.171+0000] {dagbag.py:538} INFO - Filling up the DagBag from /home/airflow/.local/lib/python3.7/site-packages/airflow/example_dags/example_complex.py
[2023-02-28T15:48:30.180+0000] {logging_mixin.py:137} INFO - [2023-02-28T15:48:30.179+0000] {taskmixin.py:205} WARNING - Dependency <Task(BashOperator): create_entry_group>, delete_entry_group already registered for DAG: example_complex
[2023-02-28T15:48:30.182+0000] {logging_mixin.py:137} INFO - [2023-02-28T15:48:30.182+0000] {taskmixin.py:205} WARNING - Dependency <Task(BashOperator): delete_entry_group>, create_entry_group already registered for DAG: example_complex
[2023-02-28T15:48:30.182+0000] {logging_mixin.py:137} INFO - [2023-02-28T15:48:30.182+0000] {taskmixin.py:205} WARNING - Dependency <Task(BashOperator): create_entry_gcs>, delete_entry already registered for DAG: example_complex
[2023-02-28T15:48:30.183+0000] {logging_mixin.py:137} INFO - [2023-02-28T15:48:30.183+0000] {taskmixin.py:205} WARNING - Dependency <Task(BashOperator): delete_entry>, create_entry_gcs already registered for DAG: example_complex
[2023-02-28T15:48:30.185+0000] {logging_mixin.py:137} INFO - [2023-02-28T15:48:30.184+0000] {taskmixin.py:205} WARNING - Dependency <Task(BashOperator): create_tag>, delete_tag already registered for DAG: example_complex
[2023-02-28T15:48:30.186+0000] {logging_mixin.py:137} INFO - [2023-02-28T15:48:30.185+0000] {taskmixin.py:205} WARNING - Dependency <Task(BashOperator): delete_tag>, create_tag already registered for DAG: example_complex
[2023-02-28T15:48:30.192+0000] {processor.py:753} INFO - DAG(s) dict_keys(['example_complex']) retrieved from /home/airflow/.local/lib/python3.7/site-packages/airflow/example_dags/example_complex.py
[2023-02-28T15:48:30.217+0000] {logging_mixin.py:137} INFO - [2023-02-28T15:48:30.217+0000] {dag.py:2690} INFO - Sync 1 DAGs
[2023-02-28T15:48:30.233+0000] {logging_mixin.py:137} INFO - [2023-02-28T15:48:30.233+0000] {dag.py:3441} INFO - Setting next_dagrun for example_complex to None, run_after=None
[2023-02-28T15:48:30.246+0000] {processor.py:175} INFO - Processing /home/airflow/.local/lib/python3.7/site-packages/airflow/example_dags/example_complex.py took 0.083 seconds
[2023-02-28T15:49:00.939+0000] {processor.py:153} INFO - Started process (PID=333) to work on /home/airflow/.local/lib/python3.7/site-packages/airflow/example_dags/example_complex.py
[2023-02-28T15:49:00.941+0000] {processor.py:743} INFO - Processing file /home/airflow/.local/lib/python3.7/site-packages/airflow/example_dags/example_complex.py for tasks to queue
[2023-02-28T15:49:00.944+0000] {logging_mixin.py:137} INFO - [2023-02-28T15:49:00.944+0000] {dagbag.py:538} INFO - Filling up the DagBag from /home/airflow/.local/lib/python3.7/site-packages/airflow/example_dags/example_complex.py
[2023-02-28T15:49:00.952+0000] {logging_mixin.py:137} INFO - [2023-02-28T15:49:00.952+0000] {taskmixin.py:205} WARNING - Dependency <Task(BashOperator): create_entry_group>, delete_entry_group already registered for DAG: example_complex
[2023-02-28T15:49:00.954+0000] {logging_mixin.py:137} INFO - [2023-02-28T15:49:00.954+0000] {taskmixin.py:205} WARNING - Dependency <Task(BashOperator): delete_entry_group>, create_entry_group already registered for DAG: example_complex
[2023-02-28T15:49:00.956+0000] {logging_mixin.py:137} INFO - [2023-02-28T15:49:00.956+0000] {taskmixin.py:205} WARNING - Dependency <Task(BashOperator): create_entry_gcs>, delete_entry already registered for DAG: example_complex
[2023-02-28T15:49:00.957+0000] {logging_mixin.py:137} INFO - [2023-02-28T15:49:00.957+0000] {taskmixin.py:205} WARNING - Dependency <Task(BashOperator): delete_entry>, create_entry_gcs already registered for DAG: example_complex
[2023-02-28T15:49:00.958+0000] {logging_mixin.py:137} INFO - [2023-02-28T15:49:00.958+0000] {taskmixin.py:205} WARNING - Dependency <Task(BashOperator): create_tag>, delete_tag already registered for DAG: example_complex
[2023-02-28T15:49:00.961+0000] {logging_mixin.py:137} INFO - [2023-02-28T15:49:00.961+0000] {taskmixin.py:205} WARNING - Dependency <Task(BashOperator): delete_tag>, create_tag already registered for DAG: example_complex
[2023-02-28T15:49:00.968+0000] {processor.py:753} INFO - DAG(s) dict_keys(['example_complex']) retrieved from /home/airflow/.local/lib/python3.7/site-packages/airflow/example_dags/example_complex.py
[2023-02-28T15:49:01.004+0000] {logging_mixin.py:137} INFO - [2023-02-28T15:49:01.004+0000] {dag.py:2690} INFO - Sync 1 DAGs
[2023-02-28T15:49:01.024+0000] {logging_mixin.py:137} INFO - [2023-02-28T15:49:01.024+0000] {dag.py:3441} INFO - Setting next_dagrun for example_complex to None, run_after=None
[2023-02-28T15:49:01.041+0000] {processor.py:175} INFO - Processing /home/airflow/.local/lib/python3.7/site-packages/airflow/example_dags/example_complex.py took 0.105 seconds
[2023-02-28T15:49:31.928+0000] {processor.py:153} INFO - Started process (PID=408) to work on /home/airflow/.local/lib/python3.7/site-packages/airflow/example_dags/example_complex.py
[2023-02-28T15:49:31.930+0000] {processor.py:743} INFO - Processing file /home/airflow/.local/lib/python3.7/site-packages/airflow/example_dags/example_complex.py for tasks to queue
[2023-02-28T15:49:31.932+0000] {logging_mixin.py:137} INFO - [2023-02-28T15:49:31.932+0000] {dagbag.py:538} INFO - Filling up the DagBag from /home/airflow/.local/lib/python3.7/site-packages/airflow/example_dags/example_complex.py
[2023-02-28T15:49:31.943+0000] {logging_mixin.py:137} INFO - [2023-02-28T15:49:31.943+0000] {taskmixin.py:205} WARNING - Dependency <Task(BashOperator): create_entry_group>, delete_entry_group already registered for DAG: example_complex
[2023-02-28T15:49:31.944+0000] {logging_mixin.py:137} INFO - [2023-02-28T15:49:31.944+0000] {taskmixin.py:205} WARNING - Dependency <Task(BashOperator): delete_entry_group>, create_entry_group already registered for DAG: example_complex
[2023-02-28T15:49:31.964+0000] {logging_mixin.py:137} INFO - [2023-02-28T15:49:31.964+0000] {taskmixin.py:205} WARNING - Dependency <Task(BashOperator): create_entry_gcs>, delete_entry already registered for DAG: example_complex
[2023-02-28T15:49:31.966+0000] {logging_mixin.py:137} INFO - [2023-02-28T15:49:31.966+0000] {taskmixin.py:205} WARNING - Dependency <Task(BashOperator): delete_entry>, create_entry_gcs already registered for DAG: example_complex
[2023-02-28T15:49:31.969+0000] {logging_mixin.py:137} INFO - [2023-02-28T15:49:31.968+0000] {taskmixin.py:205} WARNING - Dependency <Task(BashOperator): create_tag>, delete_tag already registered for DAG: example_complex
[2023-02-28T15:49:31.970+0000] {logging_mixin.py:137} INFO - [2023-02-28T15:49:31.970+0000] {taskmixin.py:205} WARNING - Dependency <Task(BashOperator): delete_tag>, create_tag already registered for DAG: example_complex
[2023-02-28T15:49:31.978+0000] {processor.py:753} INFO - DAG(s) dict_keys(['example_complex']) retrieved from /home/airflow/.local/lib/python3.7/site-packages/airflow/example_dags/example_complex.py
[2023-02-28T15:49:32.003+0000] {logging_mixin.py:137} INFO - [2023-02-28T15:49:32.002+0000] {dag.py:2690} INFO - Sync 1 DAGs
[2023-02-28T15:49:32.019+0000] {logging_mixin.py:137} INFO - [2023-02-28T15:49:32.019+0000] {dag.py:3441} INFO - Setting next_dagrun for example_complex to None, run_after=None
[2023-02-28T15:49:32.033+0000] {processor.py:175} INFO - Processing /home/airflow/.local/lib/python3.7/site-packages/airflow/example_dags/example_complex.py took 0.111 seconds
[2023-02-28T15:50:02.718+0000] {processor.py:153} INFO - Started process (PID=471) to work on /home/airflow/.local/lib/python3.7/site-packages/airflow/example_dags/example_complex.py
[2023-02-28T15:50:02.720+0000] {processor.py:743} INFO - Processing file /home/airflow/.local/lib/python3.7/site-packages/airflow/example_dags/example_complex.py for tasks to queue
[2023-02-28T15:50:02.723+0000] {logging_mixin.py:137} INFO - [2023-02-28T15:50:02.723+0000] {dagbag.py:538} INFO - Filling up the DagBag from /home/airflow/.local/lib/python3.7/site-packages/airflow/example_dags/example_complex.py
[2023-02-28T15:50:02.735+0000] {logging_mixin.py:137} INFO - [2023-02-28T15:50:02.734+0000] {taskmixin.py:205} WARNING - Dependency <Task(BashOperator): create_entry_group>, delete_entry_group already registered for DAG: example_complex
[2023-02-28T15:50:02.736+0000] {logging_mixin.py:137} INFO - [2023-02-28T15:50:02.736+0000] {taskmixin.py:205} WARNING - Dependency <Task(BashOperator): delete_entry_group>, create_entry_group already registered for DAG: example_complex
[2023-02-28T15:50:02.738+0000] {logging_mixin.py:137} INFO - [2023-02-28T15:50:02.737+0000] {taskmixin.py:205} WARNING - Dependency <Task(BashOperator): create_entry_gcs>, delete_entry already registered for DAG: example_complex
[2023-02-28T15:50:02.739+0000] {logging_mixin.py:137} INFO - [2023-02-28T15:50:02.739+0000] {taskmixin.py:205} WARNING - Dependency <Task(BashOperator): delete_entry>, create_entry_gcs already registered for DAG: example_complex
[2023-02-28T15:50:02.740+0000] {logging_mixin.py:137} INFO - [2023-02-28T15:50:02.740+0000] {taskmixin.py:205} WARNING - Dependency <Task(BashOperator): create_tag>, delete_tag already registered for DAG: example_complex
[2023-02-28T15:50:02.741+0000] {logging_mixin.py:137} INFO - [2023-02-28T15:50:02.741+0000] {taskmixin.py:205} WARNING - Dependency <Task(BashOperator): delete_tag>, create_tag already registered for DAG: example_complex
[2023-02-28T15:50:02.748+0000] {processor.py:753} INFO - DAG(s) dict_keys(['example_complex']) retrieved from /home/airflow/.local/lib/python3.7/site-packages/airflow/example_dags/example_complex.py
[2023-02-28T15:50:02.778+0000] {logging_mixin.py:137} INFO - [2023-02-28T15:50:02.778+0000] {dag.py:2690} INFO - Sync 1 DAGs
[2023-02-28T15:50:02.796+0000] {logging_mixin.py:137} INFO - [2023-02-28T15:50:02.796+0000] {dag.py:3441} INFO - Setting next_dagrun for example_complex to None, run_after=None
[2023-02-28T15:50:02.811+0000] {processor.py:175} INFO - Processing /home/airflow/.local/lib/python3.7/site-packages/airflow/example_dags/example_complex.py took 0.097 seconds
[2023-02-28T15:50:33.671+0000] {processor.py:153} INFO - Started process (PID=547) to work on /home/airflow/.local/lib/python3.7/site-packages/airflow/example_dags/example_complex.py
[2023-02-28T15:50:33.673+0000] {processor.py:743} INFO - Processing file /home/airflow/.local/lib/python3.7/site-packages/airflow/example_dags/example_complex.py for tasks to queue
[2023-02-28T15:50:33.674+0000] {logging_mixin.py:137} INFO - [2023-02-28T15:50:33.674+0000] {dagbag.py:538} INFO - Filling up the DagBag from /home/airflow/.local/lib/python3.7/site-packages/airflow/example_dags/example_complex.py
[2023-02-28T15:50:33.683+0000] {logging_mixin.py:137} INFO - [2023-02-28T15:50:33.683+0000] {taskmixin.py:205} WARNING - Dependency <Task(BashOperator): create_entry_group>, delete_entry_group already registered for DAG: example_complex
[2023-02-28T15:50:33.685+0000] {logging_mixin.py:137} INFO - [2023-02-28T15:50:33.684+0000] {taskmixin.py:205} WARNING - Dependency <Task(BashOperator): delete_entry_group>, create_entry_group already registered for DAG: example_complex
[2023-02-28T15:50:33.686+0000] {logging_mixin.py:137} INFO - [2023-02-28T15:50:33.686+0000] {taskmixin.py:205} WARNING - Dependency <Task(BashOperator): create_entry_gcs>, delete_entry already registered for DAG: example_complex
[2023-02-28T15:50:33.687+0000] {logging_mixin.py:137} INFO - [2023-02-28T15:50:33.687+0000] {taskmixin.py:205} WARNING - Dependency <Task(BashOperator): delete_entry>, create_entry_gcs already registered for DAG: example_complex
[2023-02-28T15:50:33.689+0000] {logging_mixin.py:137} INFO - [2023-02-28T15:50:33.689+0000] {taskmixin.py:205} WARNING - Dependency <Task(BashOperator): create_tag>, delete_tag already registered for DAG: example_complex
[2023-02-28T15:50:33.690+0000] {logging_mixin.py:137} INFO - [2023-02-28T15:50:33.690+0000] {taskmixin.py:205} WARNING - Dependency <Task(BashOperator): delete_tag>, create_tag already registered for DAG: example_complex
[2023-02-28T15:50:33.697+0000] {processor.py:753} INFO - DAG(s) dict_keys(['example_complex']) retrieved from /home/airflow/.local/lib/python3.7/site-packages/airflow/example_dags/example_complex.py
[2023-02-28T15:50:33.724+0000] {logging_mixin.py:137} INFO - [2023-02-28T15:50:33.724+0000] {dag.py:2690} INFO - Sync 1 DAGs
[2023-02-28T15:50:33.741+0000] {logging_mixin.py:137} INFO - [2023-02-28T15:50:33.741+0000] {dag.py:3441} INFO - Setting next_dagrun for example_complex to None, run_after=None
[2023-02-28T15:50:33.755+0000] {processor.py:175} INFO - Processing /home/airflow/.local/lib/python3.7/site-packages/airflow/example_dags/example_complex.py took 0.087 seconds
[2023-02-28T15:51:04.687+0000] {processor.py:153} INFO - Started process (PID=622) to work on /home/airflow/.local/lib/python3.7/site-packages/airflow/example_dags/example_complex.py
[2023-02-28T15:51:04.690+0000] {processor.py:743} INFO - Processing file /home/airflow/.local/lib/python3.7/site-packages/airflow/example_dags/example_complex.py for tasks to queue
[2023-02-28T15:51:04.691+0000] {logging_mixin.py:137} INFO - [2023-02-28T15:51:04.691+0000] {dagbag.py:538} INFO - Filling up the DagBag from /home/airflow/.local/lib/python3.7/site-packages/airflow/example_dags/example_complex.py
[2023-02-28T15:51:04.700+0000] {logging_mixin.py:137} INFO - [2023-02-28T15:51:04.700+0000] {taskmixin.py:205} WARNING - Dependency <Task(BashOperator): create_entry_group>, delete_entry_group already registered for DAG: example_complex
[2023-02-28T15:51:04.701+0000] {logging_mixin.py:137} INFO - [2023-02-28T15:51:04.701+0000] {taskmixin.py:205} WARNING - Dependency <Task(BashOperator): delete_entry_group>, create_entry_group already registered for DAG: example_complex
[2023-02-28T15:51:04.702+0000] {logging_mixin.py:137} INFO - [2023-02-28T15:51:04.702+0000] {taskmixin.py:205} WARNING - Dependency <Task(BashOperator): create_entry_gcs>, delete_entry already registered for DAG: example_complex
[2023-02-28T15:51:04.704+0000] {logging_mixin.py:137} INFO - [2023-02-28T15:51:04.703+0000] {taskmixin.py:205} WARNING - Dependency <Task(BashOperator): delete_entry>, create_entry_gcs already registered for DAG: example_complex
[2023-02-28T15:51:04.705+0000] {logging_mixin.py:137} INFO - [2023-02-28T15:51:04.705+0000] {taskmixin.py:205} WARNING - Dependency <Task(BashOperator): create_tag>, delete_tag already registered for DAG: example_complex
[2023-02-28T15:51:04.706+0000] {logging_mixin.py:137} INFO - [2023-02-28T15:51:04.706+0000] {taskmixin.py:205} WARNING - Dependency <Task(BashOperator): delete_tag>, create_tag already registered for DAG: example_complex
[2023-02-28T15:51:04.712+0000] {processor.py:753} INFO - DAG(s) dict_keys(['example_complex']) retrieved from /home/airflow/.local/lib/python3.7/site-packages/airflow/example_dags/example_complex.py
[2023-02-28T15:51:04.740+0000] {logging_mixin.py:137} INFO - [2023-02-28T15:51:04.740+0000] {dag.py:2690} INFO - Sync 1 DAGs
[2023-02-28T15:51:04.758+0000] {logging_mixin.py:137} INFO - [2023-02-28T15:51:04.758+0000] {dag.py:3441} INFO - Setting next_dagrun for example_complex to None, run_after=None
[2023-02-28T15:51:04.773+0000] {processor.py:175} INFO - Processing /home/airflow/.local/lib/python3.7/site-packages/airflow/example_dags/example_complex.py took 0.089 seconds
[2023-02-28T15:51:35.526+0000] {processor.py:153} INFO - Started process (PID=685) to work on /home/airflow/.local/lib/python3.7/site-packages/airflow/example_dags/example_complex.py
[2023-02-28T15:51:35.528+0000] {processor.py:743} INFO - Processing file /home/airflow/.local/lib/python3.7/site-packages/airflow/example_dags/example_complex.py for tasks to queue
[2023-02-28T15:51:35.529+0000] {logging_mixin.py:137} INFO - [2023-02-28T15:51:35.529+0000] {dagbag.py:538} INFO - Filling up the DagBag from /home/airflow/.local/lib/python3.7/site-packages/airflow/example_dags/example_complex.py
[2023-02-28T15:51:35.538+0000] {logging_mixin.py:137} INFO - [2023-02-28T15:51:35.538+0000] {taskmixin.py:205} WARNING - Dependency <Task(BashOperator): create_entry_group>, delete_entry_group already registered for DAG: example_complex
[2023-02-28T15:51:35.540+0000] {logging_mixin.py:137} INFO - [2023-02-28T15:51:35.540+0000] {taskmixin.py:205} WARNING - Dependency <Task(BashOperator): delete_entry_group>, create_entry_group already registered for DAG: example_complex
[2023-02-28T15:51:35.541+0000] {logging_mixin.py:137} INFO - [2023-02-28T15:51:35.541+0000] {taskmixin.py:205} WARNING - Dependency <Task(BashOperator): create_entry_gcs>, delete_entry already registered for DAG: example_complex
[2023-02-28T15:51:35.542+0000] {logging_mixin.py:137} INFO - [2023-02-28T15:51:35.542+0000] {taskmixin.py:205} WARNING - Dependency <Task(BashOperator): delete_entry>, create_entry_gcs already registered for DAG: example_complex
[2023-02-28T15:51:35.543+0000] {logging_mixin.py:137} INFO - [2023-02-28T15:51:35.543+0000] {taskmixin.py:205} WARNING - Dependency <Task(BashOperator): create_tag>, delete_tag already registered for DAG: example_complex
[2023-02-28T15:51:35.545+0000] {logging_mixin.py:137} INFO - [2023-02-28T15:51:35.545+0000] {taskmixin.py:205} WARNING - Dependency <Task(BashOperator): delete_tag>, create_tag already registered for DAG: example_complex
[2023-02-28T15:51:35.552+0000] {processor.py:753} INFO - DAG(s) dict_keys(['example_complex']) retrieved from /home/airflow/.local/lib/python3.7/site-packages/airflow/example_dags/example_complex.py
[2023-02-28T15:51:35.579+0000] {logging_mixin.py:137} INFO - [2023-02-28T15:51:35.579+0000] {dag.py:2690} INFO - Sync 1 DAGs
[2023-02-28T15:51:35.599+0000] {logging_mixin.py:137} INFO - [2023-02-28T15:51:35.599+0000] {dag.py:3441} INFO - Setting next_dagrun for example_complex to None, run_after=None
[2023-02-28T15:51:35.629+0000] {processor.py:175} INFO - Processing /home/airflow/.local/lib/python3.7/site-packages/airflow/example_dags/example_complex.py took 0.106 seconds
[2023-02-28T15:52:06.541+0000] {processor.py:153} INFO - Started process (PID=760) to work on /home/airflow/.local/lib/python3.7/site-packages/airflow/example_dags/example_complex.py
[2023-02-28T15:52:06.543+0000] {processor.py:743} INFO - Processing file /home/airflow/.local/lib/python3.7/site-packages/airflow/example_dags/example_complex.py for tasks to queue
[2023-02-28T15:52:06.545+0000] {logging_mixin.py:137} INFO - [2023-02-28T15:52:06.544+0000] {dagbag.py:538} INFO - Filling up the DagBag from /home/airflow/.local/lib/python3.7/site-packages/airflow/example_dags/example_complex.py
[2023-02-28T15:52:06.554+0000] {logging_mixin.py:137} INFO - [2023-02-28T15:52:06.554+0000] {taskmixin.py:205} WARNING - Dependency <Task(BashOperator): create_entry_group>, delete_entry_group already registered for DAG: example_complex
[2023-02-28T15:52:06.555+0000] {logging_mixin.py:137} INFO - [2023-02-28T15:52:06.555+0000] {taskmixin.py:205} WARNING - Dependency <Task(BashOperator): delete_entry_group>, create_entry_group already registered for DAG: example_complex
[2023-02-28T15:52:06.556+0000] {logging_mixin.py:137} INFO - [2023-02-28T15:52:06.556+0000] {taskmixin.py:205} WARNING - Dependency <Task(BashOperator): create_entry_gcs>, delete_entry already registered for DAG: example_complex
[2023-02-28T15:52:06.557+0000] {logging_mixin.py:137} INFO - [2023-02-28T15:52:06.557+0000] {taskmixin.py:205} WARNING - Dependency <Task(BashOperator): delete_entry>, create_entry_gcs already registered for DAG: example_complex
[2023-02-28T15:52:06.558+0000] {logging_mixin.py:137} INFO - [2023-02-28T15:52:06.558+0000] {taskmixin.py:205} WARNING - Dependency <Task(BashOperator): create_tag>, delete_tag already registered for DAG: example_complex
[2023-02-28T15:52:06.560+0000] {logging_mixin.py:137} INFO - [2023-02-28T15:52:06.560+0000] {taskmixin.py:205} WARNING - Dependency <Task(BashOperator): delete_tag>, create_tag already registered for DAG: example_complex
[2023-02-28T15:52:06.565+0000] {processor.py:753} INFO - DAG(s) dict_keys(['example_complex']) retrieved from /home/airflow/.local/lib/python3.7/site-packages/airflow/example_dags/example_complex.py
[2023-02-28T15:52:06.596+0000] {logging_mixin.py:137} INFO - [2023-02-28T15:52:06.596+0000] {dag.py:2690} INFO - Sync 1 DAGs
[2023-02-28T15:52:06.616+0000] {logging_mixin.py:137} INFO - [2023-02-28T15:52:06.616+0000] {dag.py:3441} INFO - Setting next_dagrun for example_complex to None, run_after=None
[2023-02-28T15:52:06.632+0000] {processor.py:175} INFO - Processing /home/airflow/.local/lib/python3.7/site-packages/airflow/example_dags/example_complex.py took 0.095 seconds
[2023-02-28T15:52:37.349+0000] {processor.py:153} INFO - Started process (PID=835) to work on /home/airflow/.local/lib/python3.7/site-packages/airflow/example_dags/example_complex.py
[2023-02-28T15:52:37.352+0000] {processor.py:743} INFO - Processing file /home/airflow/.local/lib/python3.7/site-packages/airflow/example_dags/example_complex.py for tasks to queue
[2023-02-28T15:52:37.354+0000] {logging_mixin.py:137} INFO - [2023-02-28T15:52:37.353+0000] {dagbag.py:538} INFO - Filling up the DagBag from /home/airflow/.local/lib/python3.7/site-packages/airflow/example_dags/example_complex.py
[2023-02-28T15:52:37.364+0000] {logging_mixin.py:137} INFO - [2023-02-28T15:52:37.364+0000] {taskmixin.py:205} WARNING - Dependency <Task(BashOperator): create_entry_group>, delete_entry_group already registered for DAG: example_complex
[2023-02-28T15:52:37.365+0000] {logging_mixin.py:137} INFO - [2023-02-28T15:52:37.365+0000] {taskmixin.py:205} WARNING - Dependency <Task(BashOperator): delete_entry_group>, create_entry_group already registered for DAG: example_complex
[2023-02-28T15:52:37.366+0000] {logging_mixin.py:137} INFO - [2023-02-28T15:52:37.366+0000] {taskmixin.py:205} WARNING - Dependency <Task(BashOperator): create_entry_gcs>, delete_entry already registered for DAG: example_complex
[2023-02-28T15:52:37.368+0000] {logging_mixin.py:137} INFO - [2023-02-28T15:52:37.368+0000] {taskmixin.py:205} WARNING - Dependency <Task(BashOperator): delete_entry>, create_entry_gcs already registered for DAG: example_complex
[2023-02-28T15:52:37.369+0000] {logging_mixin.py:137} INFO - [2023-02-28T15:52:37.369+0000] {taskmixin.py:205} WARNING - Dependency <Task(BashOperator): create_tag>, delete_tag already registered for DAG: example_complex
[2023-02-28T15:52:37.370+0000] {logging_mixin.py:137} INFO - [2023-02-28T15:52:37.370+0000] {taskmixin.py:205} WARNING - Dependency <Task(BashOperator): delete_tag>, create_tag already registered for DAG: example_complex
[2023-02-28T15:52:37.377+0000] {processor.py:753} INFO - DAG(s) dict_keys(['example_complex']) retrieved from /home/airflow/.local/lib/python3.7/site-packages/airflow/example_dags/example_complex.py
[2023-02-28T15:52:37.408+0000] {logging_mixin.py:137} INFO - [2023-02-28T15:52:37.408+0000] {dag.py:2690} INFO - Sync 1 DAGs
[2023-02-28T15:52:37.426+0000] {logging_mixin.py:137} INFO - [2023-02-28T15:52:37.426+0000] {dag.py:3441} INFO - Setting next_dagrun for example_complex to None, run_after=None
[2023-02-28T15:52:37.441+0000] {processor.py:175} INFO - Processing /home/airflow/.local/lib/python3.7/site-packages/airflow/example_dags/example_complex.py took 0.094 seconds
[2023-02-28T15:53:08.248+0000] {processor.py:153} INFO - Started process (PID=910) to work on /home/airflow/.local/lib/python3.7/site-packages/airflow/example_dags/example_complex.py
[2023-02-28T15:53:08.250+0000] {processor.py:743} INFO - Processing file /home/airflow/.local/lib/python3.7/site-packages/airflow/example_dags/example_complex.py for tasks to queue
[2023-02-28T15:53:08.253+0000] {logging_mixin.py:137} INFO - [2023-02-28T15:53:08.253+0000] {dagbag.py:538} INFO - Filling up the DagBag from /home/airflow/.local/lib/python3.7/site-packages/airflow/example_dags/example_complex.py
[2023-02-28T15:53:08.265+0000] {logging_mixin.py:137} INFO - [2023-02-28T15:53:08.265+0000] {taskmixin.py:205} WARNING - Dependency <Task(BashOperator): create_entry_group>, delete_entry_group already registered for DAG: example_complex
[2023-02-28T15:53:08.267+0000] {logging_mixin.py:137} INFO - [2023-02-28T15:53:08.266+0000] {taskmixin.py:205} WARNING - Dependency <Task(BashOperator): delete_entry_group>, create_entry_group already registered for DAG: example_complex
[2023-02-28T15:53:08.270+0000] {logging_mixin.py:137} INFO - [2023-02-28T15:53:08.270+0000] {taskmixin.py:205} WARNING - Dependency <Task(BashOperator): create_entry_gcs>, delete_entry already registered for DAG: example_complex
[2023-02-28T15:53:08.271+0000] {logging_mixin.py:137} INFO - [2023-02-28T15:53:08.271+0000] {taskmixin.py:205} WARNING - Dependency <Task(BashOperator): delete_entry>, create_entry_gcs already registered for DAG: example_complex
[2023-02-28T15:53:08.273+0000] {logging_mixin.py:137} INFO - [2023-02-28T15:53:08.273+0000] {taskmixin.py:205} WARNING - Dependency <Task(BashOperator): create_tag>, delete_tag already registered for DAG: example_complex
[2023-02-28T15:53:08.273+0000] {logging_mixin.py:137} INFO - [2023-02-28T15:53:08.273+0000] {taskmixin.py:205} WARNING - Dependency <Task(BashOperator): delete_tag>, create_tag already registered for DAG: example_complex
[2023-02-28T15:53:08.279+0000] {processor.py:753} INFO - DAG(s) dict_keys(['example_complex']) retrieved from /home/airflow/.local/lib/python3.7/site-packages/airflow/example_dags/example_complex.py
[2023-02-28T15:53:08.316+0000] {logging_mixin.py:137} INFO - [2023-02-28T15:53:08.316+0000] {dag.py:2690} INFO - Sync 1 DAGs
[2023-02-28T15:53:08.339+0000] {logging_mixin.py:137} INFO - [2023-02-28T15:53:08.339+0000] {dag.py:3441} INFO - Setting next_dagrun for example_complex to None, run_after=None
[2023-02-28T15:53:08.357+0000] {processor.py:175} INFO - Processing /home/airflow/.local/lib/python3.7/site-packages/airflow/example_dags/example_complex.py took 0.112 seconds
[2023-02-28T15:53:39.236+0000] {processor.py:153} INFO - Started process (PID=973) to work on /home/airflow/.local/lib/python3.7/site-packages/airflow/example_dags/example_complex.py
[2023-02-28T15:53:39.238+0000] {processor.py:743} INFO - Processing file /home/airflow/.local/lib/python3.7/site-packages/airflow/example_dags/example_complex.py for tasks to queue
[2023-02-28T15:53:39.239+0000] {logging_mixin.py:137} INFO - [2023-02-28T15:53:39.239+0000] {dagbag.py:538} INFO - Filling up the DagBag from /home/airflow/.local/lib/python3.7/site-packages/airflow/example_dags/example_complex.py
[2023-02-28T15:53:39.249+0000] {logging_mixin.py:137} INFO - [2023-02-28T15:53:39.249+0000] {taskmixin.py:205} WARNING - Dependency <Task(BashOperator): create_entry_group>, delete_entry_group already registered for DAG: example_complex
[2023-02-28T15:53:39.251+0000] {logging_mixin.py:137} INFO - [2023-02-28T15:53:39.251+0000] {taskmixin.py:205} WARNING - Dependency <Task(BashOperator): delete_entry_group>, create_entry_group already registered for DAG: example_complex
[2023-02-28T15:53:39.253+0000] {logging_mixin.py:137} INFO - [2023-02-28T15:53:39.253+0000] {taskmixin.py:205} WARNING - Dependency <Task(BashOperator): create_entry_gcs>, delete_entry already registered for DAG: example_complex
[2023-02-28T15:53:39.254+0000] {logging_mixin.py:137} INFO - [2023-02-28T15:53:39.254+0000] {taskmixin.py:205} WARNING - Dependency <Task(BashOperator): delete_entry>, create_entry_gcs already registered for DAG: example_complex
[2023-02-28T15:53:39.255+0000] {logging_mixin.py:137} INFO - [2023-02-28T15:53:39.255+0000] {taskmixin.py:205} WARNING - Dependency <Task(BashOperator): create_tag>, delete_tag already registered for DAG: example_complex
[2023-02-28T15:53:39.256+0000] {logging_mixin.py:137} INFO - [2023-02-28T15:53:39.256+0000] {taskmixin.py:205} WARNING - Dependency <Task(BashOperator): delete_tag>, create_tag already registered for DAG: example_complex
[2023-02-28T15:53:39.262+0000] {processor.py:753} INFO - DAG(s) dict_keys(['example_complex']) retrieved from /home/airflow/.local/lib/python3.7/site-packages/airflow/example_dags/example_complex.py
[2023-02-28T15:53:39.289+0000] {logging_mixin.py:137} INFO - [2023-02-28T15:53:39.289+0000] {dag.py:2690} INFO - Sync 1 DAGs
[2023-02-28T15:53:39.307+0000] {logging_mixin.py:137} INFO - [2023-02-28T15:53:39.307+0000] {dag.py:3441} INFO - Setting next_dagrun for example_complex to None, run_after=None
[2023-02-28T15:53:39.322+0000] {processor.py:175} INFO - Processing /home/airflow/.local/lib/python3.7/site-packages/airflow/example_dags/example_complex.py took 0.089 seconds
[2023-02-28T15:54:10.051+0000] {processor.py:153} INFO - Started process (PID=1047) to work on /home/airflow/.local/lib/python3.7/site-packages/airflow/example_dags/example_complex.py
[2023-02-28T15:54:10.053+0000] {processor.py:743} INFO - Processing file /home/airflow/.local/lib/python3.7/site-packages/airflow/example_dags/example_complex.py for tasks to queue
[2023-02-28T15:54:10.055+0000] {logging_mixin.py:137} INFO - [2023-02-28T15:54:10.055+0000] {dagbag.py:538} INFO - Filling up the DagBag from /home/airflow/.local/lib/python3.7/site-packages/airflow/example_dags/example_complex.py
[2023-02-28T15:54:10.064+0000] {logging_mixin.py:137} INFO - [2023-02-28T15:54:10.064+0000] {taskmixin.py:205} WARNING - Dependency <Task(BashOperator): create_entry_group>, delete_entry_group already registered for DAG: example_complex
[2023-02-28T15:54:10.065+0000] {logging_mixin.py:137} INFO - [2023-02-28T15:54:10.065+0000] {taskmixin.py:205} WARNING - Dependency <Task(BashOperator): delete_entry_group>, create_entry_group already registered for DAG: example_complex
[2023-02-28T15:54:10.066+0000] {logging_mixin.py:137} INFO - [2023-02-28T15:54:10.066+0000] {taskmixin.py:205} WARNING - Dependency <Task(BashOperator): create_entry_gcs>, delete_entry already registered for DAG: example_complex
[2023-02-28T15:54:10.067+0000] {logging_mixin.py:137} INFO - [2023-02-28T15:54:10.067+0000] {taskmixin.py:205} WARNING - Dependency <Task(BashOperator): delete_entry>, create_entry_gcs already registered for DAG: example_complex
[2023-02-28T15:54:10.068+0000] {logging_mixin.py:137} INFO - [2023-02-28T15:54:10.068+0000] {taskmixin.py:205} WARNING - Dependency <Task(BashOperator): create_tag>, delete_tag already registered for DAG: example_complex
[2023-02-28T15:54:10.069+0000] {logging_mixin.py:137} INFO - [2023-02-28T15:54:10.069+0000] {taskmixin.py:205} WARNING - Dependency <Task(BashOperator): delete_tag>, create_tag already registered for DAG: example_complex
[2023-02-28T15:54:10.074+0000] {processor.py:753} INFO - DAG(s) dict_keys(['example_complex']) retrieved from /home/airflow/.local/lib/python3.7/site-packages/airflow/example_dags/example_complex.py
[2023-02-28T15:54:10.102+0000] {logging_mixin.py:137} INFO - [2023-02-28T15:54:10.102+0000] {dag.py:2690} INFO - Sync 1 DAGs
[2023-02-28T15:54:10.120+0000] {logging_mixin.py:137} INFO - [2023-02-28T15:54:10.120+0000] {dag.py:3441} INFO - Setting next_dagrun for example_complex to None, run_after=None
[2023-02-28T15:54:10.134+0000] {processor.py:175} INFO - Processing /home/airflow/.local/lib/python3.7/site-packages/airflow/example_dags/example_complex.py took 0.086 seconds
[2023-02-28T15:54:41.002+0000] {processor.py:153} INFO - Started process (PID=1121) to work on /home/airflow/.local/lib/python3.7/site-packages/airflow/example_dags/example_complex.py
[2023-02-28T15:54:41.005+0000] {processor.py:743} INFO - Processing file /home/airflow/.local/lib/python3.7/site-packages/airflow/example_dags/example_complex.py for tasks to queue
[2023-02-28T15:54:41.006+0000] {logging_mixin.py:137} INFO - [2023-02-28T15:54:41.006+0000] {dagbag.py:538} INFO - Filling up the DagBag from /home/airflow/.local/lib/python3.7/site-packages/airflow/example_dags/example_complex.py
[2023-02-28T15:54:41.018+0000] {logging_mixin.py:137} INFO - [2023-02-28T15:54:41.017+0000] {taskmixin.py:205} WARNING - Dependency <Task(BashOperator): create_entry_group>, delete_entry_group already registered for DAG: example_complex
[2023-02-28T15:54:41.019+0000] {logging_mixin.py:137} INFO - [2023-02-28T15:54:41.019+0000] {taskmixin.py:205} WARNING - Dependency <Task(BashOperator): delete_entry_group>, create_entry_group already registered for DAG: example_complex
[2023-02-28T15:54:41.021+0000] {logging_mixin.py:137} INFO - [2023-02-28T15:54:41.021+0000] {taskmixin.py:205} WARNING - Dependency <Task(BashOperator): create_entry_gcs>, delete_entry already registered for DAG: example_complex
[2023-02-28T15:54:41.025+0000] {logging_mixin.py:137} INFO - [2023-02-28T15:54:41.025+0000] {taskmixin.py:205} WARNING - Dependency <Task(BashOperator): delete_entry>, create_entry_gcs already registered for DAG: example_complex
[2023-02-28T15:54:41.026+0000] {logging_mixin.py:137} INFO - [2023-02-28T15:54:41.026+0000] {taskmixin.py:205} WARNING - Dependency <Task(BashOperator): create_tag>, delete_tag already registered for DAG: example_complex
[2023-02-28T15:54:41.027+0000] {logging_mixin.py:137} INFO - [2023-02-28T15:54:41.027+0000] {taskmixin.py:205} WARNING - Dependency <Task(BashOperator): delete_tag>, create_tag already registered for DAG: example_complex
[2023-02-28T15:54:41.034+0000] {processor.py:753} INFO - DAG(s) dict_keys(['example_complex']) retrieved from /home/airflow/.local/lib/python3.7/site-packages/airflow/example_dags/example_complex.py
[2023-02-28T15:54:41.061+0000] {logging_mixin.py:137} INFO - [2023-02-28T15:54:41.061+0000] {dag.py:2690} INFO - Sync 1 DAGs
[2023-02-28T15:54:41.079+0000] {logging_mixin.py:137} INFO - [2023-02-28T15:54:41.079+0000] {dag.py:3441} INFO - Setting next_dagrun for example_complex to None, run_after=None
[2023-02-28T15:54:41.093+0000] {processor.py:175} INFO - Processing /home/airflow/.local/lib/python3.7/site-packages/airflow/example_dags/example_complex.py took 0.094 seconds
[2023-02-28T15:55:11.841+0000] {processor.py:153} INFO - Started process (PID=1185) to work on /home/airflow/.local/lib/python3.7/site-packages/airflow/example_dags/example_complex.py
[2023-02-28T15:55:11.843+0000] {processor.py:743} INFO - Processing file /home/airflow/.local/lib/python3.7/site-packages/airflow/example_dags/example_complex.py for tasks to queue
[2023-02-28T15:55:11.846+0000] {logging_mixin.py:137} INFO - [2023-02-28T15:55:11.845+0000] {dagbag.py:538} INFO - Filling up the DagBag from /home/airflow/.local/lib/python3.7/site-packages/airflow/example_dags/example_complex.py
[2023-02-28T15:55:11.855+0000] {logging_mixin.py:137} INFO - [2023-02-28T15:55:11.855+0000] {taskmixin.py:205} WARNING - Dependency <Task(BashOperator): create_entry_group>, delete_entry_group already registered for DAG: example_complex
[2023-02-28T15:55:11.857+0000] {logging_mixin.py:137} INFO - [2023-02-28T15:55:11.856+0000] {taskmixin.py:205} WARNING - Dependency <Task(BashOperator): delete_entry_group>, create_entry_group already registered for DAG: example_complex
[2023-02-28T15:55:11.858+0000] {logging_mixin.py:137} INFO - [2023-02-28T15:55:11.858+0000] {taskmixin.py:205} WARNING - Dependency <Task(BashOperator): create_entry_gcs>, delete_entry already registered for DAG: example_complex
[2023-02-28T15:55:11.859+0000] {logging_mixin.py:137} INFO - [2023-02-28T15:55:11.859+0000] {taskmixin.py:205} WARNING - Dependency <Task(BashOperator): delete_entry>, create_entry_gcs already registered for DAG: example_complex
[2023-02-28T15:55:11.860+0000] {logging_mixin.py:137} INFO - [2023-02-28T15:55:11.860+0000] {taskmixin.py:205} WARNING - Dependency <Task(BashOperator): create_tag>, delete_tag already registered for DAG: example_complex
[2023-02-28T15:55:11.861+0000] {logging_mixin.py:137} INFO - [2023-02-28T15:55:11.861+0000] {taskmixin.py:205} WARNING - Dependency <Task(BashOperator): delete_tag>, create_tag already registered for DAG: example_complex
[2023-02-28T15:55:11.867+0000] {processor.py:753} INFO - DAG(s) dict_keys(['example_complex']) retrieved from /home/airflow/.local/lib/python3.7/site-packages/airflow/example_dags/example_complex.py
[2023-02-28T15:55:11.896+0000] {logging_mixin.py:137} INFO - [2023-02-28T15:55:11.896+0000] {dag.py:2690} INFO - Sync 1 DAGs
[2023-02-28T15:55:11.914+0000] {logging_mixin.py:137} INFO - [2023-02-28T15:55:11.914+0000] {dag.py:3441} INFO - Setting next_dagrun for example_complex to None, run_after=None
[2023-02-28T15:55:11.929+0000] {processor.py:175} INFO - Processing /home/airflow/.local/lib/python3.7/site-packages/airflow/example_dags/example_complex.py took 0.091 seconds
[2023-02-28T15:55:42.727+0000] {processor.py:153} INFO - Started process (PID=1260) to work on /home/airflow/.local/lib/python3.7/site-packages/airflow/example_dags/example_complex.py
[2023-02-28T15:55:42.730+0000] {processor.py:743} INFO - Processing file /home/airflow/.local/lib/python3.7/site-packages/airflow/example_dags/example_complex.py for tasks to queue
[2023-02-28T15:55:42.732+0000] {logging_mixin.py:137} INFO - [2023-02-28T15:55:42.732+0000] {dagbag.py:538} INFO - Filling up the DagBag from /home/airflow/.local/lib/python3.7/site-packages/airflow/example_dags/example_complex.py
[2023-02-28T15:55:42.742+0000] {logging_mixin.py:137} INFO - [2023-02-28T15:55:42.741+0000] {taskmixin.py:205} WARNING - Dependency <Task(BashOperator): create_entry_group>, delete_entry_group already registered for DAG: example_complex
[2023-02-28T15:55:42.743+0000] {logging_mixin.py:137} INFO - [2023-02-28T15:55:42.743+0000] {taskmixin.py:205} WARNING - Dependency <Task(BashOperator): delete_entry_group>, create_entry_group already registered for DAG: example_complex
[2023-02-28T15:55:42.744+0000] {logging_mixin.py:137} INFO - [2023-02-28T15:55:42.744+0000] {taskmixin.py:205} WARNING - Dependency <Task(BashOperator): create_entry_gcs>, delete_entry already registered for DAG: example_complex
[2023-02-28T15:55:42.745+0000] {logging_mixin.py:137} INFO - [2023-02-28T15:55:42.745+0000] {taskmixin.py:205} WARNING - Dependency <Task(BashOperator): delete_entry>, create_entry_gcs already registered for DAG: example_complex
[2023-02-28T15:55:42.746+0000] {logging_mixin.py:137} INFO - [2023-02-28T15:55:42.746+0000] {taskmixin.py:205} WARNING - Dependency <Task(BashOperator): create_tag>, delete_tag already registered for DAG: example_complex
[2023-02-28T15:55:42.747+0000] {logging_mixin.py:137} INFO - [2023-02-28T15:55:42.747+0000] {taskmixin.py:205} WARNING - Dependency <Task(BashOperator): delete_tag>, create_tag already registered for DAG: example_complex
[2023-02-28T15:55:42.753+0000] {processor.py:753} INFO - DAG(s) dict_keys(['example_complex']) retrieved from /home/airflow/.local/lib/python3.7/site-packages/airflow/example_dags/example_complex.py
[2023-02-28T15:55:42.784+0000] {logging_mixin.py:137} INFO - [2023-02-28T15:55:42.784+0000] {dag.py:2690} INFO - Sync 1 DAGs
[2023-02-28T15:55:42.803+0000] {logging_mixin.py:137} INFO - [2023-02-28T15:55:42.803+0000] {dag.py:3441} INFO - Setting next_dagrun for example_complex to None, run_after=None
[2023-02-28T15:55:42.818+0000] {processor.py:175} INFO - Processing /home/airflow/.local/lib/python3.7/site-packages/airflow/example_dags/example_complex.py took 0.094 seconds
[2023-02-28T15:56:13.742+0000] {processor.py:153} INFO - Started process (PID=1335) to work on /home/airflow/.local/lib/python3.7/site-packages/airflow/example_dags/example_complex.py
[2023-02-28T15:56:13.745+0000] {processor.py:743} INFO - Processing file /home/airflow/.local/lib/python3.7/site-packages/airflow/example_dags/example_complex.py for tasks to queue
[2023-02-28T15:56:13.747+0000] {logging_mixin.py:137} INFO - [2023-02-28T15:56:13.747+0000] {dagbag.py:538} INFO - Filling up the DagBag from /home/airflow/.local/lib/python3.7/site-packages/airflow/example_dags/example_complex.py
[2023-02-28T15:56:13.756+0000] {logging_mixin.py:137} INFO - [2023-02-28T15:56:13.756+0000] {taskmixin.py:205} WARNING - Dependency <Task(BashOperator): create_entry_group>, delete_entry_group already registered for DAG: example_complex
[2023-02-28T15:56:13.758+0000] {logging_mixin.py:137} INFO - [2023-02-28T15:56:13.758+0000] {taskmixin.py:205} WARNING - Dependency <Task(BashOperator): delete_entry_group>, create_entry_group already registered for DAG: example_complex
[2023-02-28T15:56:13.760+0000] {logging_mixin.py:137} INFO - [2023-02-28T15:56:13.759+0000] {taskmixin.py:205} WARNING - Dependency <Task(BashOperator): create_entry_gcs>, delete_entry already registered for DAG: example_complex
[2023-02-28T15:56:13.760+0000] {logging_mixin.py:137} INFO - [2023-02-28T15:56:13.760+0000] {taskmixin.py:205} WARNING - Dependency <Task(BashOperator): delete_entry>, create_entry_gcs already registered for DAG: example_complex
[2023-02-28T15:56:13.763+0000] {logging_mixin.py:137} INFO - [2023-02-28T15:56:13.763+0000] {taskmixin.py:205} WARNING - Dependency <Task(BashOperator): create_tag>, delete_tag already registered for DAG: example_complex
[2023-02-28T15:56:13.764+0000] {logging_mixin.py:137} INFO - [2023-02-28T15:56:13.764+0000] {taskmixin.py:205} WARNING - Dependency <Task(BashOperator): delete_tag>, create_tag already registered for DAG: example_complex
[2023-02-28T15:56:13.771+0000] {processor.py:753} INFO - DAG(s) dict_keys(['example_complex']) retrieved from /home/airflow/.local/lib/python3.7/site-packages/airflow/example_dags/example_complex.py
[2023-02-28T15:56:13.806+0000] {logging_mixin.py:137} INFO - [2023-02-28T15:56:13.806+0000] {dag.py:2690} INFO - Sync 1 DAGs
[2023-02-28T15:56:13.827+0000] {logging_mixin.py:137} INFO - [2023-02-28T15:56:13.827+0000] {dag.py:3441} INFO - Setting next_dagrun for example_complex to None, run_after=None
[2023-02-28T15:56:13.845+0000] {processor.py:175} INFO - Processing /home/airflow/.local/lib/python3.7/site-packages/airflow/example_dags/example_complex.py took 0.106 seconds
[2023-02-28T15:56:44.705+0000] {processor.py:153} INFO - Started process (PID=1397) to work on /home/airflow/.local/lib/python3.7/site-packages/airflow/example_dags/example_complex.py
[2023-02-28T15:56:44.707+0000] {processor.py:743} INFO - Processing file /home/airflow/.local/lib/python3.7/site-packages/airflow/example_dags/example_complex.py for tasks to queue
[2023-02-28T15:56:44.708+0000] {logging_mixin.py:137} INFO - [2023-02-28T15:56:44.708+0000] {dagbag.py:538} INFO - Filling up the DagBag from /home/airflow/.local/lib/python3.7/site-packages/airflow/example_dags/example_complex.py
[2023-02-28T15:56:44.717+0000] {logging_mixin.py:137} INFO - [2023-02-28T15:56:44.717+0000] {taskmixin.py:205} WARNING - Dependency <Task(BashOperator): create_entry_group>, delete_entry_group already registered for DAG: example_complex
[2023-02-28T15:56:44.718+0000] {logging_mixin.py:137} INFO - [2023-02-28T15:56:44.718+0000] {taskmixin.py:205} WARNING - Dependency <Task(BashOperator): delete_entry_group>, create_entry_group already registered for DAG: example_complex
[2023-02-28T15:56:44.719+0000] {logging_mixin.py:137} INFO - [2023-02-28T15:56:44.719+0000] {taskmixin.py:205} WARNING - Dependency <Task(BashOperator): create_entry_gcs>, delete_entry already registered for DAG: example_complex
[2023-02-28T15:56:44.720+0000] {logging_mixin.py:137} INFO - [2023-02-28T15:56:44.720+0000] {taskmixin.py:205} WARNING - Dependency <Task(BashOperator): delete_entry>, create_entry_gcs already registered for DAG: example_complex
[2023-02-28T15:56:44.721+0000] {logging_mixin.py:137} INFO - [2023-02-28T15:56:44.721+0000] {taskmixin.py:205} WARNING - Dependency <Task(BashOperator): create_tag>, delete_tag already registered for DAG: example_complex
[2023-02-28T15:56:44.722+0000] {logging_mixin.py:137} INFO - [2023-02-28T15:56:44.722+0000] {taskmixin.py:205} WARNING - Dependency <Task(BashOperator): delete_tag>, create_tag already registered for DAG: example_complex
[2023-02-28T15:56:44.728+0000] {processor.py:753} INFO - DAG(s) dict_keys(['example_complex']) retrieved from /home/airflow/.local/lib/python3.7/site-packages/airflow/example_dags/example_complex.py
[2023-02-28T15:56:44.759+0000] {logging_mixin.py:137} INFO - [2023-02-28T15:56:44.759+0000] {dag.py:2690} INFO - Sync 1 DAGs
[2023-02-28T15:56:44.776+0000] {logging_mixin.py:137} INFO - [2023-02-28T15:56:44.776+0000] {dag.py:3441} INFO - Setting next_dagrun for example_complex to None, run_after=None
[2023-02-28T15:56:44.790+0000] {processor.py:175} INFO - Processing /home/airflow/.local/lib/python3.7/site-packages/airflow/example_dags/example_complex.py took 0.089 seconds
[2023-02-28T15:57:15.487+0000] {processor.py:153} INFO - Started process (PID=1472) to work on /home/airflow/.local/lib/python3.7/site-packages/airflow/example_dags/example_complex.py
[2023-02-28T15:57:15.489+0000] {processor.py:743} INFO - Processing file /home/airflow/.local/lib/python3.7/site-packages/airflow/example_dags/example_complex.py for tasks to queue
[2023-02-28T15:57:15.491+0000] {logging_mixin.py:137} INFO - [2023-02-28T15:57:15.491+0000] {dagbag.py:538} INFO - Filling up the DagBag from /home/airflow/.local/lib/python3.7/site-packages/airflow/example_dags/example_complex.py
[2023-02-28T15:57:15.500+0000] {logging_mixin.py:137} INFO - [2023-02-28T15:57:15.500+0000] {taskmixin.py:205} WARNING - Dependency <Task(BashOperator): create_entry_group>, delete_entry_group already registered for DAG: example_complex
[2023-02-28T15:57:15.501+0000] {logging_mixin.py:137} INFO - [2023-02-28T15:57:15.501+0000] {taskmixin.py:205} WARNING - Dependency <Task(BashOperator): delete_entry_group>, create_entry_group already registered for DAG: example_complex
[2023-02-28T15:57:15.502+0000] {logging_mixin.py:137} INFO - [2023-02-28T15:57:15.502+0000] {taskmixin.py:205} WARNING - Dependency <Task(BashOperator): create_entry_gcs>, delete_entry already registered for DAG: example_complex
[2023-02-28T15:57:15.503+0000] {logging_mixin.py:137} INFO - [2023-02-28T15:57:15.503+0000] {taskmixin.py:205} WARNING - Dependency <Task(BashOperator): delete_entry>, create_entry_gcs already registered for DAG: example_complex
[2023-02-28T15:57:15.504+0000] {logging_mixin.py:137} INFO - [2023-02-28T15:57:15.504+0000] {taskmixin.py:205} WARNING - Dependency <Task(BashOperator): create_tag>, delete_tag already registered for DAG: example_complex
[2023-02-28T15:57:15.505+0000] {logging_mixin.py:137} INFO - [2023-02-28T15:57:15.505+0000] {taskmixin.py:205} WARNING - Dependency <Task(BashOperator): delete_tag>, create_tag already registered for DAG: example_complex
[2023-02-28T15:57:15.510+0000] {processor.py:753} INFO - DAG(s) dict_keys(['example_complex']) retrieved from /home/airflow/.local/lib/python3.7/site-packages/airflow/example_dags/example_complex.py
[2023-02-28T15:57:15.535+0000] {logging_mixin.py:137} INFO - [2023-02-28T15:57:15.535+0000] {dag.py:2690} INFO - Sync 1 DAGs
[2023-02-28T15:57:15.553+0000] {logging_mixin.py:137} INFO - [2023-02-28T15:57:15.553+0000] {dag.py:3441} INFO - Setting next_dagrun for example_complex to None, run_after=None
[2023-02-28T15:57:15.564+0000] {processor.py:175} INFO - Processing /home/airflow/.local/lib/python3.7/site-packages/airflow/example_dags/example_complex.py took 0.081 seconds
[2023-02-28T15:57:46.293+0000] {processor.py:153} INFO - Started process (PID=1547) to work on /home/airflow/.local/lib/python3.7/site-packages/airflow/example_dags/example_complex.py
[2023-02-28T15:57:46.295+0000] {processor.py:743} INFO - Processing file /home/airflow/.local/lib/python3.7/site-packages/airflow/example_dags/example_complex.py for tasks to queue
[2023-02-28T15:57:46.297+0000] {logging_mixin.py:137} INFO - [2023-02-28T15:57:46.297+0000] {dagbag.py:538} INFO - Filling up the DagBag from /home/airflow/.local/lib/python3.7/site-packages/airflow/example_dags/example_complex.py
[2023-02-28T15:57:46.306+0000] {logging_mixin.py:137} INFO - [2023-02-28T15:57:46.306+0000] {taskmixin.py:205} WARNING - Dependency <Task(BashOperator): create_entry_group>, delete_entry_group already registered for DAG: example_complex
[2023-02-28T15:57:46.307+0000] {logging_mixin.py:137} INFO - [2023-02-28T15:57:46.307+0000] {taskmixin.py:205} WARNING - Dependency <Task(BashOperator): delete_entry_group>, create_entry_group already registered for DAG: example_complex
[2023-02-28T15:57:46.308+0000] {logging_mixin.py:137} INFO - [2023-02-28T15:57:46.308+0000] {taskmixin.py:205} WARNING - Dependency <Task(BashOperator): create_entry_gcs>, delete_entry already registered for DAG: example_complex
[2023-02-28T15:57:46.309+0000] {logging_mixin.py:137} INFO - [2023-02-28T15:57:46.309+0000] {taskmixin.py:205} WARNING - Dependency <Task(BashOperator): delete_entry>, create_entry_gcs already registered for DAG: example_complex
[2023-02-28T15:57:46.310+0000] {logging_mixin.py:137} INFO - [2023-02-28T15:57:46.310+0000] {taskmixin.py:205} WARNING - Dependency <Task(BashOperator): create_tag>, delete_tag already registered for DAG: example_complex
[2023-02-28T15:57:46.311+0000] {logging_mixin.py:137} INFO - [2023-02-28T15:57:46.311+0000] {taskmixin.py:205} WARNING - Dependency <Task(BashOperator): delete_tag>, create_tag already registered for DAG: example_complex
[2023-02-28T15:57:46.318+0000] {processor.py:753} INFO - DAG(s) dict_keys(['example_complex']) retrieved from /home/airflow/.local/lib/python3.7/site-packages/airflow/example_dags/example_complex.py
[2023-02-28T15:57:46.343+0000] {logging_mixin.py:137} INFO - [2023-02-28T15:57:46.343+0000] {dag.py:2690} INFO - Sync 1 DAGs
[2023-02-28T15:57:46.359+0000] {logging_mixin.py:137} INFO - [2023-02-28T15:57:46.358+0000] {dag.py:3441} INFO - Setting next_dagrun for example_complex to None, run_after=None
[2023-02-28T15:57:46.371+0000] {processor.py:175} INFO - Processing /home/airflow/.local/lib/python3.7/site-packages/airflow/example_dags/example_complex.py took 0.081 seconds
[2023-02-28T15:58:17.010+0000] {processor.py:153} INFO - Started process (PID=1611) to work on /home/airflow/.local/lib/python3.7/site-packages/airflow/example_dags/example_complex.py
[2023-02-28T15:58:17.011+0000] {processor.py:743} INFO - Processing file /home/airflow/.local/lib/python3.7/site-packages/airflow/example_dags/example_complex.py for tasks to queue
[2023-02-28T15:58:17.013+0000] {logging_mixin.py:137} INFO - [2023-02-28T15:58:17.013+0000] {dagbag.py:538} INFO - Filling up the DagBag from /home/airflow/.local/lib/python3.7/site-packages/airflow/example_dags/example_complex.py
[2023-02-28T15:58:17.021+0000] {logging_mixin.py:137} INFO - [2023-02-28T15:58:17.021+0000] {taskmixin.py:205} WARNING - Dependency <Task(BashOperator): create_entry_group>, delete_entry_group already registered for DAG: example_complex
[2023-02-28T15:58:17.022+0000] {logging_mixin.py:137} INFO - [2023-02-28T15:58:17.022+0000] {taskmixin.py:205} WARNING - Dependency <Task(BashOperator): delete_entry_group>, create_entry_group already registered for DAG: example_complex
[2023-02-28T15:58:17.024+0000] {logging_mixin.py:137} INFO - [2023-02-28T15:58:17.024+0000] {taskmixin.py:205} WARNING - Dependency <Task(BashOperator): create_entry_gcs>, delete_entry already registered for DAG: example_complex
[2023-02-28T15:58:17.025+0000] {logging_mixin.py:137} INFO - [2023-02-28T15:58:17.025+0000] {taskmixin.py:205} WARNING - Dependency <Task(BashOperator): delete_entry>, create_entry_gcs already registered for DAG: example_complex
[2023-02-28T15:58:17.026+0000] {logging_mixin.py:137} INFO - [2023-02-28T15:58:17.026+0000] {taskmixin.py:205} WARNING - Dependency <Task(BashOperator): create_tag>, delete_tag already registered for DAG: example_complex
[2023-02-28T15:58:17.027+0000] {logging_mixin.py:137} INFO - [2023-02-28T15:58:17.027+0000] {taskmixin.py:205} WARNING - Dependency <Task(BashOperator): delete_tag>, create_tag already registered for DAG: example_complex
[2023-02-28T15:58:17.032+0000] {processor.py:753} INFO - DAG(s) dict_keys(['example_complex']) retrieved from /home/airflow/.local/lib/python3.7/site-packages/airflow/example_dags/example_complex.py
[2023-02-28T15:58:17.060+0000] {logging_mixin.py:137} INFO - [2023-02-28T15:58:17.060+0000] {dag.py:2690} INFO - Sync 1 DAGs
[2023-02-28T15:58:17.077+0000] {logging_mixin.py:137} INFO - [2023-02-28T15:58:17.077+0000] {dag.py:3441} INFO - Setting next_dagrun for example_complex to None, run_after=None
[2023-02-28T15:58:17.091+0000] {processor.py:175} INFO - Processing /home/airflow/.local/lib/python3.7/site-packages/airflow/example_dags/example_complex.py took 0.085 seconds
[2023-02-28T15:58:47.935+0000] {processor.py:153} INFO - Started process (PID=1685) to work on /home/airflow/.local/lib/python3.7/site-packages/airflow/example_dags/example_complex.py
[2023-02-28T15:58:47.937+0000] {processor.py:743} INFO - Processing file /home/airflow/.local/lib/python3.7/site-packages/airflow/example_dags/example_complex.py for tasks to queue
[2023-02-28T15:58:47.939+0000] {logging_mixin.py:137} INFO - [2023-02-28T15:58:47.939+0000] {dagbag.py:538} INFO - Filling up the DagBag from /home/airflow/.local/lib/python3.7/site-packages/airflow/example_dags/example_complex.py
[2023-02-28T15:58:47.949+0000] {logging_mixin.py:137} INFO - [2023-02-28T15:58:47.949+0000] {taskmixin.py:205} WARNING - Dependency <Task(BashOperator): create_entry_group>, delete_entry_group already registered for DAG: example_complex
[2023-02-28T15:58:47.951+0000] {logging_mixin.py:137} INFO - [2023-02-28T15:58:47.951+0000] {taskmixin.py:205} WARNING - Dependency <Task(BashOperator): delete_entry_group>, create_entry_group already registered for DAG: example_complex
[2023-02-28T15:58:47.952+0000] {logging_mixin.py:137} INFO - [2023-02-28T15:58:47.952+0000] {taskmixin.py:205} WARNING - Dependency <Task(BashOperator): create_entry_gcs>, delete_entry already registered for DAG: example_complex
[2023-02-28T15:58:47.953+0000] {logging_mixin.py:137} INFO - [2023-02-28T15:58:47.953+0000] {taskmixin.py:205} WARNING - Dependency <Task(BashOperator): delete_entry>, create_entry_gcs already registered for DAG: example_complex
[2023-02-28T15:58:47.954+0000] {logging_mixin.py:137} INFO - [2023-02-28T15:58:47.954+0000] {taskmixin.py:205} WARNING - Dependency <Task(BashOperator): create_tag>, delete_tag already registered for DAG: example_complex
[2023-02-28T15:58:47.955+0000] {logging_mixin.py:137} INFO - [2023-02-28T15:58:47.955+0000] {taskmixin.py:205} WARNING - Dependency <Task(BashOperator): delete_tag>, create_tag already registered for DAG: example_complex
[2023-02-28T15:58:47.961+0000] {processor.py:753} INFO - DAG(s) dict_keys(['example_complex']) retrieved from /home/airflow/.local/lib/python3.7/site-packages/airflow/example_dags/example_complex.py
[2023-02-28T15:58:47.993+0000] {logging_mixin.py:137} INFO - [2023-02-28T15:58:47.993+0000] {dag.py:2690} INFO - Sync 1 DAGs
[2023-02-28T15:58:48.011+0000] {logging_mixin.py:137} INFO - [2023-02-28T15:58:48.011+0000] {dag.py:3441} INFO - Setting next_dagrun for example_complex to None, run_after=None
[2023-02-28T15:58:48.028+0000] {processor.py:175} INFO - Processing /home/airflow/.local/lib/python3.7/site-packages/airflow/example_dags/example_complex.py took 0.096 seconds
