[2023-02-28T15:47:00.591+0000] {processor.py:153} INFO - Started process (PID=74) to work on /home/airflow/.local/lib/python3.7/site-packages/airflow/example_dags/example_bash_operator.py
[2023-02-28T15:47:00.593+0000] {processor.py:743} INFO - Processing file /home/airflow/.local/lib/python3.7/site-packages/airflow/example_dags/example_bash_operator.py for tasks to queue
[2023-02-28T15:47:00.595+0000] {logging_mixin.py:137} INFO - [2023-02-28T15:47:00.594+0000] {dagbag.py:538} INFO - Filling up the DagBag from /home/airflow/.local/lib/python3.7/site-packages/airflow/example_dags/example_bash_operator.py
[2023-02-28T15:47:00.626+0000] {processor.py:753} INFO - DAG(s) dict_keys(['example_bash_operator']) retrieved from /home/airflow/.local/lib/python3.7/site-packages/airflow/example_dags/example_bash_operator.py
[2023-02-28T15:47:00.663+0000] {logging_mixin.py:137} INFO - [2023-02-28T15:47:00.663+0000] {dag.py:2690} INFO - Sync 1 DAGs
[2023-02-28T15:47:00.710+0000] {logging_mixin.py:137} INFO - [2023-02-28T15:47:00.710+0000] {dag.py:3441} INFO - Setting next_dagrun for example_bash_operator to 2023-02-27T00:00:00+00:00, run_after=2023-02-28T00:00:00+00:00
[2023-02-28T15:47:00.756+0000] {processor.py:175} INFO - Processing /home/airflow/.local/lib/python3.7/site-packages/airflow/example_dags/example_bash_operator.py took 0.168 seconds
[2023-02-28T15:47:31.417+0000] {processor.py:153} INFO - Started process (PID=139) to work on /home/airflow/.local/lib/python3.7/site-packages/airflow/example_dags/example_bash_operator.py
[2023-02-28T15:47:31.419+0000] {processor.py:743} INFO - Processing file /home/airflow/.local/lib/python3.7/site-packages/airflow/example_dags/example_bash_operator.py for tasks to queue
[2023-02-28T15:47:31.420+0000] {logging_mixin.py:137} INFO - [2023-02-28T15:47:31.420+0000] {dagbag.py:538} INFO - Filling up the DagBag from /home/airflow/.local/lib/python3.7/site-packages/airflow/example_dags/example_bash_operator.py
[2023-02-28T15:47:31.436+0000] {processor.py:753} INFO - DAG(s) dict_keys(['example_bash_operator']) retrieved from /home/airflow/.local/lib/python3.7/site-packages/airflow/example_dags/example_bash_operator.py
[2023-02-28T15:47:31.464+0000] {logging_mixin.py:137} INFO - [2023-02-28T15:47:31.464+0000] {dag.py:2690} INFO - Sync 1 DAGs
[2023-02-28T15:47:31.483+0000] {logging_mixin.py:137} INFO - [2023-02-28T15:47:31.483+0000] {dag.py:3441} INFO - Setting next_dagrun for example_bash_operator to 2023-02-27T00:00:00+00:00, run_after=2023-02-28T00:00:00+00:00
[2023-02-28T15:47:31.498+0000] {processor.py:175} INFO - Processing /home/airflow/.local/lib/python3.7/site-packages/airflow/example_dags/example_bash_operator.py took 0.083 seconds
[2023-02-28T15:48:01.713+0000] {processor.py:153} INFO - Started process (PID=214) to work on /home/airflow/.local/lib/python3.7/site-packages/airflow/example_dags/example_bash_operator.py
[2023-02-28T15:48:01.715+0000] {processor.py:743} INFO - Processing file /home/airflow/.local/lib/python3.7/site-packages/airflow/example_dags/example_bash_operator.py for tasks to queue
[2023-02-28T15:48:01.716+0000] {logging_mixin.py:137} INFO - [2023-02-28T15:48:01.716+0000] {dagbag.py:538} INFO - Filling up the DagBag from /home/airflow/.local/lib/python3.7/site-packages/airflow/example_dags/example_bash_operator.py
[2023-02-28T15:48:01.734+0000] {processor.py:753} INFO - DAG(s) dict_keys(['example_bash_operator']) retrieved from /home/airflow/.local/lib/python3.7/site-packages/airflow/example_dags/example_bash_operator.py
[2023-02-28T15:48:01.764+0000] {logging_mixin.py:137} INFO - [2023-02-28T15:48:01.763+0000] {dag.py:2690} INFO - Sync 1 DAGs
[2023-02-28T15:48:01.781+0000] {logging_mixin.py:137} INFO - [2023-02-28T15:48:01.781+0000] {dag.py:3441} INFO - Setting next_dagrun for example_bash_operator to 2023-02-27T00:00:00+00:00, run_after=2023-02-28T00:00:00+00:00
[2023-02-28T15:48:01.794+0000] {processor.py:175} INFO - Processing /home/airflow/.local/lib/python3.7/site-packages/airflow/example_dags/example_bash_operator.py took 0.085 seconds
[2023-02-28T15:48:32.326+0000] {processor.py:153} INFO - Started process (PID=277) to work on /home/airflow/.local/lib/python3.7/site-packages/airflow/example_dags/example_bash_operator.py
[2023-02-28T15:48:32.328+0000] {processor.py:743} INFO - Processing file /home/airflow/.local/lib/python3.7/site-packages/airflow/example_dags/example_bash_operator.py for tasks to queue
[2023-02-28T15:48:32.330+0000] {logging_mixin.py:137} INFO - [2023-02-28T15:48:32.330+0000] {dagbag.py:538} INFO - Filling up the DagBag from /home/airflow/.local/lib/python3.7/site-packages/airflow/example_dags/example_bash_operator.py
[2023-02-28T15:48:32.347+0000] {processor.py:753} INFO - DAG(s) dict_keys(['example_bash_operator']) retrieved from /home/airflow/.local/lib/python3.7/site-packages/airflow/example_dags/example_bash_operator.py
[2023-02-28T15:48:32.377+0000] {logging_mixin.py:137} INFO - [2023-02-28T15:48:32.377+0000] {dag.py:2690} INFO - Sync 1 DAGs
[2023-02-28T15:48:32.397+0000] {logging_mixin.py:137} INFO - [2023-02-28T15:48:32.397+0000] {dag.py:3441} INFO - Setting next_dagrun for example_bash_operator to 2023-02-27T00:00:00+00:00, run_after=2023-02-28T00:00:00+00:00
[2023-02-28T15:48:32.411+0000] {processor.py:175} INFO - Processing /home/airflow/.local/lib/python3.7/site-packages/airflow/example_dags/example_bash_operator.py took 0.089 seconds
[2023-02-28T15:49:03.369+0000] {processor.py:153} INFO - Started process (PID=352) to work on /home/airflow/.local/lib/python3.7/site-packages/airflow/example_dags/example_bash_operator.py
[2023-02-28T15:49:03.371+0000] {processor.py:743} INFO - Processing file /home/airflow/.local/lib/python3.7/site-packages/airflow/example_dags/example_bash_operator.py for tasks to queue
[2023-02-28T15:49:03.373+0000] {logging_mixin.py:137} INFO - [2023-02-28T15:49:03.373+0000] {dagbag.py:538} INFO - Filling up the DagBag from /home/airflow/.local/lib/python3.7/site-packages/airflow/example_dags/example_bash_operator.py
[2023-02-28T15:49:03.390+0000] {processor.py:753} INFO - DAG(s) dict_keys(['example_bash_operator']) retrieved from /home/airflow/.local/lib/python3.7/site-packages/airflow/example_dags/example_bash_operator.py
[2023-02-28T15:49:03.417+0000] {logging_mixin.py:137} INFO - [2023-02-28T15:49:03.417+0000] {dag.py:2690} INFO - Sync 1 DAGs
[2023-02-28T15:49:03.436+0000] {logging_mixin.py:137} INFO - [2023-02-28T15:49:03.436+0000] {dag.py:3441} INFO - Setting next_dagrun for example_bash_operator to 2023-02-27T00:00:00+00:00, run_after=2023-02-28T00:00:00+00:00
[2023-02-28T15:49:03.452+0000] {processor.py:175} INFO - Processing /home/airflow/.local/lib/python3.7/site-packages/airflow/example_dags/example_bash_operator.py took 0.086 seconds
[2023-02-28T15:49:34.253+0000] {processor.py:153} INFO - Started process (PID=427) to work on /home/airflow/.local/lib/python3.7/site-packages/airflow/example_dags/example_bash_operator.py
[2023-02-28T15:49:34.254+0000] {processor.py:743} INFO - Processing file /home/airflow/.local/lib/python3.7/site-packages/airflow/example_dags/example_bash_operator.py for tasks to queue
[2023-02-28T15:49:34.256+0000] {logging_mixin.py:137} INFO - [2023-02-28T15:49:34.255+0000] {dagbag.py:538} INFO - Filling up the DagBag from /home/airflow/.local/lib/python3.7/site-packages/airflow/example_dags/example_bash_operator.py
[2023-02-28T15:49:34.272+0000] {processor.py:753} INFO - DAG(s) dict_keys(['example_bash_operator']) retrieved from /home/airflow/.local/lib/python3.7/site-packages/airflow/example_dags/example_bash_operator.py
[2023-02-28T15:49:34.301+0000] {logging_mixin.py:137} INFO - [2023-02-28T15:49:34.301+0000] {dag.py:2690} INFO - Sync 1 DAGs
[2023-02-28T15:49:34.319+0000] {logging_mixin.py:137} INFO - [2023-02-28T15:49:34.319+0000] {dag.py:3441} INFO - Setting next_dagrun for example_bash_operator to 2023-02-27T00:00:00+00:00, run_after=2023-02-28T00:00:00+00:00
[2023-02-28T15:49:34.331+0000] {processor.py:175} INFO - Processing /home/airflow/.local/lib/python3.7/site-packages/airflow/example_dags/example_bash_operator.py took 0.081 seconds
[2023-02-28T15:50:05.077+0000] {processor.py:153} INFO - Started process (PID=500) to work on /home/airflow/.local/lib/python3.7/site-packages/airflow/example_dags/example_bash_operator.py
[2023-02-28T15:50:05.080+0000] {processor.py:743} INFO - Processing file /home/airflow/.local/lib/python3.7/site-packages/airflow/example_dags/example_bash_operator.py for tasks to queue
[2023-02-28T15:50:05.082+0000] {logging_mixin.py:137} INFO - [2023-02-28T15:50:05.082+0000] {dagbag.py:538} INFO - Filling up the DagBag from /home/airflow/.local/lib/python3.7/site-packages/airflow/example_dags/example_bash_operator.py
[2023-02-28T15:50:05.127+0000] {processor.py:753} INFO - DAG(s) dict_keys(['example_bash_operator']) retrieved from /home/airflow/.local/lib/python3.7/site-packages/airflow/example_dags/example_bash_operator.py
[2023-02-28T15:50:05.178+0000] {logging_mixin.py:137} INFO - [2023-02-28T15:50:05.178+0000] {dag.py:2690} INFO - Sync 1 DAGs
[2023-02-28T15:50:05.202+0000] {logging_mixin.py:137} INFO - [2023-02-28T15:50:05.202+0000] {dag.py:3441} INFO - Setting next_dagrun for example_bash_operator to 2023-02-27T00:00:00+00:00, run_after=2023-02-28T00:00:00+00:00
[2023-02-28T15:50:05.229+0000] {processor.py:175} INFO - Processing /home/airflow/.local/lib/python3.7/site-packages/airflow/example_dags/example_bash_operator.py took 0.156 seconds
[2023-02-28T15:50:36.058+0000] {processor.py:153} INFO - Started process (PID=566) to work on /home/airflow/.local/lib/python3.7/site-packages/airflow/example_dags/example_bash_operator.py
[2023-02-28T15:50:36.060+0000] {processor.py:743} INFO - Processing file /home/airflow/.local/lib/python3.7/site-packages/airflow/example_dags/example_bash_operator.py for tasks to queue
[2023-02-28T15:50:36.061+0000] {logging_mixin.py:137} INFO - [2023-02-28T15:50:36.061+0000] {dagbag.py:538} INFO - Filling up the DagBag from /home/airflow/.local/lib/python3.7/site-packages/airflow/example_dags/example_bash_operator.py
[2023-02-28T15:50:36.085+0000] {processor.py:753} INFO - DAG(s) dict_keys(['example_bash_operator']) retrieved from /home/airflow/.local/lib/python3.7/site-packages/airflow/example_dags/example_bash_operator.py
[2023-02-28T15:50:36.114+0000] {logging_mixin.py:137} INFO - [2023-02-28T15:50:36.114+0000] {dag.py:2690} INFO - Sync 1 DAGs
[2023-02-28T15:50:36.130+0000] {logging_mixin.py:137} INFO - [2023-02-28T15:50:36.130+0000] {dag.py:3441} INFO - Setting next_dagrun for example_bash_operator to 2023-02-27T00:00:00+00:00, run_after=2023-02-28T00:00:00+00:00
[2023-02-28T15:50:36.143+0000] {processor.py:175} INFO - Processing /home/airflow/.local/lib/python3.7/site-packages/airflow/example_dags/example_bash_operator.py took 0.088 seconds
[2023-02-28T15:51:07.046+0000] {processor.py:153} INFO - Started process (PID=641) to work on /home/airflow/.local/lib/python3.7/site-packages/airflow/example_dags/example_bash_operator.py
[2023-02-28T15:51:07.048+0000] {processor.py:743} INFO - Processing file /home/airflow/.local/lib/python3.7/site-packages/airflow/example_dags/example_bash_operator.py for tasks to queue
[2023-02-28T15:51:07.049+0000] {logging_mixin.py:137} INFO - [2023-02-28T15:51:07.049+0000] {dagbag.py:538} INFO - Filling up the DagBag from /home/airflow/.local/lib/python3.7/site-packages/airflow/example_dags/example_bash_operator.py
[2023-02-28T15:51:07.067+0000] {processor.py:753} INFO - DAG(s) dict_keys(['example_bash_operator']) retrieved from /home/airflow/.local/lib/python3.7/site-packages/airflow/example_dags/example_bash_operator.py
[2023-02-28T15:51:07.094+0000] {logging_mixin.py:137} INFO - [2023-02-28T15:51:07.094+0000] {dag.py:2690} INFO - Sync 1 DAGs
[2023-02-28T15:51:07.114+0000] {logging_mixin.py:137} INFO - [2023-02-28T15:51:07.114+0000] {dag.py:3441} INFO - Setting next_dagrun for example_bash_operator to 2023-02-27T00:00:00+00:00, run_after=2023-02-28T00:00:00+00:00
[2023-02-28T15:51:07.127+0000] {processor.py:175} INFO - Processing /home/airflow/.local/lib/python3.7/site-packages/airflow/example_dags/example_bash_operator.py took 0.083 seconds
[2023-02-28T15:51:37.896+0000] {processor.py:153} INFO - Started process (PID=716) to work on /home/airflow/.local/lib/python3.7/site-packages/airflow/example_dags/example_bash_operator.py
[2023-02-28T15:51:37.899+0000] {processor.py:743} INFO - Processing file /home/airflow/.local/lib/python3.7/site-packages/airflow/example_dags/example_bash_operator.py for tasks to queue
[2023-02-28T15:51:37.900+0000] {logging_mixin.py:137} INFO - [2023-02-28T15:51:37.900+0000] {dagbag.py:538} INFO - Filling up the DagBag from /home/airflow/.local/lib/python3.7/site-packages/airflow/example_dags/example_bash_operator.py
[2023-02-28T15:51:37.918+0000] {processor.py:753} INFO - DAG(s) dict_keys(['example_bash_operator']) retrieved from /home/airflow/.local/lib/python3.7/site-packages/airflow/example_dags/example_bash_operator.py
[2023-02-28T15:51:37.945+0000] {logging_mixin.py:137} INFO - [2023-02-28T15:51:37.945+0000] {dag.py:2690} INFO - Sync 1 DAGs
[2023-02-28T15:51:37.964+0000] {logging_mixin.py:137} INFO - [2023-02-28T15:51:37.964+0000] {dag.py:3441} INFO - Setting next_dagrun for example_bash_operator to 2023-02-27T00:00:00+00:00, run_after=2023-02-28T00:00:00+00:00
[2023-02-28T15:51:37.978+0000] {processor.py:175} INFO - Processing /home/airflow/.local/lib/python3.7/site-packages/airflow/example_dags/example_bash_operator.py took 0.085 seconds
[2023-02-28T15:52:08.900+0000] {processor.py:153} INFO - Started process (PID=779) to work on /home/airflow/.local/lib/python3.7/site-packages/airflow/example_dags/example_bash_operator.py
[2023-02-28T15:52:08.902+0000] {processor.py:743} INFO - Processing file /home/airflow/.local/lib/python3.7/site-packages/airflow/example_dags/example_bash_operator.py for tasks to queue
[2023-02-28T15:52:08.903+0000] {logging_mixin.py:137} INFO - [2023-02-28T15:52:08.903+0000] {dagbag.py:538} INFO - Filling up the DagBag from /home/airflow/.local/lib/python3.7/site-packages/airflow/example_dags/example_bash_operator.py
[2023-02-28T15:52:08.921+0000] {processor.py:753} INFO - DAG(s) dict_keys(['example_bash_operator']) retrieved from /home/airflow/.local/lib/python3.7/site-packages/airflow/example_dags/example_bash_operator.py
[2023-02-28T15:52:08.952+0000] {logging_mixin.py:137} INFO - [2023-02-28T15:52:08.952+0000] {dag.py:2690} INFO - Sync 1 DAGs
[2023-02-28T15:52:08.970+0000] {logging_mixin.py:137} INFO - [2023-02-28T15:52:08.969+0000] {dag.py:3441} INFO - Setting next_dagrun for example_bash_operator to 2023-02-27T00:00:00+00:00, run_after=2023-02-28T00:00:00+00:00
[2023-02-28T15:52:08.982+0000] {processor.py:175} INFO - Processing /home/airflow/.local/lib/python3.7/site-packages/airflow/example_dags/example_bash_operator.py took 0.086 seconds
[2023-02-28T15:52:39.559+0000] {processor.py:153} INFO - Started process (PID=854) to work on /home/airflow/.local/lib/python3.7/site-packages/airflow/example_dags/example_bash_operator.py
[2023-02-28T15:52:39.561+0000] {processor.py:743} INFO - Processing file /home/airflow/.local/lib/python3.7/site-packages/airflow/example_dags/example_bash_operator.py for tasks to queue
[2023-02-28T15:52:39.562+0000] {logging_mixin.py:137} INFO - [2023-02-28T15:52:39.562+0000] {dagbag.py:538} INFO - Filling up the DagBag from /home/airflow/.local/lib/python3.7/site-packages/airflow/example_dags/example_bash_operator.py
[2023-02-28T15:52:39.585+0000] {processor.py:753} INFO - DAG(s) dict_keys(['example_bash_operator']) retrieved from /home/airflow/.local/lib/python3.7/site-packages/airflow/example_dags/example_bash_operator.py
[2023-02-28T15:52:39.620+0000] {logging_mixin.py:137} INFO - [2023-02-28T15:52:39.620+0000] {dag.py:2690} INFO - Sync 1 DAGs
[2023-02-28T15:52:39.644+0000] {logging_mixin.py:137} INFO - [2023-02-28T15:52:39.644+0000] {dag.py:3441} INFO - Setting next_dagrun for example_bash_operator to 2023-02-27T00:00:00+00:00, run_after=2023-02-28T00:00:00+00:00
[2023-02-28T15:52:39.662+0000] {processor.py:175} INFO - Processing /home/airflow/.local/lib/python3.7/site-packages/airflow/example_dags/example_bash_operator.py took 0.105 seconds
[2023-02-28T15:53:09.706+0000] {processor.py:153} INFO - Started process (PID=929) to work on /home/airflow/.local/lib/python3.7/site-packages/airflow/example_dags/example_bash_operator.py
[2023-02-28T15:53:09.709+0000] {processor.py:743} INFO - Processing file /home/airflow/.local/lib/python3.7/site-packages/airflow/example_dags/example_bash_operator.py for tasks to queue
[2023-02-28T15:53:09.711+0000] {logging_mixin.py:137} INFO - [2023-02-28T15:53:09.710+0000] {dagbag.py:538} INFO - Filling up the DagBag from /home/airflow/.local/lib/python3.7/site-packages/airflow/example_dags/example_bash_operator.py
[2023-02-28T15:53:09.728+0000] {processor.py:753} INFO - DAG(s) dict_keys(['example_bash_operator']) retrieved from /home/airflow/.local/lib/python3.7/site-packages/airflow/example_dags/example_bash_operator.py
[2023-02-28T15:53:09.758+0000] {logging_mixin.py:137} INFO - [2023-02-28T15:53:09.758+0000] {dag.py:2690} INFO - Sync 1 DAGs
[2023-02-28T15:53:09.778+0000] {logging_mixin.py:137} INFO - [2023-02-28T15:53:09.778+0000] {dag.py:3441} INFO - Setting next_dagrun for example_bash_operator to 2023-02-27T00:00:00+00:00, run_after=2023-02-28T00:00:00+00:00
[2023-02-28T15:53:09.792+0000] {processor.py:175} INFO - Processing /home/airflow/.local/lib/python3.7/site-packages/airflow/example_dags/example_bash_operator.py took 0.089 seconds
[2023-02-28T15:53:40.428+0000] {processor.py:153} INFO - Started process (PID=992) to work on /home/airflow/.local/lib/python3.7/site-packages/airflow/example_dags/example_bash_operator.py
[2023-02-28T15:53:40.430+0000] {processor.py:743} INFO - Processing file /home/airflow/.local/lib/python3.7/site-packages/airflow/example_dags/example_bash_operator.py for tasks to queue
[2023-02-28T15:53:40.432+0000] {logging_mixin.py:137} INFO - [2023-02-28T15:53:40.432+0000] {dagbag.py:538} INFO - Filling up the DagBag from /home/airflow/.local/lib/python3.7/site-packages/airflow/example_dags/example_bash_operator.py
[2023-02-28T15:53:40.449+0000] {processor.py:753} INFO - DAG(s) dict_keys(['example_bash_operator']) retrieved from /home/airflow/.local/lib/python3.7/site-packages/airflow/example_dags/example_bash_operator.py
[2023-02-28T15:53:40.479+0000] {logging_mixin.py:137} INFO - [2023-02-28T15:53:40.479+0000] {dag.py:2690} INFO - Sync 1 DAGs
[2023-02-28T15:53:40.499+0000] {logging_mixin.py:137} INFO - [2023-02-28T15:53:40.499+0000] {dag.py:3441} INFO - Setting next_dagrun for example_bash_operator to 2023-02-27T00:00:00+00:00, run_after=2023-02-28T00:00:00+00:00
[2023-02-28T15:53:40.515+0000] {processor.py:175} INFO - Processing /home/airflow/.local/lib/python3.7/site-packages/airflow/example_dags/example_bash_operator.py took 0.090 seconds
[2023-02-28T15:54:11.464+0000] {processor.py:153} INFO - Started process (PID=1066) to work on /home/airflow/.local/lib/python3.7/site-packages/airflow/example_dags/example_bash_operator.py
[2023-02-28T15:54:11.465+0000] {processor.py:743} INFO - Processing file /home/airflow/.local/lib/python3.7/site-packages/airflow/example_dags/example_bash_operator.py for tasks to queue
[2023-02-28T15:54:11.467+0000] {logging_mixin.py:137} INFO - [2023-02-28T15:54:11.467+0000] {dagbag.py:538} INFO - Filling up the DagBag from /home/airflow/.local/lib/python3.7/site-packages/airflow/example_dags/example_bash_operator.py
[2023-02-28T15:54:11.486+0000] {processor.py:753} INFO - DAG(s) dict_keys(['example_bash_operator']) retrieved from /home/airflow/.local/lib/python3.7/site-packages/airflow/example_dags/example_bash_operator.py
[2023-02-28T15:54:11.514+0000] {logging_mixin.py:137} INFO - [2023-02-28T15:54:11.514+0000] {dag.py:2690} INFO - Sync 1 DAGs
[2023-02-28T15:54:11.533+0000] {logging_mixin.py:137} INFO - [2023-02-28T15:54:11.533+0000] {dag.py:3441} INFO - Setting next_dagrun for example_bash_operator to 2023-02-27T00:00:00+00:00, run_after=2023-02-28T00:00:00+00:00
[2023-02-28T15:54:11.547+0000] {processor.py:175} INFO - Processing /home/airflow/.local/lib/python3.7/site-packages/airflow/example_dags/example_bash_operator.py took 0.086 seconds
[2023-02-28T15:54:42.331+0000] {processor.py:153} INFO - Started process (PID=1140) to work on /home/airflow/.local/lib/python3.7/site-packages/airflow/example_dags/example_bash_operator.py
[2023-02-28T15:54:42.335+0000] {processor.py:743} INFO - Processing file /home/airflow/.local/lib/python3.7/site-packages/airflow/example_dags/example_bash_operator.py for tasks to queue
[2023-02-28T15:54:42.339+0000] {logging_mixin.py:137} INFO - [2023-02-28T15:54:42.339+0000] {dagbag.py:538} INFO - Filling up the DagBag from /home/airflow/.local/lib/python3.7/site-packages/airflow/example_dags/example_bash_operator.py
[2023-02-28T15:54:42.358+0000] {processor.py:753} INFO - DAG(s) dict_keys(['example_bash_operator']) retrieved from /home/airflow/.local/lib/python3.7/site-packages/airflow/example_dags/example_bash_operator.py
[2023-02-28T15:54:42.389+0000] {logging_mixin.py:137} INFO - [2023-02-28T15:54:42.389+0000] {dag.py:2690} INFO - Sync 1 DAGs
[2023-02-28T15:54:42.407+0000] {logging_mixin.py:137} INFO - [2023-02-28T15:54:42.407+0000] {dag.py:3441} INFO - Setting next_dagrun for example_bash_operator to 2023-02-27T00:00:00+00:00, run_after=2023-02-28T00:00:00+00:00
[2023-02-28T15:54:42.421+0000] {processor.py:175} INFO - Processing /home/airflow/.local/lib/python3.7/site-packages/airflow/example_dags/example_bash_operator.py took 0.094 seconds
[2023-02-28T15:55:13.077+0000] {processor.py:153} INFO - Started process (PID=1204) to work on /home/airflow/.local/lib/python3.7/site-packages/airflow/example_dags/example_bash_operator.py
[2023-02-28T15:55:13.079+0000] {processor.py:743} INFO - Processing file /home/airflow/.local/lib/python3.7/site-packages/airflow/example_dags/example_bash_operator.py for tasks to queue
[2023-02-28T15:55:13.081+0000] {logging_mixin.py:137} INFO - [2023-02-28T15:55:13.081+0000] {dagbag.py:538} INFO - Filling up the DagBag from /home/airflow/.local/lib/python3.7/site-packages/airflow/example_dags/example_bash_operator.py
[2023-02-28T15:55:13.097+0000] {processor.py:753} INFO - DAG(s) dict_keys(['example_bash_operator']) retrieved from /home/airflow/.local/lib/python3.7/site-packages/airflow/example_dags/example_bash_operator.py
[2023-02-28T15:55:13.129+0000] {logging_mixin.py:137} INFO - [2023-02-28T15:55:13.129+0000] {dag.py:2690} INFO - Sync 1 DAGs
[2023-02-28T15:55:13.149+0000] {logging_mixin.py:137} INFO - [2023-02-28T15:55:13.149+0000] {dag.py:3441} INFO - Setting next_dagrun for example_bash_operator to 2023-02-27T00:00:00+00:00, run_after=2023-02-28T00:00:00+00:00
[2023-02-28T15:55:13.162+0000] {processor.py:175} INFO - Processing /home/airflow/.local/lib/python3.7/site-packages/airflow/example_dags/example_bash_operator.py took 0.089 seconds
[2023-02-28T15:55:43.961+0000] {processor.py:153} INFO - Started process (PID=1279) to work on /home/airflow/.local/lib/python3.7/site-packages/airflow/example_dags/example_bash_operator.py
[2023-02-28T15:55:43.962+0000] {processor.py:743} INFO - Processing file /home/airflow/.local/lib/python3.7/site-packages/airflow/example_dags/example_bash_operator.py for tasks to queue
[2023-02-28T15:55:43.964+0000] {logging_mixin.py:137} INFO - [2023-02-28T15:55:43.964+0000] {dagbag.py:538} INFO - Filling up the DagBag from /home/airflow/.local/lib/python3.7/site-packages/airflow/example_dags/example_bash_operator.py
[2023-02-28T15:55:43.982+0000] {processor.py:753} INFO - DAG(s) dict_keys(['example_bash_operator']) retrieved from /home/airflow/.local/lib/python3.7/site-packages/airflow/example_dags/example_bash_operator.py
[2023-02-28T15:55:44.013+0000] {logging_mixin.py:137} INFO - [2023-02-28T15:55:44.013+0000] {dag.py:2690} INFO - Sync 1 DAGs
[2023-02-28T15:55:44.033+0000] {logging_mixin.py:137} INFO - [2023-02-28T15:55:44.033+0000] {dag.py:3441} INFO - Setting next_dagrun for example_bash_operator to 2023-02-27T00:00:00+00:00, run_after=2023-02-28T00:00:00+00:00
[2023-02-28T15:55:44.048+0000] {processor.py:175} INFO - Processing /home/airflow/.local/lib/python3.7/site-packages/airflow/example_dags/example_bash_operator.py took 0.090 seconds
[2023-02-28T15:56:15.178+0000] {processor.py:153} INFO - Started process (PID=1354) to work on /home/airflow/.local/lib/python3.7/site-packages/airflow/example_dags/example_bash_operator.py
[2023-02-28T15:56:15.184+0000] {processor.py:743} INFO - Processing file /home/airflow/.local/lib/python3.7/site-packages/airflow/example_dags/example_bash_operator.py for tasks to queue
[2023-02-28T15:56:15.186+0000] {logging_mixin.py:137} INFO - [2023-02-28T15:56:15.186+0000] {dagbag.py:538} INFO - Filling up the DagBag from /home/airflow/.local/lib/python3.7/site-packages/airflow/example_dags/example_bash_operator.py
[2023-02-28T15:56:15.215+0000] {processor.py:753} INFO - DAG(s) dict_keys(['example_bash_operator']) retrieved from /home/airflow/.local/lib/python3.7/site-packages/airflow/example_dags/example_bash_operator.py
[2023-02-28T15:56:15.255+0000] {logging_mixin.py:137} INFO - [2023-02-28T15:56:15.255+0000] {dag.py:2690} INFO - Sync 1 DAGs
[2023-02-28T15:56:15.279+0000] {logging_mixin.py:137} INFO - [2023-02-28T15:56:15.279+0000] {dag.py:3441} INFO - Setting next_dagrun for example_bash_operator to 2023-02-27T00:00:00+00:00, run_after=2023-02-28T00:00:00+00:00
[2023-02-28T15:56:15.295+0000] {processor.py:175} INFO - Processing /home/airflow/.local/lib/python3.7/site-packages/airflow/example_dags/example_bash_operator.py took 0.123 seconds
[2023-02-28T15:56:45.864+0000] {processor.py:153} INFO - Started process (PID=1416) to work on /home/airflow/.local/lib/python3.7/site-packages/airflow/example_dags/example_bash_operator.py
[2023-02-28T15:56:45.866+0000] {processor.py:743} INFO - Processing file /home/airflow/.local/lib/python3.7/site-packages/airflow/example_dags/example_bash_operator.py for tasks to queue
[2023-02-28T15:56:45.868+0000] {logging_mixin.py:137} INFO - [2023-02-28T15:56:45.867+0000] {dagbag.py:538} INFO - Filling up the DagBag from /home/airflow/.local/lib/python3.7/site-packages/airflow/example_dags/example_bash_operator.py
[2023-02-28T15:56:45.885+0000] {processor.py:753} INFO - DAG(s) dict_keys(['example_bash_operator']) retrieved from /home/airflow/.local/lib/python3.7/site-packages/airflow/example_dags/example_bash_operator.py
[2023-02-28T15:56:45.912+0000] {logging_mixin.py:137} INFO - [2023-02-28T15:56:45.912+0000] {dag.py:2690} INFO - Sync 1 DAGs
[2023-02-28T15:56:45.932+0000] {logging_mixin.py:137} INFO - [2023-02-28T15:56:45.932+0000] {dag.py:3441} INFO - Setting next_dagrun for example_bash_operator to 2023-02-27T00:00:00+00:00, run_after=2023-02-28T00:00:00+00:00
[2023-02-28T15:56:45.953+0000] {processor.py:175} INFO - Processing /home/airflow/.local/lib/python3.7/site-packages/airflow/example_dags/example_bash_operator.py took 0.091 seconds
[2023-02-28T15:57:16.744+0000] {processor.py:153} INFO - Started process (PID=1491) to work on /home/airflow/.local/lib/python3.7/site-packages/airflow/example_dags/example_bash_operator.py
[2023-02-28T15:57:16.746+0000] {processor.py:743} INFO - Processing file /home/airflow/.local/lib/python3.7/site-packages/airflow/example_dags/example_bash_operator.py for tasks to queue
[2023-02-28T15:57:16.748+0000] {logging_mixin.py:137} INFO - [2023-02-28T15:57:16.748+0000] {dagbag.py:538} INFO - Filling up the DagBag from /home/airflow/.local/lib/python3.7/site-packages/airflow/example_dags/example_bash_operator.py
[2023-02-28T15:57:16.765+0000] {processor.py:753} INFO - DAG(s) dict_keys(['example_bash_operator']) retrieved from /home/airflow/.local/lib/python3.7/site-packages/airflow/example_dags/example_bash_operator.py
[2023-02-28T15:57:16.793+0000] {logging_mixin.py:137} INFO - [2023-02-28T15:57:16.793+0000] {dag.py:2690} INFO - Sync 1 DAGs
[2023-02-28T15:57:16.812+0000] {logging_mixin.py:137} INFO - [2023-02-28T15:57:16.812+0000] {dag.py:3441} INFO - Setting next_dagrun for example_bash_operator to 2023-02-27T00:00:00+00:00, run_after=2023-02-28T00:00:00+00:00
[2023-02-28T15:57:16.830+0000] {processor.py:175} INFO - Processing /home/airflow/.local/lib/python3.7/site-packages/airflow/example_dags/example_bash_operator.py took 0.089 seconds
[2023-02-28T15:57:47.577+0000] {processor.py:153} INFO - Started process (PID=1566) to work on /home/airflow/.local/lib/python3.7/site-packages/airflow/example_dags/example_bash_operator.py
[2023-02-28T15:57:47.579+0000] {processor.py:743} INFO - Processing file /home/airflow/.local/lib/python3.7/site-packages/airflow/example_dags/example_bash_operator.py for tasks to queue
[2023-02-28T15:57:47.581+0000] {logging_mixin.py:137} INFO - [2023-02-28T15:57:47.580+0000] {dagbag.py:538} INFO - Filling up the DagBag from /home/airflow/.local/lib/python3.7/site-packages/airflow/example_dags/example_bash_operator.py
[2023-02-28T15:57:47.598+0000] {processor.py:753} INFO - DAG(s) dict_keys(['example_bash_operator']) retrieved from /home/airflow/.local/lib/python3.7/site-packages/airflow/example_dags/example_bash_operator.py
[2023-02-28T15:57:47.629+0000] {logging_mixin.py:137} INFO - [2023-02-28T15:57:47.628+0000] {dag.py:2690} INFO - Sync 1 DAGs
[2023-02-28T15:57:47.651+0000] {logging_mixin.py:137} INFO - [2023-02-28T15:57:47.651+0000] {dag.py:3441} INFO - Setting next_dagrun for example_bash_operator to 2023-02-27T00:00:00+00:00, run_after=2023-02-28T00:00:00+00:00
[2023-02-28T15:57:47.672+0000] {processor.py:175} INFO - Processing /home/airflow/.local/lib/python3.7/site-packages/airflow/example_dags/example_bash_operator.py took 0.098 seconds
[2023-02-28T15:58:18.310+0000] {processor.py:153} INFO - Started process (PID=1630) to work on /home/airflow/.local/lib/python3.7/site-packages/airflow/example_dags/example_bash_operator.py
[2023-02-28T15:58:18.312+0000] {processor.py:743} INFO - Processing file /home/airflow/.local/lib/python3.7/site-packages/airflow/example_dags/example_bash_operator.py for tasks to queue
[2023-02-28T15:58:18.313+0000] {logging_mixin.py:137} INFO - [2023-02-28T15:58:18.313+0000] {dagbag.py:538} INFO - Filling up the DagBag from /home/airflow/.local/lib/python3.7/site-packages/airflow/example_dags/example_bash_operator.py
[2023-02-28T15:58:18.332+0000] {processor.py:753} INFO - DAG(s) dict_keys(['example_bash_operator']) retrieved from /home/airflow/.local/lib/python3.7/site-packages/airflow/example_dags/example_bash_operator.py
[2023-02-28T15:58:18.367+0000] {logging_mixin.py:137} INFO - [2023-02-28T15:58:18.367+0000] {dag.py:2690} INFO - Sync 1 DAGs
[2023-02-28T15:58:18.395+0000] {logging_mixin.py:137} INFO - [2023-02-28T15:58:18.395+0000] {dag.py:3441} INFO - Setting next_dagrun for example_bash_operator to 2023-02-27T00:00:00+00:00, run_after=2023-02-28T00:00:00+00:00
[2023-02-28T15:58:18.415+0000] {processor.py:175} INFO - Processing /home/airflow/.local/lib/python3.7/site-packages/airflow/example_dags/example_bash_operator.py took 0.108 seconds
[2023-02-28T15:58:49.161+0000] {processor.py:153} INFO - Started process (PID=1704) to work on /home/airflow/.local/lib/python3.7/site-packages/airflow/example_dags/example_bash_operator.py
[2023-02-28T15:58:49.163+0000] {processor.py:743} INFO - Processing file /home/airflow/.local/lib/python3.7/site-packages/airflow/example_dags/example_bash_operator.py for tasks to queue
[2023-02-28T15:58:49.165+0000] {logging_mixin.py:137} INFO - [2023-02-28T15:58:49.165+0000] {dagbag.py:538} INFO - Filling up the DagBag from /home/airflow/.local/lib/python3.7/site-packages/airflow/example_dags/example_bash_operator.py
[2023-02-28T15:58:49.183+0000] {processor.py:753} INFO - DAG(s) dict_keys(['example_bash_operator']) retrieved from /home/airflow/.local/lib/python3.7/site-packages/airflow/example_dags/example_bash_operator.py
[2023-02-28T15:58:49.214+0000] {logging_mixin.py:137} INFO - [2023-02-28T15:58:49.213+0000] {dag.py:2690} INFO - Sync 1 DAGs
[2023-02-28T15:58:49.233+0000] {logging_mixin.py:137} INFO - [2023-02-28T15:58:49.233+0000] {dag.py:3441} INFO - Setting next_dagrun for example_bash_operator to 2023-02-27T00:00:00+00:00, run_after=2023-02-28T00:00:00+00:00
[2023-02-28T15:58:49.247+0000] {processor.py:175} INFO - Processing /home/airflow/.local/lib/python3.7/site-packages/airflow/example_dags/example_bash_operator.py took 0.089 seconds
