[2023-02-28T15:46:56.661+0000] {processor.py:153} INFO - Started process (PID=36) to work on /home/airflow/.local/lib/python3.7/site-packages/airflow/example_dags/example_skip_dag.py
[2023-02-28T15:46:56.672+0000] {processor.py:743} INFO - Processing file /home/airflow/.local/lib/python3.7/site-packages/airflow/example_dags/example_skip_dag.py for tasks to queue
[2023-02-28T15:46:56.675+0000] {logging_mixin.py:137} INFO - [2023-02-28T15:46:56.674+0000] {dagbag.py:538} INFO - Filling up the DagBag from /home/airflow/.local/lib/python3.7/site-packages/airflow/example_dags/example_skip_dag.py
[2023-02-28T15:46:56.694+0000] {processor.py:753} INFO - DAG(s) dict_keys(['example_skip_dag']) retrieved from /home/airflow/.local/lib/python3.7/site-packages/airflow/example_dags/example_skip_dag.py
[2023-02-28T15:46:56.709+0000] {logging_mixin.py:137} INFO - [2023-02-28T15:46:56.709+0000] {dag.py:2690} INFO - Sync 1 DAGs
[2023-02-28T15:46:56.850+0000] {logging_mixin.py:137} INFO - [2023-02-28T15:46:56.850+0000] {dag.py:3441} INFO - Setting next_dagrun for example_skip_dag to 2023-02-27T15:46:56.849670+00:00, run_after=2023-02-28T15:46:56.849670+00:00
[2023-02-28T15:46:56.917+0000] {processor.py:175} INFO - Processing /home/airflow/.local/lib/python3.7/site-packages/airflow/example_dags/example_skip_dag.py took 0.263 seconds
[2023-02-28T15:47:27.515+0000] {processor.py:153} INFO - Started process (PID=109) to work on /home/airflow/.local/lib/python3.7/site-packages/airflow/example_dags/example_skip_dag.py
[2023-02-28T15:47:27.518+0000] {processor.py:743} INFO - Processing file /home/airflow/.local/lib/python3.7/site-packages/airflow/example_dags/example_skip_dag.py for tasks to queue
[2023-02-28T15:47:27.520+0000] {logging_mixin.py:137} INFO - [2023-02-28T15:47:27.520+0000] {dagbag.py:538} INFO - Filling up the DagBag from /home/airflow/.local/lib/python3.7/site-packages/airflow/example_dags/example_skip_dag.py
[2023-02-28T15:47:27.534+0000] {processor.py:753} INFO - DAG(s) dict_keys(['example_skip_dag']) retrieved from /home/airflow/.local/lib/python3.7/site-packages/airflow/example_dags/example_skip_dag.py
[2023-02-28T15:47:27.564+0000] {logging_mixin.py:137} INFO - [2023-02-28T15:47:27.564+0000] {dag.py:2690} INFO - Sync 1 DAGs
[2023-02-28T15:47:27.581+0000] {logging_mixin.py:137} INFO - [2023-02-28T15:47:27.581+0000] {dag.py:3441} INFO - Setting next_dagrun for example_skip_dag to 2023-02-27T15:47:27.581504+00:00, run_after=2023-02-28T15:47:27.581504+00:00
[2023-02-28T15:47:27.606+0000] {processor.py:175} INFO - Processing /home/airflow/.local/lib/python3.7/site-packages/airflow/example_dags/example_skip_dag.py took 0.094 seconds
[2023-02-28T15:47:58.170+0000] {processor.py:153} INFO - Started process (PID=172) to work on /home/airflow/.local/lib/python3.7/site-packages/airflow/example_dags/example_skip_dag.py
[2023-02-28T15:47:58.172+0000] {processor.py:743} INFO - Processing file /home/airflow/.local/lib/python3.7/site-packages/airflow/example_dags/example_skip_dag.py for tasks to queue
[2023-02-28T15:47:58.174+0000] {logging_mixin.py:137} INFO - [2023-02-28T15:47:58.174+0000] {dagbag.py:538} INFO - Filling up the DagBag from /home/airflow/.local/lib/python3.7/site-packages/airflow/example_dags/example_skip_dag.py
[2023-02-28T15:47:58.187+0000] {processor.py:753} INFO - DAG(s) dict_keys(['example_skip_dag']) retrieved from /home/airflow/.local/lib/python3.7/site-packages/airflow/example_dags/example_skip_dag.py
[2023-02-28T15:47:58.220+0000] {logging_mixin.py:137} INFO - [2023-02-28T15:47:58.220+0000] {dag.py:2690} INFO - Sync 1 DAGs
[2023-02-28T15:47:58.254+0000] {logging_mixin.py:137} INFO - [2023-02-28T15:47:58.253+0000] {dag.py:3441} INFO - Setting next_dagrun for example_skip_dag to 2023-02-27T15:47:58.253666+00:00, run_after=2023-02-28T15:47:58.253666+00:00
[2023-02-28T15:47:58.277+0000] {processor.py:175} INFO - Processing /home/airflow/.local/lib/python3.7/site-packages/airflow/example_dags/example_skip_dag.py took 0.110 seconds
[2023-02-28T15:48:28.410+0000] {processor.py:153} INFO - Started process (PID=247) to work on /home/airflow/.local/lib/python3.7/site-packages/airflow/example_dags/example_skip_dag.py
[2023-02-28T15:48:28.415+0000] {processor.py:743} INFO - Processing file /home/airflow/.local/lib/python3.7/site-packages/airflow/example_dags/example_skip_dag.py for tasks to queue
[2023-02-28T15:48:28.417+0000] {logging_mixin.py:137} INFO - [2023-02-28T15:48:28.417+0000] {dagbag.py:538} INFO - Filling up the DagBag from /home/airflow/.local/lib/python3.7/site-packages/airflow/example_dags/example_skip_dag.py
[2023-02-28T15:48:28.429+0000] {processor.py:753} INFO - DAG(s) dict_keys(['example_skip_dag']) retrieved from /home/airflow/.local/lib/python3.7/site-packages/airflow/example_dags/example_skip_dag.py
[2023-02-28T15:48:28.457+0000] {logging_mixin.py:137} INFO - [2023-02-28T15:48:28.457+0000] {dag.py:2690} INFO - Sync 1 DAGs
[2023-02-28T15:48:28.479+0000] {logging_mixin.py:137} INFO - [2023-02-28T15:48:28.479+0000] {dag.py:3441} INFO - Setting next_dagrun for example_skip_dag to 2023-02-27T15:48:28.479533+00:00, run_after=2023-02-28T15:48:28.479533+00:00
[2023-02-28T15:48:28.495+0000] {processor.py:175} INFO - Processing /home/airflow/.local/lib/python3.7/site-packages/airflow/example_dags/example_skip_dag.py took 0.089 seconds
[2023-02-28T15:48:59.089+0000] {processor.py:153} INFO - Started process (PID=322) to work on /home/airflow/.local/lib/python3.7/site-packages/airflow/example_dags/example_skip_dag.py
[2023-02-28T15:48:59.091+0000] {processor.py:743} INFO - Processing file /home/airflow/.local/lib/python3.7/site-packages/airflow/example_dags/example_skip_dag.py for tasks to queue
[2023-02-28T15:48:59.092+0000] {logging_mixin.py:137} INFO - [2023-02-28T15:48:59.092+0000] {dagbag.py:538} INFO - Filling up the DagBag from /home/airflow/.local/lib/python3.7/site-packages/airflow/example_dags/example_skip_dag.py
[2023-02-28T15:48:59.104+0000] {processor.py:753} INFO - DAG(s) dict_keys(['example_skip_dag']) retrieved from /home/airflow/.local/lib/python3.7/site-packages/airflow/example_dags/example_skip_dag.py
[2023-02-28T15:48:59.126+0000] {logging_mixin.py:137} INFO - [2023-02-28T15:48:59.126+0000] {dag.py:2690} INFO - Sync 1 DAGs
[2023-02-28T15:48:59.145+0000] {logging_mixin.py:137} INFO - [2023-02-28T15:48:59.144+0000] {dag.py:3441} INFO - Setting next_dagrun for example_skip_dag to 2023-02-27T15:48:59.144742+00:00, run_after=2023-02-28T15:48:59.144742+00:00
[2023-02-28T15:48:59.160+0000] {processor.py:175} INFO - Processing /home/airflow/.local/lib/python3.7/site-packages/airflow/example_dags/example_skip_dag.py took 0.074 seconds
[2023-02-28T15:49:30.118+0000] {processor.py:153} INFO - Started process (PID=385) to work on /home/airflow/.local/lib/python3.7/site-packages/airflow/example_dags/example_skip_dag.py
[2023-02-28T15:49:30.122+0000] {processor.py:743} INFO - Processing file /home/airflow/.local/lib/python3.7/site-packages/airflow/example_dags/example_skip_dag.py for tasks to queue
[2023-02-28T15:49:30.123+0000] {logging_mixin.py:137} INFO - [2023-02-28T15:49:30.123+0000] {dagbag.py:538} INFO - Filling up the DagBag from /home/airflow/.local/lib/python3.7/site-packages/airflow/example_dags/example_skip_dag.py
[2023-02-28T15:49:30.135+0000] {processor.py:753} INFO - DAG(s) dict_keys(['example_skip_dag']) retrieved from /home/airflow/.local/lib/python3.7/site-packages/airflow/example_dags/example_skip_dag.py
[2023-02-28T15:49:30.164+0000] {logging_mixin.py:137} INFO - [2023-02-28T15:49:30.164+0000] {dag.py:2690} INFO - Sync 1 DAGs
[2023-02-28T15:49:30.200+0000] {logging_mixin.py:137} INFO - [2023-02-28T15:49:30.199+0000] {dag.py:3441} INFO - Setting next_dagrun for example_skip_dag to 2023-02-27T15:49:30.199622+00:00, run_after=2023-02-28T15:49:30.199622+00:00
[2023-02-28T15:49:30.219+0000] {processor.py:175} INFO - Processing /home/airflow/.local/lib/python3.7/site-packages/airflow/example_dags/example_skip_dag.py took 0.105 seconds
[2023-02-28T15:50:00.942+0000] {processor.py:153} INFO - Started process (PID=460) to work on /home/airflow/.local/lib/python3.7/site-packages/airflow/example_dags/example_skip_dag.py
[2023-02-28T15:50:00.945+0000] {processor.py:743} INFO - Processing file /home/airflow/.local/lib/python3.7/site-packages/airflow/example_dags/example_skip_dag.py for tasks to queue
[2023-02-28T15:50:00.947+0000] {logging_mixin.py:137} INFO - [2023-02-28T15:50:00.947+0000] {dagbag.py:538} INFO - Filling up the DagBag from /home/airflow/.local/lib/python3.7/site-packages/airflow/example_dags/example_skip_dag.py
[2023-02-28T15:50:00.959+0000] {processor.py:753} INFO - DAG(s) dict_keys(['example_skip_dag']) retrieved from /home/airflow/.local/lib/python3.7/site-packages/airflow/example_dags/example_skip_dag.py
[2023-02-28T15:50:00.982+0000] {logging_mixin.py:137} INFO - [2023-02-28T15:50:00.981+0000] {dag.py:2690} INFO - Sync 1 DAGs
[2023-02-28T15:50:01.001+0000] {logging_mixin.py:137} INFO - [2023-02-28T15:50:01.001+0000] {dag.py:3441} INFO - Setting next_dagrun for example_skip_dag to 2023-02-27T15:50:01.001405+00:00, run_after=2023-02-28T15:50:01.001405+00:00
[2023-02-28T15:50:01.018+0000] {processor.py:175} INFO - Processing /home/airflow/.local/lib/python3.7/site-packages/airflow/example_dags/example_skip_dag.py took 0.078 seconds
[2023-02-28T15:50:31.910+0000] {processor.py:153} INFO - Started process (PID=536) to work on /home/airflow/.local/lib/python3.7/site-packages/airflow/example_dags/example_skip_dag.py
[2023-02-28T15:50:31.912+0000] {processor.py:743} INFO - Processing file /home/airflow/.local/lib/python3.7/site-packages/airflow/example_dags/example_skip_dag.py for tasks to queue
[2023-02-28T15:50:31.914+0000] {logging_mixin.py:137} INFO - [2023-02-28T15:50:31.914+0000] {dagbag.py:538} INFO - Filling up the DagBag from /home/airflow/.local/lib/python3.7/site-packages/airflow/example_dags/example_skip_dag.py
[2023-02-28T15:50:31.926+0000] {processor.py:753} INFO - DAG(s) dict_keys(['example_skip_dag']) retrieved from /home/airflow/.local/lib/python3.7/site-packages/airflow/example_dags/example_skip_dag.py
[2023-02-28T15:50:31.949+0000] {logging_mixin.py:137} INFO - [2023-02-28T15:50:31.949+0000] {dag.py:2690} INFO - Sync 1 DAGs
[2023-02-28T15:50:31.969+0000] {logging_mixin.py:137} INFO - [2023-02-28T15:50:31.969+0000] {dag.py:3441} INFO - Setting next_dagrun for example_skip_dag to 2023-02-27T15:50:31.968559+00:00, run_after=2023-02-28T15:50:31.968559+00:00
[2023-02-28T15:50:31.986+0000] {processor.py:175} INFO - Processing /home/airflow/.local/lib/python3.7/site-packages/airflow/example_dags/example_skip_dag.py took 0.079 seconds
[2023-02-28T15:51:02.876+0000] {processor.py:153} INFO - Started process (PID=611) to work on /home/airflow/.local/lib/python3.7/site-packages/airflow/example_dags/example_skip_dag.py
[2023-02-28T15:51:02.879+0000] {processor.py:743} INFO - Processing file /home/airflow/.local/lib/python3.7/site-packages/airflow/example_dags/example_skip_dag.py for tasks to queue
[2023-02-28T15:51:02.880+0000] {logging_mixin.py:137} INFO - [2023-02-28T15:51:02.880+0000] {dagbag.py:538} INFO - Filling up the DagBag from /home/airflow/.local/lib/python3.7/site-packages/airflow/example_dags/example_skip_dag.py
[2023-02-28T15:51:02.894+0000] {processor.py:753} INFO - DAG(s) dict_keys(['example_skip_dag']) retrieved from /home/airflow/.local/lib/python3.7/site-packages/airflow/example_dags/example_skip_dag.py
[2023-02-28T15:51:02.923+0000] {logging_mixin.py:137} INFO - [2023-02-28T15:51:02.923+0000] {dag.py:2690} INFO - Sync 1 DAGs
[2023-02-28T15:51:02.946+0000] {logging_mixin.py:137} INFO - [2023-02-28T15:51:02.946+0000] {dag.py:3441} INFO - Setting next_dagrun for example_skip_dag to 2023-02-27T15:51:02.946103+00:00, run_after=2023-02-28T15:51:02.946103+00:00
[2023-02-28T15:51:02.961+0000] {processor.py:175} INFO - Processing /home/airflow/.local/lib/python3.7/site-packages/airflow/example_dags/example_skip_dag.py took 0.091 seconds
[2023-02-28T15:51:33.760+0000] {processor.py:153} INFO - Started process (PID=674) to work on /home/airflow/.local/lib/python3.7/site-packages/airflow/example_dags/example_skip_dag.py
[2023-02-28T15:51:33.762+0000] {processor.py:743} INFO - Processing file /home/airflow/.local/lib/python3.7/site-packages/airflow/example_dags/example_skip_dag.py for tasks to queue
[2023-02-28T15:51:33.764+0000] {logging_mixin.py:137} INFO - [2023-02-28T15:51:33.764+0000] {dagbag.py:538} INFO - Filling up the DagBag from /home/airflow/.local/lib/python3.7/site-packages/airflow/example_dags/example_skip_dag.py
[2023-02-28T15:51:33.775+0000] {processor.py:753} INFO - DAG(s) dict_keys(['example_skip_dag']) retrieved from /home/airflow/.local/lib/python3.7/site-packages/airflow/example_dags/example_skip_dag.py
[2023-02-28T15:51:33.797+0000] {logging_mixin.py:137} INFO - [2023-02-28T15:51:33.797+0000] {dag.py:2690} INFO - Sync 1 DAGs
[2023-02-28T15:51:33.816+0000] {logging_mixin.py:137} INFO - [2023-02-28T15:51:33.815+0000] {dag.py:3441} INFO - Setting next_dagrun for example_skip_dag to 2023-02-27T15:51:33.815770+00:00, run_after=2023-02-28T15:51:33.815770+00:00
[2023-02-28T15:51:33.834+0000] {processor.py:175} INFO - Processing /home/airflow/.local/lib/python3.7/site-packages/airflow/example_dags/example_skip_dag.py took 0.077 seconds
[2023-02-28T15:52:04.770+0000] {processor.py:153} INFO - Started process (PID=749) to work on /home/airflow/.local/lib/python3.7/site-packages/airflow/example_dags/example_skip_dag.py
[2023-02-28T15:52:04.772+0000] {processor.py:743} INFO - Processing file /home/airflow/.local/lib/python3.7/site-packages/airflow/example_dags/example_skip_dag.py for tasks to queue
[2023-02-28T15:52:04.774+0000] {logging_mixin.py:137} INFO - [2023-02-28T15:52:04.773+0000] {dagbag.py:538} INFO - Filling up the DagBag from /home/airflow/.local/lib/python3.7/site-packages/airflow/example_dags/example_skip_dag.py
[2023-02-28T15:52:04.786+0000] {processor.py:753} INFO - DAG(s) dict_keys(['example_skip_dag']) retrieved from /home/airflow/.local/lib/python3.7/site-packages/airflow/example_dags/example_skip_dag.py
[2023-02-28T15:52:04.817+0000] {logging_mixin.py:137} INFO - [2023-02-28T15:52:04.817+0000] {dag.py:2690} INFO - Sync 1 DAGs
[2023-02-28T15:52:04.842+0000] {logging_mixin.py:137} INFO - [2023-02-28T15:52:04.842+0000] {dag.py:3441} INFO - Setting next_dagrun for example_skip_dag to 2023-02-27T15:52:04.842581+00:00, run_after=2023-02-28T15:52:04.842581+00:00
[2023-02-28T15:52:04.859+0000] {processor.py:175} INFO - Processing /home/airflow/.local/lib/python3.7/site-packages/airflow/example_dags/example_skip_dag.py took 0.091 seconds
[2023-02-28T15:52:35.579+0000] {processor.py:153} INFO - Started process (PID=824) to work on /home/airflow/.local/lib/python3.7/site-packages/airflow/example_dags/example_skip_dag.py
[2023-02-28T15:52:35.581+0000] {processor.py:743} INFO - Processing file /home/airflow/.local/lib/python3.7/site-packages/airflow/example_dags/example_skip_dag.py for tasks to queue
[2023-02-28T15:52:35.582+0000] {logging_mixin.py:137} INFO - [2023-02-28T15:52:35.582+0000] {dagbag.py:538} INFO - Filling up the DagBag from /home/airflow/.local/lib/python3.7/site-packages/airflow/example_dags/example_skip_dag.py
[2023-02-28T15:52:35.594+0000] {processor.py:753} INFO - DAG(s) dict_keys(['example_skip_dag']) retrieved from /home/airflow/.local/lib/python3.7/site-packages/airflow/example_dags/example_skip_dag.py
[2023-02-28T15:52:35.616+0000] {logging_mixin.py:137} INFO - [2023-02-28T15:52:35.615+0000] {dag.py:2690} INFO - Sync 1 DAGs
[2023-02-28T15:52:35.633+0000] {logging_mixin.py:137} INFO - [2023-02-28T15:52:35.633+0000] {dag.py:3441} INFO - Setting next_dagrun for example_skip_dag to 2023-02-27T15:52:35.633083+00:00, run_after=2023-02-28T15:52:35.633083+00:00
[2023-02-28T15:52:35.648+0000] {processor.py:175} INFO - Processing /home/airflow/.local/lib/python3.7/site-packages/airflow/example_dags/example_skip_dag.py took 0.072 seconds
[2023-02-28T15:53:06.435+0000] {processor.py:153} INFO - Started process (PID=887) to work on /home/airflow/.local/lib/python3.7/site-packages/airflow/example_dags/example_skip_dag.py
[2023-02-28T15:53:06.438+0000] {processor.py:743} INFO - Processing file /home/airflow/.local/lib/python3.7/site-packages/airflow/example_dags/example_skip_dag.py for tasks to queue
[2023-02-28T15:53:06.440+0000] {logging_mixin.py:137} INFO - [2023-02-28T15:53:06.440+0000] {dagbag.py:538} INFO - Filling up the DagBag from /home/airflow/.local/lib/python3.7/site-packages/airflow/example_dags/example_skip_dag.py
[2023-02-28T15:53:06.453+0000] {processor.py:753} INFO - DAG(s) dict_keys(['example_skip_dag']) retrieved from /home/airflow/.local/lib/python3.7/site-packages/airflow/example_dags/example_skip_dag.py
[2023-02-28T15:53:06.478+0000] {logging_mixin.py:137} INFO - [2023-02-28T15:53:06.478+0000] {dag.py:2690} INFO - Sync 1 DAGs
[2023-02-28T15:53:06.505+0000] {logging_mixin.py:137} INFO - [2023-02-28T15:53:06.504+0000] {dag.py:3441} INFO - Setting next_dagrun for example_skip_dag to 2023-02-27T15:53:06.504670+00:00, run_after=2023-02-28T15:53:06.504670+00:00
[2023-02-28T15:53:06.520+0000] {processor.py:175} INFO - Processing /home/airflow/.local/lib/python3.7/site-packages/airflow/example_dags/example_skip_dag.py took 0.088 seconds
[2023-02-28T15:53:37.488+0000] {processor.py:153} INFO - Started process (PID=962) to work on /home/airflow/.local/lib/python3.7/site-packages/airflow/example_dags/example_skip_dag.py
[2023-02-28T15:53:37.490+0000] {processor.py:743} INFO - Processing file /home/airflow/.local/lib/python3.7/site-packages/airflow/example_dags/example_skip_dag.py for tasks to queue
[2023-02-28T15:53:37.491+0000] {logging_mixin.py:137} INFO - [2023-02-28T15:53:37.491+0000] {dagbag.py:538} INFO - Filling up the DagBag from /home/airflow/.local/lib/python3.7/site-packages/airflow/example_dags/example_skip_dag.py
[2023-02-28T15:53:37.503+0000] {processor.py:753} INFO - DAG(s) dict_keys(['example_skip_dag']) retrieved from /home/airflow/.local/lib/python3.7/site-packages/airflow/example_dags/example_skip_dag.py
[2023-02-28T15:53:37.526+0000] {logging_mixin.py:137} INFO - [2023-02-28T15:53:37.526+0000] {dag.py:2690} INFO - Sync 1 DAGs
[2023-02-28T15:53:37.544+0000] {logging_mixin.py:137} INFO - [2023-02-28T15:53:37.543+0000] {dag.py:3441} INFO - Setting next_dagrun for example_skip_dag to 2023-02-27T15:53:37.543598+00:00, run_after=2023-02-28T15:53:37.543598+00:00
[2023-02-28T15:53:37.564+0000] {processor.py:175} INFO - Processing /home/airflow/.local/lib/python3.7/site-packages/airflow/example_dags/example_skip_dag.py took 0.079 seconds
[2023-02-28T15:54:08.246+0000] {processor.py:153} INFO - Started process (PID=1036) to work on /home/airflow/.local/lib/python3.7/site-packages/airflow/example_dags/example_skip_dag.py
[2023-02-28T15:54:08.248+0000] {processor.py:743} INFO - Processing file /home/airflow/.local/lib/python3.7/site-packages/airflow/example_dags/example_skip_dag.py for tasks to queue
[2023-02-28T15:54:08.249+0000] {logging_mixin.py:137} INFO - [2023-02-28T15:54:08.249+0000] {dagbag.py:538} INFO - Filling up the DagBag from /home/airflow/.local/lib/python3.7/site-packages/airflow/example_dags/example_skip_dag.py
[2023-02-28T15:54:08.261+0000] {processor.py:753} INFO - DAG(s) dict_keys(['example_skip_dag']) retrieved from /home/airflow/.local/lib/python3.7/site-packages/airflow/example_dags/example_skip_dag.py
[2023-02-28T15:54:08.288+0000] {logging_mixin.py:137} INFO - [2023-02-28T15:54:08.288+0000] {dag.py:2690} INFO - Sync 1 DAGs
[2023-02-28T15:54:08.314+0000] {logging_mixin.py:137} INFO - [2023-02-28T15:54:08.314+0000] {dag.py:3441} INFO - Setting next_dagrun for example_skip_dag to 2023-02-27T15:54:08.314208+00:00, run_after=2023-02-28T15:54:08.314208+00:00
[2023-02-28T15:54:08.331+0000] {processor.py:175} INFO - Processing /home/airflow/.local/lib/python3.7/site-packages/airflow/example_dags/example_skip_dag.py took 0.088 seconds
[2023-02-28T15:54:39.211+0000] {processor.py:153} INFO - Started process (PID=1098) to work on /home/airflow/.local/lib/python3.7/site-packages/airflow/example_dags/example_skip_dag.py
[2023-02-28T15:54:39.213+0000] {processor.py:743} INFO - Processing file /home/airflow/.local/lib/python3.7/site-packages/airflow/example_dags/example_skip_dag.py for tasks to queue
[2023-02-28T15:54:39.220+0000] {logging_mixin.py:137} INFO - [2023-02-28T15:54:39.220+0000] {dagbag.py:538} INFO - Filling up the DagBag from /home/airflow/.local/lib/python3.7/site-packages/airflow/example_dags/example_skip_dag.py
[2023-02-28T15:54:39.234+0000] {processor.py:753} INFO - DAG(s) dict_keys(['example_skip_dag']) retrieved from /home/airflow/.local/lib/python3.7/site-packages/airflow/example_dags/example_skip_dag.py
[2023-02-28T15:54:39.257+0000] {logging_mixin.py:137} INFO - [2023-02-28T15:54:39.257+0000] {dag.py:2690} INFO - Sync 1 DAGs
[2023-02-28T15:54:39.278+0000] {logging_mixin.py:137} INFO - [2023-02-28T15:54:39.278+0000] {dag.py:3441} INFO - Setting next_dagrun for example_skip_dag to 2023-02-27T15:54:39.277860+00:00, run_after=2023-02-28T15:54:39.277860+00:00
[2023-02-28T15:54:39.300+0000] {processor.py:175} INFO - Processing /home/airflow/.local/lib/python3.7/site-packages/airflow/example_dags/example_skip_dag.py took 0.093 seconds
[2023-02-28T15:55:10.077+0000] {processor.py:153} INFO - Started process (PID=1174) to work on /home/airflow/.local/lib/python3.7/site-packages/airflow/example_dags/example_skip_dag.py
[2023-02-28T15:55:10.079+0000] {processor.py:743} INFO - Processing file /home/airflow/.local/lib/python3.7/site-packages/airflow/example_dags/example_skip_dag.py for tasks to queue
[2023-02-28T15:55:10.080+0000] {logging_mixin.py:137} INFO - [2023-02-28T15:55:10.080+0000] {dagbag.py:538} INFO - Filling up the DagBag from /home/airflow/.local/lib/python3.7/site-packages/airflow/example_dags/example_skip_dag.py
[2023-02-28T15:55:10.094+0000] {processor.py:753} INFO - DAG(s) dict_keys(['example_skip_dag']) retrieved from /home/airflow/.local/lib/python3.7/site-packages/airflow/example_dags/example_skip_dag.py
[2023-02-28T15:55:10.118+0000] {logging_mixin.py:137} INFO - [2023-02-28T15:55:10.118+0000] {dag.py:2690} INFO - Sync 1 DAGs
[2023-02-28T15:55:10.140+0000] {logging_mixin.py:137} INFO - [2023-02-28T15:55:10.139+0000] {dag.py:3441} INFO - Setting next_dagrun for example_skip_dag to 2023-02-27T15:55:10.139653+00:00, run_after=2023-02-28T15:55:10.139653+00:00
[2023-02-28T15:55:10.156+0000] {processor.py:175} INFO - Processing /home/airflow/.local/lib/python3.7/site-packages/airflow/example_dags/example_skip_dag.py took 0.083 seconds
[2023-02-28T15:55:40.895+0000] {processor.py:153} INFO - Started process (PID=1249) to work on /home/airflow/.local/lib/python3.7/site-packages/airflow/example_dags/example_skip_dag.py
[2023-02-28T15:55:40.897+0000] {processor.py:743} INFO - Processing file /home/airflow/.local/lib/python3.7/site-packages/airflow/example_dags/example_skip_dag.py for tasks to queue
[2023-02-28T15:55:40.899+0000] {logging_mixin.py:137} INFO - [2023-02-28T15:55:40.899+0000] {dagbag.py:538} INFO - Filling up the DagBag from /home/airflow/.local/lib/python3.7/site-packages/airflow/example_dags/example_skip_dag.py
[2023-02-28T15:55:40.912+0000] {processor.py:753} INFO - DAG(s) dict_keys(['example_skip_dag']) retrieved from /home/airflow/.local/lib/python3.7/site-packages/airflow/example_dags/example_skip_dag.py
[2023-02-28T15:55:40.936+0000] {logging_mixin.py:137} INFO - [2023-02-28T15:55:40.936+0000] {dag.py:2690} INFO - Sync 1 DAGs
[2023-02-28T15:55:40.957+0000] {logging_mixin.py:137} INFO - [2023-02-28T15:55:40.957+0000] {dag.py:3441} INFO - Setting next_dagrun for example_skip_dag to 2023-02-27T15:55:40.957220+00:00, run_after=2023-02-28T15:55:40.957220+00:00
[2023-02-28T15:55:40.973+0000] {processor.py:175} INFO - Processing /home/airflow/.local/lib/python3.7/site-packages/airflow/example_dags/example_skip_dag.py took 0.081 seconds
[2023-02-28T15:56:11.836+0000] {processor.py:153} INFO - Started process (PID=1312) to work on /home/airflow/.local/lib/python3.7/site-packages/airflow/example_dags/example_skip_dag.py
[2023-02-28T15:56:11.838+0000] {processor.py:743} INFO - Processing file /home/airflow/.local/lib/python3.7/site-packages/airflow/example_dags/example_skip_dag.py for tasks to queue
[2023-02-28T15:56:11.840+0000] {logging_mixin.py:137} INFO - [2023-02-28T15:56:11.839+0000] {dagbag.py:538} INFO - Filling up the DagBag from /home/airflow/.local/lib/python3.7/site-packages/airflow/example_dags/example_skip_dag.py
[2023-02-28T15:56:11.855+0000] {processor.py:753} INFO - DAG(s) dict_keys(['example_skip_dag']) retrieved from /home/airflow/.local/lib/python3.7/site-packages/airflow/example_dags/example_skip_dag.py
[2023-02-28T15:56:11.883+0000] {logging_mixin.py:137} INFO - [2023-02-28T15:56:11.883+0000] {dag.py:2690} INFO - Sync 1 DAGs
[2023-02-28T15:56:11.904+0000] {logging_mixin.py:137} INFO - [2023-02-28T15:56:11.904+0000] {dag.py:3441} INFO - Setting next_dagrun for example_skip_dag to 2023-02-27T15:56:11.903937+00:00, run_after=2023-02-28T15:56:11.903937+00:00
[2023-02-28T15:56:11.929+0000] {processor.py:175} INFO - Processing /home/airflow/.local/lib/python3.7/site-packages/airflow/example_dags/example_skip_dag.py took 0.097 seconds
[2023-02-28T15:56:42.891+0000] {processor.py:153} INFO - Started process (PID=1386) to work on /home/airflow/.local/lib/python3.7/site-packages/airflow/example_dags/example_skip_dag.py
[2023-02-28T15:56:42.893+0000] {processor.py:743} INFO - Processing file /home/airflow/.local/lib/python3.7/site-packages/airflow/example_dags/example_skip_dag.py for tasks to queue
[2023-02-28T15:56:42.894+0000] {logging_mixin.py:137} INFO - [2023-02-28T15:56:42.894+0000] {dagbag.py:538} INFO - Filling up the DagBag from /home/airflow/.local/lib/python3.7/site-packages/airflow/example_dags/example_skip_dag.py
[2023-02-28T15:56:42.906+0000] {processor.py:753} INFO - DAG(s) dict_keys(['example_skip_dag']) retrieved from /home/airflow/.local/lib/python3.7/site-packages/airflow/example_dags/example_skip_dag.py
[2023-02-28T15:56:42.931+0000] {logging_mixin.py:137} INFO - [2023-02-28T15:56:42.931+0000] {dag.py:2690} INFO - Sync 1 DAGs
[2023-02-28T15:56:42.950+0000] {logging_mixin.py:137} INFO - [2023-02-28T15:56:42.950+0000] {dag.py:3441} INFO - Setting next_dagrun for example_skip_dag to 2023-02-27T15:56:42.950087+00:00, run_after=2023-02-28T15:56:42.950087+00:00
[2023-02-28T15:56:42.966+0000] {processor.py:175} INFO - Processing /home/airflow/.local/lib/python3.7/site-packages/airflow/example_dags/example_skip_dag.py took 0.077 seconds
[2023-02-28T15:57:13.734+0000] {processor.py:153} INFO - Started process (PID=1461) to work on /home/airflow/.local/lib/python3.7/site-packages/airflow/example_dags/example_skip_dag.py
[2023-02-28T15:57:13.737+0000] {processor.py:743} INFO - Processing file /home/airflow/.local/lib/python3.7/site-packages/airflow/example_dags/example_skip_dag.py for tasks to queue
[2023-02-28T15:57:13.738+0000] {logging_mixin.py:137} INFO - [2023-02-28T15:57:13.738+0000] {dagbag.py:538} INFO - Filling up the DagBag from /home/airflow/.local/lib/python3.7/site-packages/airflow/example_dags/example_skip_dag.py
[2023-02-28T15:57:13.752+0000] {processor.py:753} INFO - DAG(s) dict_keys(['example_skip_dag']) retrieved from /home/airflow/.local/lib/python3.7/site-packages/airflow/example_dags/example_skip_dag.py
[2023-02-28T15:57:13.777+0000] {logging_mixin.py:137} INFO - [2023-02-28T15:57:13.777+0000] {dag.py:2690} INFO - Sync 1 DAGs
[2023-02-28T15:57:13.799+0000] {logging_mixin.py:137} INFO - [2023-02-28T15:57:13.799+0000] {dag.py:3441} INFO - Setting next_dagrun for example_skip_dag to 2023-02-27T15:57:13.799093+00:00, run_after=2023-02-28T15:57:13.799093+00:00
[2023-02-28T15:57:13.820+0000] {processor.py:175} INFO - Processing /home/airflow/.local/lib/python3.7/site-packages/airflow/example_dags/example_skip_dag.py took 0.089 seconds
[2023-02-28T15:57:44.485+0000] {processor.py:153} INFO - Started process (PID=1533) to work on /home/airflow/.local/lib/python3.7/site-packages/airflow/example_dags/example_skip_dag.py
[2023-02-28T15:57:44.487+0000] {processor.py:743} INFO - Processing file /home/airflow/.local/lib/python3.7/site-packages/airflow/example_dags/example_skip_dag.py for tasks to queue
[2023-02-28T15:57:44.489+0000] {logging_mixin.py:137} INFO - [2023-02-28T15:57:44.488+0000] {dagbag.py:538} INFO - Filling up the DagBag from /home/airflow/.local/lib/python3.7/site-packages/airflow/example_dags/example_skip_dag.py
[2023-02-28T15:57:44.504+0000] {processor.py:753} INFO - DAG(s) dict_keys(['example_skip_dag']) retrieved from /home/airflow/.local/lib/python3.7/site-packages/airflow/example_dags/example_skip_dag.py
[2023-02-28T15:57:44.532+0000] {logging_mixin.py:137} INFO - [2023-02-28T15:57:44.532+0000] {dag.py:2690} INFO - Sync 1 DAGs
[2023-02-28T15:57:44.557+0000] {logging_mixin.py:137} INFO - [2023-02-28T15:57:44.557+0000] {dag.py:3441} INFO - Setting next_dagrun for example_skip_dag to 2023-02-27T15:57:44.556877+00:00, run_after=2023-02-28T15:57:44.556877+00:00
[2023-02-28T15:57:44.573+0000] {processor.py:175} INFO - Processing /home/airflow/.local/lib/python3.7/site-packages/airflow/example_dags/example_skip_dag.py took 0.095 seconds
[2023-02-28T15:58:15.260+0000] {processor.py:153} INFO - Started process (PID=1600) to work on /home/airflow/.local/lib/python3.7/site-packages/airflow/example_dags/example_skip_dag.py
[2023-02-28T15:58:15.262+0000] {processor.py:743} INFO - Processing file /home/airflow/.local/lib/python3.7/site-packages/airflow/example_dags/example_skip_dag.py for tasks to queue
[2023-02-28T15:58:15.264+0000] {logging_mixin.py:137} INFO - [2023-02-28T15:58:15.264+0000] {dagbag.py:538} INFO - Filling up the DagBag from /home/airflow/.local/lib/python3.7/site-packages/airflow/example_dags/example_skip_dag.py
[2023-02-28T15:58:15.275+0000] {processor.py:753} INFO - DAG(s) dict_keys(['example_skip_dag']) retrieved from /home/airflow/.local/lib/python3.7/site-packages/airflow/example_dags/example_skip_dag.py
[2023-02-28T15:58:15.298+0000] {logging_mixin.py:137} INFO - [2023-02-28T15:58:15.298+0000] {dag.py:2690} INFO - Sync 1 DAGs
[2023-02-28T15:58:15.317+0000] {logging_mixin.py:137} INFO - [2023-02-28T15:58:15.317+0000] {dag.py:3441} INFO - Setting next_dagrun for example_skip_dag to 2023-02-27T15:58:15.317314+00:00, run_after=2023-02-28T15:58:15.317314+00:00
[2023-02-28T15:58:15.335+0000] {processor.py:175} INFO - Processing /home/airflow/.local/lib/python3.7/site-packages/airflow/example_dags/example_skip_dag.py took 0.077 seconds
[2023-02-28T15:58:46.151+0000] {processor.py:153} INFO - Started process (PID=1674) to work on /home/airflow/.local/lib/python3.7/site-packages/airflow/example_dags/example_skip_dag.py
[2023-02-28T15:58:46.152+0000] {processor.py:743} INFO - Processing file /home/airflow/.local/lib/python3.7/site-packages/airflow/example_dags/example_skip_dag.py for tasks to queue
[2023-02-28T15:58:46.154+0000] {logging_mixin.py:137} INFO - [2023-02-28T15:58:46.154+0000] {dagbag.py:538} INFO - Filling up the DagBag from /home/airflow/.local/lib/python3.7/site-packages/airflow/example_dags/example_skip_dag.py
[2023-02-28T15:58:46.166+0000] {processor.py:753} INFO - DAG(s) dict_keys(['example_skip_dag']) retrieved from /home/airflow/.local/lib/python3.7/site-packages/airflow/example_dags/example_skip_dag.py
[2023-02-28T15:58:46.189+0000] {logging_mixin.py:137} INFO - [2023-02-28T15:58:46.189+0000] {dag.py:2690} INFO - Sync 1 DAGs
[2023-02-28T15:58:46.207+0000] {logging_mixin.py:137} INFO - [2023-02-28T15:58:46.207+0000] {dag.py:3441} INFO - Setting next_dagrun for example_skip_dag to 2023-02-27T15:58:46.207052+00:00, run_after=2023-02-28T15:58:46.207052+00:00
[2023-02-28T15:58:46.223+0000] {processor.py:175} INFO - Processing /home/airflow/.local/lib/python3.7/site-packages/airflow/example_dags/example_skip_dag.py took 0.075 seconds
