[2023-02-28T15:46:57.273+0000] {processor.py:153} INFO - Started process (PID=40) to work on /home/airflow/.local/lib/python3.7/site-packages/airflow/example_dags/example_nested_branch_dag.py
[2023-02-28T15:46:57.278+0000] {processor.py:743} INFO - Processing file /home/airflow/.local/lib/python3.7/site-packages/airflow/example_dags/example_nested_branch_dag.py for tasks to queue
[2023-02-28T15:46:57.281+0000] {logging_mixin.py:137} INFO - [2023-02-28T15:46:57.281+0000] {dagbag.py:538} INFO - Filling up the DagBag from /home/airflow/.local/lib/python3.7/site-packages/airflow/example_dags/example_nested_branch_dag.py
[2023-02-28T15:46:57.313+0000] {processor.py:753} INFO - DAG(s) dict_keys(['example_nested_branch_dag']) retrieved from /home/airflow/.local/lib/python3.7/site-packages/airflow/example_dags/example_nested_branch_dag.py
[2023-02-28T15:46:57.346+0000] {logging_mixin.py:137} INFO - [2023-02-28T15:46:57.346+0000] {dag.py:2690} INFO - Sync 1 DAGs
[2023-02-28T15:46:57.376+0000] {logging_mixin.py:137} INFO - [2023-02-28T15:46:57.376+0000] {dag.py:3441} INFO - Setting next_dagrun for example_nested_branch_dag to 2023-02-27T00:00:00+00:00, run_after=2023-02-28T00:00:00+00:00
[2023-02-28T15:46:57.437+0000] {processor.py:175} INFO - Processing /home/airflow/.local/lib/python3.7/site-packages/airflow/example_dags/example_nested_branch_dag.py took 0.167 seconds
[2023-02-28T15:47:27.772+0000] {processor.py:153} INFO - Started process (PID=113) to work on /home/airflow/.local/lib/python3.7/site-packages/airflow/example_dags/example_nested_branch_dag.py
[2023-02-28T15:47:27.774+0000] {processor.py:743} INFO - Processing file /home/airflow/.local/lib/python3.7/site-packages/airflow/example_dags/example_nested_branch_dag.py for tasks to queue
[2023-02-28T15:47:27.776+0000] {logging_mixin.py:137} INFO - [2023-02-28T15:47:27.776+0000] {dagbag.py:538} INFO - Filling up the DagBag from /home/airflow/.local/lib/python3.7/site-packages/airflow/example_dags/example_nested_branch_dag.py
[2023-02-28T15:47:27.795+0000] {processor.py:753} INFO - DAG(s) dict_keys(['example_nested_branch_dag']) retrieved from /home/airflow/.local/lib/python3.7/site-packages/airflow/example_dags/example_nested_branch_dag.py
[2023-02-28T15:47:27.823+0000] {logging_mixin.py:137} INFO - [2023-02-28T15:47:27.823+0000] {dag.py:2690} INFO - Sync 1 DAGs
[2023-02-28T15:47:27.844+0000] {logging_mixin.py:137} INFO - [2023-02-28T15:47:27.844+0000] {dag.py:3441} INFO - Setting next_dagrun for example_nested_branch_dag to 2023-02-27T00:00:00+00:00, run_after=2023-02-28T00:00:00+00:00
[2023-02-28T15:47:27.858+0000] {processor.py:175} INFO - Processing /home/airflow/.local/lib/python3.7/site-packages/airflow/example_dags/example_nested_branch_dag.py took 0.089 seconds
[2023-02-28T15:47:58.538+0000] {processor.py:153} INFO - Started process (PID=183) to work on /home/airflow/.local/lib/python3.7/site-packages/airflow/example_dags/example_nested_branch_dag.py
[2023-02-28T15:47:58.540+0000] {processor.py:743} INFO - Processing file /home/airflow/.local/lib/python3.7/site-packages/airflow/example_dags/example_nested_branch_dag.py for tasks to queue
[2023-02-28T15:47:58.542+0000] {logging_mixin.py:137} INFO - [2023-02-28T15:47:58.542+0000] {dagbag.py:538} INFO - Filling up the DagBag from /home/airflow/.local/lib/python3.7/site-packages/airflow/example_dags/example_nested_branch_dag.py
[2023-02-28T15:47:58.577+0000] {processor.py:753} INFO - DAG(s) dict_keys(['example_nested_branch_dag']) retrieved from /home/airflow/.local/lib/python3.7/site-packages/airflow/example_dags/example_nested_branch_dag.py
[2023-02-28T15:47:58.643+0000] {logging_mixin.py:137} INFO - [2023-02-28T15:47:58.643+0000] {dag.py:2690} INFO - Sync 1 DAGs
[2023-02-28T15:47:58.678+0000] {logging_mixin.py:137} INFO - [2023-02-28T15:47:58.678+0000] {dag.py:3441} INFO - Setting next_dagrun for example_nested_branch_dag to 2023-02-27T00:00:00+00:00, run_after=2023-02-28T00:00:00+00:00
[2023-02-28T15:47:58.698+0000] {processor.py:175} INFO - Processing /home/airflow/.local/lib/python3.7/site-packages/airflow/example_dags/example_nested_branch_dag.py took 0.164 seconds
[2023-02-28T15:48:29.644+0000] {processor.py:153} INFO - Started process (PID=251) to work on /home/airflow/.local/lib/python3.7/site-packages/airflow/example_dags/example_nested_branch_dag.py
[2023-02-28T15:48:29.646+0000] {processor.py:743} INFO - Processing file /home/airflow/.local/lib/python3.7/site-packages/airflow/example_dags/example_nested_branch_dag.py for tasks to queue
[2023-02-28T15:48:29.648+0000] {logging_mixin.py:137} INFO - [2023-02-28T15:48:29.648+0000] {dagbag.py:538} INFO - Filling up the DagBag from /home/airflow/.local/lib/python3.7/site-packages/airflow/example_dags/example_nested_branch_dag.py
[2023-02-28T15:48:29.666+0000] {processor.py:753} INFO - DAG(s) dict_keys(['example_nested_branch_dag']) retrieved from /home/airflow/.local/lib/python3.7/site-packages/airflow/example_dags/example_nested_branch_dag.py
[2023-02-28T15:48:29.687+0000] {logging_mixin.py:137} INFO - [2023-02-28T15:48:29.687+0000] {dag.py:2690} INFO - Sync 1 DAGs
[2023-02-28T15:48:29.704+0000] {logging_mixin.py:137} INFO - [2023-02-28T15:48:29.704+0000] {dag.py:3441} INFO - Setting next_dagrun for example_nested_branch_dag to 2023-02-27T00:00:00+00:00, run_after=2023-02-28T00:00:00+00:00
[2023-02-28T15:48:29.719+0000] {processor.py:175} INFO - Processing /home/airflow/.local/lib/python3.7/site-packages/airflow/example_dags/example_nested_branch_dag.py took 0.078 seconds
[2023-02-28T15:49:00.281+0000] {processor.py:153} INFO - Started process (PID=326) to work on /home/airflow/.local/lib/python3.7/site-packages/airflow/example_dags/example_nested_branch_dag.py
[2023-02-28T15:49:00.284+0000] {processor.py:743} INFO - Processing file /home/airflow/.local/lib/python3.7/site-packages/airflow/example_dags/example_nested_branch_dag.py for tasks to queue
[2023-02-28T15:49:00.285+0000] {logging_mixin.py:137} INFO - [2023-02-28T15:49:00.285+0000] {dagbag.py:538} INFO - Filling up the DagBag from /home/airflow/.local/lib/python3.7/site-packages/airflow/example_dags/example_nested_branch_dag.py
[2023-02-28T15:49:00.311+0000] {processor.py:753} INFO - DAG(s) dict_keys(['example_nested_branch_dag']) retrieved from /home/airflow/.local/lib/python3.7/site-packages/airflow/example_dags/example_nested_branch_dag.py
[2023-02-28T15:49:00.345+0000] {logging_mixin.py:137} INFO - [2023-02-28T15:49:00.344+0000] {dag.py:2690} INFO - Sync 1 DAGs
[2023-02-28T15:49:00.367+0000] {logging_mixin.py:137} INFO - [2023-02-28T15:49:00.366+0000] {dag.py:3441} INFO - Setting next_dagrun for example_nested_branch_dag to 2023-02-27T00:00:00+00:00, run_after=2023-02-28T00:00:00+00:00
[2023-02-28T15:49:00.384+0000] {processor.py:175} INFO - Processing /home/airflow/.local/lib/python3.7/site-packages/airflow/example_dags/example_nested_branch_dag.py took 0.106 seconds
[2023-02-28T15:49:31.357+0000] {processor.py:153} INFO - Started process (PID=401) to work on /home/airflow/.local/lib/python3.7/site-packages/airflow/example_dags/example_nested_branch_dag.py
[2023-02-28T15:49:31.360+0000] {processor.py:743} INFO - Processing file /home/airflow/.local/lib/python3.7/site-packages/airflow/example_dags/example_nested_branch_dag.py for tasks to queue
[2023-02-28T15:49:31.361+0000] {logging_mixin.py:137} INFO - [2023-02-28T15:49:31.361+0000] {dagbag.py:538} INFO - Filling up the DagBag from /home/airflow/.local/lib/python3.7/site-packages/airflow/example_dags/example_nested_branch_dag.py
[2023-02-28T15:49:31.383+0000] {processor.py:753} INFO - DAG(s) dict_keys(['example_nested_branch_dag']) retrieved from /home/airflow/.local/lib/python3.7/site-packages/airflow/example_dags/example_nested_branch_dag.py
[2023-02-28T15:49:31.407+0000] {logging_mixin.py:137} INFO - [2023-02-28T15:49:31.407+0000] {dag.py:2690} INFO - Sync 1 DAGs
[2023-02-28T15:49:31.426+0000] {logging_mixin.py:137} INFO - [2023-02-28T15:49:31.426+0000] {dag.py:3441} INFO - Setting next_dagrun for example_nested_branch_dag to 2023-02-27T00:00:00+00:00, run_after=2023-02-28T00:00:00+00:00
[2023-02-28T15:49:31.441+0000] {processor.py:175} INFO - Processing /home/airflow/.local/lib/python3.7/site-packages/airflow/example_dags/example_nested_branch_dag.py took 0.088 seconds
[2023-02-28T15:50:02.148+0000] {processor.py:153} INFO - Started process (PID=464) to work on /home/airflow/.local/lib/python3.7/site-packages/airflow/example_dags/example_nested_branch_dag.py
[2023-02-28T15:50:02.150+0000] {processor.py:743} INFO - Processing file /home/airflow/.local/lib/python3.7/site-packages/airflow/example_dags/example_nested_branch_dag.py for tasks to queue
[2023-02-28T15:50:02.151+0000] {logging_mixin.py:137} INFO - [2023-02-28T15:50:02.151+0000] {dagbag.py:538} INFO - Filling up the DagBag from /home/airflow/.local/lib/python3.7/site-packages/airflow/example_dags/example_nested_branch_dag.py
[2023-02-28T15:50:02.169+0000] {processor.py:753} INFO - DAG(s) dict_keys(['example_nested_branch_dag']) retrieved from /home/airflow/.local/lib/python3.7/site-packages/airflow/example_dags/example_nested_branch_dag.py
[2023-02-28T15:50:02.192+0000] {logging_mixin.py:137} INFO - [2023-02-28T15:50:02.192+0000] {dag.py:2690} INFO - Sync 1 DAGs
[2023-02-28T15:50:02.210+0000] {logging_mixin.py:137} INFO - [2023-02-28T15:50:02.210+0000] {dag.py:3441} INFO - Setting next_dagrun for example_nested_branch_dag to 2023-02-27T00:00:00+00:00, run_after=2023-02-28T00:00:00+00:00
[2023-02-28T15:50:02.224+0000] {processor.py:175} INFO - Processing /home/airflow/.local/lib/python3.7/site-packages/airflow/example_dags/example_nested_branch_dag.py took 0.080 seconds
[2023-02-28T15:50:33.120+0000] {processor.py:153} INFO - Started process (PID=540) to work on /home/airflow/.local/lib/python3.7/site-packages/airflow/example_dags/example_nested_branch_dag.py
[2023-02-28T15:50:33.122+0000] {processor.py:743} INFO - Processing file /home/airflow/.local/lib/python3.7/site-packages/airflow/example_dags/example_nested_branch_dag.py for tasks to queue
[2023-02-28T15:50:33.124+0000] {logging_mixin.py:137} INFO - [2023-02-28T15:50:33.124+0000] {dagbag.py:538} INFO - Filling up the DagBag from /home/airflow/.local/lib/python3.7/site-packages/airflow/example_dags/example_nested_branch_dag.py
[2023-02-28T15:50:33.143+0000] {processor.py:753} INFO - DAG(s) dict_keys(['example_nested_branch_dag']) retrieved from /home/airflow/.local/lib/python3.7/site-packages/airflow/example_dags/example_nested_branch_dag.py
[2023-02-28T15:50:33.168+0000] {logging_mixin.py:137} INFO - [2023-02-28T15:50:33.168+0000] {dag.py:2690} INFO - Sync 1 DAGs
[2023-02-28T15:50:33.186+0000] {logging_mixin.py:137} INFO - [2023-02-28T15:50:33.186+0000] {dag.py:3441} INFO - Setting next_dagrun for example_nested_branch_dag to 2023-02-27T00:00:00+00:00, run_after=2023-02-28T00:00:00+00:00
[2023-02-28T15:50:33.201+0000] {processor.py:175} INFO - Processing /home/airflow/.local/lib/python3.7/site-packages/airflow/example_dags/example_nested_branch_dag.py took 0.085 seconds
[2023-02-28T15:51:04.103+0000] {processor.py:153} INFO - Started process (PID=615) to work on /home/airflow/.local/lib/python3.7/site-packages/airflow/example_dags/example_nested_branch_dag.py
[2023-02-28T15:51:04.105+0000] {processor.py:743} INFO - Processing file /home/airflow/.local/lib/python3.7/site-packages/airflow/example_dags/example_nested_branch_dag.py for tasks to queue
[2023-02-28T15:51:04.106+0000] {logging_mixin.py:137} INFO - [2023-02-28T15:51:04.106+0000] {dagbag.py:538} INFO - Filling up the DagBag from /home/airflow/.local/lib/python3.7/site-packages/airflow/example_dags/example_nested_branch_dag.py
[2023-02-28T15:51:04.127+0000] {processor.py:753} INFO - DAG(s) dict_keys(['example_nested_branch_dag']) retrieved from /home/airflow/.local/lib/python3.7/site-packages/airflow/example_dags/example_nested_branch_dag.py
[2023-02-28T15:51:04.152+0000] {logging_mixin.py:137} INFO - [2023-02-28T15:51:04.152+0000] {dag.py:2690} INFO - Sync 1 DAGs
[2023-02-28T15:51:04.173+0000] {logging_mixin.py:137} INFO - [2023-02-28T15:51:04.173+0000] {dag.py:3441} INFO - Setting next_dagrun for example_nested_branch_dag to 2023-02-27T00:00:00+00:00, run_after=2023-02-28T00:00:00+00:00
[2023-02-28T15:51:04.192+0000] {processor.py:175} INFO - Processing /home/airflow/.local/lib/python3.7/site-packages/airflow/example_dags/example_nested_branch_dag.py took 0.093 seconds
[2023-02-28T15:51:34.991+0000] {processor.py:153} INFO - Started process (PID=678) to work on /home/airflow/.local/lib/python3.7/site-packages/airflow/example_dags/example_nested_branch_dag.py
[2023-02-28T15:51:34.994+0000] {processor.py:743} INFO - Processing file /home/airflow/.local/lib/python3.7/site-packages/airflow/example_dags/example_nested_branch_dag.py for tasks to queue
[2023-02-28T15:51:34.995+0000] {logging_mixin.py:137} INFO - [2023-02-28T15:51:34.995+0000] {dagbag.py:538} INFO - Filling up the DagBag from /home/airflow/.local/lib/python3.7/site-packages/airflow/example_dags/example_nested_branch_dag.py
[2023-02-28T15:51:35.013+0000] {processor.py:753} INFO - DAG(s) dict_keys(['example_nested_branch_dag']) retrieved from /home/airflow/.local/lib/python3.7/site-packages/airflow/example_dags/example_nested_branch_dag.py
[2023-02-28T15:51:35.035+0000] {logging_mixin.py:137} INFO - [2023-02-28T15:51:35.035+0000] {dag.py:2690} INFO - Sync 1 DAGs
[2023-02-28T15:51:35.053+0000] {logging_mixin.py:137} INFO - [2023-02-28T15:51:35.053+0000] {dag.py:3441} INFO - Setting next_dagrun for example_nested_branch_dag to 2023-02-27T00:00:00+00:00, run_after=2023-02-28T00:00:00+00:00
[2023-02-28T15:51:35.067+0000] {processor.py:175} INFO - Processing /home/airflow/.local/lib/python3.7/site-packages/airflow/example_dags/example_nested_branch_dag.py took 0.079 seconds
[2023-02-28T15:52:05.966+0000] {processor.py:153} INFO - Started process (PID=753) to work on /home/airflow/.local/lib/python3.7/site-packages/airflow/example_dags/example_nested_branch_dag.py
[2023-02-28T15:52:05.968+0000] {processor.py:743} INFO - Processing file /home/airflow/.local/lib/python3.7/site-packages/airflow/example_dags/example_nested_branch_dag.py for tasks to queue
[2023-02-28T15:52:05.971+0000] {logging_mixin.py:137} INFO - [2023-02-28T15:52:05.970+0000] {dagbag.py:538} INFO - Filling up the DagBag from /home/airflow/.local/lib/python3.7/site-packages/airflow/example_dags/example_nested_branch_dag.py
[2023-02-28T15:52:05.990+0000] {processor.py:753} INFO - DAG(s) dict_keys(['example_nested_branch_dag']) retrieved from /home/airflow/.local/lib/python3.7/site-packages/airflow/example_dags/example_nested_branch_dag.py
[2023-02-28T15:52:06.017+0000] {logging_mixin.py:137} INFO - [2023-02-28T15:52:06.017+0000] {dag.py:2690} INFO - Sync 1 DAGs
[2023-02-28T15:52:06.041+0000] {logging_mixin.py:137} INFO - [2023-02-28T15:52:06.040+0000] {dag.py:3441} INFO - Setting next_dagrun for example_nested_branch_dag to 2023-02-27T00:00:00+00:00, run_after=2023-02-28T00:00:00+00:00
[2023-02-28T15:52:06.057+0000] {processor.py:175} INFO - Processing /home/airflow/.local/lib/python3.7/site-packages/airflow/example_dags/example_nested_branch_dag.py took 0.095 seconds
[2023-02-28T15:52:36.800+0000] {processor.py:153} INFO - Started process (PID=828) to work on /home/airflow/.local/lib/python3.7/site-packages/airflow/example_dags/example_nested_branch_dag.py
[2023-02-28T15:52:36.802+0000] {processor.py:743} INFO - Processing file /home/airflow/.local/lib/python3.7/site-packages/airflow/example_dags/example_nested_branch_dag.py for tasks to queue
[2023-02-28T15:52:36.803+0000] {logging_mixin.py:137} INFO - [2023-02-28T15:52:36.803+0000] {dagbag.py:538} INFO - Filling up the DagBag from /home/airflow/.local/lib/python3.7/site-packages/airflow/example_dags/example_nested_branch_dag.py
[2023-02-28T15:52:36.822+0000] {processor.py:753} INFO - DAG(s) dict_keys(['example_nested_branch_dag']) retrieved from /home/airflow/.local/lib/python3.7/site-packages/airflow/example_dags/example_nested_branch_dag.py
[2023-02-28T15:52:36.843+0000] {logging_mixin.py:137} INFO - [2023-02-28T15:52:36.843+0000] {dag.py:2690} INFO - Sync 1 DAGs
[2023-02-28T15:52:36.859+0000] {logging_mixin.py:137} INFO - [2023-02-28T15:52:36.859+0000] {dag.py:3441} INFO - Setting next_dagrun for example_nested_branch_dag to 2023-02-27T00:00:00+00:00, run_after=2023-02-28T00:00:00+00:00
[2023-02-28T15:52:36.873+0000] {processor.py:175} INFO - Processing /home/airflow/.local/lib/python3.7/site-packages/airflow/example_dags/example_nested_branch_dag.py took 0.077 seconds
[2023-02-28T15:53:07.647+0000] {processor.py:153} INFO - Started process (PID=900) to work on /home/airflow/.local/lib/python3.7/site-packages/airflow/example_dags/example_nested_branch_dag.py
[2023-02-28T15:53:07.658+0000] {processor.py:743} INFO - Processing file /home/airflow/.local/lib/python3.7/site-packages/airflow/example_dags/example_nested_branch_dag.py for tasks to queue
[2023-02-28T15:53:07.669+0000] {logging_mixin.py:137} INFO - [2023-02-28T15:53:07.669+0000] {dagbag.py:538} INFO - Filling up the DagBag from /home/airflow/.local/lib/python3.7/site-packages/airflow/example_dags/example_nested_branch_dag.py
[2023-02-28T15:53:07.701+0000] {processor.py:753} INFO - DAG(s) dict_keys(['example_nested_branch_dag']) retrieved from /home/airflow/.local/lib/python3.7/site-packages/airflow/example_dags/example_nested_branch_dag.py
[2023-02-28T15:53:07.728+0000] {logging_mixin.py:137} INFO - [2023-02-28T15:53:07.727+0000] {dag.py:2690} INFO - Sync 1 DAGs
[2023-02-28T15:53:07.757+0000] {logging_mixin.py:137} INFO - [2023-02-28T15:53:07.757+0000] {dag.py:3441} INFO - Setting next_dagrun for example_nested_branch_dag to 2023-02-27T00:00:00+00:00, run_after=2023-02-28T00:00:00+00:00
[2023-02-28T15:53:07.777+0000] {processor.py:175} INFO - Processing /home/airflow/.local/lib/python3.7/site-packages/airflow/example_dags/example_nested_branch_dag.py took 0.135 seconds
[2023-02-28T15:53:38.773+0000] {processor.py:153} INFO - Started process (PID=966) to work on /home/airflow/.local/lib/python3.7/site-packages/airflow/example_dags/example_nested_branch_dag.py
[2023-02-28T15:53:38.775+0000] {processor.py:743} INFO - Processing file /home/airflow/.local/lib/python3.7/site-packages/airflow/example_dags/example_nested_branch_dag.py for tasks to queue
[2023-02-28T15:53:38.777+0000] {logging_mixin.py:137} INFO - [2023-02-28T15:53:38.777+0000] {dagbag.py:538} INFO - Filling up the DagBag from /home/airflow/.local/lib/python3.7/site-packages/airflow/example_dags/example_nested_branch_dag.py
[2023-02-28T15:53:38.799+0000] {processor.py:753} INFO - DAG(s) dict_keys(['example_nested_branch_dag']) retrieved from /home/airflow/.local/lib/python3.7/site-packages/airflow/example_dags/example_nested_branch_dag.py
[2023-02-28T15:53:38.830+0000] {logging_mixin.py:137} INFO - [2023-02-28T15:53:38.830+0000] {dag.py:2690} INFO - Sync 1 DAGs
[2023-02-28T15:53:38.848+0000] {logging_mixin.py:137} INFO - [2023-02-28T15:53:38.848+0000] {dag.py:3441} INFO - Setting next_dagrun for example_nested_branch_dag to 2023-02-27T00:00:00+00:00, run_after=2023-02-28T00:00:00+00:00
[2023-02-28T15:53:38.861+0000] {processor.py:175} INFO - Processing /home/airflow/.local/lib/python3.7/site-packages/airflow/example_dags/example_nested_branch_dag.py took 0.092 seconds
[2023-02-28T15:54:09.481+0000] {processor.py:153} INFO - Started process (PID=1040) to work on /home/airflow/.local/lib/python3.7/site-packages/airflow/example_dags/example_nested_branch_dag.py
[2023-02-28T15:54:09.483+0000] {processor.py:743} INFO - Processing file /home/airflow/.local/lib/python3.7/site-packages/airflow/example_dags/example_nested_branch_dag.py for tasks to queue
[2023-02-28T15:54:09.485+0000] {logging_mixin.py:137} INFO - [2023-02-28T15:54:09.485+0000] {dagbag.py:538} INFO - Filling up the DagBag from /home/airflow/.local/lib/python3.7/site-packages/airflow/example_dags/example_nested_branch_dag.py
[2023-02-28T15:54:09.505+0000] {processor.py:753} INFO - DAG(s) dict_keys(['example_nested_branch_dag']) retrieved from /home/airflow/.local/lib/python3.7/site-packages/airflow/example_dags/example_nested_branch_dag.py
[2023-02-28T15:54:09.528+0000] {logging_mixin.py:137} INFO - [2023-02-28T15:54:09.528+0000] {dag.py:2690} INFO - Sync 1 DAGs
[2023-02-28T15:54:09.547+0000] {logging_mixin.py:137} INFO - [2023-02-28T15:54:09.547+0000] {dag.py:3441} INFO - Setting next_dagrun for example_nested_branch_dag to 2023-02-27T00:00:00+00:00, run_after=2023-02-28T00:00:00+00:00
[2023-02-28T15:54:09.563+0000] {processor.py:175} INFO - Processing /home/airflow/.local/lib/python3.7/site-packages/airflow/example_dags/example_nested_branch_dag.py took 0.086 seconds
[2023-02-28T15:54:40.442+0000] {processor.py:153} INFO - Started process (PID=1114) to work on /home/airflow/.local/lib/python3.7/site-packages/airflow/example_dags/example_nested_branch_dag.py
[2023-02-28T15:54:40.444+0000] {processor.py:743} INFO - Processing file /home/airflow/.local/lib/python3.7/site-packages/airflow/example_dags/example_nested_branch_dag.py for tasks to queue
[2023-02-28T15:54:40.446+0000] {logging_mixin.py:137} INFO - [2023-02-28T15:54:40.446+0000] {dagbag.py:538} INFO - Filling up the DagBag from /home/airflow/.local/lib/python3.7/site-packages/airflow/example_dags/example_nested_branch_dag.py
[2023-02-28T15:54:40.468+0000] {processor.py:753} INFO - DAG(s) dict_keys(['example_nested_branch_dag']) retrieved from /home/airflow/.local/lib/python3.7/site-packages/airflow/example_dags/example_nested_branch_dag.py
[2023-02-28T15:54:40.499+0000] {logging_mixin.py:137} INFO - [2023-02-28T15:54:40.499+0000] {dag.py:2690} INFO - Sync 1 DAGs
[2023-02-28T15:54:40.534+0000] {logging_mixin.py:137} INFO - [2023-02-28T15:54:40.534+0000] {dag.py:3441} INFO - Setting next_dagrun for example_nested_branch_dag to 2023-02-27T00:00:00+00:00, run_after=2023-02-28T00:00:00+00:00
[2023-02-28T15:54:40.570+0000] {processor.py:175} INFO - Processing /home/airflow/.local/lib/python3.7/site-packages/airflow/example_dags/example_nested_branch_dag.py took 0.132 seconds
[2023-02-28T15:55:11.281+0000] {processor.py:153} INFO - Started process (PID=1178) to work on /home/airflow/.local/lib/python3.7/site-packages/airflow/example_dags/example_nested_branch_dag.py
[2023-02-28T15:55:11.283+0000] {processor.py:743} INFO - Processing file /home/airflow/.local/lib/python3.7/site-packages/airflow/example_dags/example_nested_branch_dag.py for tasks to queue
[2023-02-28T15:55:11.284+0000] {logging_mixin.py:137} INFO - [2023-02-28T15:55:11.284+0000] {dagbag.py:538} INFO - Filling up the DagBag from /home/airflow/.local/lib/python3.7/site-packages/airflow/example_dags/example_nested_branch_dag.py
[2023-02-28T15:55:11.303+0000] {processor.py:753} INFO - DAG(s) dict_keys(['example_nested_branch_dag']) retrieved from /home/airflow/.local/lib/python3.7/site-packages/airflow/example_dags/example_nested_branch_dag.py
[2023-02-28T15:55:11.327+0000] {logging_mixin.py:137} INFO - [2023-02-28T15:55:11.327+0000] {dag.py:2690} INFO - Sync 1 DAGs
[2023-02-28T15:55:11.347+0000] {logging_mixin.py:137} INFO - [2023-02-28T15:55:11.347+0000] {dag.py:3441} INFO - Setting next_dagrun for example_nested_branch_dag to 2023-02-27T00:00:00+00:00, run_after=2023-02-28T00:00:00+00:00
[2023-02-28T15:55:11.361+0000] {processor.py:175} INFO - Processing /home/airflow/.local/lib/python3.7/site-packages/airflow/example_dags/example_nested_branch_dag.py took 0.084 seconds
[2023-02-28T15:55:42.139+0000] {processor.py:153} INFO - Started process (PID=1253) to work on /home/airflow/.local/lib/python3.7/site-packages/airflow/example_dags/example_nested_branch_dag.py
[2023-02-28T15:55:42.142+0000] {processor.py:743} INFO - Processing file /home/airflow/.local/lib/python3.7/site-packages/airflow/example_dags/example_nested_branch_dag.py for tasks to queue
[2023-02-28T15:55:42.143+0000] {logging_mixin.py:137} INFO - [2023-02-28T15:55:42.143+0000] {dagbag.py:538} INFO - Filling up the DagBag from /home/airflow/.local/lib/python3.7/site-packages/airflow/example_dags/example_nested_branch_dag.py
[2023-02-28T15:55:42.164+0000] {processor.py:753} INFO - DAG(s) dict_keys(['example_nested_branch_dag']) retrieved from /home/airflow/.local/lib/python3.7/site-packages/airflow/example_dags/example_nested_branch_dag.py
[2023-02-28T15:55:42.189+0000] {logging_mixin.py:137} INFO - [2023-02-28T15:55:42.189+0000] {dag.py:2690} INFO - Sync 1 DAGs
[2023-02-28T15:55:42.209+0000] {logging_mixin.py:137} INFO - [2023-02-28T15:55:42.209+0000] {dag.py:3441} INFO - Setting next_dagrun for example_nested_branch_dag to 2023-02-27T00:00:00+00:00, run_after=2023-02-28T00:00:00+00:00
[2023-02-28T15:55:42.225+0000] {processor.py:175} INFO - Processing /home/airflow/.local/lib/python3.7/site-packages/airflow/example_dags/example_nested_branch_dag.py took 0.089 seconds
[2023-02-28T15:56:13.069+0000] {processor.py:153} INFO - Started process (PID=1328) to work on /home/airflow/.local/lib/python3.7/site-packages/airflow/example_dags/example_nested_branch_dag.py
[2023-02-28T15:56:13.072+0000] {processor.py:743} INFO - Processing file /home/airflow/.local/lib/python3.7/site-packages/airflow/example_dags/example_nested_branch_dag.py for tasks to queue
[2023-02-28T15:56:13.076+0000] {logging_mixin.py:137} INFO - [2023-02-28T15:56:13.075+0000] {dagbag.py:538} INFO - Filling up the DagBag from /home/airflow/.local/lib/python3.7/site-packages/airflow/example_dags/example_nested_branch_dag.py
[2023-02-28T15:56:13.107+0000] {processor.py:753} INFO - DAG(s) dict_keys(['example_nested_branch_dag']) retrieved from /home/airflow/.local/lib/python3.7/site-packages/airflow/example_dags/example_nested_branch_dag.py
[2023-02-28T15:56:13.147+0000] {logging_mixin.py:137} INFO - [2023-02-28T15:56:13.147+0000] {dag.py:2690} INFO - Sync 1 DAGs
[2023-02-28T15:56:13.170+0000] {logging_mixin.py:137} INFO - [2023-02-28T15:56:13.170+0000] {dag.py:3441} INFO - Setting next_dagrun for example_nested_branch_dag to 2023-02-27T00:00:00+00:00, run_after=2023-02-28T00:00:00+00:00
[2023-02-28T15:56:13.190+0000] {processor.py:175} INFO - Processing /home/airflow/.local/lib/python3.7/site-packages/airflow/example_dags/example_nested_branch_dag.py took 0.123 seconds
[2023-02-28T15:56:44.130+0000] {processor.py:153} INFO - Started process (PID=1390) to work on /home/airflow/.local/lib/python3.7/site-packages/airflow/example_dags/example_nested_branch_dag.py
[2023-02-28T15:56:44.132+0000] {processor.py:743} INFO - Processing file /home/airflow/.local/lib/python3.7/site-packages/airflow/example_dags/example_nested_branch_dag.py for tasks to queue
[2023-02-28T15:56:44.133+0000] {logging_mixin.py:137} INFO - [2023-02-28T15:56:44.133+0000] {dagbag.py:538} INFO - Filling up the DagBag from /home/airflow/.local/lib/python3.7/site-packages/airflow/example_dags/example_nested_branch_dag.py
[2023-02-28T15:56:44.152+0000] {processor.py:753} INFO - DAG(s) dict_keys(['example_nested_branch_dag']) retrieved from /home/airflow/.local/lib/python3.7/site-packages/airflow/example_dags/example_nested_branch_dag.py
[2023-02-28T15:56:44.176+0000] {logging_mixin.py:137} INFO - [2023-02-28T15:56:44.176+0000] {dag.py:2690} INFO - Sync 1 DAGs
[2023-02-28T15:56:44.198+0000] {logging_mixin.py:137} INFO - [2023-02-28T15:56:44.198+0000] {dag.py:3441} INFO - Setting next_dagrun for example_nested_branch_dag to 2023-02-27T00:00:00+00:00, run_after=2023-02-28T00:00:00+00:00
[2023-02-28T15:56:44.216+0000] {processor.py:175} INFO - Processing /home/airflow/.local/lib/python3.7/site-packages/airflow/example_dags/example_nested_branch_dag.py took 0.089 seconds
[2023-02-28T15:57:14.946+0000] {processor.py:153} INFO - Started process (PID=1465) to work on /home/airflow/.local/lib/python3.7/site-packages/airflow/example_dags/example_nested_branch_dag.py
[2023-02-28T15:57:14.948+0000] {processor.py:743} INFO - Processing file /home/airflow/.local/lib/python3.7/site-packages/airflow/example_dags/example_nested_branch_dag.py for tasks to queue
[2023-02-28T15:57:14.949+0000] {logging_mixin.py:137} INFO - [2023-02-28T15:57:14.949+0000] {dagbag.py:538} INFO - Filling up the DagBag from /home/airflow/.local/lib/python3.7/site-packages/airflow/example_dags/example_nested_branch_dag.py
[2023-02-28T15:57:14.967+0000] {processor.py:753} INFO - DAG(s) dict_keys(['example_nested_branch_dag']) retrieved from /home/airflow/.local/lib/python3.7/site-packages/airflow/example_dags/example_nested_branch_dag.py
[2023-02-28T15:57:14.992+0000] {logging_mixin.py:137} INFO - [2023-02-28T15:57:14.992+0000] {dag.py:2690} INFO - Sync 1 DAGs
[2023-02-28T15:57:15.013+0000] {logging_mixin.py:137} INFO - [2023-02-28T15:57:15.013+0000] {dag.py:3441} INFO - Setting next_dagrun for example_nested_branch_dag to 2023-02-27T00:00:00+00:00, run_after=2023-02-28T00:00:00+00:00
[2023-02-28T15:57:15.029+0000] {processor.py:175} INFO - Processing /home/airflow/.local/lib/python3.7/site-packages/airflow/example_dags/example_nested_branch_dag.py took 0.086 seconds
[2023-02-28T15:57:45.753+0000] {processor.py:153} INFO - Started process (PID=1540) to work on /home/airflow/.local/lib/python3.7/site-packages/airflow/example_dags/example_nested_branch_dag.py
[2023-02-28T15:57:45.755+0000] {processor.py:743} INFO - Processing file /home/airflow/.local/lib/python3.7/site-packages/airflow/example_dags/example_nested_branch_dag.py for tasks to queue
[2023-02-28T15:57:45.756+0000] {logging_mixin.py:137} INFO - [2023-02-28T15:57:45.756+0000] {dagbag.py:538} INFO - Filling up the DagBag from /home/airflow/.local/lib/python3.7/site-packages/airflow/example_dags/example_nested_branch_dag.py
[2023-02-28T15:57:45.776+0000] {processor.py:753} INFO - DAG(s) dict_keys(['example_nested_branch_dag']) retrieved from /home/airflow/.local/lib/python3.7/site-packages/airflow/example_dags/example_nested_branch_dag.py
[2023-02-28T15:57:45.799+0000] {logging_mixin.py:137} INFO - [2023-02-28T15:57:45.799+0000] {dag.py:2690} INFO - Sync 1 DAGs
[2023-02-28T15:57:45.818+0000] {logging_mixin.py:137} INFO - [2023-02-28T15:57:45.817+0000] {dag.py:3441} INFO - Setting next_dagrun for example_nested_branch_dag to 2023-02-27T00:00:00+00:00, run_after=2023-02-28T00:00:00+00:00
[2023-02-28T15:57:45.833+0000] {processor.py:175} INFO - Processing /home/airflow/.local/lib/python3.7/site-packages/airflow/example_dags/example_nested_branch_dag.py took 0.085 seconds
[2023-02-28T15:58:16.467+0000] {processor.py:153} INFO - Started process (PID=1604) to work on /home/airflow/.local/lib/python3.7/site-packages/airflow/example_dags/example_nested_branch_dag.py
[2023-02-28T15:58:16.469+0000] {processor.py:743} INFO - Processing file /home/airflow/.local/lib/python3.7/site-packages/airflow/example_dags/example_nested_branch_dag.py for tasks to queue
[2023-02-28T15:58:16.472+0000] {logging_mixin.py:137} INFO - [2023-02-28T15:58:16.472+0000] {dagbag.py:538} INFO - Filling up the DagBag from /home/airflow/.local/lib/python3.7/site-packages/airflow/example_dags/example_nested_branch_dag.py
[2023-02-28T15:58:16.493+0000] {processor.py:753} INFO - DAG(s) dict_keys(['example_nested_branch_dag']) retrieved from /home/airflow/.local/lib/python3.7/site-packages/airflow/example_dags/example_nested_branch_dag.py
[2023-02-28T15:58:16.521+0000] {logging_mixin.py:137} INFO - [2023-02-28T15:58:16.521+0000] {dag.py:2690} INFO - Sync 1 DAGs
[2023-02-28T15:58:16.540+0000] {logging_mixin.py:137} INFO - [2023-02-28T15:58:16.540+0000] {dag.py:3441} INFO - Setting next_dagrun for example_nested_branch_dag to 2023-02-27T00:00:00+00:00, run_after=2023-02-28T00:00:00+00:00
[2023-02-28T15:58:16.553+0000] {processor.py:175} INFO - Processing /home/airflow/.local/lib/python3.7/site-packages/airflow/example_dags/example_nested_branch_dag.py took 0.089 seconds
[2023-02-28T15:58:47.383+0000] {processor.py:153} INFO - Started process (PID=1678) to work on /home/airflow/.local/lib/python3.7/site-packages/airflow/example_dags/example_nested_branch_dag.py
[2023-02-28T15:58:47.385+0000] {processor.py:743} INFO - Processing file /home/airflow/.local/lib/python3.7/site-packages/airflow/example_dags/example_nested_branch_dag.py for tasks to queue
[2023-02-28T15:58:47.387+0000] {logging_mixin.py:137} INFO - [2023-02-28T15:58:47.386+0000] {dagbag.py:538} INFO - Filling up the DagBag from /home/airflow/.local/lib/python3.7/site-packages/airflow/example_dags/example_nested_branch_dag.py
[2023-02-28T15:58:47.407+0000] {processor.py:753} INFO - DAG(s) dict_keys(['example_nested_branch_dag']) retrieved from /home/airflow/.local/lib/python3.7/site-packages/airflow/example_dags/example_nested_branch_dag.py
[2023-02-28T15:58:47.429+0000] {logging_mixin.py:137} INFO - [2023-02-28T15:58:47.429+0000] {dag.py:2690} INFO - Sync 1 DAGs
[2023-02-28T15:58:47.449+0000] {logging_mixin.py:137} INFO - [2023-02-28T15:58:47.449+0000] {dag.py:3441} INFO - Setting next_dagrun for example_nested_branch_dag to 2023-02-27T00:00:00+00:00, run_after=2023-02-28T00:00:00+00:00
[2023-02-28T15:58:47.464+0000] {processor.py:175} INFO - Processing /home/airflow/.local/lib/python3.7/site-packages/airflow/example_dags/example_nested_branch_dag.py took 0.084 seconds
