[2023-02-28T15:47:00.312+0000] {processor.py:153} INFO - Started process (PID=72) to work on /home/airflow/.local/lib/python3.7/site-packages/airflow/example_dags/example_subdag_operator.py
[2023-02-28T15:47:00.314+0000] {processor.py:743} INFO - Processing file /home/airflow/.local/lib/python3.7/site-packages/airflow/example_dags/example_subdag_operator.py for tasks to queue
[2023-02-28T15:47:00.316+0000] {logging_mixin.py:137} INFO - [2023-02-28T15:47:00.316+0000] {dagbag.py:538} INFO - Filling up the DagBag from /home/airflow/.local/lib/python3.7/site-packages/airflow/example_dags/example_subdag_operator.py
[2023-02-28T15:47:00.408+0000] {processor.py:753} INFO - DAG(s) dict_keys(['example_subdag_operator.section-1', 'example_subdag_operator.section-2', 'example_subdag_operator']) retrieved from /home/airflow/.local/lib/python3.7/site-packages/airflow/example_dags/example_subdag_operator.py
[2023-02-28T15:47:00.427+0000] {logging_mixin.py:137} INFO - [2023-02-28T15:47:00.427+0000] {dag.py:2690} INFO - Sync 3 DAGs
[2023-02-28T15:47:00.475+0000] {logging_mixin.py:137} INFO - [2023-02-28T15:47:00.475+0000] {dag.py:3441} INFO - Setting next_dagrun for example_subdag_operator to 2022-01-01T00:00:00+00:00, run_after=2022-01-01T00:00:00+00:00
[2023-02-28T15:47:00.479+0000] {logging_mixin.py:137} INFO - [2023-02-28T15:47:00.479+0000] {dag.py:3441} INFO - Setting next_dagrun for example_subdag_operator.section-1 to None, run_after=None
[2023-02-28T15:47:00.484+0000] {logging_mixin.py:137} INFO - [2023-02-28T15:47:00.484+0000] {dag.py:3441} INFO - Setting next_dagrun for example_subdag_operator.section-2 to None, run_after=None
[2023-02-28T15:47:00.507+0000] {logging_mixin.py:137} INFO - [2023-02-28T15:47:00.507+0000] {dag.py:2690} INFO - Sync 2 DAGs
[2023-02-28T15:47:00.516+0000] {logging_mixin.py:137} INFO - [2023-02-28T15:47:00.515+0000] {dag.py:3441} INFO - Setting next_dagrun for example_subdag_operator.section-1 to None, run_after=None
[2023-02-28T15:47:00.517+0000] {logging_mixin.py:137} INFO - [2023-02-28T15:47:00.517+0000] {dag.py:3441} INFO - Setting next_dagrun for example_subdag_operator.section-2 to None, run_after=None
[2023-02-28T15:47:00.534+0000] {processor.py:175} INFO - Processing /home/airflow/.local/lib/python3.7/site-packages/airflow/example_dags/example_subdag_operator.py took 0.225 seconds
[2023-02-28T15:47:31.295+0000] {processor.py:153} INFO - Started process (PID=137) to work on /home/airflow/.local/lib/python3.7/site-packages/airflow/example_dags/example_subdag_operator.py
[2023-02-28T15:47:31.297+0000] {processor.py:743} INFO - Processing file /home/airflow/.local/lib/python3.7/site-packages/airflow/example_dags/example_subdag_operator.py for tasks to queue
[2023-02-28T15:47:31.298+0000] {logging_mixin.py:137} INFO - [2023-02-28T15:47:31.298+0000] {dagbag.py:538} INFO - Filling up the DagBag from /home/airflow/.local/lib/python3.7/site-packages/airflow/example_dags/example_subdag_operator.py
[2023-02-28T15:47:31.326+0000] {processor.py:753} INFO - DAG(s) dict_keys(['example_subdag_operator.section-1', 'example_subdag_operator.section-2', 'example_subdag_operator']) retrieved from /home/airflow/.local/lib/python3.7/site-packages/airflow/example_dags/example_subdag_operator.py
[2023-02-28T15:47:31.339+0000] {logging_mixin.py:137} INFO - [2023-02-28T15:47:31.339+0000] {dag.py:2690} INFO - Sync 3 DAGs
[2023-02-28T15:47:31.355+0000] {logging_mixin.py:137} INFO - [2023-02-28T15:47:31.355+0000] {dag.py:3441} INFO - Setting next_dagrun for example_subdag_operator to 2022-01-01T00:00:00+00:00, run_after=2022-01-01T00:00:00+00:00
[2023-02-28T15:47:31.359+0000] {logging_mixin.py:137} INFO - [2023-02-28T15:47:31.359+0000] {dag.py:3441} INFO - Setting next_dagrun for example_subdag_operator.section-1 to None, run_after=None
[2023-02-28T15:47:31.361+0000] {logging_mixin.py:137} INFO - [2023-02-28T15:47:31.361+0000] {dag.py:3441} INFO - Setting next_dagrun for example_subdag_operator.section-2 to None, run_after=None
[2023-02-28T15:47:31.366+0000] {logging_mixin.py:137} INFO - [2023-02-28T15:47:31.366+0000] {dag.py:2690} INFO - Sync 2 DAGs
[2023-02-28T15:47:31.370+0000] {logging_mixin.py:137} INFO - [2023-02-28T15:47:31.370+0000] {dag.py:3441} INFO - Setting next_dagrun for example_subdag_operator.section-1 to None, run_after=None
[2023-02-28T15:47:31.371+0000] {logging_mixin.py:137} INFO - [2023-02-28T15:47:31.371+0000] {dag.py:3441} INFO - Setting next_dagrun for example_subdag_operator.section-2 to None, run_after=None
[2023-02-28T15:47:31.378+0000] {processor.py:175} INFO - Processing /home/airflow/.local/lib/python3.7/site-packages/airflow/example_dags/example_subdag_operator.py took 0.087 seconds
[2023-02-28T15:48:01.583+0000] {processor.py:153} INFO - Started process (PID=212) to work on /home/airflow/.local/lib/python3.7/site-packages/airflow/example_dags/example_subdag_operator.py
[2023-02-28T15:48:01.585+0000] {processor.py:743} INFO - Processing file /home/airflow/.local/lib/python3.7/site-packages/airflow/example_dags/example_subdag_operator.py for tasks to queue
[2023-02-28T15:48:01.586+0000] {logging_mixin.py:137} INFO - [2023-02-28T15:48:01.586+0000] {dagbag.py:538} INFO - Filling up the DagBag from /home/airflow/.local/lib/python3.7/site-packages/airflow/example_dags/example_subdag_operator.py
[2023-02-28T15:48:01.619+0000] {processor.py:753} INFO - DAG(s) dict_keys(['example_subdag_operator.section-1', 'example_subdag_operator.section-2', 'example_subdag_operator']) retrieved from /home/airflow/.local/lib/python3.7/site-packages/airflow/example_dags/example_subdag_operator.py
[2023-02-28T15:48:01.632+0000] {logging_mixin.py:137} INFO - [2023-02-28T15:48:01.632+0000] {dag.py:2690} INFO - Sync 3 DAGs
[2023-02-28T15:48:01.649+0000] {logging_mixin.py:137} INFO - [2023-02-28T15:48:01.649+0000] {dag.py:3441} INFO - Setting next_dagrun for example_subdag_operator to 2022-01-01T00:00:00+00:00, run_after=2022-01-01T00:00:00+00:00
[2023-02-28T15:48:01.653+0000] {logging_mixin.py:137} INFO - [2023-02-28T15:48:01.653+0000] {dag.py:3441} INFO - Setting next_dagrun for example_subdag_operator.section-1 to None, run_after=None
[2023-02-28T15:48:01.654+0000] {logging_mixin.py:137} INFO - [2023-02-28T15:48:01.654+0000] {dag.py:3441} INFO - Setting next_dagrun for example_subdag_operator.section-2 to None, run_after=None
[2023-02-28T15:48:01.660+0000] {logging_mixin.py:137} INFO - [2023-02-28T15:48:01.660+0000] {dag.py:2690} INFO - Sync 2 DAGs
[2023-02-28T15:48:01.664+0000] {logging_mixin.py:137} INFO - [2023-02-28T15:48:01.664+0000] {dag.py:3441} INFO - Setting next_dagrun for example_subdag_operator.section-1 to None, run_after=None
[2023-02-28T15:48:01.665+0000] {logging_mixin.py:137} INFO - [2023-02-28T15:48:01.664+0000] {dag.py:3441} INFO - Setting next_dagrun for example_subdag_operator.section-2 to None, run_after=None
[2023-02-28T15:48:01.672+0000] {processor.py:175} INFO - Processing /home/airflow/.local/lib/python3.7/site-packages/airflow/example_dags/example_subdag_operator.py took 0.092 seconds
[2023-02-28T15:48:32.193+0000] {processor.py:153} INFO - Started process (PID=275) to work on /home/airflow/.local/lib/python3.7/site-packages/airflow/example_dags/example_subdag_operator.py
[2023-02-28T15:48:32.195+0000] {processor.py:743} INFO - Processing file /home/airflow/.local/lib/python3.7/site-packages/airflow/example_dags/example_subdag_operator.py for tasks to queue
[2023-02-28T15:48:32.197+0000] {logging_mixin.py:137} INFO - [2023-02-28T15:48:32.197+0000] {dagbag.py:538} INFO - Filling up the DagBag from /home/airflow/.local/lib/python3.7/site-packages/airflow/example_dags/example_subdag_operator.py
[2023-02-28T15:48:32.223+0000] {processor.py:753} INFO - DAG(s) dict_keys(['example_subdag_operator.section-1', 'example_subdag_operator.section-2', 'example_subdag_operator']) retrieved from /home/airflow/.local/lib/python3.7/site-packages/airflow/example_dags/example_subdag_operator.py
[2023-02-28T15:48:32.237+0000] {logging_mixin.py:137} INFO - [2023-02-28T15:48:32.237+0000] {dag.py:2690} INFO - Sync 3 DAGs
[2023-02-28T15:48:32.254+0000] {logging_mixin.py:137} INFO - [2023-02-28T15:48:32.254+0000] {dag.py:3441} INFO - Setting next_dagrun for example_subdag_operator to 2022-01-01T00:00:00+00:00, run_after=2022-01-01T00:00:00+00:00
[2023-02-28T15:48:32.258+0000] {logging_mixin.py:137} INFO - [2023-02-28T15:48:32.258+0000] {dag.py:3441} INFO - Setting next_dagrun for example_subdag_operator.section-1 to None, run_after=None
[2023-02-28T15:48:32.261+0000] {logging_mixin.py:137} INFO - [2023-02-28T15:48:32.261+0000] {dag.py:3441} INFO - Setting next_dagrun for example_subdag_operator.section-2 to None, run_after=None
[2023-02-28T15:48:32.268+0000] {logging_mixin.py:137} INFO - [2023-02-28T15:48:32.268+0000] {dag.py:2690} INFO - Sync 2 DAGs
[2023-02-28T15:48:32.273+0000] {logging_mixin.py:137} INFO - [2023-02-28T15:48:32.273+0000] {dag.py:3441} INFO - Setting next_dagrun for example_subdag_operator.section-1 to None, run_after=None
[2023-02-28T15:48:32.274+0000] {logging_mixin.py:137} INFO - [2023-02-28T15:48:32.274+0000] {dag.py:3441} INFO - Setting next_dagrun for example_subdag_operator.section-2 to None, run_after=None
[2023-02-28T15:48:32.284+0000] {processor.py:175} INFO - Processing /home/airflow/.local/lib/python3.7/site-packages/airflow/example_dags/example_subdag_operator.py took 0.093 seconds
[2023-02-28T15:49:03.248+0000] {processor.py:153} INFO - Started process (PID=350) to work on /home/airflow/.local/lib/python3.7/site-packages/airflow/example_dags/example_subdag_operator.py
[2023-02-28T15:49:03.249+0000] {processor.py:743} INFO - Processing file /home/airflow/.local/lib/python3.7/site-packages/airflow/example_dags/example_subdag_operator.py for tasks to queue
[2023-02-28T15:49:03.251+0000] {logging_mixin.py:137} INFO - [2023-02-28T15:49:03.251+0000] {dagbag.py:538} INFO - Filling up the DagBag from /home/airflow/.local/lib/python3.7/site-packages/airflow/example_dags/example_subdag_operator.py
[2023-02-28T15:49:03.279+0000] {processor.py:753} INFO - DAG(s) dict_keys(['example_subdag_operator.section-1', 'example_subdag_operator.section-2', 'example_subdag_operator']) retrieved from /home/airflow/.local/lib/python3.7/site-packages/airflow/example_dags/example_subdag_operator.py
[2023-02-28T15:49:03.292+0000] {logging_mixin.py:137} INFO - [2023-02-28T15:49:03.292+0000] {dag.py:2690} INFO - Sync 3 DAGs
[2023-02-28T15:49:03.308+0000] {logging_mixin.py:137} INFO - [2023-02-28T15:49:03.308+0000] {dag.py:3441} INFO - Setting next_dagrun for example_subdag_operator to 2022-01-01T00:00:00+00:00, run_after=2022-01-01T00:00:00+00:00
[2023-02-28T15:49:03.311+0000] {logging_mixin.py:137} INFO - [2023-02-28T15:49:03.311+0000] {dag.py:3441} INFO - Setting next_dagrun for example_subdag_operator.section-1 to None, run_after=None
[2023-02-28T15:49:03.313+0000] {logging_mixin.py:137} INFO - [2023-02-28T15:49:03.313+0000] {dag.py:3441} INFO - Setting next_dagrun for example_subdag_operator.section-2 to None, run_after=None
[2023-02-28T15:49:03.319+0000] {logging_mixin.py:137} INFO - [2023-02-28T15:49:03.319+0000] {dag.py:2690} INFO - Sync 2 DAGs
[2023-02-28T15:49:03.323+0000] {logging_mixin.py:137} INFO - [2023-02-28T15:49:03.323+0000] {dag.py:3441} INFO - Setting next_dagrun for example_subdag_operator.section-1 to None, run_after=None
[2023-02-28T15:49:03.324+0000] {logging_mixin.py:137} INFO - [2023-02-28T15:49:03.324+0000] {dag.py:3441} INFO - Setting next_dagrun for example_subdag_operator.section-2 to None, run_after=None
[2023-02-28T15:49:03.333+0000] {processor.py:175} INFO - Processing /home/airflow/.local/lib/python3.7/site-packages/airflow/example_dags/example_subdag_operator.py took 0.088 seconds
[2023-02-28T15:49:34.136+0000] {processor.py:153} INFO - Started process (PID=425) to work on /home/airflow/.local/lib/python3.7/site-packages/airflow/example_dags/example_subdag_operator.py
[2023-02-28T15:49:34.138+0000] {processor.py:743} INFO - Processing file /home/airflow/.local/lib/python3.7/site-packages/airflow/example_dags/example_subdag_operator.py for tasks to queue
[2023-02-28T15:49:34.139+0000] {logging_mixin.py:137} INFO - [2023-02-28T15:49:34.139+0000] {dagbag.py:538} INFO - Filling up the DagBag from /home/airflow/.local/lib/python3.7/site-packages/airflow/example_dags/example_subdag_operator.py
[2023-02-28T15:49:34.167+0000] {processor.py:753} INFO - DAG(s) dict_keys(['example_subdag_operator.section-1', 'example_subdag_operator.section-2', 'example_subdag_operator']) retrieved from /home/airflow/.local/lib/python3.7/site-packages/airflow/example_dags/example_subdag_operator.py
[2023-02-28T15:49:34.179+0000] {logging_mixin.py:137} INFO - [2023-02-28T15:49:34.179+0000] {dag.py:2690} INFO - Sync 3 DAGs
[2023-02-28T15:49:34.196+0000] {logging_mixin.py:137} INFO - [2023-02-28T15:49:34.196+0000] {dag.py:3441} INFO - Setting next_dagrun for example_subdag_operator to 2022-01-01T00:00:00+00:00, run_after=2022-01-01T00:00:00+00:00
[2023-02-28T15:49:34.199+0000] {logging_mixin.py:137} INFO - [2023-02-28T15:49:34.199+0000] {dag.py:3441} INFO - Setting next_dagrun for example_subdag_operator.section-1 to None, run_after=None
[2023-02-28T15:49:34.200+0000] {logging_mixin.py:137} INFO - [2023-02-28T15:49:34.200+0000] {dag.py:3441} INFO - Setting next_dagrun for example_subdag_operator.section-2 to None, run_after=None
[2023-02-28T15:49:34.205+0000] {logging_mixin.py:137} INFO - [2023-02-28T15:49:34.205+0000] {dag.py:2690} INFO - Sync 2 DAGs
[2023-02-28T15:49:34.209+0000] {logging_mixin.py:137} INFO - [2023-02-28T15:49:34.209+0000] {dag.py:3441} INFO - Setting next_dagrun for example_subdag_operator.section-1 to None, run_after=None
[2023-02-28T15:49:34.210+0000] {logging_mixin.py:137} INFO - [2023-02-28T15:49:34.210+0000] {dag.py:3441} INFO - Setting next_dagrun for example_subdag_operator.section-2 to None, run_after=None
[2023-02-28T15:49:34.217+0000] {processor.py:175} INFO - Processing /home/airflow/.local/lib/python3.7/site-packages/airflow/example_dags/example_subdag_operator.py took 0.084 seconds
[2023-02-28T15:50:04.898+0000] {processor.py:153} INFO - Started process (PID=498) to work on /home/airflow/.local/lib/python3.7/site-packages/airflow/example_dags/example_subdag_operator.py
[2023-02-28T15:50:04.900+0000] {processor.py:743} INFO - Processing file /home/airflow/.local/lib/python3.7/site-packages/airflow/example_dags/example_subdag_operator.py for tasks to queue
[2023-02-28T15:50:04.902+0000] {logging_mixin.py:137} INFO - [2023-02-28T15:50:04.902+0000] {dagbag.py:538} INFO - Filling up the DagBag from /home/airflow/.local/lib/python3.7/site-packages/airflow/example_dags/example_subdag_operator.py
[2023-02-28T15:50:04.942+0000] {processor.py:753} INFO - DAG(s) dict_keys(['example_subdag_operator.section-1', 'example_subdag_operator.section-2', 'example_subdag_operator']) retrieved from /home/airflow/.local/lib/python3.7/site-packages/airflow/example_dags/example_subdag_operator.py
[2023-02-28T15:50:04.967+0000] {logging_mixin.py:137} INFO - [2023-02-28T15:50:04.967+0000] {dag.py:2690} INFO - Sync 3 DAGs
[2023-02-28T15:50:04.993+0000] {logging_mixin.py:137} INFO - [2023-02-28T15:50:04.993+0000] {dag.py:3441} INFO - Setting next_dagrun for example_subdag_operator to 2022-01-01T00:00:00+00:00, run_after=2022-01-01T00:00:00+00:00
[2023-02-28T15:50:04.997+0000] {logging_mixin.py:137} INFO - [2023-02-28T15:50:04.997+0000] {dag.py:3441} INFO - Setting next_dagrun for example_subdag_operator.section-1 to None, run_after=None
[2023-02-28T15:50:05.000+0000] {logging_mixin.py:137} INFO - [2023-02-28T15:50:04.999+0000] {dag.py:3441} INFO - Setting next_dagrun for example_subdag_operator.section-2 to None, run_after=None
[2023-02-28T15:50:05.010+0000] {logging_mixin.py:137} INFO - [2023-02-28T15:50:05.010+0000] {dag.py:2690} INFO - Sync 2 DAGs
[2023-02-28T15:50:05.015+0000] {logging_mixin.py:137} INFO - [2023-02-28T15:50:05.015+0000] {dag.py:3441} INFO - Setting next_dagrun for example_subdag_operator.section-1 to None, run_after=None
[2023-02-28T15:50:05.017+0000] {logging_mixin.py:137} INFO - [2023-02-28T15:50:05.017+0000] {dag.py:3441} INFO - Setting next_dagrun for example_subdag_operator.section-2 to None, run_after=None
[2023-02-28T15:50:05.030+0000] {processor.py:175} INFO - Processing /home/airflow/.local/lib/python3.7/site-packages/airflow/example_dags/example_subdag_operator.py took 0.135 seconds
[2023-02-28T15:50:35.930+0000] {processor.py:153} INFO - Started process (PID=564) to work on /home/airflow/.local/lib/python3.7/site-packages/airflow/example_dags/example_subdag_operator.py
[2023-02-28T15:50:35.932+0000] {processor.py:743} INFO - Processing file /home/airflow/.local/lib/python3.7/site-packages/airflow/example_dags/example_subdag_operator.py for tasks to queue
[2023-02-28T15:50:35.933+0000] {logging_mixin.py:137} INFO - [2023-02-28T15:50:35.933+0000] {dagbag.py:538} INFO - Filling up the DagBag from /home/airflow/.local/lib/python3.7/site-packages/airflow/example_dags/example_subdag_operator.py
[2023-02-28T15:50:35.968+0000] {processor.py:753} INFO - DAG(s) dict_keys(['example_subdag_operator.section-1', 'example_subdag_operator.section-2', 'example_subdag_operator']) retrieved from /home/airflow/.local/lib/python3.7/site-packages/airflow/example_dags/example_subdag_operator.py
[2023-02-28T15:50:35.982+0000] {logging_mixin.py:137} INFO - [2023-02-28T15:50:35.982+0000] {dag.py:2690} INFO - Sync 3 DAGs
[2023-02-28T15:50:36.000+0000] {logging_mixin.py:137} INFO - [2023-02-28T15:50:36.000+0000] {dag.py:3441} INFO - Setting next_dagrun for example_subdag_operator to 2022-01-01T00:00:00+00:00, run_after=2022-01-01T00:00:00+00:00
[2023-02-28T15:50:36.005+0000] {logging_mixin.py:137} INFO - [2023-02-28T15:50:36.005+0000] {dag.py:3441} INFO - Setting next_dagrun for example_subdag_operator.section-1 to None, run_after=None
[2023-02-28T15:50:36.007+0000] {logging_mixin.py:137} INFO - [2023-02-28T15:50:36.007+0000] {dag.py:3441} INFO - Setting next_dagrun for example_subdag_operator.section-2 to None, run_after=None
[2023-02-28T15:50:36.013+0000] {logging_mixin.py:137} INFO - [2023-02-28T15:50:36.013+0000] {dag.py:2690} INFO - Sync 2 DAGs
[2023-02-28T15:50:36.018+0000] {logging_mixin.py:137} INFO - [2023-02-28T15:50:36.018+0000] {dag.py:3441} INFO - Setting next_dagrun for example_subdag_operator.section-1 to None, run_after=None
[2023-02-28T15:50:36.020+0000] {logging_mixin.py:137} INFO - [2023-02-28T15:50:36.019+0000] {dag.py:3441} INFO - Setting next_dagrun for example_subdag_operator.section-2 to None, run_after=None
[2023-02-28T15:50:36.030+0000] {processor.py:175} INFO - Processing /home/airflow/.local/lib/python3.7/site-packages/airflow/example_dags/example_subdag_operator.py took 0.104 seconds
[2023-02-28T15:51:06.928+0000] {processor.py:153} INFO - Started process (PID=639) to work on /home/airflow/.local/lib/python3.7/site-packages/airflow/example_dags/example_subdag_operator.py
[2023-02-28T15:51:06.931+0000] {processor.py:743} INFO - Processing file /home/airflow/.local/lib/python3.7/site-packages/airflow/example_dags/example_subdag_operator.py for tasks to queue
[2023-02-28T15:51:06.933+0000] {logging_mixin.py:137} INFO - [2023-02-28T15:51:06.932+0000] {dagbag.py:538} INFO - Filling up the DagBag from /home/airflow/.local/lib/python3.7/site-packages/airflow/example_dags/example_subdag_operator.py
[2023-02-28T15:51:06.965+0000] {processor.py:753} INFO - DAG(s) dict_keys(['example_subdag_operator.section-1', 'example_subdag_operator.section-2', 'example_subdag_operator']) retrieved from /home/airflow/.local/lib/python3.7/site-packages/airflow/example_dags/example_subdag_operator.py
[2023-02-28T15:51:06.978+0000] {logging_mixin.py:137} INFO - [2023-02-28T15:51:06.978+0000] {dag.py:2690} INFO - Sync 3 DAGs
[2023-02-28T15:51:06.995+0000] {logging_mixin.py:137} INFO - [2023-02-28T15:51:06.995+0000] {dag.py:3441} INFO - Setting next_dagrun for example_subdag_operator to 2022-01-01T00:00:00+00:00, run_after=2022-01-01T00:00:00+00:00
[2023-02-28T15:51:06.999+0000] {logging_mixin.py:137} INFO - [2023-02-28T15:51:06.999+0000] {dag.py:3441} INFO - Setting next_dagrun for example_subdag_operator.section-1 to None, run_after=None
[2023-02-28T15:51:07.001+0000] {logging_mixin.py:137} INFO - [2023-02-28T15:51:07.001+0000] {dag.py:3441} INFO - Setting next_dagrun for example_subdag_operator.section-2 to None, run_after=None
[2023-02-28T15:51:07.007+0000] {logging_mixin.py:137} INFO - [2023-02-28T15:51:07.007+0000] {dag.py:2690} INFO - Sync 2 DAGs
[2023-02-28T15:51:07.012+0000] {logging_mixin.py:137} INFO - [2023-02-28T15:51:07.012+0000] {dag.py:3441} INFO - Setting next_dagrun for example_subdag_operator.section-1 to None, run_after=None
[2023-02-28T15:51:07.013+0000] {logging_mixin.py:137} INFO - [2023-02-28T15:51:07.013+0000] {dag.py:3441} INFO - Setting next_dagrun for example_subdag_operator.section-2 to None, run_after=None
[2023-02-28T15:51:07.023+0000] {processor.py:175} INFO - Processing /home/airflow/.local/lib/python3.7/site-packages/airflow/example_dags/example_subdag_operator.py took 0.101 seconds
[2023-02-28T15:51:37.779+0000] {processor.py:153} INFO - Started process (PID=714) to work on /home/airflow/.local/lib/python3.7/site-packages/airflow/example_dags/example_subdag_operator.py
[2023-02-28T15:51:37.781+0000] {processor.py:743} INFO - Processing file /home/airflow/.local/lib/python3.7/site-packages/airflow/example_dags/example_subdag_operator.py for tasks to queue
[2023-02-28T15:51:37.782+0000] {logging_mixin.py:137} INFO - [2023-02-28T15:51:37.782+0000] {dagbag.py:538} INFO - Filling up the DagBag from /home/airflow/.local/lib/python3.7/site-packages/airflow/example_dags/example_subdag_operator.py
[2023-02-28T15:51:37.814+0000] {processor.py:753} INFO - DAG(s) dict_keys(['example_subdag_operator.section-1', 'example_subdag_operator.section-2', 'example_subdag_operator']) retrieved from /home/airflow/.local/lib/python3.7/site-packages/airflow/example_dags/example_subdag_operator.py
[2023-02-28T15:51:37.830+0000] {logging_mixin.py:137} INFO - [2023-02-28T15:51:37.830+0000] {dag.py:2690} INFO - Sync 3 DAGs
[2023-02-28T15:51:37.849+0000] {logging_mixin.py:137} INFO - [2023-02-28T15:51:37.849+0000] {dag.py:3441} INFO - Setting next_dagrun for example_subdag_operator to 2022-01-01T00:00:00+00:00, run_after=2022-01-01T00:00:00+00:00
[2023-02-28T15:51:37.852+0000] {logging_mixin.py:137} INFO - [2023-02-28T15:51:37.852+0000] {dag.py:3441} INFO - Setting next_dagrun for example_subdag_operator.section-1 to None, run_after=None
[2023-02-28T15:51:37.854+0000] {logging_mixin.py:137} INFO - [2023-02-28T15:51:37.854+0000] {dag.py:3441} INFO - Setting next_dagrun for example_subdag_operator.section-2 to None, run_after=None
[2023-02-28T15:51:37.860+0000] {logging_mixin.py:137} INFO - [2023-02-28T15:51:37.860+0000] {dag.py:2690} INFO - Sync 2 DAGs
[2023-02-28T15:51:37.864+0000] {logging_mixin.py:137} INFO - [2023-02-28T15:51:37.864+0000] {dag.py:3441} INFO - Setting next_dagrun for example_subdag_operator.section-1 to None, run_after=None
[2023-02-28T15:51:37.865+0000] {logging_mixin.py:137} INFO - [2023-02-28T15:51:37.865+0000] {dag.py:3441} INFO - Setting next_dagrun for example_subdag_operator.section-2 to None, run_after=None
[2023-02-28T15:51:37.875+0000] {processor.py:175} INFO - Processing /home/airflow/.local/lib/python3.7/site-packages/airflow/example_dags/example_subdag_operator.py took 0.100 seconds
[2023-02-28T15:52:08.786+0000] {processor.py:153} INFO - Started process (PID=777) to work on /home/airflow/.local/lib/python3.7/site-packages/airflow/example_dags/example_subdag_operator.py
[2023-02-28T15:52:08.789+0000] {processor.py:743} INFO - Processing file /home/airflow/.local/lib/python3.7/site-packages/airflow/example_dags/example_subdag_operator.py for tasks to queue
[2023-02-28T15:52:08.791+0000] {logging_mixin.py:137} INFO - [2023-02-28T15:52:08.791+0000] {dagbag.py:538} INFO - Filling up the DagBag from /home/airflow/.local/lib/python3.7/site-packages/airflow/example_dags/example_subdag_operator.py
[2023-02-28T15:52:08.826+0000] {processor.py:753} INFO - DAG(s) dict_keys(['example_subdag_operator.section-1', 'example_subdag_operator.section-2', 'example_subdag_operator']) retrieved from /home/airflow/.local/lib/python3.7/site-packages/airflow/example_dags/example_subdag_operator.py
[2023-02-28T15:52:08.841+0000] {logging_mixin.py:137} INFO - [2023-02-28T15:52:08.841+0000] {dag.py:2690} INFO - Sync 3 DAGs
[2023-02-28T15:52:08.858+0000] {logging_mixin.py:137} INFO - [2023-02-28T15:52:08.858+0000] {dag.py:3441} INFO - Setting next_dagrun for example_subdag_operator to 2022-01-01T00:00:00+00:00, run_after=2022-01-01T00:00:00+00:00
[2023-02-28T15:52:08.861+0000] {logging_mixin.py:137} INFO - [2023-02-28T15:52:08.861+0000] {dag.py:3441} INFO - Setting next_dagrun for example_subdag_operator.section-1 to None, run_after=None
[2023-02-28T15:52:08.863+0000] {logging_mixin.py:137} INFO - [2023-02-28T15:52:08.863+0000] {dag.py:3441} INFO - Setting next_dagrun for example_subdag_operator.section-2 to None, run_after=None
[2023-02-28T15:52:08.869+0000] {logging_mixin.py:137} INFO - [2023-02-28T15:52:08.869+0000] {dag.py:2690} INFO - Sync 2 DAGs
[2023-02-28T15:52:08.873+0000] {logging_mixin.py:137} INFO - [2023-02-28T15:52:08.873+0000] {dag.py:3441} INFO - Setting next_dagrun for example_subdag_operator.section-1 to None, run_after=None
[2023-02-28T15:52:08.874+0000] {logging_mixin.py:137} INFO - [2023-02-28T15:52:08.874+0000] {dag.py:3441} INFO - Setting next_dagrun for example_subdag_operator.section-2 to None, run_after=None
[2023-02-28T15:52:08.884+0000] {processor.py:175} INFO - Processing /home/airflow/.local/lib/python3.7/site-packages/airflow/example_dags/example_subdag_operator.py took 0.105 seconds
[2023-02-28T15:52:39.447+0000] {processor.py:153} INFO - Started process (PID=852) to work on /home/airflow/.local/lib/python3.7/site-packages/airflow/example_dags/example_subdag_operator.py
[2023-02-28T15:52:39.449+0000] {processor.py:743} INFO - Processing file /home/airflow/.local/lib/python3.7/site-packages/airflow/example_dags/example_subdag_operator.py for tasks to queue
[2023-02-28T15:52:39.451+0000] {logging_mixin.py:137} INFO - [2023-02-28T15:52:39.451+0000] {dagbag.py:538} INFO - Filling up the DagBag from /home/airflow/.local/lib/python3.7/site-packages/airflow/example_dags/example_subdag_operator.py
[2023-02-28T15:52:39.483+0000] {processor.py:753} INFO - DAG(s) dict_keys(['example_subdag_operator.section-1', 'example_subdag_operator.section-2', 'example_subdag_operator']) retrieved from /home/airflow/.local/lib/python3.7/site-packages/airflow/example_dags/example_subdag_operator.py
[2023-02-28T15:52:39.498+0000] {logging_mixin.py:137} INFO - [2023-02-28T15:52:39.498+0000] {dag.py:2690} INFO - Sync 3 DAGs
[2023-02-28T15:52:39.517+0000] {logging_mixin.py:137} INFO - [2023-02-28T15:52:39.517+0000] {dag.py:3441} INFO - Setting next_dagrun for example_subdag_operator to 2022-01-01T00:00:00+00:00, run_after=2022-01-01T00:00:00+00:00
[2023-02-28T15:52:39.520+0000] {logging_mixin.py:137} INFO - [2023-02-28T15:52:39.520+0000] {dag.py:3441} INFO - Setting next_dagrun for example_subdag_operator.section-1 to None, run_after=None
[2023-02-28T15:52:39.522+0000] {logging_mixin.py:137} INFO - [2023-02-28T15:52:39.522+0000] {dag.py:3441} INFO - Setting next_dagrun for example_subdag_operator.section-2 to None, run_after=None
[2023-02-28T15:52:39.527+0000] {logging_mixin.py:137} INFO - [2023-02-28T15:52:39.527+0000] {dag.py:2690} INFO - Sync 2 DAGs
[2023-02-28T15:52:39.532+0000] {logging_mixin.py:137} INFO - [2023-02-28T15:52:39.532+0000] {dag.py:3441} INFO - Setting next_dagrun for example_subdag_operator.section-1 to None, run_after=None
[2023-02-28T15:52:39.535+0000] {logging_mixin.py:137} INFO - [2023-02-28T15:52:39.534+0000] {dag.py:3441} INFO - Setting next_dagrun for example_subdag_operator.section-2 to None, run_after=None
[2023-02-28T15:52:39.544+0000] {processor.py:175} INFO - Processing /home/airflow/.local/lib/python3.7/site-packages/airflow/example_dags/example_subdag_operator.py took 0.104 seconds
[2023-02-28T15:53:09.577+0000] {processor.py:153} INFO - Started process (PID=927) to work on /home/airflow/.local/lib/python3.7/site-packages/airflow/example_dags/example_subdag_operator.py
[2023-02-28T15:53:09.579+0000] {processor.py:743} INFO - Processing file /home/airflow/.local/lib/python3.7/site-packages/airflow/example_dags/example_subdag_operator.py for tasks to queue
[2023-02-28T15:53:09.580+0000] {logging_mixin.py:137} INFO - [2023-02-28T15:53:09.580+0000] {dagbag.py:538} INFO - Filling up the DagBag from /home/airflow/.local/lib/python3.7/site-packages/airflow/example_dags/example_subdag_operator.py
[2023-02-28T15:53:09.613+0000] {processor.py:753} INFO - DAG(s) dict_keys(['example_subdag_operator.section-1', 'example_subdag_operator.section-2', 'example_subdag_operator']) retrieved from /home/airflow/.local/lib/python3.7/site-packages/airflow/example_dags/example_subdag_operator.py
[2023-02-28T15:53:09.628+0000] {logging_mixin.py:137} INFO - [2023-02-28T15:53:09.628+0000] {dag.py:2690} INFO - Sync 3 DAGs
[2023-02-28T15:53:09.645+0000] {logging_mixin.py:137} INFO - [2023-02-28T15:53:09.645+0000] {dag.py:3441} INFO - Setting next_dagrun for example_subdag_operator to 2022-01-01T00:00:00+00:00, run_after=2022-01-01T00:00:00+00:00
[2023-02-28T15:53:09.650+0000] {logging_mixin.py:137} INFO - [2023-02-28T15:53:09.650+0000] {dag.py:3441} INFO - Setting next_dagrun for example_subdag_operator.section-1 to None, run_after=None
[2023-02-28T15:53:09.653+0000] {logging_mixin.py:137} INFO - [2023-02-28T15:53:09.653+0000] {dag.py:3441} INFO - Setting next_dagrun for example_subdag_operator.section-2 to None, run_after=None
[2023-02-28T15:53:09.660+0000] {logging_mixin.py:137} INFO - [2023-02-28T15:53:09.660+0000] {dag.py:2690} INFO - Sync 2 DAGs
[2023-02-28T15:53:09.666+0000] {logging_mixin.py:137} INFO - [2023-02-28T15:53:09.666+0000] {dag.py:3441} INFO - Setting next_dagrun for example_subdag_operator.section-1 to None, run_after=None
[2023-02-28T15:53:09.668+0000] {logging_mixin.py:137} INFO - [2023-02-28T15:53:09.668+0000] {dag.py:3441} INFO - Setting next_dagrun for example_subdag_operator.section-2 to None, run_after=None
[2023-02-28T15:53:09.678+0000] {processor.py:175} INFO - Processing /home/airflow/.local/lib/python3.7/site-packages/airflow/example_dags/example_subdag_operator.py took 0.105 seconds
[2023-02-28T15:53:40.308+0000] {processor.py:153} INFO - Started process (PID=990) to work on /home/airflow/.local/lib/python3.7/site-packages/airflow/example_dags/example_subdag_operator.py
[2023-02-28T15:53:40.310+0000] {processor.py:743} INFO - Processing file /home/airflow/.local/lib/python3.7/site-packages/airflow/example_dags/example_subdag_operator.py for tasks to queue
[2023-02-28T15:53:40.311+0000] {logging_mixin.py:137} INFO - [2023-02-28T15:53:40.311+0000] {dagbag.py:538} INFO - Filling up the DagBag from /home/airflow/.local/lib/python3.7/site-packages/airflow/example_dags/example_subdag_operator.py
[2023-02-28T15:53:40.340+0000] {processor.py:753} INFO - DAG(s) dict_keys(['example_subdag_operator.section-1', 'example_subdag_operator.section-2', 'example_subdag_operator']) retrieved from /home/airflow/.local/lib/python3.7/site-packages/airflow/example_dags/example_subdag_operator.py
[2023-02-28T15:53:40.355+0000] {logging_mixin.py:137} INFO - [2023-02-28T15:53:40.354+0000] {dag.py:2690} INFO - Sync 3 DAGs
[2023-02-28T15:53:40.372+0000] {logging_mixin.py:137} INFO - [2023-02-28T15:53:40.372+0000] {dag.py:3441} INFO - Setting next_dagrun for example_subdag_operator to 2022-01-01T00:00:00+00:00, run_after=2022-01-01T00:00:00+00:00
[2023-02-28T15:53:40.377+0000] {logging_mixin.py:137} INFO - [2023-02-28T15:53:40.377+0000] {dag.py:3441} INFO - Setting next_dagrun for example_subdag_operator.section-1 to None, run_after=None
[2023-02-28T15:53:40.379+0000] {logging_mixin.py:137} INFO - [2023-02-28T15:53:40.379+0000] {dag.py:3441} INFO - Setting next_dagrun for example_subdag_operator.section-2 to None, run_after=None
[2023-02-28T15:53:40.385+0000] {logging_mixin.py:137} INFO - [2023-02-28T15:53:40.385+0000] {dag.py:2690} INFO - Sync 2 DAGs
[2023-02-28T15:53:40.390+0000] {logging_mixin.py:137} INFO - [2023-02-28T15:53:40.390+0000] {dag.py:3441} INFO - Setting next_dagrun for example_subdag_operator.section-1 to None, run_after=None
[2023-02-28T15:53:40.391+0000] {logging_mixin.py:137} INFO - [2023-02-28T15:53:40.391+0000] {dag.py:3441} INFO - Setting next_dagrun for example_subdag_operator.section-2 to None, run_after=None
[2023-02-28T15:53:40.401+0000] {processor.py:175} INFO - Processing /home/airflow/.local/lib/python3.7/site-packages/airflow/example_dags/example_subdag_operator.py took 0.096 seconds
[2023-02-28T15:54:11.336+0000] {processor.py:153} INFO - Started process (PID=1064) to work on /home/airflow/.local/lib/python3.7/site-packages/airflow/example_dags/example_subdag_operator.py
[2023-02-28T15:54:11.338+0000] {processor.py:743} INFO - Processing file /home/airflow/.local/lib/python3.7/site-packages/airflow/example_dags/example_subdag_operator.py for tasks to queue
[2023-02-28T15:54:11.339+0000] {logging_mixin.py:137} INFO - [2023-02-28T15:54:11.339+0000] {dagbag.py:538} INFO - Filling up the DagBag from /home/airflow/.local/lib/python3.7/site-packages/airflow/example_dags/example_subdag_operator.py
[2023-02-28T15:54:11.372+0000] {processor.py:753} INFO - DAG(s) dict_keys(['example_subdag_operator.section-1', 'example_subdag_operator.section-2', 'example_subdag_operator']) retrieved from /home/airflow/.local/lib/python3.7/site-packages/airflow/example_dags/example_subdag_operator.py
[2023-02-28T15:54:11.386+0000] {logging_mixin.py:137} INFO - [2023-02-28T15:54:11.386+0000] {dag.py:2690} INFO - Sync 3 DAGs
[2023-02-28T15:54:11.404+0000] {logging_mixin.py:137} INFO - [2023-02-28T15:54:11.404+0000] {dag.py:3441} INFO - Setting next_dagrun for example_subdag_operator to 2022-01-01T00:00:00+00:00, run_after=2022-01-01T00:00:00+00:00
[2023-02-28T15:54:11.407+0000] {logging_mixin.py:137} INFO - [2023-02-28T15:54:11.407+0000] {dag.py:3441} INFO - Setting next_dagrun for example_subdag_operator.section-1 to None, run_after=None
[2023-02-28T15:54:11.409+0000] {logging_mixin.py:137} INFO - [2023-02-28T15:54:11.409+0000] {dag.py:3441} INFO - Setting next_dagrun for example_subdag_operator.section-2 to None, run_after=None
[2023-02-28T15:54:11.416+0000] {logging_mixin.py:137} INFO - [2023-02-28T15:54:11.416+0000] {dag.py:2690} INFO - Sync 2 DAGs
[2023-02-28T15:54:11.420+0000] {logging_mixin.py:137} INFO - [2023-02-28T15:54:11.420+0000] {dag.py:3441} INFO - Setting next_dagrun for example_subdag_operator.section-1 to None, run_after=None
[2023-02-28T15:54:11.421+0000] {logging_mixin.py:137} INFO - [2023-02-28T15:54:11.421+0000] {dag.py:3441} INFO - Setting next_dagrun for example_subdag_operator.section-2 to None, run_after=None
[2023-02-28T15:54:11.432+0000] {processor.py:175} INFO - Processing /home/airflow/.local/lib/python3.7/site-packages/airflow/example_dags/example_subdag_operator.py took 0.099 seconds
[2023-02-28T15:54:42.193+0000] {processor.py:153} INFO - Started process (PID=1138) to work on /home/airflow/.local/lib/python3.7/site-packages/airflow/example_dags/example_subdag_operator.py
[2023-02-28T15:54:42.196+0000] {processor.py:743} INFO - Processing file /home/airflow/.local/lib/python3.7/site-packages/airflow/example_dags/example_subdag_operator.py for tasks to queue
[2023-02-28T15:54:42.197+0000] {logging_mixin.py:137} INFO - [2023-02-28T15:54:42.197+0000] {dagbag.py:538} INFO - Filling up the DagBag from /home/airflow/.local/lib/python3.7/site-packages/airflow/example_dags/example_subdag_operator.py
[2023-02-28T15:54:42.230+0000] {processor.py:753} INFO - DAG(s) dict_keys(['example_subdag_operator.section-1', 'example_subdag_operator.section-2', 'example_subdag_operator']) retrieved from /home/airflow/.local/lib/python3.7/site-packages/airflow/example_dags/example_subdag_operator.py
[2023-02-28T15:54:42.246+0000] {logging_mixin.py:137} INFO - [2023-02-28T15:54:42.246+0000] {dag.py:2690} INFO - Sync 3 DAGs
[2023-02-28T15:54:42.266+0000] {logging_mixin.py:137} INFO - [2023-02-28T15:54:42.266+0000] {dag.py:3441} INFO - Setting next_dagrun for example_subdag_operator to 2022-01-01T00:00:00+00:00, run_after=2022-01-01T00:00:00+00:00
[2023-02-28T15:54:42.271+0000] {logging_mixin.py:137} INFO - [2023-02-28T15:54:42.271+0000] {dag.py:3441} INFO - Setting next_dagrun for example_subdag_operator.section-1 to None, run_after=None
[2023-02-28T15:54:42.273+0000] {logging_mixin.py:137} INFO - [2023-02-28T15:54:42.272+0000] {dag.py:3441} INFO - Setting next_dagrun for example_subdag_operator.section-2 to None, run_after=None
[2023-02-28T15:54:42.280+0000] {logging_mixin.py:137} INFO - [2023-02-28T15:54:42.280+0000] {dag.py:2690} INFO - Sync 2 DAGs
[2023-02-28T15:54:42.285+0000] {logging_mixin.py:137} INFO - [2023-02-28T15:54:42.285+0000] {dag.py:3441} INFO - Setting next_dagrun for example_subdag_operator.section-1 to None, run_after=None
[2023-02-28T15:54:42.287+0000] {logging_mixin.py:137} INFO - [2023-02-28T15:54:42.286+0000] {dag.py:3441} INFO - Setting next_dagrun for example_subdag_operator.section-2 to None, run_after=None
[2023-02-28T15:54:42.295+0000] {processor.py:175} INFO - Processing /home/airflow/.local/lib/python3.7/site-packages/airflow/example_dags/example_subdag_operator.py took 0.105 seconds
[2023-02-28T15:55:12.944+0000] {processor.py:153} INFO - Started process (PID=1202) to work on /home/airflow/.local/lib/python3.7/site-packages/airflow/example_dags/example_subdag_operator.py
[2023-02-28T15:55:12.946+0000] {processor.py:743} INFO - Processing file /home/airflow/.local/lib/python3.7/site-packages/airflow/example_dags/example_subdag_operator.py for tasks to queue
[2023-02-28T15:55:12.947+0000] {logging_mixin.py:137} INFO - [2023-02-28T15:55:12.947+0000] {dagbag.py:538} INFO - Filling up the DagBag from /home/airflow/.local/lib/python3.7/site-packages/airflow/example_dags/example_subdag_operator.py
[2023-02-28T15:55:12.975+0000] {processor.py:753} INFO - DAG(s) dict_keys(['example_subdag_operator.section-1', 'example_subdag_operator.section-2', 'example_subdag_operator']) retrieved from /home/airflow/.local/lib/python3.7/site-packages/airflow/example_dags/example_subdag_operator.py
[2023-02-28T15:55:12.990+0000] {logging_mixin.py:137} INFO - [2023-02-28T15:55:12.989+0000] {dag.py:2690} INFO - Sync 3 DAGs
[2023-02-28T15:55:13.014+0000] {logging_mixin.py:137} INFO - [2023-02-28T15:55:13.014+0000] {dag.py:3441} INFO - Setting next_dagrun for example_subdag_operator to 2022-01-01T00:00:00+00:00, run_after=2022-01-01T00:00:00+00:00
[2023-02-28T15:55:13.018+0000] {logging_mixin.py:137} INFO - [2023-02-28T15:55:13.018+0000] {dag.py:3441} INFO - Setting next_dagrun for example_subdag_operator.section-1 to None, run_after=None
[2023-02-28T15:55:13.020+0000] {logging_mixin.py:137} INFO - [2023-02-28T15:55:13.020+0000] {dag.py:3441} INFO - Setting next_dagrun for example_subdag_operator.section-2 to None, run_after=None
[2023-02-28T15:55:13.027+0000] {logging_mixin.py:137} INFO - [2023-02-28T15:55:13.026+0000] {dag.py:2690} INFO - Sync 2 DAGs
[2023-02-28T15:55:13.031+0000] {logging_mixin.py:137} INFO - [2023-02-28T15:55:13.031+0000] {dag.py:3441} INFO - Setting next_dagrun for example_subdag_operator.section-1 to None, run_after=None
[2023-02-28T15:55:13.032+0000] {logging_mixin.py:137} INFO - [2023-02-28T15:55:13.032+0000] {dag.py:3441} INFO - Setting next_dagrun for example_subdag_operator.section-2 to None, run_after=None
[2023-02-28T15:55:13.042+0000] {processor.py:175} INFO - Processing /home/airflow/.local/lib/python3.7/site-packages/airflow/example_dags/example_subdag_operator.py took 0.100 seconds
[2023-02-28T15:55:43.848+0000] {processor.py:153} INFO - Started process (PID=1277) to work on /home/airflow/.local/lib/python3.7/site-packages/airflow/example_dags/example_subdag_operator.py
[2023-02-28T15:55:43.850+0000] {processor.py:743} INFO - Processing file /home/airflow/.local/lib/python3.7/site-packages/airflow/example_dags/example_subdag_operator.py for tasks to queue
[2023-02-28T15:55:43.852+0000] {logging_mixin.py:137} INFO - [2023-02-28T15:55:43.852+0000] {dagbag.py:538} INFO - Filling up the DagBag from /home/airflow/.local/lib/python3.7/site-packages/airflow/example_dags/example_subdag_operator.py
[2023-02-28T15:55:43.882+0000] {processor.py:753} INFO - DAG(s) dict_keys(['example_subdag_operator.section-1', 'example_subdag_operator.section-2', 'example_subdag_operator']) retrieved from /home/airflow/.local/lib/python3.7/site-packages/airflow/example_dags/example_subdag_operator.py
[2023-02-28T15:55:43.897+0000] {logging_mixin.py:137} INFO - [2023-02-28T15:55:43.897+0000] {dag.py:2690} INFO - Sync 3 DAGs
[2023-02-28T15:55:43.915+0000] {logging_mixin.py:137} INFO - [2023-02-28T15:55:43.915+0000] {dag.py:3441} INFO - Setting next_dagrun for example_subdag_operator to 2022-01-01T00:00:00+00:00, run_after=2022-01-01T00:00:00+00:00
[2023-02-28T15:55:43.918+0000] {logging_mixin.py:137} INFO - [2023-02-28T15:55:43.918+0000] {dag.py:3441} INFO - Setting next_dagrun for example_subdag_operator.section-1 to None, run_after=None
[2023-02-28T15:55:43.920+0000] {logging_mixin.py:137} INFO - [2023-02-28T15:55:43.920+0000] {dag.py:3441} INFO - Setting next_dagrun for example_subdag_operator.section-2 to None, run_after=None
[2023-02-28T15:55:43.927+0000] {logging_mixin.py:137} INFO - [2023-02-28T15:55:43.927+0000] {dag.py:2690} INFO - Sync 2 DAGs
[2023-02-28T15:55:43.932+0000] {logging_mixin.py:137} INFO - [2023-02-28T15:55:43.932+0000] {dag.py:3441} INFO - Setting next_dagrun for example_subdag_operator.section-1 to None, run_after=None
[2023-02-28T15:55:43.933+0000] {logging_mixin.py:137} INFO - [2023-02-28T15:55:43.933+0000] {dag.py:3441} INFO - Setting next_dagrun for example_subdag_operator.section-2 to None, run_after=None
[2023-02-28T15:55:43.942+0000] {processor.py:175} INFO - Processing /home/airflow/.local/lib/python3.7/site-packages/airflow/example_dags/example_subdag_operator.py took 0.098 seconds
[2023-02-28T15:56:15.006+0000] {processor.py:153} INFO - Started process (PID=1352) to work on /home/airflow/.local/lib/python3.7/site-packages/airflow/example_dags/example_subdag_operator.py
[2023-02-28T15:56:15.008+0000] {processor.py:743} INFO - Processing file /home/airflow/.local/lib/python3.7/site-packages/airflow/example_dags/example_subdag_operator.py for tasks to queue
[2023-02-28T15:56:15.009+0000] {logging_mixin.py:137} INFO - [2023-02-28T15:56:15.009+0000] {dagbag.py:538} INFO - Filling up the DagBag from /home/airflow/.local/lib/python3.7/site-packages/airflow/example_dags/example_subdag_operator.py
[2023-02-28T15:56:15.038+0000] {processor.py:753} INFO - DAG(s) dict_keys(['example_subdag_operator.section-1', 'example_subdag_operator.section-2', 'example_subdag_operator']) retrieved from /home/airflow/.local/lib/python3.7/site-packages/airflow/example_dags/example_subdag_operator.py
[2023-02-28T15:56:15.053+0000] {logging_mixin.py:137} INFO - [2023-02-28T15:56:15.053+0000] {dag.py:2690} INFO - Sync 3 DAGs
[2023-02-28T15:56:15.073+0000] {logging_mixin.py:137} INFO - [2023-02-28T15:56:15.073+0000] {dag.py:3441} INFO - Setting next_dagrun for example_subdag_operator to 2022-01-01T00:00:00+00:00, run_after=2022-01-01T00:00:00+00:00
[2023-02-28T15:56:15.078+0000] {logging_mixin.py:137} INFO - [2023-02-28T15:56:15.078+0000] {dag.py:3441} INFO - Setting next_dagrun for example_subdag_operator.section-1 to None, run_after=None
[2023-02-28T15:56:15.080+0000] {logging_mixin.py:137} INFO - [2023-02-28T15:56:15.080+0000] {dag.py:3441} INFO - Setting next_dagrun for example_subdag_operator.section-2 to None, run_after=None
[2023-02-28T15:56:15.088+0000] {logging_mixin.py:137} INFO - [2023-02-28T15:56:15.088+0000] {dag.py:2690} INFO - Sync 2 DAGs
[2023-02-28T15:56:15.099+0000] {logging_mixin.py:137} INFO - [2023-02-28T15:56:15.099+0000] {dag.py:3441} INFO - Setting next_dagrun for example_subdag_operator.section-1 to None, run_after=None
[2023-02-28T15:56:15.101+0000] {logging_mixin.py:137} INFO - [2023-02-28T15:56:15.101+0000] {dag.py:3441} INFO - Setting next_dagrun for example_subdag_operator.section-2 to None, run_after=None
[2023-02-28T15:56:15.114+0000] {processor.py:175} INFO - Processing /home/airflow/.local/lib/python3.7/site-packages/airflow/example_dags/example_subdag_operator.py took 0.112 seconds
[2023-02-28T15:56:45.739+0000] {processor.py:153} INFO - Started process (PID=1414) to work on /home/airflow/.local/lib/python3.7/site-packages/airflow/example_dags/example_subdag_operator.py
[2023-02-28T15:56:45.740+0000] {processor.py:743} INFO - Processing file /home/airflow/.local/lib/python3.7/site-packages/airflow/example_dags/example_subdag_operator.py for tasks to queue
[2023-02-28T15:56:45.742+0000] {logging_mixin.py:137} INFO - [2023-02-28T15:56:45.742+0000] {dagbag.py:538} INFO - Filling up the DagBag from /home/airflow/.local/lib/python3.7/site-packages/airflow/example_dags/example_subdag_operator.py
[2023-02-28T15:56:45.772+0000] {processor.py:753} INFO - DAG(s) dict_keys(['example_subdag_operator.section-1', 'example_subdag_operator.section-2', 'example_subdag_operator']) retrieved from /home/airflow/.local/lib/python3.7/site-packages/airflow/example_dags/example_subdag_operator.py
[2023-02-28T15:56:45.784+0000] {logging_mixin.py:137} INFO - [2023-02-28T15:56:45.784+0000] {dag.py:2690} INFO - Sync 3 DAGs
[2023-02-28T15:56:45.802+0000] {logging_mixin.py:137} INFO - [2023-02-28T15:56:45.801+0000] {dag.py:3441} INFO - Setting next_dagrun for example_subdag_operator to 2022-01-01T00:00:00+00:00, run_after=2022-01-01T00:00:00+00:00
[2023-02-28T15:56:45.805+0000] {logging_mixin.py:137} INFO - [2023-02-28T15:56:45.805+0000] {dag.py:3441} INFO - Setting next_dagrun for example_subdag_operator.section-1 to None, run_after=None
[2023-02-28T15:56:45.806+0000] {logging_mixin.py:137} INFO - [2023-02-28T15:56:45.806+0000] {dag.py:3441} INFO - Setting next_dagrun for example_subdag_operator.section-2 to None, run_after=None
[2023-02-28T15:56:45.813+0000] {logging_mixin.py:137} INFO - [2023-02-28T15:56:45.813+0000] {dag.py:2690} INFO - Sync 2 DAGs
[2023-02-28T15:56:45.818+0000] {logging_mixin.py:137} INFO - [2023-02-28T15:56:45.818+0000] {dag.py:3441} INFO - Setting next_dagrun for example_subdag_operator.section-1 to None, run_after=None
[2023-02-28T15:56:45.820+0000] {logging_mixin.py:137} INFO - [2023-02-28T15:56:45.820+0000] {dag.py:3441} INFO - Setting next_dagrun for example_subdag_operator.section-2 to None, run_after=None
[2023-02-28T15:56:45.830+0000] {processor.py:175} INFO - Processing /home/airflow/.local/lib/python3.7/site-packages/airflow/example_dags/example_subdag_operator.py took 0.094 seconds
[2023-02-28T15:57:16.620+0000] {processor.py:153} INFO - Started process (PID=1489) to work on /home/airflow/.local/lib/python3.7/site-packages/airflow/example_dags/example_subdag_operator.py
[2023-02-28T15:57:16.622+0000] {processor.py:743} INFO - Processing file /home/airflow/.local/lib/python3.7/site-packages/airflow/example_dags/example_subdag_operator.py for tasks to queue
[2023-02-28T15:57:16.623+0000] {logging_mixin.py:137} INFO - [2023-02-28T15:57:16.623+0000] {dagbag.py:538} INFO - Filling up the DagBag from /home/airflow/.local/lib/python3.7/site-packages/airflow/example_dags/example_subdag_operator.py
[2023-02-28T15:57:16.651+0000] {processor.py:753} INFO - DAG(s) dict_keys(['example_subdag_operator.section-1', 'example_subdag_operator.section-2', 'example_subdag_operator']) retrieved from /home/airflow/.local/lib/python3.7/site-packages/airflow/example_dags/example_subdag_operator.py
[2023-02-28T15:57:16.665+0000] {logging_mixin.py:137} INFO - [2023-02-28T15:57:16.665+0000] {dag.py:2690} INFO - Sync 3 DAGs
[2023-02-28T15:57:16.682+0000] {logging_mixin.py:137} INFO - [2023-02-28T15:57:16.682+0000] {dag.py:3441} INFO - Setting next_dagrun for example_subdag_operator to 2022-01-01T00:00:00+00:00, run_after=2022-01-01T00:00:00+00:00
[2023-02-28T15:57:16.685+0000] {logging_mixin.py:137} INFO - [2023-02-28T15:57:16.685+0000] {dag.py:3441} INFO - Setting next_dagrun for example_subdag_operator.section-1 to None, run_after=None
[2023-02-28T15:57:16.687+0000] {logging_mixin.py:137} INFO - [2023-02-28T15:57:16.687+0000] {dag.py:3441} INFO - Setting next_dagrun for example_subdag_operator.section-2 to None, run_after=None
[2023-02-28T15:57:16.693+0000] {logging_mixin.py:137} INFO - [2023-02-28T15:57:16.693+0000] {dag.py:2690} INFO - Sync 2 DAGs
[2023-02-28T15:57:16.698+0000] {logging_mixin.py:137} INFO - [2023-02-28T15:57:16.697+0000] {dag.py:3441} INFO - Setting next_dagrun for example_subdag_operator.section-1 to None, run_after=None
[2023-02-28T15:57:16.698+0000] {logging_mixin.py:137} INFO - [2023-02-28T15:57:16.698+0000] {dag.py:3441} INFO - Setting next_dagrun for example_subdag_operator.section-2 to None, run_after=None
[2023-02-28T15:57:16.708+0000] {processor.py:175} INFO - Processing /home/airflow/.local/lib/python3.7/site-packages/airflow/example_dags/example_subdag_operator.py took 0.091 seconds
[2023-02-28T15:57:47.448+0000] {processor.py:153} INFO - Started process (PID=1564) to work on /home/airflow/.local/lib/python3.7/site-packages/airflow/example_dags/example_subdag_operator.py
[2023-02-28T15:57:47.450+0000] {processor.py:743} INFO - Processing file /home/airflow/.local/lib/python3.7/site-packages/airflow/example_dags/example_subdag_operator.py for tasks to queue
[2023-02-28T15:57:47.452+0000] {logging_mixin.py:137} INFO - [2023-02-28T15:57:47.452+0000] {dagbag.py:538} INFO - Filling up the DagBag from /home/airflow/.local/lib/python3.7/site-packages/airflow/example_dags/example_subdag_operator.py
[2023-02-28T15:57:47.480+0000] {processor.py:753} INFO - DAG(s) dict_keys(['example_subdag_operator.section-1', 'example_subdag_operator.section-2', 'example_subdag_operator']) retrieved from /home/airflow/.local/lib/python3.7/site-packages/airflow/example_dags/example_subdag_operator.py
[2023-02-28T15:57:47.495+0000] {logging_mixin.py:137} INFO - [2023-02-28T15:57:47.495+0000] {dag.py:2690} INFO - Sync 3 DAGs
[2023-02-28T15:57:47.514+0000] {logging_mixin.py:137} INFO - [2023-02-28T15:57:47.514+0000] {dag.py:3441} INFO - Setting next_dagrun for example_subdag_operator to 2022-01-01T00:00:00+00:00, run_after=2022-01-01T00:00:00+00:00
[2023-02-28T15:57:47.517+0000] {logging_mixin.py:137} INFO - [2023-02-28T15:57:47.517+0000] {dag.py:3441} INFO - Setting next_dagrun for example_subdag_operator.section-1 to None, run_after=None
[2023-02-28T15:57:47.519+0000] {logging_mixin.py:137} INFO - [2023-02-28T15:57:47.519+0000] {dag.py:3441} INFO - Setting next_dagrun for example_subdag_operator.section-2 to None, run_after=None
[2023-02-28T15:57:47.525+0000] {logging_mixin.py:137} INFO - [2023-02-28T15:57:47.525+0000] {dag.py:2690} INFO - Sync 2 DAGs
[2023-02-28T15:57:47.534+0000] {logging_mixin.py:137} INFO - [2023-02-28T15:57:47.534+0000] {dag.py:3441} INFO - Setting next_dagrun for example_subdag_operator.section-1 to None, run_after=None
[2023-02-28T15:57:47.536+0000] {logging_mixin.py:137} INFO - [2023-02-28T15:57:47.536+0000] {dag.py:3441} INFO - Setting next_dagrun for example_subdag_operator.section-2 to None, run_after=None
[2023-02-28T15:57:47.544+0000] {processor.py:175} INFO - Processing /home/airflow/.local/lib/python3.7/site-packages/airflow/example_dags/example_subdag_operator.py took 0.099 seconds
[2023-02-28T15:58:18.180+0000] {processor.py:153} INFO - Started process (PID=1628) to work on /home/airflow/.local/lib/python3.7/site-packages/airflow/example_dags/example_subdag_operator.py
[2023-02-28T15:58:18.182+0000] {processor.py:743} INFO - Processing file /home/airflow/.local/lib/python3.7/site-packages/airflow/example_dags/example_subdag_operator.py for tasks to queue
[2023-02-28T15:58:18.183+0000] {logging_mixin.py:137} INFO - [2023-02-28T15:58:18.183+0000] {dagbag.py:538} INFO - Filling up the DagBag from /home/airflow/.local/lib/python3.7/site-packages/airflow/example_dags/example_subdag_operator.py
[2023-02-28T15:58:18.213+0000] {processor.py:753} INFO - DAG(s) dict_keys(['example_subdag_operator.section-1', 'example_subdag_operator.section-2', 'example_subdag_operator']) retrieved from /home/airflow/.local/lib/python3.7/site-packages/airflow/example_dags/example_subdag_operator.py
[2023-02-28T15:58:18.226+0000] {logging_mixin.py:137} INFO - [2023-02-28T15:58:18.226+0000] {dag.py:2690} INFO - Sync 3 DAGs
[2023-02-28T15:58:18.246+0000] {logging_mixin.py:137} INFO - [2023-02-28T15:58:18.246+0000] {dag.py:3441} INFO - Setting next_dagrun for example_subdag_operator to 2022-01-01T00:00:00+00:00, run_after=2022-01-01T00:00:00+00:00
[2023-02-28T15:58:18.249+0000] {logging_mixin.py:137} INFO - [2023-02-28T15:58:18.249+0000] {dag.py:3441} INFO - Setting next_dagrun for example_subdag_operator.section-1 to None, run_after=None
[2023-02-28T15:58:18.251+0000] {logging_mixin.py:137} INFO - [2023-02-28T15:58:18.251+0000] {dag.py:3441} INFO - Setting next_dagrun for example_subdag_operator.section-2 to None, run_after=None
[2023-02-28T15:58:18.259+0000] {logging_mixin.py:137} INFO - [2023-02-28T15:58:18.259+0000] {dag.py:2690} INFO - Sync 2 DAGs
[2023-02-28T15:58:18.266+0000] {logging_mixin.py:137} INFO - [2023-02-28T15:58:18.266+0000] {dag.py:3441} INFO - Setting next_dagrun for example_subdag_operator.section-1 to None, run_after=None
[2023-02-28T15:58:18.267+0000] {logging_mixin.py:137} INFO - [2023-02-28T15:58:18.267+0000] {dag.py:3441} INFO - Setting next_dagrun for example_subdag_operator.section-2 to None, run_after=None
[2023-02-28T15:58:18.275+0000] {processor.py:175} INFO - Processing /home/airflow/.local/lib/python3.7/site-packages/airflow/example_dags/example_subdag_operator.py took 0.098 seconds
[2023-02-28T15:58:49.028+0000] {processor.py:153} INFO - Started process (PID=1702) to work on /home/airflow/.local/lib/python3.7/site-packages/airflow/example_dags/example_subdag_operator.py
[2023-02-28T15:58:49.030+0000] {processor.py:743} INFO - Processing file /home/airflow/.local/lib/python3.7/site-packages/airflow/example_dags/example_subdag_operator.py for tasks to queue
[2023-02-28T15:58:49.032+0000] {logging_mixin.py:137} INFO - [2023-02-28T15:58:49.031+0000] {dagbag.py:538} INFO - Filling up the DagBag from /home/airflow/.local/lib/python3.7/site-packages/airflow/example_dags/example_subdag_operator.py
[2023-02-28T15:58:49.061+0000] {processor.py:753} INFO - DAG(s) dict_keys(['example_subdag_operator.section-1', 'example_subdag_operator.section-2', 'example_subdag_operator']) retrieved from /home/airflow/.local/lib/python3.7/site-packages/airflow/example_dags/example_subdag_operator.py
[2023-02-28T15:58:49.076+0000] {logging_mixin.py:137} INFO - [2023-02-28T15:58:49.076+0000] {dag.py:2690} INFO - Sync 3 DAGs
[2023-02-28T15:58:49.095+0000] {logging_mixin.py:137} INFO - [2023-02-28T15:58:49.095+0000] {dag.py:3441} INFO - Setting next_dagrun for example_subdag_operator to 2022-01-01T00:00:00+00:00, run_after=2022-01-01T00:00:00+00:00
[2023-02-28T15:58:49.102+0000] {logging_mixin.py:137} INFO - [2023-02-28T15:58:49.102+0000] {dag.py:3441} INFO - Setting next_dagrun for example_subdag_operator.section-1 to None, run_after=None
[2023-02-28T15:58:49.105+0000] {logging_mixin.py:137} INFO - [2023-02-28T15:58:49.104+0000] {dag.py:3441} INFO - Setting next_dagrun for example_subdag_operator.section-2 to None, run_after=None
[2023-02-28T15:58:49.111+0000] {logging_mixin.py:137} INFO - [2023-02-28T15:58:49.111+0000] {dag.py:2690} INFO - Sync 2 DAGs
[2023-02-28T15:58:49.116+0000] {logging_mixin.py:137} INFO - [2023-02-28T15:58:49.116+0000] {dag.py:3441} INFO - Setting next_dagrun for example_subdag_operator.section-1 to None, run_after=None
[2023-02-28T15:58:49.117+0000] {logging_mixin.py:137} INFO - [2023-02-28T15:58:49.117+0000] {dag.py:3441} INFO - Setting next_dagrun for example_subdag_operator.section-2 to None, run_after=None
[2023-02-28T15:58:49.127+0000] {processor.py:175} INFO - Processing /home/airflow/.local/lib/python3.7/site-packages/airflow/example_dags/example_subdag_operator.py took 0.102 seconds
