[2023-02-28T15:46:57.864+0000] {processor.py:153} INFO - Started process (PID=46) to work on /home/airflow/.local/lib/python3.7/site-packages/airflow/example_dags/example_branch_operator.py
[2023-02-28T15:46:57.866+0000] {processor.py:743} INFO - Processing file /home/airflow/.local/lib/python3.7/site-packages/airflow/example_dags/example_branch_operator.py for tasks to queue
[2023-02-28T15:46:57.867+0000] {logging_mixin.py:137} INFO - [2023-02-28T15:46:57.867+0000] {dagbag.py:538} INFO - Filling up the DagBag from /home/airflow/.local/lib/python3.7/site-packages/airflow/example_dags/example_branch_operator.py
[2023-02-28T15:46:57.897+0000] {processor.py:753} INFO - DAG(s) dict_keys(['example_branch_operator']) retrieved from /home/airflow/.local/lib/python3.7/site-packages/airflow/example_dags/example_branch_operator.py
[2023-02-28T15:46:57.910+0000] {logging_mixin.py:137} INFO - [2023-02-28T15:46:57.910+0000] {dag.py:2690} INFO - Sync 1 DAGs
[2023-02-28T15:46:57.977+0000] {logging_mixin.py:137} INFO - [2023-02-28T15:46:57.977+0000] {dag.py:3441} INFO - Setting next_dagrun for example_branch_operator to 2023-02-27T00:00:00+00:00, run_after=2023-02-28T00:00:00+00:00
[2023-02-28T15:46:58.027+0000] {processor.py:175} INFO - Processing /home/airflow/.local/lib/python3.7/site-packages/airflow/example_dags/example_branch_operator.py took 0.167 seconds
[2023-02-28T15:47:28.107+0000] {processor.py:153} INFO - Started process (PID=119) to work on /home/airflow/.local/lib/python3.7/site-packages/airflow/example_dags/example_branch_operator.py
[2023-02-28T15:47:28.109+0000] {processor.py:743} INFO - Processing file /home/airflow/.local/lib/python3.7/site-packages/airflow/example_dags/example_branch_operator.py for tasks to queue
[2023-02-28T15:47:28.110+0000] {logging_mixin.py:137} INFO - [2023-02-28T15:47:28.110+0000] {dagbag.py:538} INFO - Filling up the DagBag from /home/airflow/.local/lib/python3.7/site-packages/airflow/example_dags/example_branch_operator.py
[2023-02-28T15:47:28.124+0000] {processor.py:753} INFO - DAG(s) dict_keys(['example_branch_operator']) retrieved from /home/airflow/.local/lib/python3.7/site-packages/airflow/example_dags/example_branch_operator.py
[2023-02-28T15:47:28.149+0000] {logging_mixin.py:137} INFO - [2023-02-28T15:47:28.148+0000] {dag.py:2690} INFO - Sync 1 DAGs
[2023-02-28T15:47:28.172+0000] {logging_mixin.py:137} INFO - [2023-02-28T15:47:28.172+0000] {dag.py:3441} INFO - Setting next_dagrun for example_branch_operator to 2023-02-27T00:00:00+00:00, run_after=2023-02-28T00:00:00+00:00
[2023-02-28T15:47:28.187+0000] {processor.py:175} INFO - Processing /home/airflow/.local/lib/python3.7/site-packages/airflow/example_dags/example_branch_operator.py took 0.084 seconds
[2023-02-28T15:47:59.128+0000] {processor.py:153} INFO - Started process (PID=191) to work on /home/airflow/.local/lib/python3.7/site-packages/airflow/example_dags/example_branch_operator.py
[2023-02-28T15:47:59.130+0000] {processor.py:743} INFO - Processing file /home/airflow/.local/lib/python3.7/site-packages/airflow/example_dags/example_branch_operator.py for tasks to queue
[2023-02-28T15:47:59.132+0000] {logging_mixin.py:137} INFO - [2023-02-28T15:47:59.132+0000] {dagbag.py:538} INFO - Filling up the DagBag from /home/airflow/.local/lib/python3.7/site-packages/airflow/example_dags/example_branch_operator.py
[2023-02-28T15:47:59.147+0000] {processor.py:753} INFO - DAG(s) dict_keys(['example_branch_operator']) retrieved from /home/airflow/.local/lib/python3.7/site-packages/airflow/example_dags/example_branch_operator.py
[2023-02-28T15:47:59.179+0000] {logging_mixin.py:137} INFO - [2023-02-28T15:47:59.179+0000] {dag.py:2690} INFO - Sync 1 DAGs
[2023-02-28T15:47:59.227+0000] {logging_mixin.py:137} INFO - [2023-02-28T15:47:59.227+0000] {dag.py:3441} INFO - Setting next_dagrun for example_branch_operator to 2023-02-27T00:00:00+00:00, run_after=2023-02-28T00:00:00+00:00
[2023-02-28T15:47:59.253+0000] {processor.py:175} INFO - Processing /home/airflow/.local/lib/python3.7/site-packages/airflow/example_dags/example_branch_operator.py took 0.129 seconds
[2023-02-28T15:48:30.068+0000] {processor.py:153} INFO - Started process (PID=257) to work on /home/airflow/.local/lib/python3.7/site-packages/airflow/example_dags/example_branch_operator.py
[2023-02-28T15:48:30.070+0000] {processor.py:743} INFO - Processing file /home/airflow/.local/lib/python3.7/site-packages/airflow/example_dags/example_branch_operator.py for tasks to queue
[2023-02-28T15:48:30.071+0000] {logging_mixin.py:137} INFO - [2023-02-28T15:48:30.071+0000] {dagbag.py:538} INFO - Filling up the DagBag from /home/airflow/.local/lib/python3.7/site-packages/airflow/example_dags/example_branch_operator.py
[2023-02-28T15:48:30.084+0000] {processor.py:753} INFO - DAG(s) dict_keys(['example_branch_operator']) retrieved from /home/airflow/.local/lib/python3.7/site-packages/airflow/example_dags/example_branch_operator.py
[2023-02-28T15:48:30.108+0000] {logging_mixin.py:137} INFO - [2023-02-28T15:48:30.108+0000] {dag.py:2690} INFO - Sync 1 DAGs
[2023-02-28T15:48:30.125+0000] {logging_mixin.py:137} INFO - [2023-02-28T15:48:30.125+0000] {dag.py:3441} INFO - Setting next_dagrun for example_branch_operator to 2023-02-27T00:00:00+00:00, run_after=2023-02-28T00:00:00+00:00
[2023-02-28T15:48:30.142+0000] {processor.py:175} INFO - Processing /home/airflow/.local/lib/python3.7/site-packages/airflow/example_dags/example_branch_operator.py took 0.077 seconds
[2023-02-28T15:49:00.813+0000] {processor.py:153} INFO - Started process (PID=332) to work on /home/airflow/.local/lib/python3.7/site-packages/airflow/example_dags/example_branch_operator.py
[2023-02-28T15:49:00.815+0000] {processor.py:743} INFO - Processing file /home/airflow/.local/lib/python3.7/site-packages/airflow/example_dags/example_branch_operator.py for tasks to queue
[2023-02-28T15:49:00.817+0000] {logging_mixin.py:137} INFO - [2023-02-28T15:49:00.816+0000] {dagbag.py:538} INFO - Filling up the DagBag from /home/airflow/.local/lib/python3.7/site-packages/airflow/example_dags/example_branch_operator.py
[2023-02-28T15:49:00.836+0000] {processor.py:753} INFO - DAG(s) dict_keys(['example_branch_operator']) retrieved from /home/airflow/.local/lib/python3.7/site-packages/airflow/example_dags/example_branch_operator.py
[2023-02-28T15:49:00.869+0000] {logging_mixin.py:137} INFO - [2023-02-28T15:49:00.868+0000] {dag.py:2690} INFO - Sync 1 DAGs
[2023-02-28T15:49:00.888+0000] {logging_mixin.py:137} INFO - [2023-02-28T15:49:00.888+0000] {dag.py:3441} INFO - Setting next_dagrun for example_branch_operator to 2023-02-27T00:00:00+00:00, run_after=2023-02-28T00:00:00+00:00
[2023-02-28T15:49:00.904+0000] {processor.py:175} INFO - Processing /home/airflow/.local/lib/python3.7/site-packages/airflow/example_dags/example_branch_operator.py took 0.094 seconds
[2023-02-28T15:49:31.820+0000] {processor.py:153} INFO - Started process (PID=407) to work on /home/airflow/.local/lib/python3.7/site-packages/airflow/example_dags/example_branch_operator.py
[2023-02-28T15:49:31.822+0000] {processor.py:743} INFO - Processing file /home/airflow/.local/lib/python3.7/site-packages/airflow/example_dags/example_branch_operator.py for tasks to queue
[2023-02-28T15:49:31.823+0000] {logging_mixin.py:137} INFO - [2023-02-28T15:49:31.823+0000] {dagbag.py:538} INFO - Filling up the DagBag from /home/airflow/.local/lib/python3.7/site-packages/airflow/example_dags/example_branch_operator.py
[2023-02-28T15:49:31.836+0000] {processor.py:753} INFO - DAG(s) dict_keys(['example_branch_operator']) retrieved from /home/airflow/.local/lib/python3.7/site-packages/airflow/example_dags/example_branch_operator.py
[2023-02-28T15:49:31.858+0000] {logging_mixin.py:137} INFO - [2023-02-28T15:49:31.858+0000] {dag.py:2690} INFO - Sync 1 DAGs
[2023-02-28T15:49:31.876+0000] {logging_mixin.py:137} INFO - [2023-02-28T15:49:31.876+0000] {dag.py:3441} INFO - Setting next_dagrun for example_branch_operator to 2023-02-27T00:00:00+00:00, run_after=2023-02-28T00:00:00+00:00
[2023-02-28T15:49:31.890+0000] {processor.py:175} INFO - Processing /home/airflow/.local/lib/python3.7/site-packages/airflow/example_dags/example_branch_operator.py took 0.072 seconds
[2023-02-28T15:50:02.605+0000] {processor.py:153} INFO - Started process (PID=470) to work on /home/airflow/.local/lib/python3.7/site-packages/airflow/example_dags/example_branch_operator.py
[2023-02-28T15:50:02.607+0000] {processor.py:743} INFO - Processing file /home/airflow/.local/lib/python3.7/site-packages/airflow/example_dags/example_branch_operator.py for tasks to queue
[2023-02-28T15:50:02.609+0000] {logging_mixin.py:137} INFO - [2023-02-28T15:50:02.609+0000] {dagbag.py:538} INFO - Filling up the DagBag from /home/airflow/.local/lib/python3.7/site-packages/airflow/example_dags/example_branch_operator.py
[2023-02-28T15:50:02.624+0000] {processor.py:753} INFO - DAG(s) dict_keys(['example_branch_operator']) retrieved from /home/airflow/.local/lib/python3.7/site-packages/airflow/example_dags/example_branch_operator.py
[2023-02-28T15:50:02.660+0000] {logging_mixin.py:137} INFO - [2023-02-28T15:50:02.660+0000] {dag.py:2690} INFO - Sync 1 DAGs
[2023-02-28T15:50:02.679+0000] {logging_mixin.py:137} INFO - [2023-02-28T15:50:02.679+0000] {dag.py:3441} INFO - Setting next_dagrun for example_branch_operator to 2023-02-27T00:00:00+00:00, run_after=2023-02-28T00:00:00+00:00
[2023-02-28T15:50:02.695+0000] {processor.py:175} INFO - Processing /home/airflow/.local/lib/python3.7/site-packages/airflow/example_dags/example_branch_operator.py took 0.093 seconds
[2023-02-28T15:50:33.569+0000] {processor.py:153} INFO - Started process (PID=546) to work on /home/airflow/.local/lib/python3.7/site-packages/airflow/example_dags/example_branch_operator.py
[2023-02-28T15:50:33.571+0000] {processor.py:743} INFO - Processing file /home/airflow/.local/lib/python3.7/site-packages/airflow/example_dags/example_branch_operator.py for tasks to queue
[2023-02-28T15:50:33.573+0000] {logging_mixin.py:137} INFO - [2023-02-28T15:50:33.573+0000] {dagbag.py:538} INFO - Filling up the DagBag from /home/airflow/.local/lib/python3.7/site-packages/airflow/example_dags/example_branch_operator.py
[2023-02-28T15:50:33.586+0000] {processor.py:753} INFO - DAG(s) dict_keys(['example_branch_operator']) retrieved from /home/airflow/.local/lib/python3.7/site-packages/airflow/example_dags/example_branch_operator.py
[2023-02-28T15:50:33.610+0000] {logging_mixin.py:137} INFO - [2023-02-28T15:50:33.610+0000] {dag.py:2690} INFO - Sync 1 DAGs
[2023-02-28T15:50:33.628+0000] {logging_mixin.py:137} INFO - [2023-02-28T15:50:33.628+0000] {dag.py:3441} INFO - Setting next_dagrun for example_branch_operator to 2023-02-27T00:00:00+00:00, run_after=2023-02-28T00:00:00+00:00
[2023-02-28T15:50:33.642+0000] {processor.py:175} INFO - Processing /home/airflow/.local/lib/python3.7/site-packages/airflow/example_dags/example_branch_operator.py took 0.076 seconds
[2023-02-28T15:51:04.588+0000] {processor.py:153} INFO - Started process (PID=621) to work on /home/airflow/.local/lib/python3.7/site-packages/airflow/example_dags/example_branch_operator.py
[2023-02-28T15:51:04.590+0000] {processor.py:743} INFO - Processing file /home/airflow/.local/lib/python3.7/site-packages/airflow/example_dags/example_branch_operator.py for tasks to queue
[2023-02-28T15:51:04.591+0000] {logging_mixin.py:137} INFO - [2023-02-28T15:51:04.591+0000] {dagbag.py:538} INFO - Filling up the DagBag from /home/airflow/.local/lib/python3.7/site-packages/airflow/example_dags/example_branch_operator.py
[2023-02-28T15:51:04.606+0000] {processor.py:753} INFO - DAG(s) dict_keys(['example_branch_operator']) retrieved from /home/airflow/.local/lib/python3.7/site-packages/airflow/example_dags/example_branch_operator.py
[2023-02-28T15:51:04.629+0000] {logging_mixin.py:137} INFO - [2023-02-28T15:51:04.628+0000] {dag.py:2690} INFO - Sync 1 DAGs
[2023-02-28T15:51:04.646+0000] {logging_mixin.py:137} INFO - [2023-02-28T15:51:04.646+0000] {dag.py:3441} INFO - Setting next_dagrun for example_branch_operator to 2023-02-27T00:00:00+00:00, run_after=2023-02-28T00:00:00+00:00
[2023-02-28T15:51:04.660+0000] {processor.py:175} INFO - Processing /home/airflow/.local/lib/python3.7/site-packages/airflow/example_dags/example_branch_operator.py took 0.076 seconds
[2023-02-28T15:51:35.429+0000] {processor.py:153} INFO - Started process (PID=684) to work on /home/airflow/.local/lib/python3.7/site-packages/airflow/example_dags/example_branch_operator.py
[2023-02-28T15:51:35.432+0000] {processor.py:743} INFO - Processing file /home/airflow/.local/lib/python3.7/site-packages/airflow/example_dags/example_branch_operator.py for tasks to queue
[2023-02-28T15:51:35.433+0000] {logging_mixin.py:137} INFO - [2023-02-28T15:51:35.433+0000] {dagbag.py:538} INFO - Filling up the DagBag from /home/airflow/.local/lib/python3.7/site-packages/airflow/example_dags/example_branch_operator.py
[2023-02-28T15:51:35.449+0000] {processor.py:753} INFO - DAG(s) dict_keys(['example_branch_operator']) retrieved from /home/airflow/.local/lib/python3.7/site-packages/airflow/example_dags/example_branch_operator.py
[2023-02-28T15:51:35.472+0000] {logging_mixin.py:137} INFO - [2023-02-28T15:51:35.472+0000] {dag.py:2690} INFO - Sync 1 DAGs
[2023-02-28T15:51:35.490+0000] {logging_mixin.py:137} INFO - [2023-02-28T15:51:35.490+0000] {dag.py:3441} INFO - Setting next_dagrun for example_branch_operator to 2023-02-27T00:00:00+00:00, run_after=2023-02-28T00:00:00+00:00
[2023-02-28T15:51:35.504+0000] {processor.py:175} INFO - Processing /home/airflow/.local/lib/python3.7/site-packages/airflow/example_dags/example_branch_operator.py took 0.078 seconds
[2023-02-28T15:52:06.435+0000] {processor.py:153} INFO - Started process (PID=759) to work on /home/airflow/.local/lib/python3.7/site-packages/airflow/example_dags/example_branch_operator.py
[2023-02-28T15:52:06.437+0000] {processor.py:743} INFO - Processing file /home/airflow/.local/lib/python3.7/site-packages/airflow/example_dags/example_branch_operator.py for tasks to queue
[2023-02-28T15:52:06.439+0000] {logging_mixin.py:137} INFO - [2023-02-28T15:52:06.439+0000] {dagbag.py:538} INFO - Filling up the DagBag from /home/airflow/.local/lib/python3.7/site-packages/airflow/example_dags/example_branch_operator.py
[2023-02-28T15:52:06.452+0000] {processor.py:753} INFO - DAG(s) dict_keys(['example_branch_operator']) retrieved from /home/airflow/.local/lib/python3.7/site-packages/airflow/example_dags/example_branch_operator.py
[2023-02-28T15:52:06.477+0000] {logging_mixin.py:137} INFO - [2023-02-28T15:52:06.477+0000] {dag.py:2690} INFO - Sync 1 DAGs
[2023-02-28T15:52:06.495+0000] {logging_mixin.py:137} INFO - [2023-02-28T15:52:06.495+0000] {dag.py:3441} INFO - Setting next_dagrun for example_branch_operator to 2023-02-27T00:00:00+00:00, run_after=2023-02-28T00:00:00+00:00
[2023-02-28T15:52:06.508+0000] {processor.py:175} INFO - Processing /home/airflow/.local/lib/python3.7/site-packages/airflow/example_dags/example_branch_operator.py took 0.075 seconds
[2023-02-28T15:52:37.236+0000] {processor.py:153} INFO - Started process (PID=834) to work on /home/airflow/.local/lib/python3.7/site-packages/airflow/example_dags/example_branch_operator.py
[2023-02-28T15:52:37.240+0000] {processor.py:743} INFO - Processing file /home/airflow/.local/lib/python3.7/site-packages/airflow/example_dags/example_branch_operator.py for tasks to queue
[2023-02-28T15:52:37.242+0000] {logging_mixin.py:137} INFO - [2023-02-28T15:52:37.242+0000] {dagbag.py:538} INFO - Filling up the DagBag from /home/airflow/.local/lib/python3.7/site-packages/airflow/example_dags/example_branch_operator.py
[2023-02-28T15:52:37.258+0000] {processor.py:753} INFO - DAG(s) dict_keys(['example_branch_operator']) retrieved from /home/airflow/.local/lib/python3.7/site-packages/airflow/example_dags/example_branch_operator.py
[2023-02-28T15:52:37.283+0000] {logging_mixin.py:137} INFO - [2023-02-28T15:52:37.283+0000] {dag.py:2690} INFO - Sync 1 DAGs
[2023-02-28T15:52:37.305+0000] {logging_mixin.py:137} INFO - [2023-02-28T15:52:37.304+0000] {dag.py:3441} INFO - Setting next_dagrun for example_branch_operator to 2023-02-27T00:00:00+00:00, run_after=2023-02-28T00:00:00+00:00
[2023-02-28T15:52:37.321+0000] {processor.py:175} INFO - Processing /home/airflow/.local/lib/python3.7/site-packages/airflow/example_dags/example_branch_operator.py took 0.088 seconds
[2023-02-28T15:53:08.176+0000] {processor.py:153} INFO - Started process (PID=909) to work on /home/airflow/.local/lib/python3.7/site-packages/airflow/example_dags/example_branch_operator.py
[2023-02-28T15:53:08.183+0000] {processor.py:743} INFO - Processing file /home/airflow/.local/lib/python3.7/site-packages/airflow/example_dags/example_branch_operator.py for tasks to queue
[2023-02-28T15:53:08.186+0000] {logging_mixin.py:137} INFO - [2023-02-28T15:53:08.185+0000] {dagbag.py:538} INFO - Filling up the DagBag from /home/airflow/.local/lib/python3.7/site-packages/airflow/example_dags/example_branch_operator.py
[2023-02-28T15:53:08.205+0000] {processor.py:753} INFO - DAG(s) dict_keys(['example_branch_operator']) retrieved from /home/airflow/.local/lib/python3.7/site-packages/airflow/example_dags/example_branch_operator.py
[2023-02-28T15:53:08.235+0000] {logging_mixin.py:137} INFO - [2023-02-28T15:53:08.235+0000] {dag.py:2690} INFO - Sync 1 DAGs
[2023-02-28T15:53:08.257+0000] {logging_mixin.py:137} INFO - [2023-02-28T15:53:08.257+0000] {dag.py:3441} INFO - Setting next_dagrun for example_branch_operator to 2023-02-27T00:00:00+00:00, run_after=2023-02-28T00:00:00+00:00
[2023-02-28T15:53:08.283+0000] {processor.py:175} INFO - Processing /home/airflow/.local/lib/python3.7/site-packages/airflow/example_dags/example_branch_operator.py took 0.111 seconds
[2023-02-28T15:53:39.142+0000] {processor.py:153} INFO - Started process (PID=972) to work on /home/airflow/.local/lib/python3.7/site-packages/airflow/example_dags/example_branch_operator.py
[2023-02-28T15:53:39.144+0000] {processor.py:743} INFO - Processing file /home/airflow/.local/lib/python3.7/site-packages/airflow/example_dags/example_branch_operator.py for tasks to queue
[2023-02-28T15:53:39.145+0000] {logging_mixin.py:137} INFO - [2023-02-28T15:53:39.145+0000] {dagbag.py:538} INFO - Filling up the DagBag from /home/airflow/.local/lib/python3.7/site-packages/airflow/example_dags/example_branch_operator.py
[2023-02-28T15:53:39.159+0000] {processor.py:753} INFO - DAG(s) dict_keys(['example_branch_operator']) retrieved from /home/airflow/.local/lib/python3.7/site-packages/airflow/example_dags/example_branch_operator.py
[2023-02-28T15:53:39.187+0000] {logging_mixin.py:137} INFO - [2023-02-28T15:53:39.186+0000] {dag.py:2690} INFO - Sync 1 DAGs
[2023-02-28T15:53:39.206+0000] {logging_mixin.py:137} INFO - [2023-02-28T15:53:39.206+0000] {dag.py:3441} INFO - Setting next_dagrun for example_branch_operator to 2023-02-27T00:00:00+00:00, run_after=2023-02-28T00:00:00+00:00
[2023-02-28T15:53:39.221+0000] {processor.py:175} INFO - Processing /home/airflow/.local/lib/python3.7/site-packages/airflow/example_dags/example_branch_operator.py took 0.082 seconds
[2023-02-28T15:54:09.948+0000] {processor.py:153} INFO - Started process (PID=1046) to work on /home/airflow/.local/lib/python3.7/site-packages/airflow/example_dags/example_branch_operator.py
[2023-02-28T15:54:09.950+0000] {processor.py:743} INFO - Processing file /home/airflow/.local/lib/python3.7/site-packages/airflow/example_dags/example_branch_operator.py for tasks to queue
[2023-02-28T15:54:09.951+0000] {logging_mixin.py:137} INFO - [2023-02-28T15:54:09.951+0000] {dagbag.py:538} INFO - Filling up the DagBag from /home/airflow/.local/lib/python3.7/site-packages/airflow/example_dags/example_branch_operator.py
[2023-02-28T15:54:09.964+0000] {processor.py:753} INFO - DAG(s) dict_keys(['example_branch_operator']) retrieved from /home/airflow/.local/lib/python3.7/site-packages/airflow/example_dags/example_branch_operator.py
[2023-02-28T15:54:09.987+0000] {logging_mixin.py:137} INFO - [2023-02-28T15:54:09.987+0000] {dag.py:2690} INFO - Sync 1 DAGs
[2023-02-28T15:54:10.005+0000] {logging_mixin.py:137} INFO - [2023-02-28T15:54:10.005+0000] {dag.py:3441} INFO - Setting next_dagrun for example_branch_operator to 2023-02-27T00:00:00+00:00, run_after=2023-02-28T00:00:00+00:00
[2023-02-28T15:54:10.020+0000] {processor.py:175} INFO - Processing /home/airflow/.local/lib/python3.7/site-packages/airflow/example_dags/example_branch_operator.py took 0.075 seconds
[2023-02-28T15:54:41.001+0000] {processor.py:153} INFO - Started process (PID=1120) to work on /home/airflow/.local/lib/python3.7/site-packages/airflow/example_dags/example_branch_operator.py
[2023-02-28T15:54:41.004+0000] {processor.py:743} INFO - Processing file /home/airflow/.local/lib/python3.7/site-packages/airflow/example_dags/example_branch_operator.py for tasks to queue
[2023-02-28T15:54:41.006+0000] {logging_mixin.py:137} INFO - [2023-02-28T15:54:41.006+0000] {dagbag.py:538} INFO - Filling up the DagBag from /home/airflow/.local/lib/python3.7/site-packages/airflow/example_dags/example_branch_operator.py
[2023-02-28T15:54:41.027+0000] {processor.py:753} INFO - DAG(s) dict_keys(['example_branch_operator']) retrieved from /home/airflow/.local/lib/python3.7/site-packages/airflow/example_dags/example_branch_operator.py
[2023-02-28T15:54:41.054+0000] {logging_mixin.py:137} INFO - [2023-02-28T15:54:41.054+0000] {dag.py:2690} INFO - Sync 1 DAGs
[2023-02-28T15:54:41.074+0000] {logging_mixin.py:137} INFO - [2023-02-28T15:54:41.074+0000] {dag.py:3441} INFO - Setting next_dagrun for example_branch_operator to 2023-02-27T00:00:00+00:00, run_after=2023-02-28T00:00:00+00:00
[2023-02-28T15:54:41.089+0000] {processor.py:175} INFO - Processing /home/airflow/.local/lib/python3.7/site-packages/airflow/example_dags/example_branch_operator.py took 0.091 seconds
[2023-02-28T15:55:11.740+0000] {processor.py:153} INFO - Started process (PID=1184) to work on /home/airflow/.local/lib/python3.7/site-packages/airflow/example_dags/example_branch_operator.py
[2023-02-28T15:55:11.742+0000] {processor.py:743} INFO - Processing file /home/airflow/.local/lib/python3.7/site-packages/airflow/example_dags/example_branch_operator.py for tasks to queue
[2023-02-28T15:55:11.743+0000] {logging_mixin.py:137} INFO - [2023-02-28T15:55:11.743+0000] {dagbag.py:538} INFO - Filling up the DagBag from /home/airflow/.local/lib/python3.7/site-packages/airflow/example_dags/example_branch_operator.py
[2023-02-28T15:55:11.757+0000] {processor.py:753} INFO - DAG(s) dict_keys(['example_branch_operator']) retrieved from /home/airflow/.local/lib/python3.7/site-packages/airflow/example_dags/example_branch_operator.py
[2023-02-28T15:55:11.780+0000] {logging_mixin.py:137} INFO - [2023-02-28T15:55:11.780+0000] {dag.py:2690} INFO - Sync 1 DAGs
[2023-02-28T15:55:11.800+0000] {logging_mixin.py:137} INFO - [2023-02-28T15:55:11.800+0000] {dag.py:3441} INFO - Setting next_dagrun for example_branch_operator to 2023-02-27T00:00:00+00:00, run_after=2023-02-28T00:00:00+00:00
[2023-02-28T15:55:11.815+0000] {processor.py:175} INFO - Processing /home/airflow/.local/lib/python3.7/site-packages/airflow/example_dags/example_branch_operator.py took 0.078 seconds
[2023-02-28T15:55:42.612+0000] {processor.py:153} INFO - Started process (PID=1259) to work on /home/airflow/.local/lib/python3.7/site-packages/airflow/example_dags/example_branch_operator.py
[2023-02-28T15:55:42.613+0000] {processor.py:743} INFO - Processing file /home/airflow/.local/lib/python3.7/site-packages/airflow/example_dags/example_branch_operator.py for tasks to queue
[2023-02-28T15:55:42.615+0000] {logging_mixin.py:137} INFO - [2023-02-28T15:55:42.615+0000] {dagbag.py:538} INFO - Filling up the DagBag from /home/airflow/.local/lib/python3.7/site-packages/airflow/example_dags/example_branch_operator.py
[2023-02-28T15:55:42.629+0000] {processor.py:753} INFO - DAG(s) dict_keys(['example_branch_operator']) retrieved from /home/airflow/.local/lib/python3.7/site-packages/airflow/example_dags/example_branch_operator.py
[2023-02-28T15:55:42.662+0000] {logging_mixin.py:137} INFO - [2023-02-28T15:55:42.662+0000] {dag.py:2690} INFO - Sync 1 DAGs
[2023-02-28T15:55:42.687+0000] {logging_mixin.py:137} INFO - [2023-02-28T15:55:42.687+0000] {dag.py:3441} INFO - Setting next_dagrun for example_branch_operator to 2023-02-27T00:00:00+00:00, run_after=2023-02-28T00:00:00+00:00
[2023-02-28T15:55:42.704+0000] {processor.py:175} INFO - Processing /home/airflow/.local/lib/python3.7/site-packages/airflow/example_dags/example_branch_operator.py took 0.096 seconds
[2023-02-28T15:56:13.610+0000] {processor.py:153} INFO - Started process (PID=1334) to work on /home/airflow/.local/lib/python3.7/site-packages/airflow/example_dags/example_branch_operator.py
[2023-02-28T15:56:13.613+0000] {processor.py:743} INFO - Processing file /home/airflow/.local/lib/python3.7/site-packages/airflow/example_dags/example_branch_operator.py for tasks to queue
[2023-02-28T15:56:13.614+0000] {logging_mixin.py:137} INFO - [2023-02-28T15:56:13.614+0000] {dagbag.py:538} INFO - Filling up the DagBag from /home/airflow/.local/lib/python3.7/site-packages/airflow/example_dags/example_branch_operator.py
[2023-02-28T15:56:13.632+0000] {processor.py:753} INFO - DAG(s) dict_keys(['example_branch_operator']) retrieved from /home/airflow/.local/lib/python3.7/site-packages/airflow/example_dags/example_branch_operator.py
[2023-02-28T15:56:13.665+0000] {logging_mixin.py:137} INFO - [2023-02-28T15:56:13.665+0000] {dag.py:2690} INFO - Sync 1 DAGs
[2023-02-28T15:56:13.688+0000] {logging_mixin.py:137} INFO - [2023-02-28T15:56:13.688+0000] {dag.py:3441} INFO - Setting next_dagrun for example_branch_operator to 2023-02-27T00:00:00+00:00, run_after=2023-02-28T00:00:00+00:00
[2023-02-28T15:56:13.705+0000] {processor.py:175} INFO - Processing /home/airflow/.local/lib/python3.7/site-packages/airflow/example_dags/example_branch_operator.py took 0.098 seconds
[2023-02-28T15:56:44.581+0000] {processor.py:153} INFO - Started process (PID=1396) to work on /home/airflow/.local/lib/python3.7/site-packages/airflow/example_dags/example_branch_operator.py
[2023-02-28T15:56:44.583+0000] {processor.py:743} INFO - Processing file /home/airflow/.local/lib/python3.7/site-packages/airflow/example_dags/example_branch_operator.py for tasks to queue
[2023-02-28T15:56:44.585+0000] {logging_mixin.py:137} INFO - [2023-02-28T15:56:44.584+0000] {dagbag.py:538} INFO - Filling up the DagBag from /home/airflow/.local/lib/python3.7/site-packages/airflow/example_dags/example_branch_operator.py
[2023-02-28T15:56:44.598+0000] {processor.py:753} INFO - DAG(s) dict_keys(['example_branch_operator']) retrieved from /home/airflow/.local/lib/python3.7/site-packages/airflow/example_dags/example_branch_operator.py
[2023-02-28T15:56:44.624+0000] {logging_mixin.py:137} INFO - [2023-02-28T15:56:44.624+0000] {dag.py:2690} INFO - Sync 1 DAGs
[2023-02-28T15:56:44.646+0000] {logging_mixin.py:137} INFO - [2023-02-28T15:56:44.646+0000] {dag.py:3441} INFO - Setting next_dagrun for example_branch_operator to 2023-02-27T00:00:00+00:00, run_after=2023-02-28T00:00:00+00:00
[2023-02-28T15:56:44.667+0000] {processor.py:175} INFO - Processing /home/airflow/.local/lib/python3.7/site-packages/airflow/example_dags/example_branch_operator.py took 0.089 seconds
[2023-02-28T15:57:15.383+0000] {processor.py:153} INFO - Started process (PID=1471) to work on /home/airflow/.local/lib/python3.7/site-packages/airflow/example_dags/example_branch_operator.py
[2023-02-28T15:57:15.384+0000] {processor.py:743} INFO - Processing file /home/airflow/.local/lib/python3.7/site-packages/airflow/example_dags/example_branch_operator.py for tasks to queue
[2023-02-28T15:57:15.386+0000] {logging_mixin.py:137} INFO - [2023-02-28T15:57:15.386+0000] {dagbag.py:538} INFO - Filling up the DagBag from /home/airflow/.local/lib/python3.7/site-packages/airflow/example_dags/example_branch_operator.py
[2023-02-28T15:57:15.399+0000] {processor.py:753} INFO - DAG(s) dict_keys(['example_branch_operator']) retrieved from /home/airflow/.local/lib/python3.7/site-packages/airflow/example_dags/example_branch_operator.py
[2023-02-28T15:57:15.422+0000] {logging_mixin.py:137} INFO - [2023-02-28T15:57:15.422+0000] {dag.py:2690} INFO - Sync 1 DAGs
[2023-02-28T15:57:15.440+0000] {logging_mixin.py:137} INFO - [2023-02-28T15:57:15.440+0000] {dag.py:3441} INFO - Setting next_dagrun for example_branch_operator to 2023-02-27T00:00:00+00:00, run_after=2023-02-28T00:00:00+00:00
[2023-02-28T15:57:15.453+0000] {processor.py:175} INFO - Processing /home/airflow/.local/lib/python3.7/site-packages/airflow/example_dags/example_branch_operator.py took 0.073 seconds
[2023-02-28T15:57:46.191+0000] {processor.py:153} INFO - Started process (PID=1546) to work on /home/airflow/.local/lib/python3.7/site-packages/airflow/example_dags/example_branch_operator.py
[2023-02-28T15:57:46.193+0000] {processor.py:743} INFO - Processing file /home/airflow/.local/lib/python3.7/site-packages/airflow/example_dags/example_branch_operator.py for tasks to queue
[2023-02-28T15:57:46.194+0000] {logging_mixin.py:137} INFO - [2023-02-28T15:57:46.194+0000] {dagbag.py:538} INFO - Filling up the DagBag from /home/airflow/.local/lib/python3.7/site-packages/airflow/example_dags/example_branch_operator.py
[2023-02-28T15:57:46.206+0000] {processor.py:753} INFO - DAG(s) dict_keys(['example_branch_operator']) retrieved from /home/airflow/.local/lib/python3.7/site-packages/airflow/example_dags/example_branch_operator.py
[2023-02-28T15:57:46.229+0000] {logging_mixin.py:137} INFO - [2023-02-28T15:57:46.229+0000] {dag.py:2690} INFO - Sync 1 DAGs
[2023-02-28T15:57:46.248+0000] {logging_mixin.py:137} INFO - [2023-02-28T15:57:46.247+0000] {dag.py:3441} INFO - Setting next_dagrun for example_branch_operator to 2023-02-27T00:00:00+00:00, run_after=2023-02-28T00:00:00+00:00
[2023-02-28T15:57:46.261+0000] {processor.py:175} INFO - Processing /home/airflow/.local/lib/python3.7/site-packages/airflow/example_dags/example_branch_operator.py took 0.073 seconds
[2023-02-28T15:58:16.902+0000] {processor.py:153} INFO - Started process (PID=1610) to work on /home/airflow/.local/lib/python3.7/site-packages/airflow/example_dags/example_branch_operator.py
[2023-02-28T15:58:16.904+0000] {processor.py:743} INFO - Processing file /home/airflow/.local/lib/python3.7/site-packages/airflow/example_dags/example_branch_operator.py for tasks to queue
[2023-02-28T15:58:16.906+0000] {logging_mixin.py:137} INFO - [2023-02-28T15:58:16.906+0000] {dagbag.py:538} INFO - Filling up the DagBag from /home/airflow/.local/lib/python3.7/site-packages/airflow/example_dags/example_branch_operator.py
[2023-02-28T15:58:16.919+0000] {processor.py:753} INFO - DAG(s) dict_keys(['example_branch_operator']) retrieved from /home/airflow/.local/lib/python3.7/site-packages/airflow/example_dags/example_branch_operator.py
[2023-02-28T15:58:16.944+0000] {logging_mixin.py:137} INFO - [2023-02-28T15:58:16.944+0000] {dag.py:2690} INFO - Sync 1 DAGs
[2023-02-28T15:58:16.962+0000] {logging_mixin.py:137} INFO - [2023-02-28T15:58:16.962+0000] {dag.py:3441} INFO - Setting next_dagrun for example_branch_operator to 2023-02-27T00:00:00+00:00, run_after=2023-02-28T00:00:00+00:00
[2023-02-28T15:58:16.975+0000] {processor.py:175} INFO - Processing /home/airflow/.local/lib/python3.7/site-packages/airflow/example_dags/example_branch_operator.py took 0.077 seconds
[2023-02-28T15:58:47.839+0000] {processor.py:153} INFO - Started process (PID=1684) to work on /home/airflow/.local/lib/python3.7/site-packages/airflow/example_dags/example_branch_operator.py
[2023-02-28T15:58:47.841+0000] {processor.py:743} INFO - Processing file /home/airflow/.local/lib/python3.7/site-packages/airflow/example_dags/example_branch_operator.py for tasks to queue
[2023-02-28T15:58:47.842+0000] {logging_mixin.py:137} INFO - [2023-02-28T15:58:47.842+0000] {dagbag.py:538} INFO - Filling up the DagBag from /home/airflow/.local/lib/python3.7/site-packages/airflow/example_dags/example_branch_operator.py
[2023-02-28T15:58:47.856+0000] {processor.py:753} INFO - DAG(s) dict_keys(['example_branch_operator']) retrieved from /home/airflow/.local/lib/python3.7/site-packages/airflow/example_dags/example_branch_operator.py
[2023-02-28T15:58:47.880+0000] {logging_mixin.py:137} INFO - [2023-02-28T15:58:47.880+0000] {dag.py:2690} INFO - Sync 1 DAGs
[2023-02-28T15:58:47.897+0000] {logging_mixin.py:137} INFO - [2023-02-28T15:58:47.897+0000] {dag.py:3441} INFO - Setting next_dagrun for example_branch_operator to 2023-02-27T00:00:00+00:00, run_after=2023-02-28T00:00:00+00:00
[2023-02-28T15:58:47.911+0000] {processor.py:175} INFO - Processing /home/airflow/.local/lib/python3.7/site-packages/airflow/example_dags/example_branch_operator.py took 0.075 seconds
