[2023-02-28T15:46:58.902+0000] {processor.py:153} INFO - Started process (PID=56) to work on /home/airflow/.local/lib/python3.7/site-packages/airflow/example_dags/example_short_circuit_decorator.py
[2023-02-28T15:46:58.904+0000] {processor.py:743} INFO - Processing file /home/airflow/.local/lib/python3.7/site-packages/airflow/example_dags/example_short_circuit_decorator.py for tasks to queue
[2023-02-28T15:46:58.905+0000] {logging_mixin.py:137} INFO - [2023-02-28T15:46:58.905+0000] {dagbag.py:538} INFO - Filling up the DagBag from /home/airflow/.local/lib/python3.7/site-packages/airflow/example_dags/example_short_circuit_decorator.py
[2023-02-28T15:46:58.999+0000] {processor.py:753} INFO - DAG(s) dict_keys(['example_short_circuit_decorator']) retrieved from /home/airflow/.local/lib/python3.7/site-packages/airflow/example_dags/example_short_circuit_decorator.py
[2023-02-28T15:46:59.032+0000] {logging_mixin.py:137} INFO - [2023-02-28T15:46:59.031+0000] {dag.py:2690} INFO - Sync 1 DAGs
[2023-02-28T15:46:59.072+0000] {logging_mixin.py:137} INFO - [2023-02-28T15:46:59.071+0000] {dag.py:3441} INFO - Setting next_dagrun for example_short_circuit_decorator to 2023-02-27T15:46:59.071580+00:00, run_after=2023-02-28T15:46:59.071580+00:00
[2023-02-28T15:46:59.130+0000] {processor.py:175} INFO - Processing /home/airflow/.local/lib/python3.7/site-packages/airflow/example_dags/example_short_circuit_decorator.py took 0.231 seconds
[2023-02-28T15:47:29.709+0000] {processor.py:153} INFO - Started process (PID=129) to work on /home/airflow/.local/lib/python3.7/site-packages/airflow/example_dags/example_short_circuit_decorator.py
[2023-02-28T15:47:29.711+0000] {processor.py:743} INFO - Processing file /home/airflow/.local/lib/python3.7/site-packages/airflow/example_dags/example_short_circuit_decorator.py for tasks to queue
[2023-02-28T15:47:29.713+0000] {logging_mixin.py:137} INFO - [2023-02-28T15:47:29.713+0000] {dagbag.py:538} INFO - Filling up the DagBag from /home/airflow/.local/lib/python3.7/site-packages/airflow/example_dags/example_short_circuit_decorator.py
[2023-02-28T15:47:29.735+0000] {processor.py:753} INFO - DAG(s) dict_keys(['example_short_circuit_decorator']) retrieved from /home/airflow/.local/lib/python3.7/site-packages/airflow/example_dags/example_short_circuit_decorator.py
[2023-02-28T15:47:29.765+0000] {logging_mixin.py:137} INFO - [2023-02-28T15:47:29.765+0000] {dag.py:2690} INFO - Sync 1 DAGs
[2023-02-28T15:47:29.783+0000] {logging_mixin.py:137} INFO - [2023-02-28T15:47:29.783+0000] {dag.py:3441} INFO - Setting next_dagrun for example_short_circuit_decorator to 2023-02-27T15:47:29.783160+00:00, run_after=2023-02-28T15:47:29.783160+00:00
[2023-02-28T15:47:29.797+0000] {processor.py:175} INFO - Processing /home/airflow/.local/lib/python3.7/site-packages/airflow/example_dags/example_short_circuit_decorator.py took 0.091 seconds
[2023-02-28T15:48:00.081+0000] {processor.py:153} INFO - Started process (PID=204) to work on /home/airflow/.local/lib/python3.7/site-packages/airflow/example_dags/example_short_circuit_decorator.py
[2023-02-28T15:48:00.084+0000] {processor.py:743} INFO - Processing file /home/airflow/.local/lib/python3.7/site-packages/airflow/example_dags/example_short_circuit_decorator.py for tasks to queue
[2023-02-28T15:48:00.085+0000] {logging_mixin.py:137} INFO - [2023-02-28T15:48:00.085+0000] {dagbag.py:538} INFO - Filling up the DagBag from /home/airflow/.local/lib/python3.7/site-packages/airflow/example_dags/example_short_circuit_decorator.py
[2023-02-28T15:48:00.108+0000] {processor.py:753} INFO - DAG(s) dict_keys(['example_short_circuit_decorator']) retrieved from /home/airflow/.local/lib/python3.7/site-packages/airflow/example_dags/example_short_circuit_decorator.py
[2023-02-28T15:48:00.135+0000] {logging_mixin.py:137} INFO - [2023-02-28T15:48:00.135+0000] {dag.py:2690} INFO - Sync 1 DAGs
[2023-02-28T15:48:00.153+0000] {logging_mixin.py:137} INFO - [2023-02-28T15:48:00.153+0000] {dag.py:3441} INFO - Setting next_dagrun for example_short_circuit_decorator to 2023-02-27T15:48:00.153425+00:00, run_after=2023-02-28T15:48:00.153425+00:00
[2023-02-28T15:48:00.170+0000] {processor.py:175} INFO - Processing /home/airflow/.local/lib/python3.7/site-packages/airflow/example_dags/example_short_circuit_decorator.py took 0.091 seconds
[2023-02-28T15:48:30.650+0000] {processor.py:153} INFO - Started process (PID=267) to work on /home/airflow/.local/lib/python3.7/site-packages/airflow/example_dags/example_short_circuit_decorator.py
[2023-02-28T15:48:30.653+0000] {processor.py:743} INFO - Processing file /home/airflow/.local/lib/python3.7/site-packages/airflow/example_dags/example_short_circuit_decorator.py for tasks to queue
[2023-02-28T15:48:30.654+0000] {logging_mixin.py:137} INFO - [2023-02-28T15:48:30.654+0000] {dagbag.py:538} INFO - Filling up the DagBag from /home/airflow/.local/lib/python3.7/site-packages/airflow/example_dags/example_short_circuit_decorator.py
[2023-02-28T15:48:30.673+0000] {processor.py:753} INFO - DAG(s) dict_keys(['example_short_circuit_decorator']) retrieved from /home/airflow/.local/lib/python3.7/site-packages/airflow/example_dags/example_short_circuit_decorator.py
[2023-02-28T15:48:30.695+0000] {logging_mixin.py:137} INFO - [2023-02-28T15:48:30.695+0000] {dag.py:2690} INFO - Sync 1 DAGs
[2023-02-28T15:48:30.712+0000] {logging_mixin.py:137} INFO - [2023-02-28T15:48:30.712+0000] {dag.py:3441} INFO - Setting next_dagrun for example_short_circuit_decorator to 2023-02-27T15:48:30.712429+00:00, run_after=2023-02-28T15:48:30.712429+00:00
[2023-02-28T15:48:30.727+0000] {processor.py:175} INFO - Processing /home/airflow/.local/lib/python3.7/site-packages/airflow/example_dags/example_short_circuit_decorator.py took 0.080 seconds
[2023-02-28T15:49:01.697+0000] {processor.py:153} INFO - Started process (PID=342) to work on /home/airflow/.local/lib/python3.7/site-packages/airflow/example_dags/example_short_circuit_decorator.py
[2023-02-28T15:49:01.699+0000] {processor.py:743} INFO - Processing file /home/airflow/.local/lib/python3.7/site-packages/airflow/example_dags/example_short_circuit_decorator.py for tasks to queue
[2023-02-28T15:49:01.700+0000] {logging_mixin.py:137} INFO - [2023-02-28T15:49:01.700+0000] {dagbag.py:538} INFO - Filling up the DagBag from /home/airflow/.local/lib/python3.7/site-packages/airflow/example_dags/example_short_circuit_decorator.py
[2023-02-28T15:49:01.716+0000] {processor.py:753} INFO - DAG(s) dict_keys(['example_short_circuit_decorator']) retrieved from /home/airflow/.local/lib/python3.7/site-packages/airflow/example_dags/example_short_circuit_decorator.py
[2023-02-28T15:49:01.740+0000] {logging_mixin.py:137} INFO - [2023-02-28T15:49:01.740+0000] {dag.py:2690} INFO - Sync 1 DAGs
[2023-02-28T15:49:01.757+0000] {logging_mixin.py:137} INFO - [2023-02-28T15:49:01.757+0000] {dag.py:3441} INFO - Setting next_dagrun for example_short_circuit_decorator to 2023-02-27T15:49:01.757302+00:00, run_after=2023-02-28T15:49:01.757302+00:00
[2023-02-28T15:49:01.770+0000] {processor.py:175} INFO - Processing /home/airflow/.local/lib/python3.7/site-packages/airflow/example_dags/example_short_circuit_decorator.py took 0.076 seconds
[2023-02-28T15:49:32.609+0000] {processor.py:153} INFO - Started process (PID=417) to work on /home/airflow/.local/lib/python3.7/site-packages/airflow/example_dags/example_short_circuit_decorator.py
[2023-02-28T15:49:32.612+0000] {processor.py:743} INFO - Processing file /home/airflow/.local/lib/python3.7/site-packages/airflow/example_dags/example_short_circuit_decorator.py for tasks to queue
[2023-02-28T15:49:32.613+0000] {logging_mixin.py:137} INFO - [2023-02-28T15:49:32.613+0000] {dagbag.py:538} INFO - Filling up the DagBag from /home/airflow/.local/lib/python3.7/site-packages/airflow/example_dags/example_short_circuit_decorator.py
[2023-02-28T15:49:32.631+0000] {processor.py:753} INFO - DAG(s) dict_keys(['example_short_circuit_decorator']) retrieved from /home/airflow/.local/lib/python3.7/site-packages/airflow/example_dags/example_short_circuit_decorator.py
[2023-02-28T15:49:32.660+0000] {logging_mixin.py:137} INFO - [2023-02-28T15:49:32.660+0000] {dag.py:2690} INFO - Sync 1 DAGs
[2023-02-28T15:49:32.678+0000] {logging_mixin.py:137} INFO - [2023-02-28T15:49:32.678+0000] {dag.py:3441} INFO - Setting next_dagrun for example_short_circuit_decorator to 2023-02-27T15:49:32.678579+00:00, run_after=2023-02-28T15:49:32.678579+00:00
[2023-02-28T15:49:32.692+0000] {processor.py:175} INFO - Processing /home/airflow/.local/lib/python3.7/site-packages/airflow/example_dags/example_short_circuit_decorator.py took 0.086 seconds
[2023-02-28T15:50:03.314+0000] {processor.py:153} INFO - Started process (PID=480) to work on /home/airflow/.local/lib/python3.7/site-packages/airflow/example_dags/example_short_circuit_decorator.py
[2023-02-28T15:50:03.316+0000] {processor.py:743} INFO - Processing file /home/airflow/.local/lib/python3.7/site-packages/airflow/example_dags/example_short_circuit_decorator.py for tasks to queue
[2023-02-28T15:50:03.318+0000] {logging_mixin.py:137} INFO - [2023-02-28T15:50:03.318+0000] {dagbag.py:538} INFO - Filling up the DagBag from /home/airflow/.local/lib/python3.7/site-packages/airflow/example_dags/example_short_circuit_decorator.py
[2023-02-28T15:50:03.339+0000] {processor.py:753} INFO - DAG(s) dict_keys(['example_short_circuit_decorator']) retrieved from /home/airflow/.local/lib/python3.7/site-packages/airflow/example_dags/example_short_circuit_decorator.py
[2023-02-28T15:50:03.363+0000] {logging_mixin.py:137} INFO - [2023-02-28T15:50:03.362+0000] {dag.py:2690} INFO - Sync 1 DAGs
[2023-02-28T15:50:03.380+0000] {logging_mixin.py:137} INFO - [2023-02-28T15:50:03.380+0000] {dag.py:3441} INFO - Setting next_dagrun for example_short_circuit_decorator to 2023-02-27T15:50:03.380034+00:00, run_after=2023-02-28T15:50:03.380034+00:00
[2023-02-28T15:50:03.394+0000] {processor.py:175} INFO - Processing /home/airflow/.local/lib/python3.7/site-packages/airflow/example_dags/example_short_circuit_decorator.py took 0.084 seconds
[2023-02-28T15:50:34.428+0000] {processor.py:153} INFO - Started process (PID=556) to work on /home/airflow/.local/lib/python3.7/site-packages/airflow/example_dags/example_short_circuit_decorator.py
[2023-02-28T15:50:34.430+0000] {processor.py:743} INFO - Processing file /home/airflow/.local/lib/python3.7/site-packages/airflow/example_dags/example_short_circuit_decorator.py for tasks to queue
[2023-02-28T15:50:34.431+0000] {logging_mixin.py:137} INFO - [2023-02-28T15:50:34.431+0000] {dagbag.py:538} INFO - Filling up the DagBag from /home/airflow/.local/lib/python3.7/site-packages/airflow/example_dags/example_short_circuit_decorator.py
[2023-02-28T15:50:34.450+0000] {processor.py:753} INFO - DAG(s) dict_keys(['example_short_circuit_decorator']) retrieved from /home/airflow/.local/lib/python3.7/site-packages/airflow/example_dags/example_short_circuit_decorator.py
[2023-02-28T15:50:34.475+0000] {logging_mixin.py:137} INFO - [2023-02-28T15:50:34.475+0000] {dag.py:2690} INFO - Sync 1 DAGs
[2023-02-28T15:50:34.493+0000] {logging_mixin.py:137} INFO - [2023-02-28T15:50:34.493+0000] {dag.py:3441} INFO - Setting next_dagrun for example_short_circuit_decorator to 2023-02-27T15:50:34.493485+00:00, run_after=2023-02-28T15:50:34.493485+00:00
[2023-02-28T15:50:34.509+0000] {processor.py:175} INFO - Processing /home/airflow/.local/lib/python3.7/site-packages/airflow/example_dags/example_short_circuit_decorator.py took 0.085 seconds
[2023-02-28T15:51:05.400+0000] {processor.py:153} INFO - Started process (PID=631) to work on /home/airflow/.local/lib/python3.7/site-packages/airflow/example_dags/example_short_circuit_decorator.py
[2023-02-28T15:51:05.402+0000] {processor.py:743} INFO - Processing file /home/airflow/.local/lib/python3.7/site-packages/airflow/example_dags/example_short_circuit_decorator.py for tasks to queue
[2023-02-28T15:51:05.404+0000] {logging_mixin.py:137} INFO - [2023-02-28T15:51:05.404+0000] {dagbag.py:538} INFO - Filling up the DagBag from /home/airflow/.local/lib/python3.7/site-packages/airflow/example_dags/example_short_circuit_decorator.py
[2023-02-28T15:51:05.421+0000] {processor.py:753} INFO - DAG(s) dict_keys(['example_short_circuit_decorator']) retrieved from /home/airflow/.local/lib/python3.7/site-packages/airflow/example_dags/example_short_circuit_decorator.py
[2023-02-28T15:51:05.446+0000] {logging_mixin.py:137} INFO - [2023-02-28T15:51:05.446+0000] {dag.py:2690} INFO - Sync 1 DAGs
[2023-02-28T15:51:05.463+0000] {logging_mixin.py:137} INFO - [2023-02-28T15:51:05.463+0000] {dag.py:3441} INFO - Setting next_dagrun for example_short_circuit_decorator to 2023-02-27T15:51:05.463336+00:00, run_after=2023-02-28T15:51:05.463336+00:00
[2023-02-28T15:51:05.477+0000] {processor.py:175} INFO - Processing /home/airflow/.local/lib/python3.7/site-packages/airflow/example_dags/example_short_circuit_decorator.py took 0.080 seconds
[2023-02-28T15:51:36.182+0000] {processor.py:153} INFO - Started process (PID=703) to work on /home/airflow/.local/lib/python3.7/site-packages/airflow/example_dags/example_short_circuit_decorator.py
[2023-02-28T15:51:36.184+0000] {processor.py:743} INFO - Processing file /home/airflow/.local/lib/python3.7/site-packages/airflow/example_dags/example_short_circuit_decorator.py for tasks to queue
[2023-02-28T15:51:36.186+0000] {logging_mixin.py:137} INFO - [2023-02-28T15:51:36.186+0000] {dagbag.py:538} INFO - Filling up the DagBag from /home/airflow/.local/lib/python3.7/site-packages/airflow/example_dags/example_short_circuit_decorator.py
[2023-02-28T15:51:36.206+0000] {processor.py:753} INFO - DAG(s) dict_keys(['example_short_circuit_decorator']) retrieved from /home/airflow/.local/lib/python3.7/site-packages/airflow/example_dags/example_short_circuit_decorator.py
[2023-02-28T15:51:36.232+0000] {logging_mixin.py:137} INFO - [2023-02-28T15:51:36.232+0000] {dag.py:2690} INFO - Sync 1 DAGs
[2023-02-28T15:51:36.260+0000] {logging_mixin.py:137} INFO - [2023-02-28T15:51:36.259+0000] {dag.py:3441} INFO - Setting next_dagrun for example_short_circuit_decorator to 2023-02-27T15:51:36.259760+00:00, run_after=2023-02-28T15:51:36.259760+00:00
[2023-02-28T15:51:36.300+0000] {processor.py:175} INFO - Processing /home/airflow/.local/lib/python3.7/site-packages/airflow/example_dags/example_short_circuit_decorator.py took 0.122 seconds
[2023-02-28T15:52:07.144+0000] {processor.py:153} INFO - Started process (PID=769) to work on /home/airflow/.local/lib/python3.7/site-packages/airflow/example_dags/example_short_circuit_decorator.py
[2023-02-28T15:52:07.146+0000] {processor.py:743} INFO - Processing file /home/airflow/.local/lib/python3.7/site-packages/airflow/example_dags/example_short_circuit_decorator.py for tasks to queue
[2023-02-28T15:52:07.148+0000] {logging_mixin.py:137} INFO - [2023-02-28T15:52:07.147+0000] {dagbag.py:538} INFO - Filling up the DagBag from /home/airflow/.local/lib/python3.7/site-packages/airflow/example_dags/example_short_circuit_decorator.py
[2023-02-28T15:52:07.166+0000] {processor.py:753} INFO - DAG(s) dict_keys(['example_short_circuit_decorator']) retrieved from /home/airflow/.local/lib/python3.7/site-packages/airflow/example_dags/example_short_circuit_decorator.py
[2023-02-28T15:52:07.193+0000] {logging_mixin.py:137} INFO - [2023-02-28T15:52:07.193+0000] {dag.py:2690} INFO - Sync 1 DAGs
[2023-02-28T15:52:07.210+0000] {logging_mixin.py:137} INFO - [2023-02-28T15:52:07.210+0000] {dag.py:3441} INFO - Setting next_dagrun for example_short_circuit_decorator to 2023-02-27T15:52:07.210553+00:00, run_after=2023-02-28T15:52:07.210553+00:00
[2023-02-28T15:52:07.224+0000] {processor.py:175} INFO - Processing /home/airflow/.local/lib/python3.7/site-packages/airflow/example_dags/example_short_circuit_decorator.py took 0.083 seconds
[2023-02-28T15:52:37.894+0000] {processor.py:153} INFO - Started process (PID=844) to work on /home/airflow/.local/lib/python3.7/site-packages/airflow/example_dags/example_short_circuit_decorator.py
[2023-02-28T15:52:37.896+0000] {processor.py:743} INFO - Processing file /home/airflow/.local/lib/python3.7/site-packages/airflow/example_dags/example_short_circuit_decorator.py for tasks to queue
[2023-02-28T15:52:37.897+0000] {logging_mixin.py:137} INFO - [2023-02-28T15:52:37.897+0000] {dagbag.py:538} INFO - Filling up the DagBag from /home/airflow/.local/lib/python3.7/site-packages/airflow/example_dags/example_short_circuit_decorator.py
[2023-02-28T15:52:37.920+0000] {processor.py:753} INFO - DAG(s) dict_keys(['example_short_circuit_decorator']) retrieved from /home/airflow/.local/lib/python3.7/site-packages/airflow/example_dags/example_short_circuit_decorator.py
[2023-02-28T15:52:37.953+0000] {logging_mixin.py:137} INFO - [2023-02-28T15:52:37.952+0000] {dag.py:2690} INFO - Sync 1 DAGs
[2023-02-28T15:52:37.970+0000] {logging_mixin.py:137} INFO - [2023-02-28T15:52:37.970+0000] {dag.py:3441} INFO - Setting next_dagrun for example_short_circuit_decorator to 2023-02-27T15:52:37.970326+00:00, run_after=2023-02-28T15:52:37.970326+00:00
[2023-02-28T15:52:37.987+0000] {processor.py:175} INFO - Processing /home/airflow/.local/lib/python3.7/site-packages/airflow/example_dags/example_short_circuit_decorator.py took 0.095 seconds
[2023-02-28T15:53:09.024+0000] {processor.py:153} INFO - Started process (PID=919) to work on /home/airflow/.local/lib/python3.7/site-packages/airflow/example_dags/example_short_circuit_decorator.py
[2023-02-28T15:53:09.026+0000] {processor.py:743} INFO - Processing file /home/airflow/.local/lib/python3.7/site-packages/airflow/example_dags/example_short_circuit_decorator.py for tasks to queue
[2023-02-28T15:53:09.028+0000] {logging_mixin.py:137} INFO - [2023-02-28T15:53:09.028+0000] {dagbag.py:538} INFO - Filling up the DagBag from /home/airflow/.local/lib/python3.7/site-packages/airflow/example_dags/example_short_circuit_decorator.py
[2023-02-28T15:53:09.048+0000] {processor.py:753} INFO - DAG(s) dict_keys(['example_short_circuit_decorator']) retrieved from /home/airflow/.local/lib/python3.7/site-packages/airflow/example_dags/example_short_circuit_decorator.py
[2023-02-28T15:53:09.083+0000] {logging_mixin.py:137} INFO - [2023-02-28T15:53:09.083+0000] {dag.py:2690} INFO - Sync 1 DAGs
[2023-02-28T15:53:09.104+0000] {logging_mixin.py:137} INFO - [2023-02-28T15:53:09.104+0000] {dag.py:3441} INFO - Setting next_dagrun for example_short_circuit_decorator to 2023-02-27T15:53:09.104102+00:00, run_after=2023-02-28T15:53:09.104102+00:00
[2023-02-28T15:53:09.120+0000] {processor.py:175} INFO - Processing /home/airflow/.local/lib/python3.7/site-packages/airflow/example_dags/example_short_circuit_decorator.py took 0.100 seconds
[2023-02-28T15:53:39.746+0000] {processor.py:153} INFO - Started process (PID=982) to work on /home/airflow/.local/lib/python3.7/site-packages/airflow/example_dags/example_short_circuit_decorator.py
[2023-02-28T15:53:39.749+0000] {processor.py:743} INFO - Processing file /home/airflow/.local/lib/python3.7/site-packages/airflow/example_dags/example_short_circuit_decorator.py for tasks to queue
[2023-02-28T15:53:39.751+0000] {logging_mixin.py:137} INFO - [2023-02-28T15:53:39.751+0000] {dagbag.py:538} INFO - Filling up the DagBag from /home/airflow/.local/lib/python3.7/site-packages/airflow/example_dags/example_short_circuit_decorator.py
[2023-02-28T15:53:39.770+0000] {processor.py:753} INFO - DAG(s) dict_keys(['example_short_circuit_decorator']) retrieved from /home/airflow/.local/lib/python3.7/site-packages/airflow/example_dags/example_short_circuit_decorator.py
[2023-02-28T15:53:39.794+0000] {logging_mixin.py:137} INFO - [2023-02-28T15:53:39.794+0000] {dag.py:2690} INFO - Sync 1 DAGs
[2023-02-28T15:53:39.813+0000] {logging_mixin.py:137} INFO - [2023-02-28T15:53:39.813+0000] {dag.py:3441} INFO - Setting next_dagrun for example_short_circuit_decorator to 2023-02-27T15:53:39.812745+00:00, run_after=2023-02-28T15:53:39.812745+00:00
[2023-02-28T15:53:39.829+0000] {processor.py:175} INFO - Processing /home/airflow/.local/lib/python3.7/site-packages/airflow/example_dags/example_short_circuit_decorator.py took 0.085 seconds
[2023-02-28T15:54:10.763+0000] {processor.py:153} INFO - Started process (PID=1056) to work on /home/airflow/.local/lib/python3.7/site-packages/airflow/example_dags/example_short_circuit_decorator.py
[2023-02-28T15:54:10.764+0000] {processor.py:743} INFO - Processing file /home/airflow/.local/lib/python3.7/site-packages/airflow/example_dags/example_short_circuit_decorator.py for tasks to queue
[2023-02-28T15:54:10.766+0000] {logging_mixin.py:137} INFO - [2023-02-28T15:54:10.766+0000] {dagbag.py:538} INFO - Filling up the DagBag from /home/airflow/.local/lib/python3.7/site-packages/airflow/example_dags/example_short_circuit_decorator.py
[2023-02-28T15:54:10.786+0000] {processor.py:753} INFO - DAG(s) dict_keys(['example_short_circuit_decorator']) retrieved from /home/airflow/.local/lib/python3.7/site-packages/airflow/example_dags/example_short_circuit_decorator.py
[2023-02-28T15:54:10.808+0000] {logging_mixin.py:137} INFO - [2023-02-28T15:54:10.808+0000] {dag.py:2690} INFO - Sync 1 DAGs
[2023-02-28T15:54:10.824+0000] {logging_mixin.py:137} INFO - [2023-02-28T15:54:10.824+0000] {dag.py:3441} INFO - Setting next_dagrun for example_short_circuit_decorator to 2023-02-27T15:54:10.824513+00:00, run_after=2023-02-28T15:54:10.824513+00:00
[2023-02-28T15:54:10.837+0000] {processor.py:175} INFO - Processing /home/airflow/.local/lib/python3.7/site-packages/airflow/example_dags/example_short_circuit_decorator.py took 0.077 seconds
[2023-02-28T15:54:41.705+0000] {processor.py:153} INFO - Started process (PID=1130) to work on /home/airflow/.local/lib/python3.7/site-packages/airflow/example_dags/example_short_circuit_decorator.py
[2023-02-28T15:54:41.707+0000] {processor.py:743} INFO - Processing file /home/airflow/.local/lib/python3.7/site-packages/airflow/example_dags/example_short_circuit_decorator.py for tasks to queue
[2023-02-28T15:54:41.708+0000] {logging_mixin.py:137} INFO - [2023-02-28T15:54:41.708+0000] {dagbag.py:538} INFO - Filling up the DagBag from /home/airflow/.local/lib/python3.7/site-packages/airflow/example_dags/example_short_circuit_decorator.py
[2023-02-28T15:54:41.732+0000] {processor.py:753} INFO - DAG(s) dict_keys(['example_short_circuit_decorator']) retrieved from /home/airflow/.local/lib/python3.7/site-packages/airflow/example_dags/example_short_circuit_decorator.py
[2023-02-28T15:54:41.756+0000] {logging_mixin.py:137} INFO - [2023-02-28T15:54:41.756+0000] {dag.py:2690} INFO - Sync 1 DAGs
[2023-02-28T15:54:41.774+0000] {logging_mixin.py:137} INFO - [2023-02-28T15:54:41.773+0000] {dag.py:3441} INFO - Setting next_dagrun for example_short_circuit_decorator to 2023-02-27T15:54:41.773747+00:00, run_after=2023-02-28T15:54:41.773747+00:00
[2023-02-28T15:54:41.789+0000] {processor.py:175} INFO - Processing /home/airflow/.local/lib/python3.7/site-packages/airflow/example_dags/example_short_circuit_decorator.py took 0.086 seconds
[2023-02-28T15:55:12.433+0000] {processor.py:153} INFO - Started process (PID=1194) to work on /home/airflow/.local/lib/python3.7/site-packages/airflow/example_dags/example_short_circuit_decorator.py
[2023-02-28T15:55:12.435+0000] {processor.py:743} INFO - Processing file /home/airflow/.local/lib/python3.7/site-packages/airflow/example_dags/example_short_circuit_decorator.py for tasks to queue
[2023-02-28T15:55:12.437+0000] {logging_mixin.py:137} INFO - [2023-02-28T15:55:12.437+0000] {dagbag.py:538} INFO - Filling up the DagBag from /home/airflow/.local/lib/python3.7/site-packages/airflow/example_dags/example_short_circuit_decorator.py
[2023-02-28T15:55:12.454+0000] {processor.py:753} INFO - DAG(s) dict_keys(['example_short_circuit_decorator']) retrieved from /home/airflow/.local/lib/python3.7/site-packages/airflow/example_dags/example_short_circuit_decorator.py
[2023-02-28T15:55:12.478+0000] {logging_mixin.py:137} INFO - [2023-02-28T15:55:12.478+0000] {dag.py:2690} INFO - Sync 1 DAGs
[2023-02-28T15:55:12.496+0000] {logging_mixin.py:137} INFO - [2023-02-28T15:55:12.496+0000] {dag.py:3441} INFO - Setting next_dagrun for example_short_circuit_decorator to 2023-02-27T15:55:12.495843+00:00, run_after=2023-02-28T15:55:12.495843+00:00
[2023-02-28T15:55:12.510+0000] {processor.py:175} INFO - Processing /home/airflow/.local/lib/python3.7/site-packages/airflow/example_dags/example_short_circuit_decorator.py took 0.080 seconds
[2023-02-28T15:55:43.250+0000] {processor.py:153} INFO - Started process (PID=1269) to work on /home/airflow/.local/lib/python3.7/site-packages/airflow/example_dags/example_short_circuit_decorator.py
[2023-02-28T15:55:43.254+0000] {processor.py:743} INFO - Processing file /home/airflow/.local/lib/python3.7/site-packages/airflow/example_dags/example_short_circuit_decorator.py for tasks to queue
[2023-02-28T15:55:43.256+0000] {logging_mixin.py:137} INFO - [2023-02-28T15:55:43.256+0000] {dagbag.py:538} INFO - Filling up the DagBag from /home/airflow/.local/lib/python3.7/site-packages/airflow/example_dags/example_short_circuit_decorator.py
[2023-02-28T15:55:43.275+0000] {processor.py:753} INFO - DAG(s) dict_keys(['example_short_circuit_decorator']) retrieved from /home/airflow/.local/lib/python3.7/site-packages/airflow/example_dags/example_short_circuit_decorator.py
[2023-02-28T15:55:43.300+0000] {logging_mixin.py:137} INFO - [2023-02-28T15:55:43.300+0000] {dag.py:2690} INFO - Sync 1 DAGs
[2023-02-28T15:55:43.319+0000] {logging_mixin.py:137} INFO - [2023-02-28T15:55:43.319+0000] {dag.py:3441} INFO - Setting next_dagrun for example_short_circuit_decorator to 2023-02-27T15:55:43.318992+00:00, run_after=2023-02-28T15:55:43.318992+00:00
[2023-02-28T15:55:43.338+0000] {processor.py:175} INFO - Processing /home/airflow/.local/lib/python3.7/site-packages/airflow/example_dags/example_short_circuit_decorator.py took 0.091 seconds
[2023-02-28T15:56:14.495+0000] {processor.py:153} INFO - Started process (PID=1344) to work on /home/airflow/.local/lib/python3.7/site-packages/airflow/example_dags/example_short_circuit_decorator.py
[2023-02-28T15:56:14.497+0000] {processor.py:743} INFO - Processing file /home/airflow/.local/lib/python3.7/site-packages/airflow/example_dags/example_short_circuit_decorator.py for tasks to queue
[2023-02-28T15:56:14.499+0000] {logging_mixin.py:137} INFO - [2023-02-28T15:56:14.499+0000] {dagbag.py:538} INFO - Filling up the DagBag from /home/airflow/.local/lib/python3.7/site-packages/airflow/example_dags/example_short_circuit_decorator.py
[2023-02-28T15:56:14.516+0000] {processor.py:753} INFO - DAG(s) dict_keys(['example_short_circuit_decorator']) retrieved from /home/airflow/.local/lib/python3.7/site-packages/airflow/example_dags/example_short_circuit_decorator.py
[2023-02-28T15:56:14.540+0000] {logging_mixin.py:137} INFO - [2023-02-28T15:56:14.540+0000] {dag.py:2690} INFO - Sync 1 DAGs
[2023-02-28T15:56:14.557+0000] {logging_mixin.py:137} INFO - [2023-02-28T15:56:14.557+0000] {dag.py:3441} INFO - Setting next_dagrun for example_short_circuit_decorator to 2023-02-27T15:56:14.556948+00:00, run_after=2023-02-28T15:56:14.556948+00:00
[2023-02-28T15:56:14.568+0000] {processor.py:175} INFO - Processing /home/airflow/.local/lib/python3.7/site-packages/airflow/example_dags/example_short_circuit_decorator.py took 0.077 seconds
[2023-02-28T15:56:45.198+0000] {processor.py:153} INFO - Started process (PID=1406) to work on /home/airflow/.local/lib/python3.7/site-packages/airflow/example_dags/example_short_circuit_decorator.py
[2023-02-28T15:56:45.200+0000] {processor.py:743} INFO - Processing file /home/airflow/.local/lib/python3.7/site-packages/airflow/example_dags/example_short_circuit_decorator.py for tasks to queue
[2023-02-28T15:56:45.201+0000] {logging_mixin.py:137} INFO - [2023-02-28T15:56:45.201+0000] {dagbag.py:538} INFO - Filling up the DagBag from /home/airflow/.local/lib/python3.7/site-packages/airflow/example_dags/example_short_circuit_decorator.py
[2023-02-28T15:56:45.220+0000] {processor.py:753} INFO - DAG(s) dict_keys(['example_short_circuit_decorator']) retrieved from /home/airflow/.local/lib/python3.7/site-packages/airflow/example_dags/example_short_circuit_decorator.py
[2023-02-28T15:56:45.244+0000] {logging_mixin.py:137} INFO - [2023-02-28T15:56:45.244+0000] {dag.py:2690} INFO - Sync 1 DAGs
[2023-02-28T15:56:45.262+0000] {logging_mixin.py:137} INFO - [2023-02-28T15:56:45.262+0000] {dag.py:3441} INFO - Setting next_dagrun for example_short_circuit_decorator to 2023-02-27T15:56:45.261983+00:00, run_after=2023-02-28T15:56:45.261983+00:00
[2023-02-28T15:56:45.278+0000] {processor.py:175} INFO - Processing /home/airflow/.local/lib/python3.7/site-packages/airflow/example_dags/example_short_circuit_decorator.py took 0.083 seconds
[2023-02-28T15:57:16.152+0000] {processor.py:153} INFO - Started process (PID=1481) to work on /home/airflow/.local/lib/python3.7/site-packages/airflow/example_dags/example_short_circuit_decorator.py
[2023-02-28T15:57:16.154+0000] {processor.py:743} INFO - Processing file /home/airflow/.local/lib/python3.7/site-packages/airflow/example_dags/example_short_circuit_decorator.py for tasks to queue
[2023-02-28T15:57:16.156+0000] {logging_mixin.py:137} INFO - [2023-02-28T15:57:16.156+0000] {dagbag.py:538} INFO - Filling up the DagBag from /home/airflow/.local/lib/python3.7/site-packages/airflow/example_dags/example_short_circuit_decorator.py
[2023-02-28T15:57:16.172+0000] {processor.py:753} INFO - DAG(s) dict_keys(['example_short_circuit_decorator']) retrieved from /home/airflow/.local/lib/python3.7/site-packages/airflow/example_dags/example_short_circuit_decorator.py
[2023-02-28T15:57:16.193+0000] {logging_mixin.py:137} INFO - [2023-02-28T15:57:16.193+0000] {dag.py:2690} INFO - Sync 1 DAGs
[2023-02-28T15:57:16.210+0000] {logging_mixin.py:137} INFO - [2023-02-28T15:57:16.209+0000] {dag.py:3441} INFO - Setting next_dagrun for example_short_circuit_decorator to 2023-02-27T15:57:16.209722+00:00, run_after=2023-02-28T15:57:16.209722+00:00
[2023-02-28T15:57:16.221+0000] {processor.py:175} INFO - Processing /home/airflow/.local/lib/python3.7/site-packages/airflow/example_dags/example_short_circuit_decorator.py took 0.073 seconds
[2023-02-28T15:57:46.970+0000] {processor.py:153} INFO - Started process (PID=1556) to work on /home/airflow/.local/lib/python3.7/site-packages/airflow/example_dags/example_short_circuit_decorator.py
[2023-02-28T15:57:46.972+0000] {processor.py:743} INFO - Processing file /home/airflow/.local/lib/python3.7/site-packages/airflow/example_dags/example_short_circuit_decorator.py for tasks to queue
[2023-02-28T15:57:46.973+0000] {logging_mixin.py:137} INFO - [2023-02-28T15:57:46.973+0000] {dagbag.py:538} INFO - Filling up the DagBag from /home/airflow/.local/lib/python3.7/site-packages/airflow/example_dags/example_short_circuit_decorator.py
[2023-02-28T15:57:46.990+0000] {processor.py:753} INFO - DAG(s) dict_keys(['example_short_circuit_decorator']) retrieved from /home/airflow/.local/lib/python3.7/site-packages/airflow/example_dags/example_short_circuit_decorator.py
[2023-02-28T15:57:47.013+0000] {logging_mixin.py:137} INFO - [2023-02-28T15:57:47.013+0000] {dag.py:2690} INFO - Sync 1 DAGs
[2023-02-28T15:57:47.029+0000] {logging_mixin.py:137} INFO - [2023-02-28T15:57:47.029+0000] {dag.py:3441} INFO - Setting next_dagrun for example_short_circuit_decorator to 2023-02-27T15:57:47.029398+00:00, run_after=2023-02-28T15:57:47.029398+00:00
[2023-02-28T15:57:47.043+0000] {processor.py:175} INFO - Processing /home/airflow/.local/lib/python3.7/site-packages/airflow/example_dags/example_short_circuit_decorator.py took 0.076 seconds
[2023-02-28T15:58:17.699+0000] {processor.py:153} INFO - Started process (PID=1620) to work on /home/airflow/.local/lib/python3.7/site-packages/airflow/example_dags/example_short_circuit_decorator.py
[2023-02-28T15:58:17.701+0000] {processor.py:743} INFO - Processing file /home/airflow/.local/lib/python3.7/site-packages/airflow/example_dags/example_short_circuit_decorator.py for tasks to queue
[2023-02-28T15:58:17.703+0000] {logging_mixin.py:137} INFO - [2023-02-28T15:58:17.703+0000] {dagbag.py:538} INFO - Filling up the DagBag from /home/airflow/.local/lib/python3.7/site-packages/airflow/example_dags/example_short_circuit_decorator.py
[2023-02-28T15:58:17.720+0000] {processor.py:753} INFO - DAG(s) dict_keys(['example_short_circuit_decorator']) retrieved from /home/airflow/.local/lib/python3.7/site-packages/airflow/example_dags/example_short_circuit_decorator.py
[2023-02-28T15:58:17.743+0000] {logging_mixin.py:137} INFO - [2023-02-28T15:58:17.743+0000] {dag.py:2690} INFO - Sync 1 DAGs
[2023-02-28T15:58:17.759+0000] {logging_mixin.py:137} INFO - [2023-02-28T15:58:17.759+0000] {dag.py:3441} INFO - Setting next_dagrun for example_short_circuit_decorator to 2023-02-27T15:58:17.759181+00:00, run_after=2023-02-28T15:58:17.759181+00:00
[2023-02-28T15:58:17.774+0000] {processor.py:175} INFO - Processing /home/airflow/.local/lib/python3.7/site-packages/airflow/example_dags/example_short_circuit_decorator.py took 0.077 seconds
[2023-02-28T15:58:48.549+0000] {processor.py:153} INFO - Started process (PID=1694) to work on /home/airflow/.local/lib/python3.7/site-packages/airflow/example_dags/example_short_circuit_decorator.py
[2023-02-28T15:58:48.551+0000] {processor.py:743} INFO - Processing file /home/airflow/.local/lib/python3.7/site-packages/airflow/example_dags/example_short_circuit_decorator.py for tasks to queue
[2023-02-28T15:58:48.552+0000] {logging_mixin.py:137} INFO - [2023-02-28T15:58:48.552+0000] {dagbag.py:538} INFO - Filling up the DagBag from /home/airflow/.local/lib/python3.7/site-packages/airflow/example_dags/example_short_circuit_decorator.py
[2023-02-28T15:58:48.578+0000] {processor.py:753} INFO - DAG(s) dict_keys(['example_short_circuit_decorator']) retrieved from /home/airflow/.local/lib/python3.7/site-packages/airflow/example_dags/example_short_circuit_decorator.py
[2023-02-28T15:58:48.604+0000] {logging_mixin.py:137} INFO - [2023-02-28T15:58:48.604+0000] {dag.py:2690} INFO - Sync 1 DAGs
[2023-02-28T15:58:48.626+0000] {logging_mixin.py:137} INFO - [2023-02-28T15:58:48.626+0000] {dag.py:3441} INFO - Setting next_dagrun for example_short_circuit_decorator to 2023-02-27T15:58:48.626479+00:00, run_after=2023-02-28T15:58:48.626479+00:00
[2023-02-28T15:58:48.639+0000] {processor.py:175} INFO - Processing /home/airflow/.local/lib/python3.7/site-packages/airflow/example_dags/example_short_circuit_decorator.py took 0.093 seconds
