[2023-02-28T15:46:59.377+0000] {processor.py:153} INFO - Started process (PID=65) to work on /home/airflow/.local/lib/python3.7/site-packages/airflow/example_dags/tutorial_dag.py
[2023-02-28T15:46:59.379+0000] {processor.py:743} INFO - Processing file /home/airflow/.local/lib/python3.7/site-packages/airflow/example_dags/tutorial_dag.py for tasks to queue
[2023-02-28T15:46:59.381+0000] {logging_mixin.py:137} INFO - [2023-02-28T15:46:59.381+0000] {dagbag.py:538} INFO - Filling up the DagBag from /home/airflow/.local/lib/python3.7/site-packages/airflow/example_dags/tutorial_dag.py
[2023-02-28T15:46:59.410+0000] {processor.py:753} INFO - DAG(s) dict_keys(['tutorial_dag']) retrieved from /home/airflow/.local/lib/python3.7/site-packages/airflow/example_dags/tutorial_dag.py
[2023-02-28T15:46:59.442+0000] {logging_mixin.py:137} INFO - [2023-02-28T15:46:59.441+0000] {dag.py:2690} INFO - Sync 1 DAGs
[2023-02-28T15:46:59.504+0000] {logging_mixin.py:137} INFO - [2023-02-28T15:46:59.504+0000] {dag.py:3441} INFO - Setting next_dagrun for tutorial_dag to None, run_after=None
[2023-02-28T15:46:59.539+0000] {processor.py:175} INFO - Processing /home/airflow/.local/lib/python3.7/site-packages/airflow/example_dags/tutorial_dag.py took 0.167 seconds
[2023-02-28T15:47:29.913+0000] {processor.py:153} INFO - Started process (PID=132) to work on /home/airflow/.local/lib/python3.7/site-packages/airflow/example_dags/tutorial_dag.py
[2023-02-28T15:47:29.915+0000] {processor.py:743} INFO - Processing file /home/airflow/.local/lib/python3.7/site-packages/airflow/example_dags/tutorial_dag.py for tasks to queue
[2023-02-28T15:47:29.916+0000] {logging_mixin.py:137} INFO - [2023-02-28T15:47:29.916+0000] {dagbag.py:538} INFO - Filling up the DagBag from /home/airflow/.local/lib/python3.7/site-packages/airflow/example_dags/tutorial_dag.py
[2023-02-28T15:47:29.931+0000] {processor.py:753} INFO - DAG(s) dict_keys(['tutorial_dag']) retrieved from /home/airflow/.local/lib/python3.7/site-packages/airflow/example_dags/tutorial_dag.py
[2023-02-28T15:47:29.956+0000] {logging_mixin.py:137} INFO - [2023-02-28T15:47:29.956+0000] {dag.py:2690} INFO - Sync 1 DAGs
[2023-02-28T15:47:29.983+0000] {logging_mixin.py:137} INFO - [2023-02-28T15:47:29.983+0000] {dag.py:3441} INFO - Setting next_dagrun for tutorial_dag to None, run_after=None
[2023-02-28T15:47:29.999+0000] {processor.py:175} INFO - Processing /home/airflow/.local/lib/python3.7/site-packages/airflow/example_dags/tutorial_dag.py took 0.089 seconds
[2023-02-28T15:48:00.265+0000] {processor.py:153} INFO - Started process (PID=207) to work on /home/airflow/.local/lib/python3.7/site-packages/airflow/example_dags/tutorial_dag.py
[2023-02-28T15:48:00.268+0000] {processor.py:743} INFO - Processing file /home/airflow/.local/lib/python3.7/site-packages/airflow/example_dags/tutorial_dag.py for tasks to queue
[2023-02-28T15:48:00.269+0000] {logging_mixin.py:137} INFO - [2023-02-28T15:48:00.269+0000] {dagbag.py:538} INFO - Filling up the DagBag from /home/airflow/.local/lib/python3.7/site-packages/airflow/example_dags/tutorial_dag.py
[2023-02-28T15:48:00.279+0000] {processor.py:753} INFO - DAG(s) dict_keys(['tutorial_dag']) retrieved from /home/airflow/.local/lib/python3.7/site-packages/airflow/example_dags/tutorial_dag.py
[2023-02-28T15:48:00.304+0000] {logging_mixin.py:137} INFO - [2023-02-28T15:48:00.304+0000] {dag.py:2690} INFO - Sync 1 DAGs
[2023-02-28T15:48:00.330+0000] {logging_mixin.py:137} INFO - [2023-02-28T15:48:00.330+0000] {dag.py:3441} INFO - Setting next_dagrun for tutorial_dag to None, run_after=None
[2023-02-28T15:48:00.348+0000] {processor.py:175} INFO - Processing /home/airflow/.local/lib/python3.7/site-packages/airflow/example_dags/tutorial_dag.py took 0.086 seconds
[2023-02-28T15:48:30.874+0000] {processor.py:153} INFO - Started process (PID=270) to work on /home/airflow/.local/lib/python3.7/site-packages/airflow/example_dags/tutorial_dag.py
[2023-02-28T15:48:30.876+0000] {processor.py:743} INFO - Processing file /home/airflow/.local/lib/python3.7/site-packages/airflow/example_dags/tutorial_dag.py for tasks to queue
[2023-02-28T15:48:30.878+0000] {logging_mixin.py:137} INFO - [2023-02-28T15:48:30.878+0000] {dagbag.py:538} INFO - Filling up the DagBag from /home/airflow/.local/lib/python3.7/site-packages/airflow/example_dags/tutorial_dag.py
[2023-02-28T15:48:30.889+0000] {processor.py:753} INFO - DAG(s) dict_keys(['tutorial_dag']) retrieved from /home/airflow/.local/lib/python3.7/site-packages/airflow/example_dags/tutorial_dag.py
[2023-02-28T15:48:30.912+0000] {logging_mixin.py:137} INFO - [2023-02-28T15:48:30.911+0000] {dag.py:2690} INFO - Sync 1 DAGs
[2023-02-28T15:48:30.929+0000] {logging_mixin.py:137} INFO - [2023-02-28T15:48:30.929+0000] {dag.py:3441} INFO - Setting next_dagrun for tutorial_dag to None, run_after=None
[2023-02-28T15:48:30.943+0000] {processor.py:175} INFO - Processing /home/airflow/.local/lib/python3.7/site-packages/airflow/example_dags/tutorial_dag.py took 0.072 seconds
[2023-02-28T15:49:01.924+0000] {processor.py:153} INFO - Started process (PID=345) to work on /home/airflow/.local/lib/python3.7/site-packages/airflow/example_dags/tutorial_dag.py
[2023-02-28T15:49:01.926+0000] {processor.py:743} INFO - Processing file /home/airflow/.local/lib/python3.7/site-packages/airflow/example_dags/tutorial_dag.py for tasks to queue
[2023-02-28T15:49:01.928+0000] {logging_mixin.py:137} INFO - [2023-02-28T15:49:01.928+0000] {dagbag.py:538} INFO - Filling up the DagBag from /home/airflow/.local/lib/python3.7/site-packages/airflow/example_dags/tutorial_dag.py
[2023-02-28T15:49:01.941+0000] {processor.py:753} INFO - DAG(s) dict_keys(['tutorial_dag']) retrieved from /home/airflow/.local/lib/python3.7/site-packages/airflow/example_dags/tutorial_dag.py
[2023-02-28T15:49:01.988+0000] {logging_mixin.py:137} INFO - [2023-02-28T15:49:01.988+0000] {dag.py:2690} INFO - Sync 1 DAGs
[2023-02-28T15:49:02.007+0000] {logging_mixin.py:137} INFO - [2023-02-28T15:49:02.007+0000] {dag.py:3441} INFO - Setting next_dagrun for tutorial_dag to None, run_after=None
[2023-02-28T15:49:02.022+0000] {processor.py:175} INFO - Processing /home/airflow/.local/lib/python3.7/site-packages/airflow/example_dags/tutorial_dag.py took 0.101 seconds
[2023-02-28T15:49:32.844+0000] {processor.py:153} INFO - Started process (PID=420) to work on /home/airflow/.local/lib/python3.7/site-packages/airflow/example_dags/tutorial_dag.py
[2023-02-28T15:49:32.846+0000] {processor.py:743} INFO - Processing file /home/airflow/.local/lib/python3.7/site-packages/airflow/example_dags/tutorial_dag.py for tasks to queue
[2023-02-28T15:49:32.847+0000] {logging_mixin.py:137} INFO - [2023-02-28T15:49:32.847+0000] {dagbag.py:538} INFO - Filling up the DagBag from /home/airflow/.local/lib/python3.7/site-packages/airflow/example_dags/tutorial_dag.py
[2023-02-28T15:49:32.858+0000] {processor.py:753} INFO - DAG(s) dict_keys(['tutorial_dag']) retrieved from /home/airflow/.local/lib/python3.7/site-packages/airflow/example_dags/tutorial_dag.py
[2023-02-28T15:49:32.883+0000] {logging_mixin.py:137} INFO - [2023-02-28T15:49:32.883+0000] {dag.py:2690} INFO - Sync 1 DAGs
[2023-02-28T15:49:32.900+0000] {logging_mixin.py:137} INFO - [2023-02-28T15:49:32.900+0000] {dag.py:3441} INFO - Setting next_dagrun for tutorial_dag to None, run_after=None
[2023-02-28T15:49:32.914+0000] {processor.py:175} INFO - Processing /home/airflow/.local/lib/python3.7/site-packages/airflow/example_dags/tutorial_dag.py took 0.074 seconds
[2023-02-28T15:50:03.456+0000] {processor.py:153} INFO - Started process (PID=483) to work on /home/airflow/.local/lib/python3.7/site-packages/airflow/example_dags/tutorial_dag.py
[2023-02-28T15:50:03.458+0000] {processor.py:743} INFO - Processing file /home/airflow/.local/lib/python3.7/site-packages/airflow/example_dags/tutorial_dag.py for tasks to queue
[2023-02-28T15:50:03.460+0000] {logging_mixin.py:137} INFO - [2023-02-28T15:50:03.460+0000] {dagbag.py:538} INFO - Filling up the DagBag from /home/airflow/.local/lib/python3.7/site-packages/airflow/example_dags/tutorial_dag.py
[2023-02-28T15:50:03.471+0000] {processor.py:753} INFO - DAG(s) dict_keys(['tutorial_dag']) retrieved from /home/airflow/.local/lib/python3.7/site-packages/airflow/example_dags/tutorial_dag.py
[2023-02-28T15:50:03.497+0000] {logging_mixin.py:137} INFO - [2023-02-28T15:50:03.497+0000] {dag.py:2690} INFO - Sync 1 DAGs
[2023-02-28T15:50:03.516+0000] {logging_mixin.py:137} INFO - [2023-02-28T15:50:03.516+0000] {dag.py:3441} INFO - Setting next_dagrun for tutorial_dag to None, run_after=None
[2023-02-28T15:50:03.530+0000] {processor.py:175} INFO - Processing /home/airflow/.local/lib/python3.7/site-packages/airflow/example_dags/tutorial_dag.py took 0.078 seconds
[2023-02-28T15:50:34.678+0000] {processor.py:153} INFO - Started process (PID=559) to work on /home/airflow/.local/lib/python3.7/site-packages/airflow/example_dags/tutorial_dag.py
[2023-02-28T15:50:34.680+0000] {processor.py:743} INFO - Processing file /home/airflow/.local/lib/python3.7/site-packages/airflow/example_dags/tutorial_dag.py for tasks to queue
[2023-02-28T15:50:34.681+0000] {logging_mixin.py:137} INFO - [2023-02-28T15:50:34.681+0000] {dagbag.py:538} INFO - Filling up the DagBag from /home/airflow/.local/lib/python3.7/site-packages/airflow/example_dags/tutorial_dag.py
[2023-02-28T15:50:34.693+0000] {processor.py:753} INFO - DAG(s) dict_keys(['tutorial_dag']) retrieved from /home/airflow/.local/lib/python3.7/site-packages/airflow/example_dags/tutorial_dag.py
[2023-02-28T15:50:34.719+0000] {logging_mixin.py:137} INFO - [2023-02-28T15:50:34.719+0000] {dag.py:2690} INFO - Sync 1 DAGs
[2023-02-28T15:50:34.737+0000] {logging_mixin.py:137} INFO - [2023-02-28T15:50:34.737+0000] {dag.py:3441} INFO - Setting next_dagrun for tutorial_dag to None, run_after=None
[2023-02-28T15:50:34.751+0000] {processor.py:175} INFO - Processing /home/airflow/.local/lib/python3.7/site-packages/airflow/example_dags/tutorial_dag.py took 0.077 seconds
[2023-02-28T15:51:05.628+0000] {processor.py:153} INFO - Started process (PID=634) to work on /home/airflow/.local/lib/python3.7/site-packages/airflow/example_dags/tutorial_dag.py
[2023-02-28T15:51:05.630+0000] {processor.py:743} INFO - Processing file /home/airflow/.local/lib/python3.7/site-packages/airflow/example_dags/tutorial_dag.py for tasks to queue
[2023-02-28T15:51:05.631+0000] {logging_mixin.py:137} INFO - [2023-02-28T15:51:05.631+0000] {dagbag.py:538} INFO - Filling up the DagBag from /home/airflow/.local/lib/python3.7/site-packages/airflow/example_dags/tutorial_dag.py
[2023-02-28T15:51:05.644+0000] {processor.py:753} INFO - DAG(s) dict_keys(['tutorial_dag']) retrieved from /home/airflow/.local/lib/python3.7/site-packages/airflow/example_dags/tutorial_dag.py
[2023-02-28T15:51:05.670+0000] {logging_mixin.py:137} INFO - [2023-02-28T15:51:05.669+0000] {dag.py:2690} INFO - Sync 1 DAGs
[2023-02-28T15:51:05.688+0000] {logging_mixin.py:137} INFO - [2023-02-28T15:51:05.688+0000] {dag.py:3441} INFO - Setting next_dagrun for tutorial_dag to None, run_after=None
[2023-02-28T15:51:05.703+0000] {processor.py:175} INFO - Processing /home/airflow/.local/lib/python3.7/site-packages/airflow/example_dags/tutorial_dag.py took 0.078 seconds
[2023-02-28T15:51:36.399+0000] {processor.py:153} INFO - Started process (PID=706) to work on /home/airflow/.local/lib/python3.7/site-packages/airflow/example_dags/tutorial_dag.py
[2023-02-28T15:51:36.401+0000] {processor.py:743} INFO - Processing file /home/airflow/.local/lib/python3.7/site-packages/airflow/example_dags/tutorial_dag.py for tasks to queue
[2023-02-28T15:51:36.402+0000] {logging_mixin.py:137} INFO - [2023-02-28T15:51:36.402+0000] {dagbag.py:538} INFO - Filling up the DagBag from /home/airflow/.local/lib/python3.7/site-packages/airflow/example_dags/tutorial_dag.py
[2023-02-28T15:51:36.413+0000] {processor.py:753} INFO - DAG(s) dict_keys(['tutorial_dag']) retrieved from /home/airflow/.local/lib/python3.7/site-packages/airflow/example_dags/tutorial_dag.py
[2023-02-28T15:51:36.439+0000] {logging_mixin.py:137} INFO - [2023-02-28T15:51:36.438+0000] {dag.py:2690} INFO - Sync 1 DAGs
[2023-02-28T15:51:36.458+0000] {logging_mixin.py:137} INFO - [2023-02-28T15:51:36.458+0000] {dag.py:3441} INFO - Setting next_dagrun for tutorial_dag to None, run_after=None
[2023-02-28T15:51:36.480+0000] {processor.py:175} INFO - Processing /home/airflow/.local/lib/python3.7/site-packages/airflow/example_dags/tutorial_dag.py took 0.084 seconds
[2023-02-28T15:52:07.393+0000] {processor.py:153} INFO - Started process (PID=772) to work on /home/airflow/.local/lib/python3.7/site-packages/airflow/example_dags/tutorial_dag.py
[2023-02-28T15:52:07.395+0000] {processor.py:743} INFO - Processing file /home/airflow/.local/lib/python3.7/site-packages/airflow/example_dags/tutorial_dag.py for tasks to queue
[2023-02-28T15:52:07.396+0000] {logging_mixin.py:137} INFO - [2023-02-28T15:52:07.396+0000] {dagbag.py:538} INFO - Filling up the DagBag from /home/airflow/.local/lib/python3.7/site-packages/airflow/example_dags/tutorial_dag.py
[2023-02-28T15:52:07.407+0000] {processor.py:753} INFO - DAG(s) dict_keys(['tutorial_dag']) retrieved from /home/airflow/.local/lib/python3.7/site-packages/airflow/example_dags/tutorial_dag.py
[2023-02-28T15:52:07.435+0000] {logging_mixin.py:137} INFO - [2023-02-28T15:52:07.435+0000] {dag.py:2690} INFO - Sync 1 DAGs
[2023-02-28T15:52:07.457+0000] {logging_mixin.py:137} INFO - [2023-02-28T15:52:07.457+0000] {dag.py:3441} INFO - Setting next_dagrun for tutorial_dag to None, run_after=None
[2023-02-28T15:52:07.471+0000] {processor.py:175} INFO - Processing /home/airflow/.local/lib/python3.7/site-packages/airflow/example_dags/tutorial_dag.py took 0.082 seconds
[2023-02-28T15:52:38.133+0000] {processor.py:153} INFO - Started process (PID=847) to work on /home/airflow/.local/lib/python3.7/site-packages/airflow/example_dags/tutorial_dag.py
[2023-02-28T15:52:38.136+0000] {processor.py:743} INFO - Processing file /home/airflow/.local/lib/python3.7/site-packages/airflow/example_dags/tutorial_dag.py for tasks to queue
[2023-02-28T15:52:38.137+0000] {logging_mixin.py:137} INFO - [2023-02-28T15:52:38.137+0000] {dagbag.py:538} INFO - Filling up the DagBag from /home/airflow/.local/lib/python3.7/site-packages/airflow/example_dags/tutorial_dag.py
[2023-02-28T15:52:38.151+0000] {processor.py:753} INFO - DAG(s) dict_keys(['tutorial_dag']) retrieved from /home/airflow/.local/lib/python3.7/site-packages/airflow/example_dags/tutorial_dag.py
[2023-02-28T15:52:38.173+0000] {logging_mixin.py:137} INFO - [2023-02-28T15:52:38.173+0000] {dag.py:2690} INFO - Sync 1 DAGs
[2023-02-28T15:52:38.189+0000] {logging_mixin.py:137} INFO - [2023-02-28T15:52:38.189+0000] {dag.py:3441} INFO - Setting next_dagrun for tutorial_dag to None, run_after=None
[2023-02-28T15:52:38.203+0000] {processor.py:175} INFO - Processing /home/airflow/.local/lib/python3.7/site-packages/airflow/example_dags/tutorial_dag.py took 0.073 seconds
[2023-02-28T15:53:09.230+0000] {processor.py:153} INFO - Started process (PID=922) to work on /home/airflow/.local/lib/python3.7/site-packages/airflow/example_dags/tutorial_dag.py
[2023-02-28T15:53:09.232+0000] {processor.py:743} INFO - Processing file /home/airflow/.local/lib/python3.7/site-packages/airflow/example_dags/tutorial_dag.py for tasks to queue
[2023-02-28T15:53:09.234+0000] {logging_mixin.py:137} INFO - [2023-02-28T15:53:09.234+0000] {dagbag.py:538} INFO - Filling up the DagBag from /home/airflow/.local/lib/python3.7/site-packages/airflow/example_dags/tutorial_dag.py
[2023-02-28T15:53:09.245+0000] {processor.py:753} INFO - DAG(s) dict_keys(['tutorial_dag']) retrieved from /home/airflow/.local/lib/python3.7/site-packages/airflow/example_dags/tutorial_dag.py
[2023-02-28T15:53:09.269+0000] {logging_mixin.py:137} INFO - [2023-02-28T15:53:09.269+0000] {dag.py:2690} INFO - Sync 1 DAGs
[2023-02-28T15:53:09.291+0000] {logging_mixin.py:137} INFO - [2023-02-28T15:53:09.290+0000] {dag.py:3441} INFO - Setting next_dagrun for tutorial_dag to None, run_after=None
[2023-02-28T15:53:09.305+0000] {processor.py:175} INFO - Processing /home/airflow/.local/lib/python3.7/site-packages/airflow/example_dags/tutorial_dag.py took 0.077 seconds
[2023-02-28T15:53:39.981+0000] {processor.py:153} INFO - Started process (PID=985) to work on /home/airflow/.local/lib/python3.7/site-packages/airflow/example_dags/tutorial_dag.py
[2023-02-28T15:53:39.984+0000] {processor.py:743} INFO - Processing file /home/airflow/.local/lib/python3.7/site-packages/airflow/example_dags/tutorial_dag.py for tasks to queue
[2023-02-28T15:53:39.986+0000] {logging_mixin.py:137} INFO - [2023-02-28T15:53:39.986+0000] {dagbag.py:538} INFO - Filling up the DagBag from /home/airflow/.local/lib/python3.7/site-packages/airflow/example_dags/tutorial_dag.py
[2023-02-28T15:53:39.997+0000] {processor.py:753} INFO - DAG(s) dict_keys(['tutorial_dag']) retrieved from /home/airflow/.local/lib/python3.7/site-packages/airflow/example_dags/tutorial_dag.py
[2023-02-28T15:53:40.021+0000] {logging_mixin.py:137} INFO - [2023-02-28T15:53:40.021+0000] {dag.py:2690} INFO - Sync 1 DAGs
[2023-02-28T15:53:40.037+0000] {logging_mixin.py:137} INFO - [2023-02-28T15:53:40.037+0000] {dag.py:3441} INFO - Setting next_dagrun for tutorial_dag to None, run_after=None
[2023-02-28T15:53:40.049+0000] {processor.py:175} INFO - Processing /home/airflow/.local/lib/python3.7/site-packages/airflow/example_dags/tutorial_dag.py took 0.071 seconds
[2023-02-28T15:54:11.014+0000] {processor.py:153} INFO - Started process (PID=1059) to work on /home/airflow/.local/lib/python3.7/site-packages/airflow/example_dags/tutorial_dag.py
[2023-02-28T15:54:11.016+0000] {processor.py:743} INFO - Processing file /home/airflow/.local/lib/python3.7/site-packages/airflow/example_dags/tutorial_dag.py for tasks to queue
[2023-02-28T15:54:11.017+0000] {logging_mixin.py:137} INFO - [2023-02-28T15:54:11.017+0000] {dagbag.py:538} INFO - Filling up the DagBag from /home/airflow/.local/lib/python3.7/site-packages/airflow/example_dags/tutorial_dag.py
[2023-02-28T15:54:11.028+0000] {processor.py:753} INFO - DAG(s) dict_keys(['tutorial_dag']) retrieved from /home/airflow/.local/lib/python3.7/site-packages/airflow/example_dags/tutorial_dag.py
[2023-02-28T15:54:11.052+0000] {logging_mixin.py:137} INFO - [2023-02-28T15:54:11.052+0000] {dag.py:2690} INFO - Sync 1 DAGs
[2023-02-28T15:54:11.069+0000] {logging_mixin.py:137} INFO - [2023-02-28T15:54:11.069+0000] {dag.py:3441} INFO - Setting next_dagrun for tutorial_dag to None, run_after=None
[2023-02-28T15:54:11.083+0000] {processor.py:175} INFO - Processing /home/airflow/.local/lib/python3.7/site-packages/airflow/example_dags/tutorial_dag.py took 0.072 seconds
[2023-02-28T15:54:41.894+0000] {processor.py:153} INFO - Started process (PID=1133) to work on /home/airflow/.local/lib/python3.7/site-packages/airflow/example_dags/tutorial_dag.py
[2023-02-28T15:54:41.896+0000] {processor.py:743} INFO - Processing file /home/airflow/.local/lib/python3.7/site-packages/airflow/example_dags/tutorial_dag.py for tasks to queue
[2023-02-28T15:54:41.897+0000] {logging_mixin.py:137} INFO - [2023-02-28T15:54:41.897+0000] {dagbag.py:538} INFO - Filling up the DagBag from /home/airflow/.local/lib/python3.7/site-packages/airflow/example_dags/tutorial_dag.py
[2023-02-28T15:54:41.912+0000] {processor.py:753} INFO - DAG(s) dict_keys(['tutorial_dag']) retrieved from /home/airflow/.local/lib/python3.7/site-packages/airflow/example_dags/tutorial_dag.py
[2023-02-28T15:54:41.939+0000] {logging_mixin.py:137} INFO - [2023-02-28T15:54:41.938+0000] {dag.py:2690} INFO - Sync 1 DAGs
[2023-02-28T15:54:41.961+0000] {logging_mixin.py:137} INFO - [2023-02-28T15:54:41.960+0000] {dag.py:3441} INFO - Setting next_dagrun for tutorial_dag to None, run_after=None
[2023-02-28T15:54:41.975+0000] {processor.py:175} INFO - Processing /home/airflow/.local/lib/python3.7/site-packages/airflow/example_dags/tutorial_dag.py took 0.084 seconds
[2023-02-28T15:55:12.682+0000] {processor.py:153} INFO - Started process (PID=1197) to work on /home/airflow/.local/lib/python3.7/site-packages/airflow/example_dags/tutorial_dag.py
[2023-02-28T15:55:12.684+0000] {processor.py:743} INFO - Processing file /home/airflow/.local/lib/python3.7/site-packages/airflow/example_dags/tutorial_dag.py for tasks to queue
[2023-02-28T15:55:12.685+0000] {logging_mixin.py:137} INFO - [2023-02-28T15:55:12.685+0000] {dagbag.py:538} INFO - Filling up the DagBag from /home/airflow/.local/lib/python3.7/site-packages/airflow/example_dags/tutorial_dag.py
[2023-02-28T15:55:12.698+0000] {processor.py:753} INFO - DAG(s) dict_keys(['tutorial_dag']) retrieved from /home/airflow/.local/lib/python3.7/site-packages/airflow/example_dags/tutorial_dag.py
[2023-02-28T15:55:12.725+0000] {logging_mixin.py:137} INFO - [2023-02-28T15:55:12.724+0000] {dag.py:2690} INFO - Sync 1 DAGs
[2023-02-28T15:55:12.742+0000] {logging_mixin.py:137} INFO - [2023-02-28T15:55:12.741+0000] {dag.py:3441} INFO - Setting next_dagrun for tutorial_dag to None, run_after=None
[2023-02-28T15:55:12.756+0000] {processor.py:175} INFO - Processing /home/airflow/.local/lib/python3.7/site-packages/airflow/example_dags/tutorial_dag.py took 0.077 seconds
[2023-02-28T15:55:43.483+0000] {processor.py:153} INFO - Started process (PID=1272) to work on /home/airflow/.local/lib/python3.7/site-packages/airflow/example_dags/tutorial_dag.py
[2023-02-28T15:55:43.485+0000] {processor.py:743} INFO - Processing file /home/airflow/.local/lib/python3.7/site-packages/airflow/example_dags/tutorial_dag.py for tasks to queue
[2023-02-28T15:55:43.486+0000] {logging_mixin.py:137} INFO - [2023-02-28T15:55:43.486+0000] {dagbag.py:538} INFO - Filling up the DagBag from /home/airflow/.local/lib/python3.7/site-packages/airflow/example_dags/tutorial_dag.py
[2023-02-28T15:55:43.497+0000] {processor.py:753} INFO - DAG(s) dict_keys(['tutorial_dag']) retrieved from /home/airflow/.local/lib/python3.7/site-packages/airflow/example_dags/tutorial_dag.py
[2023-02-28T15:55:43.521+0000] {logging_mixin.py:137} INFO - [2023-02-28T15:55:43.521+0000] {dag.py:2690} INFO - Sync 1 DAGs
[2023-02-28T15:55:43.540+0000] {logging_mixin.py:137} INFO - [2023-02-28T15:55:43.540+0000] {dag.py:3441} INFO - Setting next_dagrun for tutorial_dag to None, run_after=None
[2023-02-28T15:55:43.553+0000] {processor.py:175} INFO - Processing /home/airflow/.local/lib/python3.7/site-packages/airflow/example_dags/tutorial_dag.py took 0.073 seconds
[2023-02-28T15:56:14.746+0000] {processor.py:153} INFO - Started process (PID=1347) to work on /home/airflow/.local/lib/python3.7/site-packages/airflow/example_dags/tutorial_dag.py
[2023-02-28T15:56:14.749+0000] {processor.py:743} INFO - Processing file /home/airflow/.local/lib/python3.7/site-packages/airflow/example_dags/tutorial_dag.py for tasks to queue
[2023-02-28T15:56:14.751+0000] {logging_mixin.py:137} INFO - [2023-02-28T15:56:14.751+0000] {dagbag.py:538} INFO - Filling up the DagBag from /home/airflow/.local/lib/python3.7/site-packages/airflow/example_dags/tutorial_dag.py
[2023-02-28T15:56:14.764+0000] {processor.py:753} INFO - DAG(s) dict_keys(['tutorial_dag']) retrieved from /home/airflow/.local/lib/python3.7/site-packages/airflow/example_dags/tutorial_dag.py
[2023-02-28T15:56:14.789+0000] {logging_mixin.py:137} INFO - [2023-02-28T15:56:14.789+0000] {dag.py:2690} INFO - Sync 1 DAGs
[2023-02-28T15:56:14.806+0000] {logging_mixin.py:137} INFO - [2023-02-28T15:56:14.806+0000] {dag.py:3441} INFO - Setting next_dagrun for tutorial_dag to None, run_after=None
[2023-02-28T15:56:14.821+0000] {processor.py:175} INFO - Processing /home/airflow/.local/lib/python3.7/site-packages/airflow/example_dags/tutorial_dag.py took 0.078 seconds
[2023-02-28T15:56:45.425+0000] {processor.py:153} INFO - Started process (PID=1409) to work on /home/airflow/.local/lib/python3.7/site-packages/airflow/example_dags/tutorial_dag.py
[2023-02-28T15:56:45.426+0000] {processor.py:743} INFO - Processing file /home/airflow/.local/lib/python3.7/site-packages/airflow/example_dags/tutorial_dag.py for tasks to queue
[2023-02-28T15:56:45.427+0000] {logging_mixin.py:137} INFO - [2023-02-28T15:56:45.427+0000] {dagbag.py:538} INFO - Filling up the DagBag from /home/airflow/.local/lib/python3.7/site-packages/airflow/example_dags/tutorial_dag.py
[2023-02-28T15:56:45.437+0000] {processor.py:753} INFO - DAG(s) dict_keys(['tutorial_dag']) retrieved from /home/airflow/.local/lib/python3.7/site-packages/airflow/example_dags/tutorial_dag.py
[2023-02-28T15:56:45.461+0000] {logging_mixin.py:137} INFO - [2023-02-28T15:56:45.461+0000] {dag.py:2690} INFO - Sync 1 DAGs
[2023-02-28T15:56:45.477+0000] {logging_mixin.py:137} INFO - [2023-02-28T15:56:45.477+0000] {dag.py:3441} INFO - Setting next_dagrun for tutorial_dag to None, run_after=None
[2023-02-28T15:56:45.488+0000] {processor.py:175} INFO - Processing /home/airflow/.local/lib/python3.7/site-packages/airflow/example_dags/tutorial_dag.py took 0.066 seconds
[2023-02-28T15:57:16.375+0000] {processor.py:153} INFO - Started process (PID=1484) to work on /home/airflow/.local/lib/python3.7/site-packages/airflow/example_dags/tutorial_dag.py
[2023-02-28T15:57:16.377+0000] {processor.py:743} INFO - Processing file /home/airflow/.local/lib/python3.7/site-packages/airflow/example_dags/tutorial_dag.py for tasks to queue
[2023-02-28T15:57:16.378+0000] {logging_mixin.py:137} INFO - [2023-02-28T15:57:16.378+0000] {dagbag.py:538} INFO - Filling up the DagBag from /home/airflow/.local/lib/python3.7/site-packages/airflow/example_dags/tutorial_dag.py
[2023-02-28T15:57:16.389+0000] {processor.py:753} INFO - DAG(s) dict_keys(['tutorial_dag']) retrieved from /home/airflow/.local/lib/python3.7/site-packages/airflow/example_dags/tutorial_dag.py
[2023-02-28T15:57:16.416+0000] {logging_mixin.py:137} INFO - [2023-02-28T15:57:16.416+0000] {dag.py:2690} INFO - Sync 1 DAGs
[2023-02-28T15:57:16.435+0000] {logging_mixin.py:137} INFO - [2023-02-28T15:57:16.435+0000] {dag.py:3441} INFO - Setting next_dagrun for tutorial_dag to None, run_after=None
[2023-02-28T15:57:16.449+0000] {processor.py:175} INFO - Processing /home/airflow/.local/lib/python3.7/site-packages/airflow/example_dags/tutorial_dag.py took 0.077 seconds
[2023-02-28T15:57:47.192+0000] {processor.py:153} INFO - Started process (PID=1559) to work on /home/airflow/.local/lib/python3.7/site-packages/airflow/example_dags/tutorial_dag.py
[2023-02-28T15:57:47.193+0000] {processor.py:743} INFO - Processing file /home/airflow/.local/lib/python3.7/site-packages/airflow/example_dags/tutorial_dag.py for tasks to queue
[2023-02-28T15:57:47.195+0000] {logging_mixin.py:137} INFO - [2023-02-28T15:57:47.195+0000] {dagbag.py:538} INFO - Filling up the DagBag from /home/airflow/.local/lib/python3.7/site-packages/airflow/example_dags/tutorial_dag.py
[2023-02-28T15:57:47.207+0000] {processor.py:753} INFO - DAG(s) dict_keys(['tutorial_dag']) retrieved from /home/airflow/.local/lib/python3.7/site-packages/airflow/example_dags/tutorial_dag.py
[2023-02-28T15:57:47.232+0000] {logging_mixin.py:137} INFO - [2023-02-28T15:57:47.232+0000] {dag.py:2690} INFO - Sync 1 DAGs
[2023-02-28T15:57:47.251+0000] {logging_mixin.py:137} INFO - [2023-02-28T15:57:47.251+0000] {dag.py:3441} INFO - Setting next_dagrun for tutorial_dag to None, run_after=None
[2023-02-28T15:57:47.266+0000] {processor.py:175} INFO - Processing /home/airflow/.local/lib/python3.7/site-packages/airflow/example_dags/tutorial_dag.py took 0.078 seconds
[2023-02-28T15:58:17.928+0000] {processor.py:153} INFO - Started process (PID=1623) to work on /home/airflow/.local/lib/python3.7/site-packages/airflow/example_dags/tutorial_dag.py
[2023-02-28T15:58:17.929+0000] {processor.py:743} INFO - Processing file /home/airflow/.local/lib/python3.7/site-packages/airflow/example_dags/tutorial_dag.py for tasks to queue
[2023-02-28T15:58:17.931+0000] {logging_mixin.py:137} INFO - [2023-02-28T15:58:17.931+0000] {dagbag.py:538} INFO - Filling up the DagBag from /home/airflow/.local/lib/python3.7/site-packages/airflow/example_dags/tutorial_dag.py
[2023-02-28T15:58:17.943+0000] {processor.py:753} INFO - DAG(s) dict_keys(['tutorial_dag']) retrieved from /home/airflow/.local/lib/python3.7/site-packages/airflow/example_dags/tutorial_dag.py
[2023-02-28T15:58:17.970+0000] {logging_mixin.py:137} INFO - [2023-02-28T15:58:17.970+0000] {dag.py:2690} INFO - Sync 1 DAGs
[2023-02-28T15:58:17.988+0000] {logging_mixin.py:137} INFO - [2023-02-28T15:58:17.988+0000] {dag.py:3441} INFO - Setting next_dagrun for tutorial_dag to None, run_after=None
[2023-02-28T15:58:18.002+0000] {processor.py:175} INFO - Processing /home/airflow/.local/lib/python3.7/site-packages/airflow/example_dags/tutorial_dag.py took 0.078 seconds
[2023-02-28T15:58:48.723+0000] {processor.py:153} INFO - Started process (PID=1697) to work on /home/airflow/.local/lib/python3.7/site-packages/airflow/example_dags/tutorial_dag.py
[2023-02-28T15:58:48.724+0000] {processor.py:743} INFO - Processing file /home/airflow/.local/lib/python3.7/site-packages/airflow/example_dags/tutorial_dag.py for tasks to queue
[2023-02-28T15:58:48.725+0000] {logging_mixin.py:137} INFO - [2023-02-28T15:58:48.725+0000] {dagbag.py:538} INFO - Filling up the DagBag from /home/airflow/.local/lib/python3.7/site-packages/airflow/example_dags/tutorial_dag.py
[2023-02-28T15:58:48.736+0000] {processor.py:753} INFO - DAG(s) dict_keys(['tutorial_dag']) retrieved from /home/airflow/.local/lib/python3.7/site-packages/airflow/example_dags/tutorial_dag.py
[2023-02-28T15:58:48.760+0000] {logging_mixin.py:137} INFO - [2023-02-28T15:58:48.760+0000] {dag.py:2690} INFO - Sync 1 DAGs
[2023-02-28T15:58:48.779+0000] {logging_mixin.py:137} INFO - [2023-02-28T15:58:48.779+0000] {dag.py:3441} INFO - Setting next_dagrun for tutorial_dag to None, run_after=None
[2023-02-28T15:58:48.796+0000] {processor.py:175} INFO - Processing /home/airflow/.local/lib/python3.7/site-packages/airflow/example_dags/tutorial_dag.py took 0.077 seconds
