[2023-02-28T15:46:57.756+0000] {processor.py:153} INFO - Started process (PID=45) to work on /home/airflow/.local/lib/python3.7/site-packages/airflow/example_dags/tutorial.py
[2023-02-28T15:46:57.764+0000] {processor.py:743} INFO - Processing file /home/airflow/.local/lib/python3.7/site-packages/airflow/example_dags/tutorial.py for tasks to queue
[2023-02-28T15:46:57.766+0000] {logging_mixin.py:137} INFO - [2023-02-28T15:46:57.766+0000] {dagbag.py:538} INFO - Filling up the DagBag from /home/airflow/.local/lib/python3.7/site-packages/airflow/example_dags/tutorial.py
[2023-02-28T15:46:57.785+0000] {processor.py:753} INFO - DAG(s) dict_keys(['tutorial']) retrieved from /home/airflow/.local/lib/python3.7/site-packages/airflow/example_dags/tutorial.py
[2023-02-28T15:46:57.810+0000] {logging_mixin.py:137} INFO - [2023-02-28T15:46:57.809+0000] {dag.py:2690} INFO - Sync 1 DAGs
[2023-02-28T15:46:57.859+0000] {logging_mixin.py:137} INFO - [2023-02-28T15:46:57.859+0000] {dag.py:3441} INFO - Setting next_dagrun for tutorial to 2023-02-27T15:46:57.858295+00:00, run_after=2023-02-28T15:46:57.858295+00:00
[2023-02-28T15:46:57.875+0000] {processor.py:175} INFO - Processing /home/airflow/.local/lib/python3.7/site-packages/airflow/example_dags/tutorial.py took 0.123 seconds
[2023-02-28T15:47:28.057+0000] {processor.py:153} INFO - Started process (PID=118) to work on /home/airflow/.local/lib/python3.7/site-packages/airflow/example_dags/tutorial.py
[2023-02-28T15:47:28.059+0000] {processor.py:743} INFO - Processing file /home/airflow/.local/lib/python3.7/site-packages/airflow/example_dags/tutorial.py for tasks to queue
[2023-02-28T15:47:28.060+0000] {logging_mixin.py:137} INFO - [2023-02-28T15:47:28.060+0000] {dagbag.py:538} INFO - Filling up the DagBag from /home/airflow/.local/lib/python3.7/site-packages/airflow/example_dags/tutorial.py
[2023-02-28T15:47:28.072+0000] {processor.py:753} INFO - DAG(s) dict_keys(['tutorial']) retrieved from /home/airflow/.local/lib/python3.7/site-packages/airflow/example_dags/tutorial.py
[2023-02-28T15:47:28.096+0000] {logging_mixin.py:137} INFO - [2023-02-28T15:47:28.095+0000] {dag.py:2690} INFO - Sync 1 DAGs
[2023-02-28T15:47:28.116+0000] {logging_mixin.py:137} INFO - [2023-02-28T15:47:28.115+0000] {dag.py:3441} INFO - Setting next_dagrun for tutorial to 2023-02-27T15:47:28.115737+00:00, run_after=2023-02-28T15:47:28.115737+00:00
[2023-02-28T15:47:28.129+0000] {processor.py:175} INFO - Processing /home/airflow/.local/lib/python3.7/site-packages/airflow/example_dags/tutorial.py took 0.075 seconds
[2023-02-28T15:47:59.060+0000] {processor.py:153} INFO - Started process (PID=190) to work on /home/airflow/.local/lib/python3.7/site-packages/airflow/example_dags/tutorial.py
[2023-02-28T15:47:59.065+0000] {processor.py:743} INFO - Processing file /home/airflow/.local/lib/python3.7/site-packages/airflow/example_dags/tutorial.py for tasks to queue
[2023-02-28T15:47:59.068+0000] {logging_mixin.py:137} INFO - [2023-02-28T15:47:59.068+0000] {dagbag.py:538} INFO - Filling up the DagBag from /home/airflow/.local/lib/python3.7/site-packages/airflow/example_dags/tutorial.py
[2023-02-28T15:47:59.093+0000] {processor.py:753} INFO - DAG(s) dict_keys(['tutorial']) retrieved from /home/airflow/.local/lib/python3.7/site-packages/airflow/example_dags/tutorial.py
[2023-02-28T15:47:59.119+0000] {logging_mixin.py:137} INFO - [2023-02-28T15:47:59.119+0000] {dag.py:2690} INFO - Sync 1 DAGs
[2023-02-28T15:47:59.152+0000] {logging_mixin.py:137} INFO - [2023-02-28T15:47:59.152+0000] {dag.py:3441} INFO - Setting next_dagrun for tutorial to 2023-02-27T15:47:59.152177+00:00, run_after=2023-02-28T15:47:59.152177+00:00
[2023-02-28T15:47:59.173+0000] {processor.py:175} INFO - Processing /home/airflow/.local/lib/python3.7/site-packages/airflow/example_dags/tutorial.py took 0.116 seconds
[2023-02-28T15:48:30.061+0000] {processor.py:153} INFO - Started process (PID=256) to work on /home/airflow/.local/lib/python3.7/site-packages/airflow/example_dags/tutorial.py
[2023-02-28T15:48:30.063+0000] {processor.py:743} INFO - Processing file /home/airflow/.local/lib/python3.7/site-packages/airflow/example_dags/tutorial.py for tasks to queue
[2023-02-28T15:48:30.066+0000] {logging_mixin.py:137} INFO - [2023-02-28T15:48:30.066+0000] {dagbag.py:538} INFO - Filling up the DagBag from /home/airflow/.local/lib/python3.7/site-packages/airflow/example_dags/tutorial.py
[2023-02-28T15:48:30.079+0000] {processor.py:753} INFO - DAG(s) dict_keys(['tutorial']) retrieved from /home/airflow/.local/lib/python3.7/site-packages/airflow/example_dags/tutorial.py
[2023-02-28T15:48:30.102+0000] {logging_mixin.py:137} INFO - [2023-02-28T15:48:30.102+0000] {dag.py:2690} INFO - Sync 1 DAGs
[2023-02-28T15:48:30.119+0000] {logging_mixin.py:137} INFO - [2023-02-28T15:48:30.119+0000] {dag.py:3441} INFO - Setting next_dagrun for tutorial to 2023-02-27T15:48:30.119482+00:00, run_after=2023-02-28T15:48:30.119482+00:00
[2023-02-28T15:48:30.134+0000] {processor.py:175} INFO - Processing /home/airflow/.local/lib/python3.7/site-packages/airflow/example_dags/tutorial.py took 0.076 seconds
[2023-02-28T15:49:00.807+0000] {processor.py:153} INFO - Started process (PID=331) to work on /home/airflow/.local/lib/python3.7/site-packages/airflow/example_dags/tutorial.py
[2023-02-28T15:49:00.810+0000] {processor.py:743} INFO - Processing file /home/airflow/.local/lib/python3.7/site-packages/airflow/example_dags/tutorial.py for tasks to queue
[2023-02-28T15:49:00.812+0000] {logging_mixin.py:137} INFO - [2023-02-28T15:49:00.812+0000] {dagbag.py:538} INFO - Filling up the DagBag from /home/airflow/.local/lib/python3.7/site-packages/airflow/example_dags/tutorial.py
[2023-02-28T15:49:00.831+0000] {processor.py:753} INFO - DAG(s) dict_keys(['tutorial']) retrieved from /home/airflow/.local/lib/python3.7/site-packages/airflow/example_dags/tutorial.py
[2023-02-28T15:49:00.861+0000] {logging_mixin.py:137} INFO - [2023-02-28T15:49:00.861+0000] {dag.py:2690} INFO - Sync 1 DAGs
[2023-02-28T15:49:00.883+0000] {logging_mixin.py:137} INFO - [2023-02-28T15:49:00.883+0000] {dag.py:3441} INFO - Setting next_dagrun for tutorial to 2023-02-27T15:49:00.883162+00:00, run_after=2023-02-28T15:49:00.883162+00:00
[2023-02-28T15:49:00.901+0000] {processor.py:175} INFO - Processing /home/airflow/.local/lib/python3.7/site-packages/airflow/example_dags/tutorial.py took 0.097 seconds
[2023-02-28T15:49:31.817+0000] {processor.py:153} INFO - Started process (PID=406) to work on /home/airflow/.local/lib/python3.7/site-packages/airflow/example_dags/tutorial.py
[2023-02-28T15:49:31.818+0000] {processor.py:743} INFO - Processing file /home/airflow/.local/lib/python3.7/site-packages/airflow/example_dags/tutorial.py for tasks to queue
[2023-02-28T15:49:31.820+0000] {logging_mixin.py:137} INFO - [2023-02-28T15:49:31.820+0000] {dagbag.py:538} INFO - Filling up the DagBag from /home/airflow/.local/lib/python3.7/site-packages/airflow/example_dags/tutorial.py
[2023-02-28T15:49:31.834+0000] {processor.py:753} INFO - DAG(s) dict_keys(['tutorial']) retrieved from /home/airflow/.local/lib/python3.7/site-packages/airflow/example_dags/tutorial.py
[2023-02-28T15:49:31.857+0000] {logging_mixin.py:137} INFO - [2023-02-28T15:49:31.857+0000] {dag.py:2690} INFO - Sync 1 DAGs
[2023-02-28T15:49:31.876+0000] {logging_mixin.py:137} INFO - [2023-02-28T15:49:31.875+0000] {dag.py:3441} INFO - Setting next_dagrun for tutorial to 2023-02-27T15:49:31.875125+00:00, run_after=2023-02-28T15:49:31.875125+00:00
[2023-02-28T15:49:31.890+0000] {processor.py:175} INFO - Processing /home/airflow/.local/lib/python3.7/site-packages/airflow/example_dags/tutorial.py took 0.077 seconds
[2023-02-28T15:50:02.591+0000] {processor.py:153} INFO - Started process (PID=469) to work on /home/airflow/.local/lib/python3.7/site-packages/airflow/example_dags/tutorial.py
[2023-02-28T15:50:02.597+0000] {processor.py:743} INFO - Processing file /home/airflow/.local/lib/python3.7/site-packages/airflow/example_dags/tutorial.py for tasks to queue
[2023-02-28T15:50:02.600+0000] {logging_mixin.py:137} INFO - [2023-02-28T15:50:02.600+0000] {dagbag.py:538} INFO - Filling up the DagBag from /home/airflow/.local/lib/python3.7/site-packages/airflow/example_dags/tutorial.py
[2023-02-28T15:50:02.615+0000] {processor.py:753} INFO - DAG(s) dict_keys(['tutorial']) retrieved from /home/airflow/.local/lib/python3.7/site-packages/airflow/example_dags/tutorial.py
[2023-02-28T15:50:02.648+0000] {logging_mixin.py:137} INFO - [2023-02-28T15:50:02.648+0000] {dag.py:2690} INFO - Sync 1 DAGs
[2023-02-28T15:50:02.669+0000] {logging_mixin.py:137} INFO - [2023-02-28T15:50:02.669+0000] {dag.py:3441} INFO - Setting next_dagrun for tutorial to 2023-02-27T15:50:02.668898+00:00, run_after=2023-02-28T15:50:02.668898+00:00
[2023-02-28T15:50:02.684+0000] {processor.py:175} INFO - Processing /home/airflow/.local/lib/python3.7/site-packages/airflow/example_dags/tutorial.py took 0.095 seconds
[2023-02-28T15:50:33.561+0000] {processor.py:153} INFO - Started process (PID=545) to work on /home/airflow/.local/lib/python3.7/site-packages/airflow/example_dags/tutorial.py
[2023-02-28T15:50:33.564+0000] {processor.py:743} INFO - Processing file /home/airflow/.local/lib/python3.7/site-packages/airflow/example_dags/tutorial.py for tasks to queue
[2023-02-28T15:50:33.566+0000] {logging_mixin.py:137} INFO - [2023-02-28T15:50:33.566+0000] {dagbag.py:538} INFO - Filling up the DagBag from /home/airflow/.local/lib/python3.7/site-packages/airflow/example_dags/tutorial.py
[2023-02-28T15:50:33.581+0000] {processor.py:753} INFO - DAG(s) dict_keys(['tutorial']) retrieved from /home/airflow/.local/lib/python3.7/site-packages/airflow/example_dags/tutorial.py
[2023-02-28T15:50:33.605+0000] {logging_mixin.py:137} INFO - [2023-02-28T15:50:33.605+0000] {dag.py:2690} INFO - Sync 1 DAGs
[2023-02-28T15:50:33.623+0000] {logging_mixin.py:137} INFO - [2023-02-28T15:50:33.623+0000] {dag.py:3441} INFO - Setting next_dagrun for tutorial to 2023-02-27T15:50:33.623311+00:00, run_after=2023-02-28T15:50:33.623311+00:00
[2023-02-28T15:50:33.638+0000] {processor.py:175} INFO - Processing /home/airflow/.local/lib/python3.7/site-packages/airflow/example_dags/tutorial.py took 0.080 seconds
[2023-02-28T15:51:04.580+0000] {processor.py:153} INFO - Started process (PID=620) to work on /home/airflow/.local/lib/python3.7/site-packages/airflow/example_dags/tutorial.py
[2023-02-28T15:51:04.582+0000] {processor.py:743} INFO - Processing file /home/airflow/.local/lib/python3.7/site-packages/airflow/example_dags/tutorial.py for tasks to queue
[2023-02-28T15:51:04.583+0000] {logging_mixin.py:137} INFO - [2023-02-28T15:51:04.583+0000] {dagbag.py:538} INFO - Filling up the DagBag from /home/airflow/.local/lib/python3.7/site-packages/airflow/example_dags/tutorial.py
[2023-02-28T15:51:04.596+0000] {processor.py:753} INFO - DAG(s) dict_keys(['tutorial']) retrieved from /home/airflow/.local/lib/python3.7/site-packages/airflow/example_dags/tutorial.py
[2023-02-28T15:51:04.619+0000] {logging_mixin.py:137} INFO - [2023-02-28T15:51:04.619+0000] {dag.py:2690} INFO - Sync 1 DAGs
[2023-02-28T15:51:04.637+0000] {logging_mixin.py:137} INFO - [2023-02-28T15:51:04.637+0000] {dag.py:3441} INFO - Setting next_dagrun for tutorial to 2023-02-27T15:51:04.637039+00:00, run_after=2023-02-28T15:51:04.637039+00:00
[2023-02-28T15:51:04.652+0000] {processor.py:175} INFO - Processing /home/airflow/.local/lib/python3.7/site-packages/airflow/example_dags/tutorial.py took 0.075 seconds
[2023-02-28T15:51:35.424+0000] {processor.py:153} INFO - Started process (PID=683) to work on /home/airflow/.local/lib/python3.7/site-packages/airflow/example_dags/tutorial.py
[2023-02-28T15:51:35.426+0000] {processor.py:743} INFO - Processing file /home/airflow/.local/lib/python3.7/site-packages/airflow/example_dags/tutorial.py for tasks to queue
[2023-02-28T15:51:35.428+0000] {logging_mixin.py:137} INFO - [2023-02-28T15:51:35.428+0000] {dagbag.py:538} INFO - Filling up the DagBag from /home/airflow/.local/lib/python3.7/site-packages/airflow/example_dags/tutorial.py
[2023-02-28T15:51:35.440+0000] {processor.py:753} INFO - DAG(s) dict_keys(['tutorial']) retrieved from /home/airflow/.local/lib/python3.7/site-packages/airflow/example_dags/tutorial.py
[2023-02-28T15:51:35.463+0000] {logging_mixin.py:137} INFO - [2023-02-28T15:51:35.463+0000] {dag.py:2690} INFO - Sync 1 DAGs
[2023-02-28T15:51:35.481+0000] {logging_mixin.py:137} INFO - [2023-02-28T15:51:35.481+0000] {dag.py:3441} INFO - Setting next_dagrun for tutorial to 2023-02-27T15:51:35.481538+00:00, run_after=2023-02-28T15:51:35.481538+00:00
[2023-02-28T15:51:35.495+0000] {processor.py:175} INFO - Processing /home/airflow/.local/lib/python3.7/site-packages/airflow/example_dags/tutorial.py took 0.074 seconds
[2023-02-28T15:52:06.319+0000] {processor.py:153} INFO - Started process (PID=758) to work on /home/airflow/.local/lib/python3.7/site-packages/airflow/example_dags/tutorial.py
[2023-02-28T15:52:06.321+0000] {processor.py:743} INFO - Processing file /home/airflow/.local/lib/python3.7/site-packages/airflow/example_dags/tutorial.py for tasks to queue
[2023-02-28T15:52:06.322+0000] {logging_mixin.py:137} INFO - [2023-02-28T15:52:06.322+0000] {dagbag.py:538} INFO - Filling up the DagBag from /home/airflow/.local/lib/python3.7/site-packages/airflow/example_dags/tutorial.py
[2023-02-28T15:52:06.335+0000] {processor.py:753} INFO - DAG(s) dict_keys(['tutorial']) retrieved from /home/airflow/.local/lib/python3.7/site-packages/airflow/example_dags/tutorial.py
[2023-02-28T15:52:06.364+0000] {logging_mixin.py:137} INFO - [2023-02-28T15:52:06.364+0000] {dag.py:2690} INFO - Sync 1 DAGs
[2023-02-28T15:52:06.383+0000] {logging_mixin.py:137} INFO - [2023-02-28T15:52:06.383+0000] {dag.py:3441} INFO - Setting next_dagrun for tutorial to 2023-02-27T15:52:06.383229+00:00, run_after=2023-02-28T15:52:06.383229+00:00
[2023-02-28T15:52:06.400+0000] {processor.py:175} INFO - Processing /home/airflow/.local/lib/python3.7/site-packages/airflow/example_dags/tutorial.py took 0.084 seconds
[2023-02-28T15:52:37.229+0000] {processor.py:153} INFO - Started process (PID=833) to work on /home/airflow/.local/lib/python3.7/site-packages/airflow/example_dags/tutorial.py
[2023-02-28T15:52:37.231+0000] {processor.py:743} INFO - Processing file /home/airflow/.local/lib/python3.7/site-packages/airflow/example_dags/tutorial.py for tasks to queue
[2023-02-28T15:52:37.233+0000] {logging_mixin.py:137} INFO - [2023-02-28T15:52:37.233+0000] {dagbag.py:538} INFO - Filling up the DagBag from /home/airflow/.local/lib/python3.7/site-packages/airflow/example_dags/tutorial.py
[2023-02-28T15:52:37.248+0000] {processor.py:753} INFO - DAG(s) dict_keys(['tutorial']) retrieved from /home/airflow/.local/lib/python3.7/site-packages/airflow/example_dags/tutorial.py
[2023-02-28T15:52:37.273+0000] {logging_mixin.py:137} INFO - [2023-02-28T15:52:37.273+0000] {dag.py:2690} INFO - Sync 1 DAGs
[2023-02-28T15:52:37.293+0000] {logging_mixin.py:137} INFO - [2023-02-28T15:52:37.293+0000] {dag.py:3441} INFO - Setting next_dagrun for tutorial to 2023-02-27T15:52:37.293053+00:00, run_after=2023-02-28T15:52:37.293053+00:00
[2023-02-28T15:52:37.310+0000] {processor.py:175} INFO - Processing /home/airflow/.local/lib/python3.7/site-packages/airflow/example_dags/tutorial.py took 0.086 seconds
[2023-02-28T15:53:08.115+0000] {processor.py:153} INFO - Started process (PID=908) to work on /home/airflow/.local/lib/python3.7/site-packages/airflow/example_dags/tutorial.py
[2023-02-28T15:53:08.119+0000] {processor.py:743} INFO - Processing file /home/airflow/.local/lib/python3.7/site-packages/airflow/example_dags/tutorial.py for tasks to queue
[2023-02-28T15:53:08.120+0000] {logging_mixin.py:137} INFO - [2023-02-28T15:53:08.120+0000] {dagbag.py:538} INFO - Filling up the DagBag from /home/airflow/.local/lib/python3.7/site-packages/airflow/example_dags/tutorial.py
[2023-02-28T15:53:08.134+0000] {processor.py:753} INFO - DAG(s) dict_keys(['tutorial']) retrieved from /home/airflow/.local/lib/python3.7/site-packages/airflow/example_dags/tutorial.py
[2023-02-28T15:53:08.160+0000] {logging_mixin.py:137} INFO - [2023-02-28T15:53:08.160+0000] {dag.py:2690} INFO - Sync 1 DAGs
[2023-02-28T15:53:08.189+0000] {logging_mixin.py:137} INFO - [2023-02-28T15:53:08.189+0000] {dag.py:3441} INFO - Setting next_dagrun for tutorial to 2023-02-27T15:53:08.189304+00:00, run_after=2023-02-28T15:53:08.189304+00:00
[2023-02-28T15:53:08.208+0000] {processor.py:175} INFO - Processing /home/airflow/.local/lib/python3.7/site-packages/airflow/example_dags/tutorial.py took 0.097 seconds
[2023-02-28T15:53:39.124+0000] {processor.py:153} INFO - Started process (PID=971) to work on /home/airflow/.local/lib/python3.7/site-packages/airflow/example_dags/tutorial.py
[2023-02-28T15:53:39.126+0000] {processor.py:743} INFO - Processing file /home/airflow/.local/lib/python3.7/site-packages/airflow/example_dags/tutorial.py for tasks to queue
[2023-02-28T15:53:39.128+0000] {logging_mixin.py:137} INFO - [2023-02-28T15:53:39.128+0000] {dagbag.py:538} INFO - Filling up the DagBag from /home/airflow/.local/lib/python3.7/site-packages/airflow/example_dags/tutorial.py
[2023-02-28T15:53:39.141+0000] {processor.py:753} INFO - DAG(s) dict_keys(['tutorial']) retrieved from /home/airflow/.local/lib/python3.7/site-packages/airflow/example_dags/tutorial.py
[2023-02-28T15:53:39.164+0000] {logging_mixin.py:137} INFO - [2023-02-28T15:53:39.164+0000] {dag.py:2690} INFO - Sync 1 DAGs
[2023-02-28T15:53:39.184+0000] {logging_mixin.py:137} INFO - [2023-02-28T15:53:39.184+0000] {dag.py:3441} INFO - Setting next_dagrun for tutorial to 2023-02-27T15:53:39.184360+00:00, run_after=2023-02-28T15:53:39.184360+00:00
[2023-02-28T15:53:39.201+0000] {processor.py:175} INFO - Processing /home/airflow/.local/lib/python3.7/site-packages/airflow/example_dags/tutorial.py took 0.079 seconds
[2023-02-28T15:54:09.938+0000] {processor.py:153} INFO - Started process (PID=1045) to work on /home/airflow/.local/lib/python3.7/site-packages/airflow/example_dags/tutorial.py
[2023-02-28T15:54:09.941+0000] {processor.py:743} INFO - Processing file /home/airflow/.local/lib/python3.7/site-packages/airflow/example_dags/tutorial.py for tasks to queue
[2023-02-28T15:54:09.943+0000] {logging_mixin.py:137} INFO - [2023-02-28T15:54:09.943+0000] {dagbag.py:538} INFO - Filling up the DagBag from /home/airflow/.local/lib/python3.7/site-packages/airflow/example_dags/tutorial.py
[2023-02-28T15:54:09.959+0000] {processor.py:753} INFO - DAG(s) dict_keys(['tutorial']) retrieved from /home/airflow/.local/lib/python3.7/site-packages/airflow/example_dags/tutorial.py
[2023-02-28T15:54:09.982+0000] {logging_mixin.py:137} INFO - [2023-02-28T15:54:09.982+0000] {dag.py:2690} INFO - Sync 1 DAGs
[2023-02-28T15:54:10.001+0000] {logging_mixin.py:137} INFO - [2023-02-28T15:54:10.001+0000] {dag.py:3441} INFO - Setting next_dagrun for tutorial to 2023-02-27T15:54:10.001665+00:00, run_after=2023-02-28T15:54:10.001665+00:00
[2023-02-28T15:54:10.016+0000] {processor.py:175} INFO - Processing /home/airflow/.local/lib/python3.7/site-packages/airflow/example_dags/tutorial.py took 0.082 seconds
[2023-02-28T15:54:40.885+0000] {processor.py:153} INFO - Started process (PID=1119) to work on /home/airflow/.local/lib/python3.7/site-packages/airflow/example_dags/tutorial.py
[2023-02-28T15:54:40.888+0000] {processor.py:743} INFO - Processing file /home/airflow/.local/lib/python3.7/site-packages/airflow/example_dags/tutorial.py for tasks to queue
[2023-02-28T15:54:40.890+0000] {logging_mixin.py:137} INFO - [2023-02-28T15:54:40.890+0000] {dagbag.py:538} INFO - Filling up the DagBag from /home/airflow/.local/lib/python3.7/site-packages/airflow/example_dags/tutorial.py
[2023-02-28T15:54:40.905+0000] {processor.py:753} INFO - DAG(s) dict_keys(['tutorial']) retrieved from /home/airflow/.local/lib/python3.7/site-packages/airflow/example_dags/tutorial.py
[2023-02-28T15:54:40.929+0000] {logging_mixin.py:137} INFO - [2023-02-28T15:54:40.929+0000] {dag.py:2690} INFO - Sync 1 DAGs
[2023-02-28T15:54:40.947+0000] {logging_mixin.py:137} INFO - [2023-02-28T15:54:40.947+0000] {dag.py:3441} INFO - Setting next_dagrun for tutorial to 2023-02-27T15:54:40.946897+00:00, run_after=2023-02-28T15:54:40.946897+00:00
[2023-02-28T15:54:40.960+0000] {processor.py:175} INFO - Processing /home/airflow/.local/lib/python3.7/site-packages/airflow/example_dags/tutorial.py took 0.079 seconds
[2023-02-28T15:55:11.731+0000] {processor.py:153} INFO - Started process (PID=1183) to work on /home/airflow/.local/lib/python3.7/site-packages/airflow/example_dags/tutorial.py
[2023-02-28T15:55:11.734+0000] {processor.py:743} INFO - Processing file /home/airflow/.local/lib/python3.7/site-packages/airflow/example_dags/tutorial.py for tasks to queue
[2023-02-28T15:55:11.736+0000] {logging_mixin.py:137} INFO - [2023-02-28T15:55:11.736+0000] {dagbag.py:538} INFO - Filling up the DagBag from /home/airflow/.local/lib/python3.7/site-packages/airflow/example_dags/tutorial.py
[2023-02-28T15:55:11.751+0000] {processor.py:753} INFO - DAG(s) dict_keys(['tutorial']) retrieved from /home/airflow/.local/lib/python3.7/site-packages/airflow/example_dags/tutorial.py
[2023-02-28T15:55:11.775+0000] {logging_mixin.py:137} INFO - [2023-02-28T15:55:11.774+0000] {dag.py:2690} INFO - Sync 1 DAGs
[2023-02-28T15:55:11.792+0000] {logging_mixin.py:137} INFO - [2023-02-28T15:55:11.792+0000] {dag.py:3441} INFO - Setting next_dagrun for tutorial to 2023-02-27T15:55:11.792219+00:00, run_after=2023-02-28T15:55:11.792219+00:00
[2023-02-28T15:55:11.807+0000] {processor.py:175} INFO - Processing /home/airflow/.local/lib/python3.7/site-packages/airflow/example_dags/tutorial.py took 0.079 seconds
[2023-02-28T15:55:42.604+0000] {processor.py:153} INFO - Started process (PID=1258) to work on /home/airflow/.local/lib/python3.7/site-packages/airflow/example_dags/tutorial.py
[2023-02-28T15:55:42.607+0000] {processor.py:743} INFO - Processing file /home/airflow/.local/lib/python3.7/site-packages/airflow/example_dags/tutorial.py for tasks to queue
[2023-02-28T15:55:42.608+0000] {logging_mixin.py:137} INFO - [2023-02-28T15:55:42.608+0000] {dagbag.py:538} INFO - Filling up the DagBag from /home/airflow/.local/lib/python3.7/site-packages/airflow/example_dags/tutorial.py
[2023-02-28T15:55:42.621+0000] {processor.py:753} INFO - DAG(s) dict_keys(['tutorial']) retrieved from /home/airflow/.local/lib/python3.7/site-packages/airflow/example_dags/tutorial.py
[2023-02-28T15:55:42.647+0000] {logging_mixin.py:137} INFO - [2023-02-28T15:55:42.647+0000] {dag.py:2690} INFO - Sync 1 DAGs
[2023-02-28T15:55:42.674+0000] {logging_mixin.py:137} INFO - [2023-02-28T15:55:42.674+0000] {dag.py:3441} INFO - Setting next_dagrun for tutorial to 2023-02-27T15:55:42.674620+00:00, run_after=2023-02-28T15:55:42.674620+00:00
[2023-02-28T15:55:42.691+0000] {processor.py:175} INFO - Processing /home/airflow/.local/lib/python3.7/site-packages/airflow/example_dags/tutorial.py took 0.090 seconds
[2023-02-28T15:56:13.564+0000] {processor.py:153} INFO - Started process (PID=1333) to work on /home/airflow/.local/lib/python3.7/site-packages/airflow/example_dags/tutorial.py
[2023-02-28T15:56:13.567+0000] {processor.py:743} INFO - Processing file /home/airflow/.local/lib/python3.7/site-packages/airflow/example_dags/tutorial.py for tasks to queue
[2023-02-28T15:56:13.569+0000] {logging_mixin.py:137} INFO - [2023-02-28T15:56:13.569+0000] {dagbag.py:538} INFO - Filling up the DagBag from /home/airflow/.local/lib/python3.7/site-packages/airflow/example_dags/tutorial.py
[2023-02-28T15:56:13.590+0000] {processor.py:753} INFO - DAG(s) dict_keys(['tutorial']) retrieved from /home/airflow/.local/lib/python3.7/site-packages/airflow/example_dags/tutorial.py
[2023-02-28T15:56:13.634+0000] {logging_mixin.py:137} INFO - [2023-02-28T15:56:13.634+0000] {dag.py:2690} INFO - Sync 1 DAGs
[2023-02-28T15:56:13.657+0000] {logging_mixin.py:137} INFO - [2023-02-28T15:56:13.657+0000] {dag.py:3441} INFO - Setting next_dagrun for tutorial to 2023-02-27T15:56:13.657067+00:00, run_after=2023-02-28T15:56:13.657067+00:00
[2023-02-28T15:56:13.676+0000] {processor.py:175} INFO - Processing /home/airflow/.local/lib/python3.7/site-packages/airflow/example_dags/tutorial.py took 0.116 seconds
[2023-02-28T15:56:44.478+0000] {processor.py:153} INFO - Started process (PID=1395) to work on /home/airflow/.local/lib/python3.7/site-packages/airflow/example_dags/tutorial.py
[2023-02-28T15:56:44.480+0000] {processor.py:743} INFO - Processing file /home/airflow/.local/lib/python3.7/site-packages/airflow/example_dags/tutorial.py for tasks to queue
[2023-02-28T15:56:44.482+0000] {logging_mixin.py:137} INFO - [2023-02-28T15:56:44.482+0000] {dagbag.py:538} INFO - Filling up the DagBag from /home/airflow/.local/lib/python3.7/site-packages/airflow/example_dags/tutorial.py
[2023-02-28T15:56:44.493+0000] {processor.py:753} INFO - DAG(s) dict_keys(['tutorial']) retrieved from /home/airflow/.local/lib/python3.7/site-packages/airflow/example_dags/tutorial.py
[2023-02-28T15:56:44.515+0000] {logging_mixin.py:137} INFO - [2023-02-28T15:56:44.515+0000] {dag.py:2690} INFO - Sync 1 DAGs
[2023-02-28T15:56:44.532+0000] {logging_mixin.py:137} INFO - [2023-02-28T15:56:44.531+0000] {dag.py:3441} INFO - Setting next_dagrun for tutorial to 2023-02-27T15:56:44.531744+00:00, run_after=2023-02-28T15:56:44.531744+00:00
[2023-02-28T15:56:44.546+0000] {processor.py:175} INFO - Processing /home/airflow/.local/lib/python3.7/site-packages/airflow/example_dags/tutorial.py took 0.071 seconds
[2023-02-28T15:57:15.378+0000] {processor.py:153} INFO - Started process (PID=1470) to work on /home/airflow/.local/lib/python3.7/site-packages/airflow/example_dags/tutorial.py
[2023-02-28T15:57:15.380+0000] {processor.py:743} INFO - Processing file /home/airflow/.local/lib/python3.7/site-packages/airflow/example_dags/tutorial.py for tasks to queue
[2023-02-28T15:57:15.381+0000] {logging_mixin.py:137} INFO - [2023-02-28T15:57:15.381+0000] {dagbag.py:538} INFO - Filling up the DagBag from /home/airflow/.local/lib/python3.7/site-packages/airflow/example_dags/tutorial.py
[2023-02-28T15:57:15.395+0000] {processor.py:753} INFO - DAG(s) dict_keys(['tutorial']) retrieved from /home/airflow/.local/lib/python3.7/site-packages/airflow/example_dags/tutorial.py
[2023-02-28T15:57:15.419+0000] {logging_mixin.py:137} INFO - [2023-02-28T15:57:15.418+0000] {dag.py:2690} INFO - Sync 1 DAGs
[2023-02-28T15:57:15.437+0000] {logging_mixin.py:137} INFO - [2023-02-28T15:57:15.437+0000] {dag.py:3441} INFO - Setting next_dagrun for tutorial to 2023-02-27T15:57:15.437633+00:00, run_after=2023-02-28T15:57:15.437633+00:00
[2023-02-28T15:57:15.451+0000] {processor.py:175} INFO - Processing /home/airflow/.local/lib/python3.7/site-packages/airflow/example_dags/tutorial.py took 0.076 seconds
[2023-02-28T15:57:46.187+0000] {processor.py:153} INFO - Started process (PID=1545) to work on /home/airflow/.local/lib/python3.7/site-packages/airflow/example_dags/tutorial.py
[2023-02-28T15:57:46.189+0000] {processor.py:743} INFO - Processing file /home/airflow/.local/lib/python3.7/site-packages/airflow/example_dags/tutorial.py for tasks to queue
[2023-02-28T15:57:46.190+0000] {logging_mixin.py:137} INFO - [2023-02-28T15:57:46.190+0000] {dagbag.py:538} INFO - Filling up the DagBag from /home/airflow/.local/lib/python3.7/site-packages/airflow/example_dags/tutorial.py
[2023-02-28T15:57:46.202+0000] {processor.py:753} INFO - DAG(s) dict_keys(['tutorial']) retrieved from /home/airflow/.local/lib/python3.7/site-packages/airflow/example_dags/tutorial.py
[2023-02-28T15:57:46.225+0000] {logging_mixin.py:137} INFO - [2023-02-28T15:57:46.225+0000] {dag.py:2690} INFO - Sync 1 DAGs
[2023-02-28T15:57:46.244+0000] {logging_mixin.py:137} INFO - [2023-02-28T15:57:46.244+0000] {dag.py:3441} INFO - Setting next_dagrun for tutorial to 2023-02-27T15:57:46.244339+00:00, run_after=2023-02-28T15:57:46.244339+00:00
[2023-02-28T15:57:46.258+0000] {processor.py:175} INFO - Processing /home/airflow/.local/lib/python3.7/site-packages/airflow/example_dags/tutorial.py took 0.074 seconds
[2023-02-28T15:58:16.901+0000] {processor.py:153} INFO - Started process (PID=1609) to work on /home/airflow/.local/lib/python3.7/site-packages/airflow/example_dags/tutorial.py
[2023-02-28T15:58:16.903+0000] {processor.py:743} INFO - Processing file /home/airflow/.local/lib/python3.7/site-packages/airflow/example_dags/tutorial.py for tasks to queue
[2023-02-28T15:58:16.905+0000] {logging_mixin.py:137} INFO - [2023-02-28T15:58:16.905+0000] {dagbag.py:538} INFO - Filling up the DagBag from /home/airflow/.local/lib/python3.7/site-packages/airflow/example_dags/tutorial.py
[2023-02-28T15:58:16.919+0000] {processor.py:753} INFO - DAG(s) dict_keys(['tutorial']) retrieved from /home/airflow/.local/lib/python3.7/site-packages/airflow/example_dags/tutorial.py
[2023-02-28T15:58:16.943+0000] {logging_mixin.py:137} INFO - [2023-02-28T15:58:16.943+0000] {dag.py:2690} INFO - Sync 1 DAGs
[2023-02-28T15:58:16.961+0000] {logging_mixin.py:137} INFO - [2023-02-28T15:58:16.961+0000] {dag.py:3441} INFO - Setting next_dagrun for tutorial to 2023-02-27T15:58:16.961034+00:00, run_after=2023-02-28T15:58:16.961034+00:00
[2023-02-28T15:58:16.975+0000] {processor.py:175} INFO - Processing /home/airflow/.local/lib/python3.7/site-packages/airflow/example_dags/tutorial.py took 0.079 seconds
[2023-02-28T15:58:47.830+0000] {processor.py:153} INFO - Started process (PID=1683) to work on /home/airflow/.local/lib/python3.7/site-packages/airflow/example_dags/tutorial.py
[2023-02-28T15:58:47.833+0000] {processor.py:743} INFO - Processing file /home/airflow/.local/lib/python3.7/site-packages/airflow/example_dags/tutorial.py for tasks to queue
[2023-02-28T15:58:47.834+0000] {logging_mixin.py:137} INFO - [2023-02-28T15:58:47.834+0000] {dagbag.py:538} INFO - Filling up the DagBag from /home/airflow/.local/lib/python3.7/site-packages/airflow/example_dags/tutorial.py
[2023-02-28T15:58:47.847+0000] {processor.py:753} INFO - DAG(s) dict_keys(['tutorial']) retrieved from /home/airflow/.local/lib/python3.7/site-packages/airflow/example_dags/tutorial.py
[2023-02-28T15:58:47.871+0000] {logging_mixin.py:137} INFO - [2023-02-28T15:58:47.871+0000] {dag.py:2690} INFO - Sync 1 DAGs
[2023-02-28T15:58:47.889+0000] {logging_mixin.py:137} INFO - [2023-02-28T15:58:47.889+0000] {dag.py:3441} INFO - Setting next_dagrun for tutorial to 2023-02-27T15:58:47.889499+00:00, run_after=2023-02-28T15:58:47.889499+00:00
[2023-02-28T15:58:47.903+0000] {processor.py:175} INFO - Processing /home/airflow/.local/lib/python3.7/site-packages/airflow/example_dags/tutorial.py took 0.076 seconds
