[2023-02-28T17:06:15.946+0000] {manager.py:483} INFO - Processing files using up to 2 processes at a time 
[2023-02-28T17:06:15.949+0000] {manager.py:484} INFO - Process each file at most once every 30 seconds
[2023-02-28T17:06:15.952+0000] {manager.py:486} INFO - Checking for new files in /opt/airflow/dags every 300 seconds
[2023-02-28T17:06:15.960+0000] {manager.py:726} INFO - Searching for files in /opt/airflow/dags
[2023-02-28T17:06:16.008+0000] {manager.py:729} INFO - There are 1 files in /opt/airflow/dags
[2023-02-28T17:06:16.094+0000] {manager.py:854} INFO - 
================================================================================
DAG File Processing Stats

File Path                         PID  Runtime      # DAGs    # Errors  Last Runtime    Last Run
------------------------------  -----  ---------  --------  ----------  --------------  ----------
/opt/airflow/dags/first_dag.py     33  0.04s             0           0
================================================================================
[2023-02-28T17:06:46.332+0000] {manager.py:854} INFO - 
================================================================================
DAG File Processing Stats

File Path                         PID  Runtime      # DAGs    # Errors  Last Runtime    Last Run
------------------------------  -----  ---------  --------  ----------  --------------  -------------------
/opt/airflow/dags/first_dag.py     70  0.01s             1           0  0.24s           2023-02-28T17:06:16
================================================================================
[2023-02-28T17:07:16.681+0000] {manager.py:854} INFO - 
================================================================================
DAG File Processing Stats

File Path                         PID  Runtime      # DAGs    # Errors  Last Runtime    Last Run
------------------------------  -----  ---------  --------  ----------  --------------  -------------------
/opt/airflow/dags/first_dag.py     96  0.00s             1           0  0.12s           2023-02-28T17:06:46
================================================================================
[2023-02-28T17:07:46.913+0000] {manager.py:854} INFO - 
================================================================================
DAG File Processing Stats

File Path                         PID  Runtime      # DAGs    # Errors  Last Runtime    Last Run
------------------------------  -----  ---------  --------  ----------  --------------  -------------------
/opt/airflow/dags/first_dag.py    133  0.01s             1           0  0.10s           2023-02-28T17:07:16
================================================================================
[2023-02-28T17:08:17.187+0000] {manager.py:854} INFO - 
================================================================================
DAG File Processing Stats

File Path                         PID  Runtime      # DAGs    # Errors  Last Runtime    Last Run
------------------------------  -----  ---------  --------  ----------  --------------  -------------------
/opt/airflow/dags/first_dag.py    169  0.01s             1           0  0.13s           2023-02-28T17:07:47
================================================================================
[2023-02-28T17:08:47.343+0000] {manager.py:854} INFO - 
================================================================================
DAG File Processing Stats

File Path                         PID  Runtime      # DAGs    # Errors  Last Runtime    Last Run
------------------------------  -----  ---------  --------  ----------  --------------  -------------------
/opt/airflow/dags/first_dag.py    195  0.01s             1           0  0.12s           2023-02-28T17:08:17
================================================================================
[2023-02-28T17:09:17.653+0000] {manager.py:854} INFO - 
================================================================================
DAG File Processing Stats

File Path                         PID  Runtime      # DAGs    # Errors  Last Runtime    Last Run
------------------------------  -----  ---------  --------  ----------  --------------  -------------------
/opt/airflow/dags/first_dag.py    233  0.01s             1           0  0.13s           2023-02-28T17:08:47
================================================================================
[2023-02-28T17:09:47.906+0000] {manager.py:854} INFO - 
================================================================================
DAG File Processing Stats

File Path                         PID  Runtime      # DAGs    # Errors  Last Runtime    Last Run
------------------------------  -----  ---------  --------  ----------  --------------  -------------------
/opt/airflow/dags/first_dag.py    270  0.00s             1           0  0.12s           2023-02-28T17:09:17
================================================================================
[2023-02-28T17:10:18.134+0000] {manager.py:854} INFO - 
================================================================================
DAG File Processing Stats

File Path                         PID  Runtime      # DAGs    # Errors  Last Runtime    Last Run
------------------------------  -----  ---------  --------  ----------  --------------  -------------------
/opt/airflow/dags/first_dag.py    293  0.01s             1           0  0.10s           2023-02-28T17:09:48
================================================================================
[2023-02-28T17:10:48.384+0000] {manager.py:854} INFO - 
================================================================================
DAG File Processing Stats

File Path                         PID  Runtime      # DAGs    # Errors  Last Runtime    Last Run
------------------------------  -----  ---------  --------  ----------  --------------  -------------------
/opt/airflow/dags/first_dag.py    330  0.00s             1           0  0.12s           2023-02-28T17:10:18
================================================================================
[2023-02-28T17:11:16.609+0000] {manager.py:726} INFO - Searching for files in /opt/airflow/dags
[2023-02-28T17:11:16.687+0000] {manager.py:729} INFO - There are 3 files in /opt/airflow/dags
[2023-02-28T17:11:17.239+0000] {manager.py:977} ERROR - Processor for /opt/airflow/dags/trial/second_dag.py exited with return code 1.
[2023-02-28T17:11:18.978+0000] {manager.py:854} INFO - 
================================================================================
DAG File Processing Stats

File Path                                PID  Runtime      # DAGs    # Errors  Last Runtime    Last Run
-------------------------------------  -----  ---------  --------  ----------  --------------  -------------------
/opt/airflow/dags/trial/second_dag.py                           0          -1  0.53s           2023-02-28T17:11:17
/opt/airflow/dags/first_dag.py           368  0.00s             1           0  0.11s           2023-02-28T17:10:48
/opt/airflow/dags/third_dag.py                                  1           0  0.26s           2023-02-28T17:11:16
================================================================================
[2023-02-28T17:11:49.445+0000] {manager.py:854} INFO - 
================================================================================
DAG File Processing Stats

File Path                                PID  Runtime      # DAGs    # Errors  Last Runtime    Last Run
-------------------------------------  -----  ---------  --------  ----------  --------------  -------------------
/opt/airflow/dags/first_dag.py           396  0.02s             1           0  0.12s           2023-02-28T17:11:19
/opt/airflow/dags/third_dag.py                                  1           0  0.12s           2023-02-28T17:11:35
/opt/airflow/dags/trial/second_dag.py                           1           0  0.11s           2023-02-28T17:11:47
================================================================================
[2023-02-28T17:12:19.842+0000] {manager.py:854} INFO - 
================================================================================
DAG File Processing Stats

File Path                                PID  Runtime      # DAGs    # Errors  Last Runtime    Last Run
-------------------------------------  -----  ---------  --------  ----------  --------------  -------------------
/opt/airflow/dags/first_dag.py           434  0.02s             1           0  0.14s           2023-02-28T17:11:49
/opt/airflow/dags/third_dag.py                                  1           0  0.12s           2023-02-28T17:12:05
/opt/airflow/dags/trial/second_dag.py                           1           0  0.11s           2023-02-28T17:12:17
================================================================================
