[2023-03-25T14:45:55.714+0000] {taskinstance.py:1083} INFO - Dependencies all met for <TaskInstance: transform_fact_user.model.dbt_transform_postgres.fact_user manual__2023-03-25T14:45:54.460895+00:00 [queued]>
[2023-03-25T14:45:55.733+0000] {taskinstance.py:1083} INFO - Dependencies all met for <TaskInstance: transform_fact_user.model.dbt_transform_postgres.fact_user manual__2023-03-25T14:45:54.460895+00:00 [queued]>
[2023-03-25T14:45:55.750+0000] {taskinstance.py:1279} INFO - 
--------------------------------------------------------------------------------
[2023-03-25T14:45:55.752+0000] {taskinstance.py:1280} INFO - Starting attempt 1 of 1
[2023-03-25T14:45:55.753+0000] {taskinstance.py:1281} INFO - 
--------------------------------------------------------------------------------
[2023-03-25T14:45:55.769+0000] {taskinstance.py:1300} INFO - Executing <Task(BashOperator): model.dbt_transform_postgres.fact_user> on 2023-03-25 14:45:54.460895+00:00
[2023-03-25T14:45:55.781+0000] {standard_task_runner.py:55} INFO - Started process 87 to run task
[2023-03-25T14:45:55.787+0000] {standard_task_runner.py:82} INFO - Running: ['***', 'tasks', 'run', 'transform_fact_user', 'model.dbt_transform_postgres.fact_user', 'manual__2023-03-25T14:45:54.460895+00:00', '--job-id', '94', '--raw', '--subdir', 'DAGS_FOLDER/transform_fact_user.py', '--cfg-path', '/tmp/tmp_c5b3gl9']
[2023-03-25T14:45:55.790+0000] {standard_task_runner.py:83} INFO - Job 94: Subtask model.dbt_transform_postgres.fact_user
[2023-03-25T14:45:55.904+0000] {task_command.py:388} INFO - Running <TaskInstance: transform_fact_user.model.dbt_transform_postgres.fact_user manual__2023-03-25T14:45:54.460895+00:00 [running]> on host 0aac1a38f752
[2023-03-25T14:45:56.000+0000] {taskinstance.py:1509} INFO - Exporting the following env vars:
AIRFLOW_CTX_DAG_OWNER=***
AIRFLOW_CTX_DAG_ID=transform_fact_user
AIRFLOW_CTX_TASK_ID=model.dbt_transform_postgres.fact_user
AIRFLOW_CTX_EXECUTION_DATE=2023-03-25T14:45:54.460895+00:00
AIRFLOW_CTX_TRY_NUMBER=1
AIRFLOW_CTX_DAG_RUN_ID=manual__2023-03-25T14:45:54.460895+00:00
[2023-03-25T14:45:56.003+0000] {subprocess.py:63} INFO - Tmp dir root location: 
 /tmp
[2023-03-25T14:45:56.005+0000] {subprocess.py:75} INFO - Running command: ['/bin/bash', '-c', 'cd /opt/***/dbt_transform_postgres && dbt run --models fact_user']
[2023-03-25T14:45:56.024+0000] {subprocess.py:86} INFO - Output:
[2023-03-25T14:45:57.485+0000] {subprocess.py:93} INFO - [0m14:45:57  Running with dbt=1.4.5
[2023-03-25T14:45:57.607+0000] {subprocess.py:93} INFO - [0m14:45:57  Unable to do partial parsing because profile has changed
[2023-03-25T14:45:58.835+0000] {subprocess.py:93} INFO - [0m14:45:58  Found 3 models, 7 tests, 0 snapshots, 0 analyses, 403 macros, 0 operations, 0 seed files, 0 sources, 0 exposures, 0 metrics
[2023-03-25T14:45:58.841+0000] {subprocess.py:93} INFO - [0m14:45:58
[2023-03-25T14:46:02.582+0000] {subprocess.py:93} INFO - [0m14:46:02  Concurrency: 1 threads (target='dev')
[2023-03-25T14:46:02.586+0000] {subprocess.py:93} INFO - [0m14:46:02
[2023-03-25T14:46:02.610+0000] {subprocess.py:93} INFO - [0m14:46:02  1 of 1 START sql table model public.fact_user .................................. [RUN]
[2023-03-25T14:46:03.490+0000] {subprocess.py:93} INFO - [0m14:46:03  1 of 1 OK created sql table model public.fact_user ............................. [[32mSELECT 8[0m in 0.87s]
[2023-03-25T14:46:04.193+0000] {subprocess.py:93} INFO - [0m14:46:04
[2023-03-25T14:46:04.197+0000] {subprocess.py:93} INFO - [0m14:46:04  Finished running 1 table model in 0 hours 0 minutes and 5.35 seconds (5.35s).
[2023-03-25T14:46:04.262+0000] {subprocess.py:93} INFO - [0m14:46:04
[2023-03-25T14:46:04.266+0000] {subprocess.py:93} INFO - [0m14:46:04  [32mCompleted successfully[0m
[2023-03-25T14:46:04.269+0000] {subprocess.py:93} INFO - [0m14:46:04
[2023-03-25T14:46:04.271+0000] {subprocess.py:93} INFO - [0m14:46:04  Done. PASS=1 WARN=0 ERROR=0 SKIP=0 TOTAL=1
[2023-03-25T14:46:07.274+0000] {subprocess.py:97} INFO - Command exited with return code 0
[2023-03-25T14:46:07.306+0000] {taskinstance.py:1323} INFO - Marking task as SUCCESS. dag_id=transform_fact_user, task_id=model.dbt_transform_postgres.fact_user, execution_date=20230325T144554, start_date=20230325T144555, end_date=20230325T144607
[2023-03-25T14:46:07.363+0000] {local_task_job.py:208} INFO - Task exited with return code 0
[2023-03-25T14:46:07.396+0000] {taskinstance.py:2578} INFO - 0 downstream tasks scheduled from follow-on schedule check
