[2023-02-28T17:07:38.317+0000] {taskinstance.py:1083} INFO - Dependencies all met for <TaskInstance: tutorial.print_date scheduled__2023-02-26T00:00:00+00:00 [queued]>
[2023-02-28T17:07:38.326+0000] {taskinstance.py:1083} INFO - Dependencies all met for <TaskInstance: tutorial.print_date scheduled__2023-02-26T00:00:00+00:00 [queued]>
[2023-02-28T17:07:38.328+0000] {taskinstance.py:1279} INFO - 
--------------------------------------------------------------------------------
[2023-02-28T17:07:38.330+0000] {taskinstance.py:1280} INFO - Starting attempt 1 of 2
[2023-02-28T17:07:38.331+0000] {taskinstance.py:1281} INFO - 
--------------------------------------------------------------------------------
[2023-02-28T17:07:38.342+0000] {taskinstance.py:1300} INFO - Executing <Task(BashOperator): print_date> on 2023-02-26 00:00:00+00:00
[2023-02-28T17:07:38.350+0000] {standard_task_runner.py:55} INFO - Started process 138 to run task
[2023-02-28T17:07:38.353+0000] {standard_task_runner.py:82} INFO - Running: ['***', 'tasks', 'run', 'tutorial', 'print_date', 'scheduled__2023-02-26T00:00:00+00:00', '--job-id', '19', '--raw', '--subdir', 'DAGS_FOLDER/first_dag.py', '--cfg-path', '/tmp/tmpr_l99zcq']
[2023-02-28T17:07:38.355+0000] {standard_task_runner.py:83} INFO - Job 19: Subtask print_date
[2023-02-28T17:07:38.428+0000] {task_command.py:388} INFO - Running <TaskInstance: tutorial.print_date scheduled__2023-02-26T00:00:00+00:00 [running]> on host ff9eaf9a42b6
[2023-02-28T17:07:38.485+0000] {taskinstance.py:1509} INFO - Exporting the following env vars:
AIRFLOW_CTX_DAG_EMAIL=***@example.com
AIRFLOW_CTX_DAG_OWNER=***
AIRFLOW_CTX_DAG_ID=tutorial
AIRFLOW_CTX_TASK_ID=print_date
AIRFLOW_CTX_EXECUTION_DATE=2023-02-26T00:00:00+00:00
AIRFLOW_CTX_TRY_NUMBER=1
AIRFLOW_CTX_DAG_RUN_ID=scheduled__2023-02-26T00:00:00+00:00
[2023-02-28T17:07:38.487+0000] {subprocess.py:63} INFO - Tmp dir root location: 
 /tmp
[2023-02-28T17:07:38.488+0000] {subprocess.py:75} INFO - Running command: ['/bin/bash', '-c', 'date']
[2023-02-28T17:07:38.501+0000] {subprocess.py:86} INFO - Output:
[2023-02-28T17:07:38.508+0000] {subprocess.py:93} INFO - Tue Feb 28 17:07:38 UTC 2023
[2023-02-28T17:07:38.510+0000] {subprocess.py:97} INFO - Command exited with return code 0
[2023-02-28T17:07:38.534+0000] {taskinstance.py:1323} INFO - Marking task as SUCCESS. dag_id=tutorial, task_id=print_date, execution_date=20230226T000000, start_date=20230228T170738, end_date=20230228T170738
[2023-02-28T17:07:38.567+0000] {local_task_job.py:208} INFO - Task exited with return code 0
[2023-02-28T17:07:38.586+0000] {taskinstance.py:2578} INFO - 2 downstream tasks scheduled from follow-on schedule check
