[2023-03-05T11:43:16.012+0000] {taskinstance.py:1083} INFO - Dependencies all met for <TaskInstance: transform_fact_user.task_1 manual__2023-03-05T11:43:14.879532+00:00 [queued]>
[2023-03-05T11:43:16.020+0000] {taskinstance.py:1083} INFO - Dependencies all met for <TaskInstance: transform_fact_user.task_1 manual__2023-03-05T11:43:14.879532+00:00 [queued]>
[2023-03-05T11:43:16.021+0000] {taskinstance.py:1279} INFO - 
--------------------------------------------------------------------------------
[2023-03-05T11:43:16.025+0000] {taskinstance.py:1280} INFO - Starting attempt 1 of 1
[2023-03-05T11:43:16.026+0000] {taskinstance.py:1281} INFO - 
--------------------------------------------------------------------------------
[2023-03-05T11:43:16.036+0000] {taskinstance.py:1300} INFO - Executing <Task(BashOperator): task_1> on 2023-03-05 11:43:14.879532+00:00
[2023-03-05T11:43:16.042+0000] {standard_task_runner.py:55} INFO - Started process 2865 to run task
[2023-03-05T11:43:16.046+0000] {standard_task_runner.py:82} INFO - Running: ['***', 'tasks', 'run', 'transform_fact_user', 'task_1', 'manual__2023-03-05T11:43:14.879532+00:00', '--job-id', '46', '--raw', '--subdir', 'DAGS_FOLDER/transform_fact_user.py', '--cfg-path', '/tmp/tmpou_pz9rz']
[2023-03-05T11:43:16.048+0000] {standard_task_runner.py:83} INFO - Job 46: Subtask task_1
[2023-03-05T11:43:16.114+0000] {task_command.py:388} INFO - Running <TaskInstance: transform_fact_user.task_1 manual__2023-03-05T11:43:14.879532+00:00 [running]> on host 0997e433a2b7
[2023-03-05T11:43:16.174+0000] {taskinstance.py:1509} INFO - Exporting the following env vars:
AIRFLOW_CTX_DAG_OWNER=***
AIRFLOW_CTX_DAG_ID=transform_fact_user
AIRFLOW_CTX_TASK_ID=task_1
AIRFLOW_CTX_EXECUTION_DATE=2023-03-05T11:43:14.879532+00:00
AIRFLOW_CTX_TRY_NUMBER=1
AIRFLOW_CTX_DAG_RUN_ID=manual__2023-03-05T11:43:14.879532+00:00
[2023-03-05T11:43:16.177+0000] {subprocess.py:63} INFO - Tmp dir root location: 
 /tmp
[2023-03-05T11:43:16.179+0000] {subprocess.py:75} INFO - Running command: ['/bin/bash', '-c', 'pwd']
[2023-03-05T11:43:16.194+0000] {subprocess.py:86} INFO - Output:
[2023-03-05T11:43:16.197+0000] {subprocess.py:93} INFO - /tmp/***tmprbqfa5f4
[2023-03-05T11:43:16.198+0000] {subprocess.py:97} INFO - Command exited with return code 0
[2023-03-05T11:43:16.231+0000] {taskinstance.py:1323} INFO - Marking task as SUCCESS. dag_id=transform_fact_user, task_id=task_1, execution_date=20230305T114314, start_date=20230305T114316, end_date=20230305T114316
[2023-03-05T11:43:16.258+0000] {local_task_job.py:208} INFO - Task exited with return code 0
[2023-03-05T11:43:16.279+0000] {taskinstance.py:2578} INFO - 1 downstream tasks scheduled from follow-on schedule check
