[2023-03-25T14:48:34.419+0000] {taskinstance.py:1083} INFO - Dependencies all met for <TaskInstance: airbyte_mongo_postgres_user.airbyte_check_sync manual__2023-03-25T14:48:30.961382+00:00 [queued]>
[2023-03-25T14:48:34.432+0000] {taskinstance.py:1083} INFO - Dependencies all met for <TaskInstance: airbyte_mongo_postgres_user.airbyte_check_sync manual__2023-03-25T14:48:30.961382+00:00 [queued]>
[2023-03-25T14:48:34.434+0000] {taskinstance.py:1279} INFO - 
--------------------------------------------------------------------------------
[2023-03-25T14:48:34.436+0000] {taskinstance.py:1280} INFO - Starting attempt 1 of 1
[2023-03-25T14:48:34.438+0000] {taskinstance.py:1281} INFO - 
--------------------------------------------------------------------------------
[2023-03-25T14:48:34.451+0000] {taskinstance.py:1300} INFO - Executing <Task(AirbyteJobSensor): airbyte_check_sync> on 2023-03-25 14:48:30.961382+00:00
[2023-03-25T14:48:34.460+0000] {standard_task_runner.py:55} INFO - Started process 326 to run task
[2023-03-25T14:48:34.465+0000] {standard_task_runner.py:82} INFO - Running: ['***', 'tasks', 'run', 'airbyte_mongo_postgres_user', 'airbyte_check_sync', 'manual__2023-03-25T14:48:30.961382+00:00', '--job-id', '105', '--raw', '--subdir', 'DAGS_FOLDER/airbyte_mongo_postgres_user.py', '--cfg-path', '/tmp/tmpdjf_ofzs']
[2023-03-25T14:48:34.470+0000] {standard_task_runner.py:83} INFO - Job 105: Subtask airbyte_check_sync
[2023-03-25T14:48:34.571+0000] {task_command.py:388} INFO - Running <TaskInstance: airbyte_mongo_postgres_user.airbyte_check_sync manual__2023-03-25T14:48:30.961382+00:00 [running]> on host 0aac1a38f752
[2023-03-25T14:48:34.665+0000] {taskinstance.py:1509} INFO - Exporting the following env vars:
AIRFLOW_CTX_DAG_OWNER=***
AIRFLOW_CTX_DAG_ID=airbyte_mongo_postgres_user
AIRFLOW_CTX_TASK_ID=airbyte_check_sync
AIRFLOW_CTX_EXECUTION_DATE=2023-03-25T14:48:30.961382+00:00
AIRFLOW_CTX_TRY_NUMBER=1
AIRFLOW_CTX_DAG_RUN_ID=manual__2023-03-25T14:48:30.961382+00:00
[2023-03-25T14:48:34.677+0000] {base.py:73} INFO - Using connection ID '***_airbyte_local' for task execution.
[2023-03-25T14:48:34.704+0000] {airbyte.py:72} INFO - Waiting for job 28 to complete.
[2023-03-25T14:49:34.787+0000] {base.py:73} INFO - Using connection ID '***_airbyte_local' for task execution.
[2023-03-25T14:49:34.846+0000] {airbyte.py:72} INFO - Waiting for job 28 to complete.
[2023-03-25T14:50:34.942+0000] {base.py:73} INFO - Using connection ID '***_airbyte_local' for task execution.
[2023-03-25T14:50:35.023+0000] {airbyte.py:67} INFO - Job 28 completed successfully.
[2023-03-25T14:50:35.025+0000] {base.py:228} INFO - Success criteria met. Exiting.
[2023-03-25T14:50:35.043+0000] {taskinstance.py:1323} INFO - Marking task as SUCCESS. dag_id=airbyte_mongo_postgres_user, task_id=airbyte_check_sync, execution_date=20230325T144830, start_date=20230325T144834, end_date=20230325T145035
[2023-03-25T14:50:35.120+0000] {local_task_job.py:208} INFO - Task exited with return code 0
[2023-03-25T14:50:35.139+0000] {taskinstance.py:2578} INFO - 0 downstream tasks scheduled from follow-on schedule check
